Log file open, 02/14/18 17:17:09
LogInit:Display: Running engine for game: MechHackAndSlash
LogPlatformFile: Not using cached read wrapper
LogInit:Display: RandInit(1738976118) SRandInit(1738976118).
LogTaskGraph: Started task graph with 5 named threads and 8 total threads with 1 sets of task threads.
LogStats: Stats thread started at 0.080562
LogInit: Using libcurl 7.47.1
LogInit:  - built for x86_64-pc-win32
LogInit:  - supports SSL with OpenSSL/1.0.2g
LogInit:  - supports HTTP deflate (compression) using libz 1.2.8
LogInit:  - other features:
LogInit:      CURL_VERSION_SSL
LogInit:      CURL_VERSION_LIBZ
LogInit:      CURL_VERSION_IPV6
LogInit:      CURL_VERSION_ASYNCHDNS
LogInit:      CURL_VERSION_LARGEFILE
LogInit:      CURL_VERSION_IDN
LogInit:  CurlRequestOptions (configurable via config and command line):
LogInit:  - bVerifyPeer = false  - Libcurl will NOT verify peer certificate
LogInit:  - bUseHttpProxy = false  - Libcurl will NOT use HTTP proxy
LogInit:  - bDontReuseConnections = false  - Libcurl will reuse connections
LogInit:  - CertBundlePath = nullptr  - Libcurl will use whatever was configured at build time.
LogInit: Build: ++UE4+Release-4.16-CL-3514769
LogInit: Engine Version: 4.16.2-3514769+++UE4+Release-4.16
LogInit: Compatible Engine Version: 4.16.0-3452394+++UE4+Release-4.16
LogInit: Net CL: 3452394
LogDevObjectVersion: Number of dev versions registered: 16
LogDevObjectVersion:   Dev-Blueprints (B0D832E4-1F89-4F0D-ACCF-7EB736FD4AA2): 9
LogDevObjectVersion:   Dev-Build (E1C64328-A22C-4D53-A36C-8E866417BD8C): 0
LogDevObjectVersion:   Dev-Core (375EC13C-06E4-48FB-B500-84F0262A717E): 2
LogDevObjectVersion:   Dev-Editor (E4B068ED-F494-42E9-A231-DA0B2E46BB41): 17
LogDevObjectVersion:   Dev-Framework (CFFC743F-43B0-4480-9391-14DF171D2073): 23
LogDevObjectVersion:   Dev-Mobile (B02B49B5-BB20-44E9-A304-32B752E40360): 0
LogDevObjectVersion:   Dev-Networking (A4E4105C-59A1-49B5-A7C5-40C4547EDFEE): 0
LogDevObjectVersion:   Dev-Online (39C831C9-5AE6-47DC-9A44-9C173E1C8E7C): 0
LogDevObjectVersion:   Dev-Physics (78F01B33-EBEA-4F98-B9B4-84EACCB95AA2): 0
LogDevObjectVersion:   Dev-Platform (6631380F-2D4D-43E0-8009-CF276956A95A): 0
LogDevObjectVersion:   Dev-Rendering (12F88B9F-8875-4AFC-A67C-D90C383ABD29): 15
LogDevObjectVersion:   Dev-Sequencer (7B5AE74C-D270-4C10-A958-57980B212A5A): 4
LogDevObjectVersion:   Dev-VR (D7296918-1DD6-4BDD-9DE2-64A83CC13884): 0
LogDevObjectVersion:   Dev-LoadTimes (C2A15278-BFE7-4AFE-6C17-90FF531DF755): 1
LogDevObjectVersion:   Private-Geometry (6EACA3D4-40EC-4CC1-B786-8BED09428FC5): 1
LogDevObjectVersion:   Dev-AnimPhys (29E575DD-E0A3-4627-9D10-D276232CDCEA): 3
LogInit: Compiled (64-bit): Jun 29 2017 02:03:24
LogInit: Compiled with Visual C++: 19.00.24215.01
LogInit: Build Configuration: Development
LogInit: Branch Name: ++UE4+Release-4.16
LogInit: Command line: 
LogInit: Base directory: D:/Program Files (x86)/Epic Games/UE_4.16/Engine/Binaries/Win64/
LogInit: Installed Engine Build: 1
LogInit: Presizing for max 8388607 objects, including 0 objects not considered by GC, pre-allocating 0 bytes for permanent pool.
LogInit: Object subsystem initialized
[2018.02.14-16.17.09:749][  0]LogInit: Selected Device Profile: [Windows]
[2018.02.14-16.17.09:749][  0]LogInit: Applying CVar settings loaded from the selected device profile: [Windows]
[2018.02.14-16.17.09:762][  0]LogInit: Computer: DAVIDMASTERRACE
[2018.02.14-16.17.09:762][  0]LogInit: User: David
[2018.02.14-16.17.09:762][  0]LogInit: CPU Page size=4096, Cores=4
[2018.02.14-16.17.09:762][  0]LogInit: High frequency timer resolution =3.417975 MHz
[2018.02.14-16.17.09:762][  0]LogMemory: Memory total: Physical=15.9GB (16GB approx)
[2018.02.14-16.17.09:762][  0]LogMemory: Platform Memory Stats for Windows
[2018.02.14-16.17.09:762][  0]LogMemory: Process Physical Memory: 271.98 MB used, 271.98 MB peak
[2018.02.14-16.17.09:762][  0]LogMemory: Process Virtual Memory: 274.61 MB used, 274.61 MB peak
[2018.02.14-16.17.09:762][  0]LogMemory: Physical Memory: 5563.10 MB used,  10763.34 MB free, 16326.44 MB total
[2018.02.14-16.17.09:762][  0]LogMemory: Virtual Memory: 631.00 MB used,  10763.34 MB free, 134217728.00 MB total
[2018.02.14-16.17.09:805][  0]LogInit: Overriding language with editor language configuration option (en).
[2018.02.14-16.17.09:805][  0]LogInit: Overriding locale with editor locale configuration option (en).
[2018.02.14-16.17.10:525][  0]LogD3D11RHI: D3D11 adapters:
[2018.02.14-16.17.10:549][  0]LogD3D11RHI:    0. 'NVIDIA GeForce GTX 970' (Feature Level 11_0)
[2018.02.14-16.17.10:549][  0]LogD3D11RHI:       3975/0/8163 MB DedicatedVideo/DedicatedSystem/SharedSystem, Outputs:1, VendorId:0x10de
[2018.02.14-16.17.10:550][  0]LogD3D11RHI:    1. 'Microsoft Basic Render Driver' (Feature Level 11_0)
[2018.02.14-16.17.10:550][  0]LogD3D11RHI:       0/0/256 MB DedicatedVideo/DedicatedSystem/SharedSystem, Outputs:0, VendorId:0x1414
[2018.02.14-16.17.10:550][  0]LogD3D11RHI: Chosen D3D11 Adapter: 0
[2018.02.14-16.17.10:553][  0]LogD3D11RHI: Creating new Direct3DDevice
[2018.02.14-16.17.10:553][  0]LogD3D11RHI:     GPU DeviceId: 0x13c2 (for the marketing name, search the web for "GPU Device Id")
[2018.02.14-16.17.10:553][  0]LogWindows: EnumDisplayDevices:
[2018.02.14-16.17.10:553][  0]LogWindows:    0. 'NVIDIA GeForce GTX 970' (P:1 D:1)
[2018.02.14-16.17.10:553][  0]LogWindows:    1. 'NVIDIA GeForce GTX 970' (P:0 D:0)
[2018.02.14-16.17.10:553][  0]LogWindows:    2. 'NVIDIA GeForce GTX 970' (P:0 D:0)
[2018.02.14-16.17.10:553][  0]LogWindows:    3. 'NVIDIA GeForce GTX 970' (P:0 D:0)
[2018.02.14-16.17.10:553][  0]LogWindows: DebugString: FoundDriverCount:4 
[2018.02.14-16.17.10:553][  0]LogD3D11RHI:     Adapter Name: NVIDIA GeForce GTX 970
[2018.02.14-16.17.10:553][  0]LogD3D11RHI:   Driver Version: 388.13 (internal:23.21.13.8813, unified:388.13)
[2018.02.14-16.17.10:553][  0]LogD3D11RHI:      Driver Date: 10-27-2017
[2018.02.14-16.17.10:553][  0]LogRHI: Texture pool is 1361 MB (70% of 1945 MB)
[2018.02.14-16.17.10:563][  0]LogD3D11RHI: Async texture creation enabled
[2018.02.14-16.17.10:579][  0]LogD3D11RHI: GPU Timing Frequency: 1000.000000 (Debug: 2 2)
[2018.02.14-16.17.10:623][  0]LogShaderCompilers: Guid format shader working directory is -27 characters bigger than the processId version (C:/Users/David/Documents/GitHub/FuturoImperfecto/PRUEBAS/MechHackAndSlash/Intermediate/Shaders/WorkingDirectory/3736/).
[2018.02.14-16.17.10:623][  0]LogShaderCompilers: Cleaned the shader compiler working directory 'C:/Users/David/AppData/Local/Temp/UnrealShaderWorkingDir/E1486F73430AD69A960C009FEBE04626/'.
[2018.02.14-16.17.10:623][  0]LogShaderCompilers:Display: Using Local Shader Compiler.
[2018.02.14-16.17.11:485][  0]LogTemp:Display: Loaded TP AllDesktopTargetPlatform
[2018.02.14-16.17.11:548][  0]LogTemp:Display: Loaded TP MacClientTargetPlatform
[2018.02.14-16.17.11:578][  0]LogTemp:Display: Loaded TP MacNoEditorTargetPlatform
[2018.02.14-16.17.11:609][  0]LogTemp:Display: Loaded TP MacServerTargetPlatform
[2018.02.14-16.17.11:640][  0]LogTemp:Display: Loaded TP MacTargetPlatform
[2018.02.14-16.17.11:671][  0]LogTemp:Display: Loaded TP WindowsClientTargetPlatform
[2018.02.14-16.17.11:702][  0]LogTemp:Display: Loaded TP WindowsNoEditorTargetPlatform
[2018.02.14-16.17.11:734][  0]LogTemp:Display: Loaded TP WindowsServerTargetPlatform
[2018.02.14-16.17.11:760][  0]LogTemp:Display: Loaded TP WindowsTargetPlatform
[2018.02.14-16.17.11:789][  0]LogTemp:Display: Loaded TP AndroidTargetPlatform
[2018.02.14-16.17.11:820][  0]LogTemp:Display: Loaded TP Android_ASTCTargetPlatform
[2018.02.14-16.17.11:850][  0]LogTemp:Display: Loaded TP Android_ATCTargetPlatform
[2018.02.14-16.17.11:882][  0]LogTemp:Display: Loaded TP Android_DXTTargetPlatform
[2018.02.14-16.17.11:925][  0]LogTemp:Display: Loaded TP Android_ETC1TargetPlatform
[2018.02.14-16.17.11:955][  0]LogTemp:Display: Loaded TP Android_ETC2TargetPlatform
[2018.02.14-16.17.12:016][  0]LogTemp:Display: Loaded TP Android_MultiTargetPlatform
[2018.02.14-16.17.12:016][  0]LogTemp:Display: Loaded TP Android_PVRTCTargetPlatform
[2018.02.14-16.17.12:038][  0]LogTemp:Display: Loaded TP HTML5TargetPlatform
[2018.02.14-16.17.12:102][  0]LogTemp:Display: Loaded TP IOSTargetPlatform
[2018.02.14-16.17.12:121][  0]LogTemp:Display: Loaded TP TVOSTargetPlatform
[2018.02.14-16.17.12:152][  0]LogTemp:Display: Loaded TP LinuxClientTargetPlatform
[2018.02.14-16.17.12:182][  0]LogTemp:Display: Loaded TP LinuxNoEditorTargetPlatform
[2018.02.14-16.17.12:212][  0]LogTemp:Display: Loaded TP LinuxServerTargetPlatform
[2018.02.14-16.17.12:243][  0]LogTemp:Display: Loaded TP LinuxTargetPlatform
[2018.02.14-16.17.12:243][  0]LogTargetPlatformManager:Display: Building Assets For Windows
[2018.02.14-16.17.12:531][  0]LogDerivedDataCache:Display: Max Cache Size: 512 MB
[2018.02.14-16.17.12:614][  0]LogDerivedDataCache: Loaded boot cache 0.08s 90MB C:/Users/David/AppData/Local/UnrealEngine/4.16/DerivedDataCache/Boot.ddc.
[2018.02.14-16.17.12:614][  0]LogDerivedDataCache:Display: Loaded Boot cache: C:/Users/David/AppData/Local/UnrealEngine/4.16/DerivedDataCache/Boot.ddc
[2018.02.14-16.17.12:614][  0]LogDerivedDataCache: FDerivedDataBackendGraph:  Pak pak cache file C:/Users/David/Documents/GitHub/FuturoImperfecto/PRUEBAS/MechHackAndSlash/DerivedDataCache/DDC.ddp not found, will not use a pak cache.
[2018.02.14-16.17.12:614][  0]LogDerivedDataCache: Unable to find inner node Pak for hierarchical cache Hierarchy.
[2018.02.14-16.17.12:614][  0]LogDerivedDataCache: FDerivedDataBackendGraph:  CompressedPak pak cache file C:/Users/David/Documents/GitHub/FuturoImperfecto/PRUEBAS/MechHackAndSlash/DerivedDataCache/Compressed.ddp not found, will not use a pak cache.
[2018.02.14-16.17.12:614][  0]LogDerivedDataCache: Unable to find inner node CompressedPak for hierarchical cache Hierarchy.
[2018.02.14-16.17.12:630][  0]LogDerivedDataCache:Display: Pak cache opened for reading ../../../Engine/DerivedDataCache/Compressed.ddp.
[2018.02.14-16.17.12:641][  0]LogDerivedDataCache: Using Local data cache path C:/Users/David/AppData/Local/UnrealEngine/Common/DerivedDataCache: Writable
[2018.02.14-16.17.12:649][  0]LogMaterial: Verifying Global Shaders for PCD3D_SM5
[2018.02.14-16.17.12:649][  0]LogSlate: Using Freetype 2.6.0
[2018.02.14-16.17.12:650][  0]LogSlate: SlateFontCache - WITH_FREETYPE: 1, WITH_HARFBUZZ: 1
[2018.02.14-16.17.12:650][  0]LogSlate: SlateFontCache - WITH_FREETYPE: 1, WITH_HARFBUZZ: 1
[2018.02.14-16.17.12:915][  0]LogInit: Selected Device Profile: [Windows]
[2018.02.14-16.17.12:976][  0]LogContentStreaming: Texture pool size is 0.00 MB
[2018.02.14-16.17.13:087][  0]LogMeshUtilities: Using QuadricMeshReduction for automatic static mesh reduction
[2018.02.14-16.17.13:111][  0]LogSimplygon: Simplygon DLL not present - disabling.
[2018.02.14-16.17.13:138][  0]LogMeshUtilities: Using SimplygonSwarm for distributed automatic mesh merging
[2018.02.14-16.17.13:138][  0]LogMeshUtilities: No automatic skeletal mesh reduction module available
[2018.02.14-16.17.13:138][  0]LogMeshUtilities: No automatic mesh merging module available
[2018.02.14-16.17.13:526][  0]LogNetVersion: MechHackAndSlash , NetCL: 3452394, EngineNetVer: 2, GameNetVer: 0 (Checksum: 86869316)
[2018.02.14-16.17.13:576][  0]LogAssetRegistry: FAssetRegistry took 0.0256 seconds to start up
[2018.02.14-16.17.13:607][  0]LogPackageLocalizationCache: Processed 4 localized package path(s) for 1 prioritized culture(s) in 0.018825 seconds
[2018.02.14-16.17.13:611][  0]LogUObjectArray: 34194 objects as part of root set at end of initial load.
[2018.02.14-16.17.13:611][  0]LogUObjectAllocator: 7260416 out of 0 bytes used by permanent object pool.
[2018.02.14-16.17.13:611][  0]LogUObjectArray: CloseDisregardForGC: 0/0 objects in disregard for GC pool
[2018.02.14-16.17.13:646][  0]LogInit: WinSock: version 1.1 (2.2), MaxSocks=32767, MaxUdp=65467
[2018.02.14-16.17.15:248][  0]LogTcpMessaging: Initializing TcpMessaging bridge
[2018.02.14-16.17.15:275][  0]LogUdpMessaging: Initializing bridge on interface 0.0.0.0:0 to multicast group 230.0.0.1:6666.
[2018.02.14-16.17.15:653][  0]LogMaterial: Uniform references updated for custom material expression Custom.
[2018.02.14-16.17.15:889][  0]SourceControl: Info Source control is disabled
[2018.02.14-16.17.15:915][  0]SourceControl: Info Source control is disabled
[2018.02.14-16.17.15:941][  0]SourceControl: Info Source control is disabled
[2018.02.14-16.17.15:968][  0]SourceControl: Info Source control is disabled
[2018.02.14-16.17.16:353][  0]LogAndroidPermission: UAndroidPermissionCallbackProxy::GetInstance
[2018.02.14-16.17.16:693][  0]LogEngine: Initializing Engine...
[2018.02.14-16.17.16:694][  0]LogHMD: Failed to initialize OpenVR with code 110
[2018.02.14-16.17.16:850][  0]LogStats: UGameplayTagsManager::ConstructGameplayTagTree: Construct from data asset -  0.000 s
[2018.02.14-16.17.16:850][  0]LogStats: UGameplayTagsManager::ConstructGameplayTagTree: GameplayTagTreeChangedEvent.Broadcast -  0.000 s
[2018.02.14-16.17.16:921][  0]LogAIModule: Creating AISystem for world Untitled
[2018.02.14-16.17.16:942][  0]LogInit: XAudio2 using 'Speakers (Realtek High Definition Audio)' : 2 channels at 48 kHz using 32 bits per sample (channel mask 0x3)
[2018.02.14-16.17.16:948][  0]LogInit: FAudioDevice initialized.
[2018.02.14-16.17.16:983][  0]LogDerivedDataCache: Saved boot cache 0.03s 90MB C:/Users/David/AppData/Local/UnrealEngine/4.16/DerivedDataCache/Boot.ddc.
[2018.02.14-16.17.16:991][  0]LogInit: Texture streaming: Enabled
[2018.02.14-16.17.17:045][  0]LogEngineSessionManager: EngineSessionManager initialized
[2018.02.14-16.17.17:166][  0]LogInit: Transaction tracking system initialized
[2018.02.14-16.17.17:335][  0]BlueprintLog: New page: Editor Load
[2018.02.14-16.17.17:849][  0]LocalizationService: Info Localization service is disabled
[2018.02.14-16.17.18:233][  0]LogConsoleResponse:Display: 
[2018.02.14-16.17.18:365][  0]LogCook:Display: Max memory allowance for cook 16384mb min free memory 0mb
[2018.02.14-16.17.18:365][  0]LogCook:Display: Mobile HDR setting 1
[2018.02.14-16.17.18:581][  0]LogFileCache: Scanning file cache for directory 'C:/Users/David/Documents/GitHub/FuturoImperfecto/PRUEBAS/MechHackAndSlash/Content/' took 0.02s
[2018.02.14-16.17.18:932][  0]SourceControl: Info Source control is disabled
[2018.02.14-16.17.18:932][  0]Cmd: MAP LOAD FILE="C:/Users/David/Documents/GitHub/FuturoImperfecto/PRUEBAS/MechHackAndSlash/Content/ThirdPersonBP/Maps/ThirdPersonExampleMap.umap" TEMPLATE=0 SHOWPROGRESS=1 FEATURELEVEL=3
[2018.02.14-16.17.18:960][  0]LightingResults: New page: Lighting Build
[2018.02.14-16.17.18:983][  0]MapCheck: New page: Map Check
[2018.02.14-16.17.18:983][  0]LightingResults: New page: Lighting Build
[2018.02.14-16.17.23:667][  0]LogAIModule: Creating AISystem for world ThirdPersonExampleMap
[2018.02.14-16.17.25:226][  0]LogEditorServer: Finished looking for orphan Actors (0.000 secs)
[2018.02.14-16.17.25:296][  0]Cmd: MAP CHECKDEP NOCLEARLOG
[2018.02.14-16.17.25:352][  0]MapCheck: Info Map check complete: 0 Error(s), 0 Warning(s), took 55.941ms to complete.
[2018.02.14-16.17.25:352][  0]LogFileHelpers: Loading map 'ThirdPersonExampleMap' took 6.420
[2018.02.14-16.17.25:935][  0]LogCollectionManager: Loaded 0 collections in 0.002507 seconds
[2018.02.14-16.17.26:077][  0]LogFileCache: Scanning file cache for directory 'C:/Users/David/Documents/GitHub/FuturoImperfecto/PRUEBAS/MechHackAndSlash/Saved/Collections/' took 0.01s
[2018.02.14-16.17.26:077][  0]LogFileCache: Scanning file cache for directory 'C:/Users/David/Documents/GitHub/FuturoImperfecto/PRUEBAS/MechHackAndSlash/Content/Developers/David/Collections/' took 0.01s
[2018.02.14-16.17.26:077][  0]LogFileCache: Scanning file cache for directory 'C:/Users/David/Documents/GitHub/FuturoImperfecto/PRUEBAS/MechHackAndSlash/Content/Collections/' took 0.01s
[2018.02.14-16.17.26:077][  0]LogCollectionManager: Rebuilt the GUID cache for 0 collections in 0.000001 seconds
[2018.02.14-16.17.26:086][  0]LogContentBrowser: Native class hierarchy populated in 0.0083 seconds. Added 2329 classes and 491 folders.
[2018.02.14-16.17.26:161][  0]LogContentBrowser: Native class hierarchy updated for 'WidgetCarousel' in 0.0004 seconds. Added 0 classes and 0 folders.
[2018.02.14-16.17.27:170][  0]LogContentBrowser: Native class hierarchy updated for 'AddContentDialog' in 0.0008 seconds. Added 0 classes and 0 folders.
[2018.02.14-16.17.27:262][  0]LogContentBrowser: Native class hierarchy updated for 'SceneOutliner' in 0.0005 seconds. Added 1 classes and 2 folders.
[2018.02.14-16.17.27:409][  0]LogContentBrowser: Native class hierarchy updated for 'WorldBrowser' in 0.0019 seconds. Added 1 classes and 3 folders.
[2018.02.14-16.17.28:022][  0]LogCrashTracker: Crashtracker disabled due to settings.
[2018.02.14-16.17.28:073][  0]LogSlate: Took 0.000453 seconds to synchronously load lazily loaded font '../../../Engine/Content/Slate/Fonts/Roboto-Regular.ttf' (155K)
[2018.02.14-16.17.28:080][  0]LogSlate: Took 0.000499 seconds to synchronously load lazily loaded font '../../../Engine/Content/Slate/Fonts/Roboto-Bold.ttf' (160K)
[2018.02.14-16.17.28:135][  0]LogSlate: Took 0.022098 seconds to synchronously load lazily loaded font '../../../Engine/Content/Editor/Slate/Fonts/FontAwesome.ttf' (139K)
[2018.02.14-16.17.28:580][  0]LogRenderer: Reallocating scene render targets to support 1204x572 NumSamples 1 (Frame:1).
[2018.02.14-16.17.28:929][  0]LogUObjectGlobals:Warning: Failed to find object 'Class None.'
[2018.02.14-16.17.29:000][  0]LogContentBrowser: Native class hierarchy updated for 'HierarchicalLODOutliner' in 0.0005 seconds. Added 1 classes and 2 folders.
[2018.02.14-16.17.29:000][  0]LogLoad: (Engine Initialization) Total time: 20.43 seconds
[2018.02.14-16.17.29:000][  0]LogLoad: (Engine Initialization) Total Blueprint compile time: 0.98 seconds
[2018.02.14-16.17.29:000][  0]LogExternalProfiler: Found external profiler: VSPerf
[2018.02.14-16.17.29:000][  0]LogExternalProfiler: Using external profiler: VSPerf
[2018.02.14-16.17.29:016][  0]LogOcInput: OculusInput pre-init called
[2018.02.14-16.17.29:016][  0]LogHMD: Starting GearVRController plugin
[2018.02.14-16.17.29:077][  0]LogContentStreaming: Texture pool size now 1000 MB
[2018.02.14-16.17.29:182][  0]LogSlate: Took 0.019625 seconds to synchronously load lazily loaded font '../../../Engine/Content/Slate/Fonts/Roboto-Light.ttf' (159K)
[2018.02.14-16.17.29:220][  1]LogAssetRegistry: Asset discovery search completed in 15.6667 seconds
[2018.02.14-16.17.29:222][  1]LogCollectionManager: Rebuilt the object cache for 0 collections in 0.000001 seconds (found 0 objects)
[2018.02.14-16.17.29:222][  1]LogCollectionManager: Fixed up redirectors for 0 collections in 0.000026 seconds (updated 0 objects)
[2018.02.14-16.17.29:286][  1]LogSlate: Took 0.000126 seconds to synchronously load lazily loaded font '../../../Engine/Content/Slate/Fonts/Roboto-Light.ttf' (159K)
[2018.02.14-16.25.39:772][676]LogTemp: Executing iPhonePackager certificates Engine -bundlename com.YourCompany.MechHackAndSlash
[2018.02.14-16.25.39:772][676]LogTemp: CWD: D:\Program Files (x86)\Epic Games\UE_4.16\Engine\Binaries\DotNET\IOS
[2018.02.14-16.25.39:772][676]LogTemp: Initial Dir: D:\Program Files (x86)\Epic Games\UE_4.16
[2018.02.14-16.25.39:772][676]LogTemp: Env CWD: D:\Program Files (x86)\Epic Games\UE_4.16\Engine\Binaries\DotNET\IOS
[2018.02.14-16.25.39:772][676]LogTemp: BranchPath = DAVIDMASTERRACE/D/Program Files (x86)/Epic Games/UE_4.16/Engine/Binaries --- GameBranchPath = DAVIDMASTERRACE/D/Program Files (x86)/Epic Games/UE_4.16/Engine/Binaries
[2018.02.14-16.25.39:772][676]LogSlate: Only BGRA pngs, bmps or icos are supported in by External Image Picker
[2018.02.14-16.25.39:842][677]LogTemp: IPP ERROR: Could not find provision directory 'C:\Users\David\AppData\Local/Apple Computer/MobileDevice/Provisioning Profiles/'.
[2018.02.14-16.27.36:377][445]LogEditorViewport: Clicking on Actor (LMB): StaticMeshActor (Floor_400x403)
[2018.02.14-16.29.22:243][772]LogActorFactory: Actor Factory created Cube
[2018.02.14-16.29.23:025][856]LogActorFactory: Actor Factory created Cube
[2018.02.14-16.30.09:894][294]LogEditorViewport: Clicking on Actor (LMB): StaticMeshActor (Cube8)
[2018.02.14-16.30.27:065][144]LogSavePackage: Save=345.65ms
[2018.02.14-16.30.27:065][144]LogSavePackage: Moving 'C:/Users/David/Documents/GitHub/FuturoImperfecto/PRUEBAS/MechHackAndSlash/Saved/ThirdPersonExampleMap2FE790B74611F95E23EAC5ACF431A4D8.tmp' to 'C:/Users/David/Documents/GitHub/FuturoImperfecto/PRUEBAS/MechHackAndSlash/Content/ThirdPersonBP/Maps/ThirdPersonExampleMap.umap'
[2018.02.14-16.30.27:070][144]LogSavePackage:Display: Finished SavePackage C:/Users/David/Documents/GitHub/FuturoImperfecto/PRUEBAS/MechHackAndSlash/Content/ThirdPersonBP/Maps/ThirdPersonExampleMap.umap
[2018.02.14-16.30.27:116][144]LogFileHelpers: Saving map 'ThirdPersonExampleMap' took 0.526
[2018.02.14-16.30.57:145][656]LogMetaData: Removing '/Game/Enemigos/ThirdPersonCharacter.ThirdPersonCharacter_C' ref from Metadata '/Game/ThirdPersonBP/Blueprints/ThirdPersonCharacter.PackageMetaData'
[2018.02.14-16.30.57:145][656]LogMetaData: Removing '/Game/Enemigos/ThirdPersonCharacter.ThirdPersonCharacter_C:ExecuteUbergraph_ThirdPersonCharacter' ref from Metadata '/Game/ThirdPersonBP/Blueprints/ThirdPersonCharacter.PackageMetaData'
[2018.02.14-16.30.57:145][656]LogMetaData: Removing '/Game/Enemigos/ThirdPersonCharacter.ThirdPersonCharacter_C:UserConstructionScript' ref from Metadata '/Game/ThirdPersonBP/Blueprints/ThirdPersonCharacter.PackageMetaData'
[2018.02.14-16.30.57:145][656]LogMetaData: Removing '/Game/Enemigos/ThirdPersonCharacter.ThirdPersonCharacter_C:ReceiveTick' ref from Metadata '/Game/ThirdPersonBP/Blueprints/ThirdPersonCharacter.PackageMetaData'
[2018.02.14-16.30.57:145][656]LogMetaData: Removing '/Game/Enemigos/ThirdPersonCharacter.SKEL_ThirdPersonCharacter_C:ReceiveTick' ref from Metadata '/Game/ThirdPersonBP/Blueprints/ThirdPersonCharacter.PackageMetaData'
[2018.02.14-16.30.57:145][656]LogMetaData: Removing '/Game/Enemigos/ThirdPersonCharacter.SKEL_ThirdPersonCharacter_C:UserConstructionScript' ref from Metadata '/Game/ThirdPersonBP/Blueprints/ThirdPersonCharacter.PackageMetaData'
[2018.02.14-16.30.57:145][656]LogMetaData: Removing '/Game/Enemigos/ThirdPersonCharacter.SKEL_ThirdPersonCharacter_C:ExecuteUbergraph_ThirdPersonCharacter' ref from Metadata '/Game/ThirdPersonBP/Blueprints/ThirdPersonCharacter.PackageMetaData'
[2018.02.14-16.30.57:145][656]LogMetaData: Removing '/Game/Enemigos/ThirdPersonCharacter.SKEL_ThirdPersonCharacter_C' ref from Metadata '/Game/ThirdPersonBP/Blueprints/ThirdPersonCharacter.PackageMetaData'
[2018.02.14-16.30.57:159][656]LogMetaData: Removing '/Game/Enemigos/hijo.hijo:UserConstructionScript.K2Node_FunctionEntry_0' ref from Metadata '/Game/ThirdPersonBP/Blueprints/hijo.PackageMetaData'
[2018.02.14-16.30.57:159][656]LogMetaData: Removing '/Game/Enemigos/hijo.hijo_C' ref from Metadata '/Game/ThirdPersonBP/Blueprints/hijo.PackageMetaData'
[2018.02.14-16.30.57:159][656]LogMetaData: Removing '/Game/Enemigos/hijo.hijo:EventGraph.K2Node_Event_0' ref from Metadata '/Game/ThirdPersonBP/Blueprints/hijo.PackageMetaData'
[2018.02.14-16.30.57:159][656]LogMetaData: Removing '/Game/Enemigos/hijo.hijo:EventGraph.K2Node_Event_1' ref from Metadata '/Game/ThirdPersonBP/Blueprints/hijo.PackageMetaData'
[2018.02.14-16.30.57:159][656]LogMetaData: Removing '/Game/Enemigos/hijo.hijo:EventGraph.K2Node_Event_2' ref from Metadata '/Game/ThirdPersonBP/Blueprints/hijo.PackageMetaData'
[2018.02.14-16.30.57:159][656]LogMetaData: Removing '/Game/Enemigos/hijo.hijo:EventGraph.K2Node_CallParentFunction_1' ref from Metadata '/Game/ThirdPersonBP/Blueprints/hijo.PackageMetaData'
[2018.02.14-16.30.57:159][656]LogMetaData: Removing '/Game/Enemigos/hijo.hijo_C:ExecuteUbergraph_hijo' ref from Metadata '/Game/ThirdPersonBP/Blueprints/hijo.PackageMetaData'
[2018.02.14-16.30.57:159][656]LogMetaData: Removing '/Game/Enemigos/hijo.hijo_C:UserConstructionScript' ref from Metadata '/Game/ThirdPersonBP/Blueprints/hijo.PackageMetaData'
[2018.02.14-16.30.57:159][656]LogMetaData: Removing '/Game/Enemigos/hijo.hijo_C:atraerObjeto' ref from Metadata '/Game/ThirdPersonBP/Blueprints/hijo.PackageMetaData'
[2018.02.14-16.30.57:159][656]LogMetaData: Removing '/Game/Enemigos/hijo.hijo_C:StaticMesh' ref from Metadata '/Game/ThirdPersonBP/Blueprints/hijo.PackageMetaData'
[2018.02.14-16.30.57:159][656]LogMetaData: Removing '/Game/Enemigos/hijo.SKEL_hijo_C:StaticMesh' ref from Metadata '/Game/ThirdPersonBP/Blueprints/hijo.PackageMetaData'
[2018.02.14-16.30.57:159][656]LogMetaData: Removing '/Game/Enemigos/hijo.SKEL_hijo_C:atraerObjeto' ref from Metadata '/Game/ThirdPersonBP/Blueprints/hijo.PackageMetaData'
[2018.02.14-16.30.57:159][656]LogMetaData: Removing '/Game/Enemigos/hijo.SKEL_hijo_C:UserConstructionScript' ref from Metadata '/Game/ThirdPersonBP/Blueprints/hijo.PackageMetaData'
[2018.02.14-16.30.57:159][656]LogMetaData: Removing '/Game/Enemigos/hijo.SKEL_hijo_C:ExecuteUbergraph_hijo' ref from Metadata '/Game/ThirdPersonBP/Blueprints/hijo.PackageMetaData'
[2018.02.14-16.30.57:159][656]LogMetaData: Removing '/Game/Enemigos/hijo.SKEL_hijo_C' ref from Metadata '/Game/ThirdPersonBP/Blueprints/hijo.PackageMetaData'
[2018.02.14-16.30.57:196][656]Cmd: OBJ SAVEPACKAGE PACKAGE="/Game/Enemigos/ThirdPersonCharacter" FILE="C:/Users/David/Documents/GitHub/FuturoImperfecto/PRUEBAS/MechHackAndSlash/Content/Enemigos/ThirdPersonCharacter.uasset" SILENT=true
[2018.02.14-16.30.57:260][656]LogSavePackage: Save=62.37ms
[2018.02.14-16.30.57:260][656]LogSavePackage: Moving 'C:/Users/David/Documents/GitHub/FuturoImperfecto/PRUEBAS/MechHackAndSlash/Saved/ThirdPersonCharacter56154F2E4394D80D2AD9529BA0EB5C90.tmp' to 'C:/Users/David/Documents/GitHub/FuturoImperfecto/PRUEBAS/MechHackAndSlash/Content/Enemigos/ThirdPersonCharacter.uasset'
[2018.02.14-16.30.57:262][656]LogSavePackage:Display: Finished SavePackage C:/Users/David/Documents/GitHub/FuturoImperfecto/PRUEBAS/MechHackAndSlash/Content/Enemigos/ThirdPersonCharacter.uasset
[2018.02.14-16.30.57:279][656]LogSavePackage: Save=3.49ms
[2018.02.14-16.30.57:279][656]LogSavePackage: Moving 'C:/Users/David/Documents/GitHub/FuturoImperfecto/PRUEBAS/MechHackAndSlash/Saved/ThirdPersonCharacterF4707CF245F85F6D63CFC5AC91B3BD41.tmp' to 'C:/Users/David/Documents/GitHub/FuturoImperfecto/PRUEBAS/MechHackAndSlash/Content/ThirdPersonBP/Blueprints/ThirdPersonCharacter.uasset'
[2018.02.14-16.30.57:281][656]LogSavePackage:Display: Finished SavePackage C:/Users/David/Documents/GitHub/FuturoImperfecto/PRUEBAS/MechHackAndSlash/Content/ThirdPersonBP/Blueprints/ThirdPersonCharacter.uasset
[2018.02.14-16.30.57:297][656]Cmd: OBJ SAVEPACKAGE PACKAGE="/Game/Enemigos/hijo" FILE="C:/Users/David/Documents/GitHub/FuturoImperfecto/PRUEBAS/MechHackAndSlash/Content/Enemigos/hijo.uasset" SILENT=true
[2018.02.14-16.30.57:333][656]LogSavePackage: Save=34.56ms
[2018.02.14-16.30.57:333][656]LogSavePackage: Moving 'C:/Users/David/Documents/GitHub/FuturoImperfecto/PRUEBAS/MechHackAndSlash/Saved/hijo3CB636BC4B3A03620F76AA96E60B7CA1.tmp' to 'C:/Users/David/Documents/GitHub/FuturoImperfecto/PRUEBAS/MechHackAndSlash/Content/Enemigos/hijo.uasset'
[2018.02.14-16.30.57:334][656]LogSavePackage:Display: Finished SavePackage C:/Users/David/Documents/GitHub/FuturoImperfecto/PRUEBAS/MechHackAndSlash/Content/Enemigos/hijo.uasset
[2018.02.14-16.31.01:905][ 42]Cmd: OBJ SAVEPACKAGE PACKAGE="/Game/Enemigos/ThirdPersonCharacter" FILE="C:/Users/David/Documents/GitHub/FuturoImperfecto/PRUEBAS/MechHackAndSlash/Content/Enemigos/ThirdPersonCharacter.uasset" SILENT=true
[2018.02.14-16.31.01:957][ 42]LogSavePackage: Save=48.71ms
[2018.02.14-16.31.01:957][ 42]LogSavePackage: Moving 'C:/Users/David/Documents/GitHub/FuturoImperfecto/PRUEBAS/MechHackAndSlash/Saved/ThirdPersonCharacterBF2EB19C4AF33A8A206A51AE20192704.tmp' to 'C:/Users/David/Documents/GitHub/FuturoImperfecto/PRUEBAS/MechHackAndSlash/Content/Enemigos/ThirdPersonCharacter.uasset'
[2018.02.14-16.31.01:959][ 42]LogSavePackage:Display: Finished SavePackage C:/Users/David/Documents/GitHub/FuturoImperfecto/PRUEBAS/MechHackAndSlash/Content/Enemigos/ThirdPersonCharacter.uasset
[2018.02.14-16.31.02:078][ 42]LogSpawn:Warning: UWorld::DestroyActor: World has no context! World: BlueLevel, Actor: /Game/Niveles/BlueLevel.BlueLevel:PersistentLevel.BlueLevel_C_1
[2018.02.14-16.31.02:778][ 42]LogSavePackage: Save=717.32ms
[2018.02.14-16.31.02:778][ 42]LogSavePackage: Moving 'C:/Users/David/Documents/GitHub/FuturoImperfecto/PRUEBAS/MechHackAndSlash/Saved/BlueLevel1F1B06CD4F33EF94D4693B990455B202.tmp' to 'C:/Users/David/Documents/GitHub/FuturoImperfecto/PRUEBAS/MechHackAndSlash/Content/Niveles/BlueLevel.umap'
[2018.02.14-16.31.02:784][ 42]LogSavePackage:Display: Finished SavePackage C:/Users/David/Documents/GitHub/FuturoImperfecto/PRUEBAS/MechHackAndSlash/Content/Niveles/BlueLevel.umap
[2018.02.14-16.31.02:784][ 42]LogFileHelpers: Saving map 'BlueLevel' took 0.823
[2018.02.14-16.31.02:865][ 42]LogSpawn:Warning: UWorld::DestroyActor: World has no context! World: RedLevel, Actor: /Game/Niveles/RedLevel.RedLevel:PersistentLevel.RedLevel_C_1
[2018.02.14-16.31.03:061][ 42]LogSavePackage: Save=201.50ms
[2018.02.14-16.31.03:061][ 42]LogSavePackage: Moving 'C:/Users/David/Documents/GitHub/FuturoImperfecto/PRUEBAS/MechHackAndSlash/Saved/RedLevel4741DD544FBDF115C7CC99BDEB98D07D.tmp' to 'C:/Users/David/Documents/GitHub/FuturoImperfecto/PRUEBAS/MechHackAndSlash/Content/Niveles/RedLevel.umap'
[2018.02.14-16.31.03:063][ 42]LogSavePackage:Display: Finished SavePackage C:/Users/David/Documents/GitHub/FuturoImperfecto/PRUEBAS/MechHackAndSlash/Content/Niveles/RedLevel.umap
[2018.02.14-16.31.03:064][ 42]LogFileHelpers: Saving map 'RedLevel' took 0.276
[2018.02.14-16.31.50:605][729]LogEditorViewport: Clicking on Actor (LMB): StaticMeshActor (Cube6)
[2018.02.14-16.32.16:486][708]LogRenderer: Reallocating scene render targets to support 1388x848 NumSamples 1 (Frame:1).
[2018.02.14-16.32.46:207][604]LogSlate:Warning: Prevented a slow task dialog from being summoned while a context menu was open
[2018.02.14-16.33.19:906][ 50]LogStaticMesh: Building static mesh Cube...
[2018.02.14-16.33.19:949][ 50]LogStaticMesh: Built static mesh [0.08s] /Engine/BasicShapes/Cube.Cube
[2018.02.14-16.36.35:882][997]Cmd: OBJ SAVEPACKAGE PACKAGE="/Engine/BasicShapes/Cube" FILE="../../../Engine/Content/BasicShapes/Cube.uasset" SILENT=true
[2018.02.14-16.36.35:901][997]LogSavePackage: Save=11.86ms
[2018.02.14-16.36.35:901][997]LogSavePackage: Moving 'C:/Users/David/Documents/GitHub/FuturoImperfecto/PRUEBAS/MechHackAndSlash/Saved/CubeD3DA62694237543A9CDE5D9AFB97FA10.tmp' to '../../../Engine/Content/BasicShapes/Cube.uasset'
[2018.02.14-16.36.35:904][997]LogSavePackage:Display: Finished SavePackage ../../../Engine/Content/BasicShapes/Cube.uasset
[2018.02.14-16.37.44:062][ 76]LogContentBrowser: Native class hierarchy updated for 'SkeletonEditor' in 0.0011 seconds. Added 1 classes and 2 folders.
[2018.02.14-16.37.44:127][ 76]LogActorComponent: RegisterComponentWithWorld: (/Engine/Transient.World_10:PersistentLevel.Actor_0.DebugSkelMeshComponent_0) Already registered. Aborting.
[2018.02.14-16.37.44:540][ 76]LogSlate: Took 0.000138 seconds to synchronously load lazily loaded font '../../../Engine/Content/Slate/Fonts/Roboto-Regular.ttf' (155K)
[2018.02.14-16.37.44:779][ 76]LogContentBrowser: Native class hierarchy updated for 'BlueprintGraph' in 0.0011 seconds. Added 112 classes and 0 folders.
[2018.02.14-16.37.45:714][ 76]LogSkeletalMesh: USkeletalMeshComponent::InitArticulated : Bodies already created (/Engine/Transient.World_10:PersistentLevel.Actor_0.DebugSkelMeshComponent_0) - call TermArticulated first.
[2018.02.14-16.37.46:273][ 76]LogSlate: Took 0.026972 seconds to synchronously load lazily loaded font '../../../Engine/Content/Editor/Slate/Fonts/Roboto-BoldCondensed.ttf' (158K)
[2018.02.14-16.37.46:402][ 76]LogContentBrowser: Native class hierarchy updated for 'ClothingSystemEditorInterface' in 0.0008 seconds. Added 1 classes and 0 folders.
[2018.02.14-16.37.46:588][ 76]LogContentBrowser:Verbose: The majority of assets in the view are of type: AnimSequence
[2018.02.14-16.37.46:621][ 77]LogSlate: Took 0.011248 seconds to synchronously load lazily loaded font '../../../Engine/Content/Editor/Slate/Fonts/Roboto-Italic.ttf' (157K)
[2018.02.14-16.45.24:048][801]LogSlate:Warning: Prevented a slow task dialog from being summoned while a context menu was open
[2018.02.14-16.46.25:564][622]Cmd: OBJ SAVEPACKAGE PACKAGE="/Game/Enemigos/AI_Enemies" FILE="C:/Users/David/Documents/GitHub/FuturoImperfecto/PRUEBAS/MechHackAndSlash/Content/Enemigos/AI_Enemies.uasset" SILENT=true
[2018.02.14-16.46.25:576][622]LogSavePackage: Save=10.27ms
[2018.02.14-16.46.25:576][622]LogSavePackage: Moving 'C:/Users/David/Documents/GitHub/FuturoImperfecto/PRUEBAS/MechHackAndSlash/Saved/AI_EnemiesED30DD6F4C32E0A500FACFB2E8B47F91.tmp' to 'C:/Users/David/Documents/GitHub/FuturoImperfecto/PRUEBAS/MechHackAndSlash/Content/Enemigos/AI_Enemies.uasset'
[2018.02.14-16.46.25:585][622]LogSavePackage:Display: Finished SavePackage C:/Users/David/Documents/GitHub/FuturoImperfecto/PRUEBAS/MechHackAndSlash/Content/Enemigos/AI_Enemies.uasset
[2018.02.14-16.46.25:588][622]Cmd: OBJ SAVEPACKAGE PACKAGE="/Game/Enemigos/BPI_IAComandos" FILE="C:/Users/David/Documents/GitHub/FuturoImperfecto/PRUEBAS/MechHackAndSlash/Content/Enemigos/BPI_IAComandos.uasset" SILENT=true
[2018.02.14-16.46.25:595][622]LogSavePackage: Save=5.78ms
[2018.02.14-16.46.25:595][622]LogSavePackage: Moving 'C:/Users/David/Documents/GitHub/FuturoImperfecto/PRUEBAS/MechHackAndSlash/Saved/BPI_IAComandos57DBB1FD4BAB38E38AF95DB96F255781.tmp' to 'C:/Users/David/Documents/GitHub/FuturoImperfecto/PRUEBAS/MechHackAndSlash/Content/Enemigos/BPI_IAComandos.uasset'
[2018.02.14-16.46.25:597][622]LogSavePackage:Display: Finished SavePackage C:/Users/David/Documents/GitHub/FuturoImperfecto/PRUEBAS/MechHackAndSlash/Content/Enemigos/BPI_IAComandos.uasset
[2018.02.14-16.46.25:725][622]LogSpawn:Warning: UWorld::DestroyActor: World has no context! World: BlueLevel, Actor: /Game/Niveles/BlueLevel.BlueLevel:PersistentLevel.BlueLevel_C_0
[2018.02.14-16.46.26:456][622]LogSavePackage: Save=746.95ms
[2018.02.14-16.46.26:456][622]LogSavePackage: Moving 'C:/Users/David/Documents/GitHub/FuturoImperfecto/PRUEBAS/MechHackAndSlash/Saved/BlueLevel14A2CE06427E47F113AC3B8AA785E195.tmp' to 'C:/Users/David/Documents/GitHub/FuturoImperfecto/PRUEBAS/MechHackAndSlash/Content/Niveles/BlueLevel.umap'
[2018.02.14-16.46.26:461][622]LogSavePackage:Display: Finished SavePackage C:/Users/David/Documents/GitHub/FuturoImperfecto/PRUEBAS/MechHackAndSlash/Content/Niveles/BlueLevel.umap
[2018.02.14-16.46.26:462][622]LogFileHelpers: Saving map 'BlueLevel' took 0.862
[2018.02.14-16.46.26:902][622]LogSavePackage: Save=352.24ms
[2018.02.14-16.46.26:902][622]LogSavePackage: Moving 'C:/Users/David/Documents/GitHub/FuturoImperfecto/PRUEBAS/MechHackAndSlash/Saved/ThirdPersonExampleMap5A68D3CB488C72AD90F3AF9C85B1BDEB.tmp' to 'C:/Users/David/Documents/GitHub/FuturoImperfecto/PRUEBAS/MechHackAndSlash/Content/ThirdPersonBP/Maps/ThirdPersonExampleMap.umap'
[2018.02.14-16.46.26:910][622]LogSavePackage:Display: Finished SavePackage C:/Users/David/Documents/GitHub/FuturoImperfecto/PRUEBAS/MechHackAndSlash/Content/ThirdPersonBP/Maps/ThirdPersonExampleMap.umap
[2018.02.14-16.46.26:956][622]LogFileHelpers: Saving map 'ThirdPersonExampleMap' took 0.492
[2018.02.14-16.46.30:326][919]LogSlate:Warning: Prevented a slow task dialog from being summoned while a context menu was open
[2018.02.14-16.46.32:594][102]LogWindows: Windows GetLastError: La operación se completó correctamente. (0)
[2018.02.14-16.47.31:476][102]LogCrashTracker: 


[2018.02.14-16.47.31:476][102]LogCrashTracker: 


[2018.02.14-16.47.31:476][102]LogWindows:Error: === Critical error: ===
[2018.02.14-16.47.31:476][102]LogWindows:Error: 
[2018.02.14-16.47.31:476][102]LogWindows:Error: Assertion failed: SupportedAgents.Num() > 0 [File:D:\Build\++UE4+Release-4.16+Compile\Sync\Engine\Source\Runtime\Engine\Classes\AI/Navigation/NavigationSystem.h] [Line: 534] 
[2018.02.14-16.47.31:476][102]LogWindows:Error: 
[2018.02.14-16.47.31:476][102]LogWindows:Error: 
[2018.02.14-16.47.31:476][102]LogWindows:Error: 
[2018.02.14-16.47.31:476][102]LogWindows:Error: KERNELBASE.dll!0x0000000039BB92FC
[2018.02.14-16.47.31:476][102]LogWindows:Error: UE4Editor-Core.dll!FOutputDeviceWindowsError::Serialize() [d:\build\++ue4+release-4.16+compile\sync\engine\source\runtime\core\private\windows\windowsplatformoutputdevices.cpp:120]
[2018.02.14-16.47.31:476][102]LogWindows:Error: UE4Editor-Core.dll!FOutputDevice::Logf__VA() [d:\build\++ue4+release-4.16+compile\sync\engine\source\runtime\core\private\misc\outputdevice.cpp:70]
[2018.02.14-16.47.31:476][102]LogWindows:Error: UE4Editor-Core.dll!FDebug::AssertFailed() [d:\build\++ue4+release-4.16+compile\sync\engine\source\runtime\core\private\misc\assertionmacros.cpp:349]
[2018.02.14-16.47.31:476][102]LogWindows:Error: UE4Editor-Engine.dll!UNavMovementComponent::UpdateNavAgent() [d:\build\++ue4+release-4.16+compile\sync\engine\source\runtime\engine\private\components\navmovementcomponent.cpp:95]
[2018.02.14-16.47.31:476][102]LogWindows:Error: UE4Editor-Engine.dll!APawn::PostRegisterAllComponents() [d:\build\++ue4+release-4.16+compile\sync\engine\source\runtime\engine\private\pawn.cpp:140]
[2018.02.14-16.47.31:476][102]LogWindows:Error: UE4Editor-Engine.dll!AActor::IncrementalRegisterComponents() [d:\build\++ue4+release-4.16+compile\sync\engine\source\runtime\engine\private\actor.cpp:4110]
[2018.02.14-16.47.31:476][102]LogWindows:Error: UE4Editor-Engine.dll!AActor::RegisterAllComponents() [d:\build\++ue4+release-4.16+compile\sync\engine\source\runtime\engine\private\actor.cpp:3996]
[2018.02.14-16.47.31:476][102]LogWindows:Error: UE4Editor-Engine.dll!AActor::PostEditChangeProperty() [d:\build\++ue4+release-4.16+compile\sync\engine\source\runtime\engine\private\actoreditor.cpp:130]
[2018.02.14-16.47.31:476][102]LogWindows:Error: UE4Editor-Engine.dll!APawn::PostEditChangeProperty() [d:\build\++ue4+release-4.16+compile\sync\engine\source\runtime\engine\private\pawn.cpp:915]
[2018.02.14-16.47.31:476][102]LogWindows:Error: UE4Editor-CoreUObject.dll!UObject::PropagatePostEditChange() [d:\build\++ue4+release-4.16+compile\sync\engine\source\runtime\coreuobject\private\uobject\obj.cpp:514]
[2018.02.14-16.47.31:476][102]LogWindows:Error: UE4Editor-CoreUObject.dll!UObject::PostEditChangeChainProperty() [d:\build\++ue4+release-4.16+compile\sync\engine\source\runtime\coreuobject\private\uobject\obj.cpp:402]
[2018.02.14-16.47.31:476][102]LogWindows:Error: UE4Editor-PropertyEditor.dll!FPropertyNode::NotifyPostChange() [d:\build\++ue4+release-4.16+compile\sync\engine\source\editor\propertyeditor\private\propertynode.cpp:2354]
[2018.02.14-16.47.31:476][102]LogWindows:Error: UE4Editor-PropertyEditor.dll!FPropertyValueImpl::ImportText() [d:\build\++ue4+release-4.16+compile\sync\engine\source\editor\propertyeditor\private\propertyhandleimpl.cpp:557]
[2018.02.14-16.47.31:476][102]LogWindows:Error: UE4Editor-PropertyEditor.dll!FPropertyValueImpl::ImportText() [d:\build\++ue4+release-4.16+compile\sync\engine\source\editor\propertyeditor\private\propertyhandleimpl.cpp:357]
[2018.02.14-16.47.31:476][102]LogWindows:Error: UE4Editor-PropertyEditor.dll!FPropertyValueImpl::SetValueAsString() [d:\build\++ue4+release-4.16+compile\sync\engine\source\editor\propertyeditor\private\propertyhandleimpl.cpp:828]
[2018.02.14-16.47.31:476][102]LogWindows:Error: UE4Editor-PropertyEditor.dll!FPropertyHandleObject::SetValueFromFormattedString() [d:\build\++ue4+release-4.16+compile\sync\engine\source\editor\propertyeditor\private\propertyhandleimpl.cpp:3397]
[2018.02.14-16.47.31:476][102]LogWindows:Error: UE4Editor-PropertyEditor.dll!SPropertyEditorClass::SendToObjects() [d:\build\++ue4+release-4.16+compile\sync\engine\source\editor\propertyeditor\private\userinterface\propertyeditor\spropertyeditorclass.cpp:250]
[2018.02.14-16.47.31:476][102]LogWindows:Error: UE4Editor-PropertyEditor.dll!SPropertyEditorClass::OnClassPicked() [d:\build\++ue4+release-4.16+compile\sync\engine\source\editor\propertyeditor\private\userinterface\propertyeditor\spropertyeditorclass.cpp:239]
[2018.02.14-16.47.31:476][102]LogWindows:Error: UE4Editor-PropertyEditor.dll!TBaseRawMethodDelegateInstance<0,SPropertyEditorClass,void __cdecl(UClass * __ptr64)>::ExecuteIfSafe() [d:\build\++ue4+release-4.16+compile\sync\engine\source\runtime\core\public\delegates\delegateinstancesimpl.h:648]
[2018.02.14-16.47.31:476][102]LogWindows:Error: UE4Editor-ClassViewer.dll!SClassViewer::OnClassViewerSelectionChanged() [d:\build\++ue4+release-4.16+compile\sync\engine\source\editor\classviewer\private\sclassviewer.cpp:2428]
[2018.02.14-16.47.31:476][102]LogWindows:Error: UE4Editor-ClassViewer.dll!TBaseSPMethodDelegateInstance<0,SClassViewer,0,TTypeWrapper<void> __cdecl(TSharedPtr<FClassViewerNode,0>,enum ESelectInfo::Type)>::Execute() [d:\build\++ue4+release-4.16+compile\sync\engine\source\runtime\core\public\delegates\delegateinstancesimpl.h:327]
[2018.02.14-16.47.31:476][102]LogWindows:Error: UE4Editor-ClassViewer.dll!TBaseSPMethodDelegateInstance<0,SClassViewer,0,void __cdecl(TSharedPtr<FClassViewerNode,0>,enum ESelectInfo::Type)>::ExecuteIfSafe() [d:\build\++ue4+release-4.16+compile\sync\engine\source\runtime\core\public\delegates\delegateinstancesimpl.h:434]
[2018.02.14-16.47.31:476][102]LogWindows:Error: UE4Editor-ClassViewer.dll!TBaseDelegate<void,TSharedPtr<FClassViewerNode,0>,enum ESelectInfo::Type>::ExecuteIfBound() [d:\build\++ue4+release-4.16+compile\sync\engine\source\runtime\core\public\delegates\delegatesignatureimpl.inl:624]
[2018.02.14-16.47.31:476][102]LogWindows:Error: UE4Editor-ClassViewer.dll!SListView<TSharedPtr<FClassViewerNode,0> >::Private_SignalSelectionChanged() [d:\build\++ue4+release-4.16+compile\sync\engine\source\runtime\slate\public\widgets\views\slistview.h:735]
[2018.02.14-16.47.31:476][102]LogWindows:Error: UE4Editor-ClassViewer.dll!STableRow<TSharedPtr<FString,0> >::OnMouseButtonUp() [d:\build\++ue4+release-4.16+compile\sync\engine\source\runtime\slate\public\widgets\views\stablerow.h:476]
[2018.02.14-16.47.31:476][102]LogWindows:Error: UE4Editor-Slate.dll!<lambda_8d0e9a1da76abd0a756a3a9d775f5ed1>::operator()() [d:\build\++ue4+release-4.16+compile\sync\engine\source\runtime\slate\private\framework\application\slateapplication.cpp:5049]
[2018.02.14-16.47.31:476][102]LogWindows:Error: UE4Editor-Slate.dll!FEventRouter::Route<FReply,FEventRouter::FToLeafmostPolicy,FPointerEvent,<lambda_8d0e9a1da76abd0a756a3a9d775f5ed1> >() [d:\build\++ue4+release-4.16+compile\sync\engine\source\runtime\slate\private\framework\application\slateapplication.cpp:239]
[2018.02.14-16.47.31:476][102]LogWindows:Error: UE4Editor-Slate.dll!FSlateApplication::RoutePointerUpEvent() [d:\build\++ue4+release-4.16+compile\sync\engine\source\runtime\slate\private\framework\application\slateapplication.cpp:5038]
[2018.02.14-16.47.31:476][102]LogWindows:Error: UE4Editor-Slate.dll!FSlateApplication::ProcessMouseButtonUpEvent() [d:\build\++ue4+release-4.16+compile\sync\engine\source\runtime\slate\private\framework\application\slateapplication.cpp:5515]
[2018.02.14-16.47.31:476][102]LogWindows:Error: UE4Editor-Slate.dll!FSlateApplication::OnMouseUp() [d:\build\++ue4+release-4.16+compile\sync\engine\source\runtime\slate\private\framework\application\slateapplication.cpp:5495]
[2018.02.14-16.47.31:476][102]LogWindows:Error: UE4Editor-Core.dll!FWindowsApplication::ProcessDeferredMessage() [d:\build\++ue4+release-4.16+compile\sync\engine\source\runtime\core\private\windows\windowsapplication.cpp:1704]
[2018.02.14-16.47.31:476][102]LogWindows:Error: UE4Editor-Core.dll!FWindowsApplication::DeferMessage() [d:\build\++ue4+release-4.16+compile\sync\engine\source\runtime\core\private\windows\windowsapplication.cpp:2127]
[2018.02.14-16.47.31:476][102]LogWindows:Error: UE4Editor-Core.dll!FWindowsApplication::ProcessMessage() [d:\build\++ue4+release-4.16+compile\sync\engine\source\runtime\core\private\windows\windowsapplication.cpp:867]
[2018.02.14-16.47.31:476][102]LogWindows:Error: UE4Editor-Core.dll!FWindowsApplication::AppWndProc() [d:\build\++ue4+release-4.16+compile\sync\engine\source\runtime\core\private\windows\windowsapplication.cpp:714]
[2018.02.14-16.47.31:476][102]LogWindows:Error: USER32.dll!0x000000003BAB24FD
[2018.02.14-16.47.31:476][102]LogWindows:Error: USER32.dll!0x000000003BAB2357
[2018.02.14-16.47.31:476][102]LogWindows:Error: UE4Editor-Core.dll!FWindowsPlatformMisc::PumpMessages() [d:\build\++ue4+release-4.16+compile\sync\engine\source\runtime\core\private\windows\windowsplatformmisc.cpp:1009]
[2018.02.14-16.47.31:476][102]LogWindows:Error: UE4Editor.exe!FEngineLoop::Tick() [d:\build\++ue4+release-4.16+compile\sync\engine\source\runtime\launch\private\launchengineloop.cpp:3058]
[2018.02.14-16.47.31:476][102]LogWindows:Error: UE4Editor.exe!GuardedMain() [d:\build\++ue4+release-4.16+compile\sync\engine\source\runtime\launch\private\launch.cpp:166]
[2018.02.14-16.47.31:476][102]LogWindows:Error: UE4Editor.exe!GuardedMainWrapper() [d:\build\++ue4+release-4.16+compile\sync\engine\source\runtime\launch\private\windows\launchwindows.cpp:134]
[2018.02.14-16.47.31:476][102]LogWindows:Error: UE4Editor.exe!WinMain() [d:\build\++ue4+release-4.16+compile\sync\engine\source\runtime\launch\private\windows\launchwindows.cpp:210]
[2018.02.14-16.47.31:476][102]LogWindows:Error: UE4Editor.exe!__scrt_common_main_seh() [f:\dd\vctools\crt\vcstartup\src\startup\exe_common.inl:253]
[2018.02.14-16.47.31:476][102]LogWindows:Error: KERNEL32.DLL!0x000000003BFE13D2
[2018.02.14-16.47.31:476][102]LogWindows:Error: ntdll.dll!0x000000003C6554F4
[2018.02.14-16.47.31:476][102]LogWindows:Error: ntdll.dll!0x000000003C6554F4
[2018.02.14-16.47.31:476][102]LogWindows:Error: 
[2018.02.14-16.47.31:519][102]LogExit: Executing StaticShutdownAfterError
[2018.02.14-16.47.31:538][102]LogWindows: FPlatformMisc::RequestExit(1)
[2018.02.14-16.47.31:538][102]Log file closed, 02/14/18 17:47:31
