Log file open, 01/06/18 16:33:23
LogInit:Display: Running engine for game: MechHackAndSlash
LogPlatformFile: Not using cached read wrapper
LogInit:Display: RandInit(11315465) SRandInit(11315465).
LogTaskGraph: Started task graph with 5 named threads and 8 total threads with 1 sets of task threads.
LogStats: Stats thread started at 0.080673
LogInit: Using libcurl 7.47.1
LogInit:  - built for x86_64-pc-win32
LogInit:  - supports SSL with OpenSSL/1.0.2g
LogInit:  - supports HTTP deflate (compression) using libz 1.2.8
LogInit:  - other features:
LogInit:      CURL_VERSION_SSL
LogInit:      CURL_VERSION_LIBZ
LogInit:      CURL_VERSION_IPV6
LogInit:      CURL_VERSION_ASYNCHDNS
LogInit:      CURL_VERSION_LARGEFILE
LogInit:      CURL_VERSION_IDN
LogInit:  CurlRequestOptions (configurable via config and command line):
LogInit:  - bVerifyPeer = false  - Libcurl will NOT verify peer certificate
LogInit:  - bUseHttpProxy = false  - Libcurl will NOT use HTTP proxy
LogInit:  - bDontReuseConnections = false  - Libcurl will reuse connections
LogInit:  - CertBundlePath = nullptr  - Libcurl will use whatever was configured at build time.
LogInit: Build: ++UE4+Release-4.16-CL-3514769
LogInit: Engine Version: 4.16.2-3514769+++UE4+Release-4.16
LogInit: Compatible Engine Version: 4.16.0-3452394+++UE4+Release-4.16
LogInit: Net CL: 3452394
LogDevObjectVersion: Number of dev versions registered: 16
LogDevObjectVersion:   Dev-Blueprints (B0D832E4-1F89-4F0D-ACCF-7EB736FD4AA2): 9
LogDevObjectVersion:   Dev-Build (E1C64328-A22C-4D53-A36C-8E866417BD8C): 0
LogDevObjectVersion:   Dev-Core (375EC13C-06E4-48FB-B500-84F0262A717E): 2
LogDevObjectVersion:   Dev-Editor (E4B068ED-F494-42E9-A231-DA0B2E46BB41): 17
LogDevObjectVersion:   Dev-Framework (CFFC743F-43B0-4480-9391-14DF171D2073): 23
LogDevObjectVersion:   Dev-Mobile (B02B49B5-BB20-44E9-A304-32B752E40360): 0
LogDevObjectVersion:   Dev-Networking (A4E4105C-59A1-49B5-A7C5-40C4547EDFEE): 0
LogDevObjectVersion:   Dev-Online (39C831C9-5AE6-47DC-9A44-9C173E1C8E7C): 0
LogDevObjectVersion:   Dev-Physics (78F01B33-EBEA-4F98-B9B4-84EACCB95AA2): 0
LogDevObjectVersion:   Dev-Platform (6631380F-2D4D-43E0-8009-CF276956A95A): 0
LogDevObjectVersion:   Dev-Rendering (12F88B9F-8875-4AFC-A67C-D90C383ABD29): 15
LogDevObjectVersion:   Dev-Sequencer (7B5AE74C-D270-4C10-A958-57980B212A5A): 4
LogDevObjectVersion:   Dev-VR (D7296918-1DD6-4BDD-9DE2-64A83CC13884): 0
LogDevObjectVersion:   Dev-LoadTimes (C2A15278-BFE7-4AFE-6C17-90FF531DF755): 1
LogDevObjectVersion:   Private-Geometry (6EACA3D4-40EC-4CC1-B786-8BED09428FC5): 1
LogDevObjectVersion:   Dev-AnimPhys (29E575DD-E0A3-4627-9D10-D276232CDCEA): 3
LogInit: Compiled (64-bit): Jun 29 2017 02:03:24
LogInit: Compiled with Visual C++: 19.00.24215.01
LogInit: Build Configuration: Development
LogInit: Branch Name: ++UE4+Release-4.16
LogInit: Command line: 
LogInit: Base directory: D:/Program Files (x86)/Epic Games/UE_4.16/Engine/Binaries/Win64/
LogInit: Installed Engine Build: 1
LogInit: Presizing for max 8388607 objects, including 0 objects not considered by GC, pre-allocating 0 bytes for permanent pool.
LogInit: Object subsystem initialized
[2018.01.06-15.33.23:431][  0]LogInit: Selected Device Profile: [Windows]
[2018.01.06-15.33.23:431][  0]LogInit: Applying CVar settings loaded from the selected device profile: [Windows]
[2018.01.06-15.33.23:475][  0]LogInit: Computer: DAVIDMASTERRACE
[2018.01.06-15.33.23:475][  0]LogInit: User: David
[2018.01.06-15.33.23:475][  0]LogInit: CPU Page size=4096, Cores=4
[2018.01.06-15.33.23:475][  0]LogInit: High frequency timer resolution =3.417972 MHz
[2018.01.06-15.33.23:476][  0]LogMemory: Memory total: Physical=15.9GB (16GB approx)
[2018.01.06-15.33.23:476][  0]LogMemory: Platform Memory Stats for Windows
[2018.01.06-15.33.23:476][  0]LogMemory: Process Physical Memory: 271.34 MB used, 271.34 MB peak
[2018.01.06-15.33.23:476][  0]LogMemory: Process Virtual Memory: 270.52 MB used, 270.52 MB peak
[2018.01.06-15.33.23:476][  0]LogMemory: Physical Memory: 8419.93 MB used,  7906.51 MB free, 16326.44 MB total
[2018.01.06-15.33.23:476][  0]LogMemory: Virtual Memory: 626.99 MB used,  7906.51 MB free, 134217728.00 MB total
[2018.01.06-15.33.23:537][  0]LogInit: Overriding language with editor language configuration option (en).
[2018.01.06-15.33.23:537][  0]LogInit: Overriding locale with editor locale configuration option (en).
[2018.01.06-15.33.24:262][  0]LogD3D11RHI: D3D11 adapters:
[2018.01.06-15.33.24:287][  0]LogD3D11RHI:    0. 'NVIDIA GeForce GTX 970' (Feature Level 11_0)
[2018.01.06-15.33.24:287][  0]LogD3D11RHI:       3975/0/8163 MB DedicatedVideo/DedicatedSystem/SharedSystem, Outputs:1, VendorId:0x10de
[2018.01.06-15.33.24:288][  0]LogD3D11RHI:    1. 'Microsoft Basic Render Driver' (Feature Level 11_0)
[2018.01.06-15.33.24:288][  0]LogD3D11RHI:       0/0/256 MB DedicatedVideo/DedicatedSystem/SharedSystem, Outputs:0, VendorId:0x1414
[2018.01.06-15.33.24:288][  0]LogD3D11RHI: Chosen D3D11 Adapter: 0
[2018.01.06-15.33.24:291][  0]LogD3D11RHI: Creating new Direct3DDevice
[2018.01.06-15.33.24:291][  0]LogD3D11RHI:     GPU DeviceId: 0x13c2 (for the marketing name, search the web for "GPU Device Id")
[2018.01.06-15.33.24:291][  0]LogWindows: EnumDisplayDevices:
[2018.01.06-15.33.24:291][  0]LogWindows:    0. 'NVIDIA GeForce GTX 970' (P:1 D:1)
[2018.01.06-15.33.24:291][  0]LogWindows:    1. 'NVIDIA GeForce GTX 970' (P:0 D:0)
[2018.01.06-15.33.24:291][  0]LogWindows:    2. 'NVIDIA GeForce GTX 970' (P:0 D:0)
[2018.01.06-15.33.24:292][  0]LogWindows:    3. 'NVIDIA GeForce GTX 970' (P:0 D:0)
[2018.01.06-15.33.24:292][  0]LogWindows: DebugString: FoundDriverCount:4 
[2018.01.06-15.33.24:292][  0]LogD3D11RHI:     Adapter Name: NVIDIA GeForce GTX 970
[2018.01.06-15.33.24:292][  0]LogD3D11RHI:   Driver Version: 388.13 (internal:23.21.13.8813, unified:388.13)
[2018.01.06-15.33.24:292][  0]LogD3D11RHI:      Driver Date: 10-27-2017
[2018.01.06-15.33.24:292][  0]LogRHI: Texture pool is 1361 MB (70% of 1945 MB)
[2018.01.06-15.33.24:301][  0]LogD3D11RHI: Async texture creation enabled
[2018.01.06-15.33.24:317][  0]LogD3D11RHI: GPU Timing Frequency: 1000.000000 (Debug: 2 2)
[2018.01.06-15.33.24:361][  0]LogShaderCompilers: Guid format shader working directory is -27 characters bigger than the processId version (C:/Users/David/Documents/GitHub/FuturoImperfecto/PRUEBAS/MechHackAndSlash/Intermediate/Shaders/WorkingDirectory/6900/).
[2018.01.06-15.33.24:361][  0]LogShaderCompilers: Cleaned the shader compiler working directory 'C:/Users/David/AppData/Local/Temp/UnrealShaderWorkingDir/77CE56B646D5DBA84E521BA34AAB44DE/'.
[2018.01.06-15.33.24:361][  0]LogShaderCompilers:Display: Using Local Shader Compiler.
[2018.01.06-15.33.25:207][  0]LogTemp:Display: Loaded TP AllDesktopTargetPlatform
[2018.01.06-15.33.25:237][  0]LogTemp:Display: Loaded TP MacClientTargetPlatform
[2018.01.06-15.33.25:267][  0]LogTemp:Display: Loaded TP MacNoEditorTargetPlatform
[2018.01.06-15.33.25:297][  0]LogTemp:Display: Loaded TP MacServerTargetPlatform
[2018.01.06-15.33.25:329][  0]LogTemp:Display: Loaded TP MacTargetPlatform
[2018.01.06-15.33.25:360][  0]LogTemp:Display: Loaded TP WindowsClientTargetPlatform
[2018.01.06-15.33.25:390][  0]LogTemp:Display: Loaded TP WindowsNoEditorTargetPlatform
[2018.01.06-15.33.25:421][  0]LogTemp:Display: Loaded TP WindowsServerTargetPlatform
[2018.01.06-15.33.25:446][  0]LogTemp:Display: Loaded TP WindowsTargetPlatform
[2018.01.06-15.33.25:475][  0]LogTemp:Display: Loaded TP AndroidTargetPlatform
[2018.01.06-15.33.25:505][  0]LogTemp:Display: Loaded TP Android_ASTCTargetPlatform
[2018.01.06-15.33.25:535][  0]LogTemp:Display: Loaded TP Android_ATCTargetPlatform
[2018.01.06-15.33.25:565][  0]LogTemp:Display: Loaded TP Android_DXTTargetPlatform
[2018.01.06-15.33.25:595][  0]LogTemp:Display: Loaded TP Android_ETC1TargetPlatform
[2018.01.06-15.33.25:624][  0]LogTemp:Display: Loaded TP Android_ETC2TargetPlatform
[2018.01.06-15.33.25:684][  0]LogTemp:Display: Loaded TP Android_MultiTargetPlatform
[2018.01.06-15.33.25:684][  0]LogTemp:Display: Loaded TP Android_PVRTCTargetPlatform
[2018.01.06-15.33.25:706][  0]LogTemp:Display: Loaded TP HTML5TargetPlatform
[2018.01.06-15.33.25:769][  0]LogTemp:Display: Loaded TP IOSTargetPlatform
[2018.01.06-15.33.25:789][  0]LogTemp:Display: Loaded TP TVOSTargetPlatform
[2018.01.06-15.33.25:818][  0]LogTemp:Display: Loaded TP LinuxClientTargetPlatform
[2018.01.06-15.33.25:853][  0]LogTemp:Display: Loaded TP LinuxNoEditorTargetPlatform
[2018.01.06-15.33.25:891][  0]LogTemp:Display: Loaded TP LinuxServerTargetPlatform
[2018.01.06-15.33.25:927][  0]LogTemp:Display: Loaded TP LinuxTargetPlatform
[2018.01.06-15.33.25:927][  0]LogTargetPlatformManager:Display: Building Assets For Windows
[2018.01.06-15.33.26:209][  0]LogDerivedDataCache:Display: Max Cache Size: 512 MB
[2018.01.06-15.33.26:306][  0]LogDerivedDataCache: Loaded boot cache 0.10s 90MB C:/Users/David/AppData/Local/UnrealEngine/4.16/DerivedDataCache/Boot.ddc.
[2018.01.06-15.33.26:306][  0]LogDerivedDataCache:Display: Loaded Boot cache: C:/Users/David/AppData/Local/UnrealEngine/4.16/DerivedDataCache/Boot.ddc
[2018.01.06-15.33.26:306][  0]LogDerivedDataCache: FDerivedDataBackendGraph:  Pak pak cache file C:/Users/David/Documents/GitHub/FuturoImperfecto/PRUEBAS/MechHackAndSlash/DerivedDataCache/DDC.ddp not found, will not use a pak cache.
[2018.01.06-15.33.26:306][  0]LogDerivedDataCache: Unable to find inner node Pak for hierarchical cache Hierarchy.
[2018.01.06-15.33.26:306][  0]LogDerivedDataCache: FDerivedDataBackendGraph:  CompressedPak pak cache file C:/Users/David/Documents/GitHub/FuturoImperfecto/PRUEBAS/MechHackAndSlash/DerivedDataCache/Compressed.ddp not found, will not use a pak cache.
[2018.01.06-15.33.26:306][  0]LogDerivedDataCache: Unable to find inner node CompressedPak for hierarchical cache Hierarchy.
[2018.01.06-15.33.26:323][  0]LogDerivedDataCache:Display: Pak cache opened for reading ../../../Engine/DerivedDataCache/Compressed.ddp.
[2018.01.06-15.33.26:335][  0]LogDerivedDataCache: Using Local data cache path C:/Users/David/AppData/Local/UnrealEngine/Common/DerivedDataCache: Writable
[2018.01.06-15.33.26:344][  0]LogMaterial: Verifying Global Shaders for PCD3D_SM5
[2018.01.06-15.33.26:344][  0]LogSlate: Using Freetype 2.6.0
[2018.01.06-15.33.26:344][  0]LogSlate: SlateFontCache - WITH_FREETYPE: 1, WITH_HARFBUZZ: 1
[2018.01.06-15.33.26:344][  0]LogSlate: SlateFontCache - WITH_FREETYPE: 1, WITH_HARFBUZZ: 1
[2018.01.06-15.33.26:623][  0]LogInit: Selected Device Profile: [Windows]
[2018.01.06-15.33.26:698][  0]LogContentStreaming: Texture pool size is 0.00 MB
[2018.01.06-15.33.26:811][  0]LogMeshUtilities: Using QuadricMeshReduction for automatic static mesh reduction
[2018.01.06-15.33.26:834][  0]LogSimplygon: Simplygon DLL not present - disabling.
[2018.01.06-15.33.26:860][  0]LogMeshUtilities: Using SimplygonSwarm for distributed automatic mesh merging
[2018.01.06-15.33.26:860][  0]LogMeshUtilities: No automatic skeletal mesh reduction module available
[2018.01.06-15.33.26:860][  0]LogMeshUtilities: No automatic mesh merging module available
[2018.01.06-15.33.27:263][  0]LogNetVersion: MechHackAndSlash , NetCL: 3452394, EngineNetVer: 2, GameNetVer: 0 (Checksum: 86869316)
[2018.01.06-15.33.27:314][  0]LogAssetRegistry: FAssetRegistry took 0.0258 seconds to start up
[2018.01.06-15.33.27:345][  0]LogPackageLocalizationCache: Processed 4 localized package path(s) for 1 prioritized culture(s) in 0.017486 seconds
[2018.01.06-15.33.27:351][  0]LogUObjectArray: 34194 objects as part of root set at end of initial load.
[2018.01.06-15.33.27:351][  0]LogUObjectAllocator: 7260416 out of 0 bytes used by permanent object pool.
[2018.01.06-15.33.27:351][  0]LogUObjectArray: CloseDisregardForGC: 0/0 objects in disregard for GC pool
[2018.01.06-15.33.27:389][  0]LogInit: WinSock: version 1.1 (2.2), MaxSocks=32767, MaxUdp=65467
[2018.01.06-15.33.29:042][  0]LogTcpMessaging: Initializing TcpMessaging bridge
[2018.01.06-15.33.29:068][  0]LogUdpMessaging: Initializing bridge on interface 0.0.0.0:0 to multicast group 230.0.0.1:6666.
[2018.01.06-15.33.29:444][  0]LogMaterial: Uniform references updated for custom material expression Custom.
[2018.01.06-15.33.29:700][  0]SourceControl: Info Source control is disabled
[2018.01.06-15.33.29:724][  0]SourceControl: Info Source control is disabled
[2018.01.06-15.33.29:752][  0]SourceControl: Info Source control is disabled
[2018.01.06-15.33.29:779][  0]SourceControl: Info Source control is disabled
[2018.01.06-15.33.30:151][  0]LogAndroidPermission: UAndroidPermissionCallbackProxy::GetInstance
[2018.01.06-15.33.30:484][  0]LogEngine: Initializing Engine...
[2018.01.06-15.33.30:484][  0]LogHMD: Failed to initialize OpenVR with code 110
[2018.01.06-15.33.30:659][  0]LogStats: UGameplayTagsManager::ConstructGameplayTagTree: Construct from data asset -  0.000 s
[2018.01.06-15.33.30:659][  0]LogStats: UGameplayTagsManager::ConstructGameplayTagTree: GameplayTagTreeChangedEvent.Broadcast -  0.000 s
[2018.01.06-15.33.30:738][  0]LogAIModule: Creating AISystem for world Untitled
[2018.01.06-15.33.30:759][  0]LogInit: XAudio2 using 'DELL U2414H-4 (NVIDIA High Definition Audio)' : 2 channels at 48 kHz using 16 bits per sample (channel mask 0x3)
[2018.01.06-15.33.30:784][  0]LogInit: FAudioDevice initialized.
[2018.01.06-15.33.30:822][  0]LogDerivedDataCache: Saved boot cache 0.04s 90MB C:/Users/David/AppData/Local/UnrealEngine/4.16/DerivedDataCache/Boot.ddc.
[2018.01.06-15.33.30:834][  0]LogInit: Texture streaming: Enabled
[2018.01.06-15.33.30:899][  0]LogEngineSessionManager: EngineSessionManager initialized
[2018.01.06-15.33.30:921][  0]LogEngineSessionManager: EngineSessionManager sent abnormal shutdown report. Type=Crashed, SessionId={B226BFF5-4475-A1A0-9F64-44B9BA3088BA}
[2018.01.06-15.33.31:044][  0]LogInit: Transaction tracking system initialized
[2018.01.06-15.33.31:215][  0]BlueprintLog: New page: Editor Load
[2018.01.06-15.33.31:764][  0]LocalizationService: Info Localization service is disabled
[2018.01.06-15.33.32:201][  0]LogConsoleResponse:Display: 
[2018.01.06-15.33.32:306][  0]LogCook:Display: Max memory allowance for cook 16384mb min free memory 0mb
[2018.01.06-15.33.32:306][  0]LogCook:Display: Mobile HDR setting 1
[2018.01.06-15.33.32:336][  0]LogFileCache: Scanning file cache for directory 'C:/Users/David/Documents/GitHub/FuturoImperfecto/PRUEBAS/MechHackAndSlash/Content/' took 0.01s
[2018.01.06-15.33.32:907][  0]SourceControl: Info Source control is disabled
[2018.01.06-15.33.33:027][  0]LogSlate: Took 0.000131 seconds to synchronously load lazily loaded font '../../../Engine/Content/Slate/Fonts/Roboto-Regular.ttf' (155K)
[2018.01.06-15.33.40:023][  0]LogWindowsTextInputMethodSystem:Display: IME system now deactivated.
[2018.01.06-15.33.40:023][  0]LogWindowsTextInputMethodSystem:Display: IME system now deactivated.
[2018.01.06-15.33.41:877][  0]LogWindowsTextInputMethodSystem:Display: IME system now deactivated.
[2018.01.06-15.33.41:877][  0]LogWindowsTextInputMethodSystem:Display: IME system now deactivated.
[2018.01.06-15.33.41:980][  0]Cmd: MAP LOAD FILE="C:/Users/David/Documents/GitHub/FuturoImperfecto/PRUEBAS/MechHackAndSlash/Content/ThirdPersonBP/Maps/ThirdPersonExampleMap.umap" TEMPLATE=0 SHOWPROGRESS=1 FEATURELEVEL=3
[2018.01.06-15.33.41:983][  0]LightingResults: New page: Lighting Build
[2018.01.06-15.33.42:040][  0]MapCheck: New page: Map Check
[2018.01.06-15.33.42:040][  0]LightingResults: New page: Lighting Build
[2018.01.06-15.33.44:256][  0]LogAIModule: Creating AISystem for world ThirdPersonExampleMap
[2018.01.06-15.33.44:417][  0]LogEditorServer: Finished looking for orphan Actors (0.000 secs)
[2018.01.06-15.33.44:452][  0]Cmd: MAP CHECKDEP NOCLEARLOG
[2018.01.06-15.33.44:513][  0]MapCheck: Info Map check complete: 0 Error(s), 0 Warning(s), took 61.174ms to complete.
[2018.01.06-15.33.44:513][  0]LogFileHelpers: Loading map 'ThirdPersonExampleMap' took 2.533
[2018.01.06-15.33.44:575][  0]LogStats:Warning: MetaData mismatch. Did you assign a stat to two groups? New //STATGROUP_Threads//SplashScreenThread///Thread_149c_0///####STATCAT_Advanced#### old //STATGROUP_Threads//SplashScreenThread///Thread_12f0_0///####STATCAT_Advanced####
[2018.01.06-15.33.44:575][  0]LogCollectionManager: Loaded 0 collections in 0.002518 seconds
[2018.01.06-15.33.44:632][  0]LogFileCache: Scanning file cache for directory 'C:/Users/David/Documents/GitHub/FuturoImperfecto/PRUEBAS/MechHackAndSlash/Saved/Collections/' took 0.01s
[2018.01.06-15.33.44:632][  0]LogFileCache: Scanning file cache for directory 'C:/Users/David/Documents/GitHub/FuturoImperfecto/PRUEBAS/MechHackAndSlash/Content/Developers/David/Collections/' took 0.01s
[2018.01.06-15.33.44:632][  0]LogFileCache: Scanning file cache for directory 'C:/Users/David/Documents/GitHub/FuturoImperfecto/PRUEBAS/MechHackAndSlash/Content/Collections/' took 0.01s
[2018.01.06-15.33.44:632][  0]LogCollectionManager: Rebuilt the GUID cache for 0 collections in 0.000001 seconds
[2018.01.06-15.33.44:640][  0]LogContentBrowser: Native class hierarchy populated in 0.0079 seconds. Added 2329 classes and 491 folders.
[2018.01.06-15.33.44:676][  0]LogContentBrowser: Native class hierarchy updated for 'WidgetCarousel' in 0.0005 seconds. Added 0 classes and 0 folders.
[2018.01.06-15.33.44:704][  0]LogContentBrowser: Native class hierarchy updated for 'AddContentDialog' in 0.0004 seconds. Added 0 classes and 0 folders.
[2018.01.06-15.33.44:728][  0]LogContentBrowser: Native class hierarchy updated for 'SceneOutliner' in 0.0005 seconds. Added 1 classes and 2 folders.
[2018.01.06-15.33.44:757][  0]LogContentBrowser: Native class hierarchy updated for 'WorldBrowser' in 0.0005 seconds. Added 1 classes and 3 folders.
[2018.01.06-15.33.44:842][  0]LogCrashTracker: Crashtracker disabled due to settings.
[2018.01.06-15.33.44:847][  0]LogSlate: Took 0.000164 seconds to synchronously load lazily loaded font '../../../Engine/Content/Slate/Fonts/Roboto-Bold.ttf' (160K)
[2018.01.06-15.33.44:852][  0]LogSlate: Took 0.002016 seconds to synchronously load lazily loaded font '../../../Engine/Content/Editor/Slate/Fonts/FontAwesome.ttf' (139K)
[2018.01.06-15.33.44:940][  0]LogRenderer: Reallocating scene render targets to support 1204x576 NumSamples 1 (Frame:1).
[2018.01.06-15.33.45:083][  0]LogUObjectGlobals:Warning: Failed to find object 'Class None.'
[2018.01.06-15.33.45:128][  0]LogContentBrowser: Native class hierarchy updated for 'HierarchicalLODOutliner' in 0.0005 seconds. Added 1 classes and 2 folders.
[2018.01.06-15.33.45:128][  0]LogLoad: (Engine Initialization) Total time: 22.86 seconds
[2018.01.06-15.33.45:128][  0]LogLoad: (Engine Initialization) Total Blueprint compile time: 0.76 seconds
[2018.01.06-15.33.45:128][  0]LogExternalProfiler: Found external profiler: VSPerf
[2018.01.06-15.33.45:128][  0]LogExternalProfiler: Using external profiler: VSPerf
[2018.01.06-15.33.45:138][  0]LogOcInput: OculusInput pre-init called
[2018.01.06-15.33.45:138][  0]LogHMD: Starting GearVRController plugin
[2018.01.06-15.33.45:164][  0]LogContentStreaming: Texture pool size now 1000 MB
[2018.01.06-15.33.45:190][  0]LogSlate: Took 0.000118 seconds to synchronously load lazily loaded font '../../../Engine/Content/Slate/Fonts/Roboto-Light.ttf' (159K)
[2018.01.06-15.33.45:206][  1]LogAssetRegistry: Asset discovery search completed in 17.9140 seconds
[2018.01.06-15.33.45:208][  1]LogCollectionManager: Rebuilt the object cache for 0 collections in 0.000001 seconds (found 0 objects)
[2018.01.06-15.33.45:208][  1]LogCollectionManager: Fixed up redirectors for 0 collections in 0.000032 seconds (updated 0 objects)
[2018.01.06-15.33.46:703][ 81]LogSlate: Took 0.000478 seconds to synchronously load lazily loaded font '../../../Engine/Content/Slate/Fonts/Roboto-Light.ttf' (159K)
[2018.01.06-15.33.51:131][101]LogSlate: Took 0.000136 seconds to synchronously load lazily loaded font '../../../Engine/Content/Slate/Fonts/Roboto-Light.ttf' (159K)
[2018.01.06-15.33.51:430][101]LogContentBrowser: Native class hierarchy updated for 'BlueprintGraph' in 0.0008 seconds. Added 112 classes and 0 folders.
[2018.01.06-15.33.52:302][101]LogContentBrowser: Native class hierarchy updated for 'SkeletonEditor' in 0.0005 seconds. Added 1 classes and 2 folders.
[2018.01.06-15.33.52:440][101]LogActorComponent: RegisterComponentWithWorld: (/Engine/Transient.World_4:PersistentLevel.Actor_0.DebugSkelMeshComponent_0) Already registered. Aborting.
[2018.01.06-15.33.52:642][101]LogSkeletalMesh: USkeletalMeshComponent::InitArticulated : Bodies already created (/Engine/Transient.World_4:PersistentLevel.Actor_0.DebugSkelMeshComponent_0) - call TermArticulated first.
[2018.01.06-15.33.53:113][101]LogSlate: Took 0.015604 seconds to synchronously load lazily loaded font '../../../Engine/Content/Editor/Slate/Fonts/Roboto-BoldCondensed.ttf' (158K)
[2018.01.06-15.34.26:037][802]LogContentBrowser: Native class hierarchy updated for 'ClothingSystemEditorInterface' in 0.0005 seconds. Added 1 classes and 0 folders.
[2018.01.06-15.34.26:079][802]LogContentBrowser:Verbose: The majority of assets in the view are of type: AnimSequence
[2018.01.06-15.34.26:113][803]LogSlate: Took 0.012125 seconds to synchronously load lazily loaded font '../../../Engine/Content/Editor/Slate/Fonts/Roboto-Italic.ttf' (157K)
[2018.01.06-15.35.09:895][351]LogEditorActor: Deleted Actor: PostProcessVolume
[2018.01.06-15.35.09:917][351]LogEditorActor: Deleted 1 Actors (0.024 secs)
[2018.01.06-15.35.31:920][975]LogTemp: Repeting last play command: Selected Viewport
[2018.01.06-15.35.31:972][975]LogBlueprintUserMessages: Early PlayInEditor Detection: Level '/Game/ThirdPersonBP/Maps/ThirdPersonExampleMap.ThirdPersonExampleMap:PersistentLevel' has LevelScriptBlueprint '/Game/ThirdPersonBP/Maps/ThirdPersonExampleMap.ThirdPersonExampleMap:PersistentLevel.ThirdPersonExampleMap' with GeneratedClass '/Game/ThirdPersonBP/Maps/ThirdPersonExampleMap.ThirdPersonExampleMap_C' with ClassGeneratedBy '/Game/ThirdPersonBP/Maps/ThirdPersonExampleMap.ThirdPersonExampleMap:PersistentLevel.ThirdPersonExampleMap'
[2018.01.06-15.35.31:972][975]LogBlueprintUserMessages: Early PlayInEditor Detection: Level '/Game/Niveles/BlueLevel.BlueLevel:PersistentLevel' has LevelScriptBlueprint '/Game/Niveles/BlueLevel.BlueLevel:PersistentLevel.BlueLevel' with GeneratedClass '/Game/Niveles/BlueLevel.BlueLevel_C' with ClassGeneratedBy '/Game/Niveles/BlueLevel.BlueLevel:PersistentLevel.BlueLevel'
[2018.01.06-15.35.31:972][975]LogBlueprintUserMessages: Early PlayInEditor Detection: Level '/Game/Niveles/RedLevel.RedLevel:PersistentLevel' has LevelScriptBlueprint '/Game/Niveles/RedLevel.RedLevel:PersistentLevel.RedLevel' with GeneratedClass '/Game/Niveles/RedLevel.RedLevel_C' with ClassGeneratedBy '/Game/Niveles/RedLevel.RedLevel:PersistentLevel.RedLevel'
[2018.01.06-15.35.31:972][975]LogPlayLevel: PlayLevel: No blueprints needed recompiling
[2018.01.06-15.35.31:972][975]PIE: New page: PIE session: ThirdPersonExampleMap (Jan 6, 2018, 5:35:31 PM)
[2018.01.06-15.35.31:972][975]LogPlayLevel: Creating play world package: /Game/ThirdPersonBP/Maps/UEDPIE_0_ThirdPersonExampleMap
[2018.01.06-15.35.32:000][975]LogPlayLevel: PIE: StaticDuplicateObject took: (0.027327s)
[2018.01.06-15.35.32:001][975]LogAIModule: Creating AISystem for world ThirdPersonExampleMap
[2018.01.06-15.35.32:001][975]LogPlayLevel: PIE: World Init took: (0.000983s)
[2018.01.06-15.35.32:001][975]LogPlayLevel: PIE: Created PIE world by copying editor world from /Game/ThirdPersonBP/Maps/ThirdPersonExampleMap.ThirdPersonExampleMap to /Game/ThirdPersonBP/Maps/UEDPIE_0_ThirdPersonExampleMap.ThirdPersonExampleMap (0.028562s)
[2018.01.06-15.35.32:036][975]LogInit: XAudio2 using 'DELL U2414H-4 (NVIDIA High Definition Audio)' : 2 channels at 48 kHz using 16 bits per sample (channel mask 0x3)
[2018.01.06-15.35.32:053][975]LogInit: FAudioDevice initialized.
[2018.01.06-15.35.32:094][975]LogLoad: Game class is 'ThirdPersonGameMode_C'
[2018.01.06-15.35.32:096][975]LogWorld: Bringing World /Game/ThirdPersonBP/Maps/UEDPIE_0_ThirdPersonExampleMap.ThirdPersonExampleMap up for play (max tick rate 0) at 2018.01.06-16.35.32
[2018.01.06-15.35.32:097][975]LogWorld: Bringing up level for play took: 0.002140
[2018.01.06-15.35.32:119][975]LogContentBrowser: Native class hierarchy updated for 'MovieSceneCapture' in 0.0005 seconds. Added 11 classes and 0 folders.
[2018.01.06-15.35.32:120][975]LogLevel: ActivateLevel /Game/Niveles/UEDPIE_0_BlueLevel 0 0 0
[2018.01.06-15.35.32:120][975]PIE: Info Play in editor start time for /Game/ThirdPersonBP/Maps/UEDPIE_0_ThirdPersonExampleMap -0.197
[2018.01.06-15.35.32:120][975]LogBlueprintUserMessages: Late PlayInEditor Detection: Level '/Game/ThirdPersonBP/Maps/ThirdPersonExampleMap.ThirdPersonExampleMap:PersistentLevel' has LevelScriptBlueprint '/Game/ThirdPersonBP/Maps/ThirdPersonExampleMap.ThirdPersonExampleMap:PersistentLevel.ThirdPersonExampleMap' with GeneratedClass '/Game/ThirdPersonBP/Maps/ThirdPersonExampleMap.ThirdPersonExampleMap_C' with ClassGeneratedBy '/Game/ThirdPersonBP/Maps/ThirdPersonExampleMap.ThirdPersonExampleMap:PersistentLevel.ThirdPersonExampleMap'
[2018.01.06-15.35.32:120][975]LogBlueprintUserMessages: Late PlayInEditor Detection: Level '/Game/Niveles/BlueLevel.BlueLevel:PersistentLevel' has LevelScriptBlueprint '/Game/Niveles/BlueLevel.BlueLevel:PersistentLevel.BlueLevel' with GeneratedClass '/Game/Niveles/BlueLevel.BlueLevel_C' with ClassGeneratedBy '/Game/Niveles/BlueLevel.BlueLevel:PersistentLevel.BlueLevel'
[2018.01.06-15.35.32:120][975]LogBlueprintUserMessages: Late PlayInEditor Detection: Level '/Game/Niveles/RedLevel.RedLevel:PersistentLevel' has LevelScriptBlueprint '/Game/Niveles/RedLevel.RedLevel:PersistentLevel.RedLevel' with GeneratedClass '/Game/Niveles/RedLevel.RedLevel_C' with ClassGeneratedBy '/Game/Niveles/RedLevel.RedLevel:PersistentLevel.RedLevel'
[2018.01.06-15.35.32:122][975]LogLevel: ActivateLevel /Game/Niveles/UEDPIE_0_RedLevel 0 0 0
[2018.01.06-15.35.33:297][112]LogLevel: ActivateLevel /Game/Niveles/UEDPIE_0_RedLevel 1 1 0
[2018.01.06-15.35.33:320][113]LogLevel: ActivateLevel /Game/Niveles/UEDPIE_0_BlueLevel 0 0 0
[2018.01.06-15.35.39:518][856]LogBlueprintUserMessages: Early EndPlayMap Detection: Level '/Game/ThirdPersonBP/Maps/ThirdPersonExampleMap.ThirdPersonExampleMap:PersistentLevel' has LevelScriptBlueprint '/Game/ThirdPersonBP/Maps/ThirdPersonExampleMap.ThirdPersonExampleMap:PersistentLevel.ThirdPersonExampleMap' with GeneratedClass '/Game/ThirdPersonBP/Maps/ThirdPersonExampleMap.ThirdPersonExampleMap_C' with ClassGeneratedBy '/Game/ThirdPersonBP/Maps/ThirdPersonExampleMap.ThirdPersonExampleMap:PersistentLevel.ThirdPersonExampleMap'
[2018.01.06-15.35.39:519][856]LogBlueprintUserMessages: Early EndPlayMap Detection: Level '/Game/Niveles/BlueLevel.BlueLevel:PersistentLevel' has LevelScriptBlueprint '/Game/Niveles/BlueLevel.BlueLevel:PersistentLevel.BlueLevel' with GeneratedClass '/Game/Niveles/BlueLevel.BlueLevel_C' with ClassGeneratedBy '/Game/Niveles/BlueLevel.BlueLevel:PersistentLevel.BlueLevel'
[2018.01.06-15.35.39:519][856]LogBlueprintUserMessages: Early EndPlayMap Detection: Level '/Game/Niveles/RedLevel.RedLevel:PersistentLevel' has LevelScriptBlueprint '/Game/Niveles/RedLevel.RedLevel:PersistentLevel.RedLevel' with GeneratedClass '/Game/Niveles/RedLevel.RedLevel_C' with ClassGeneratedBy '/Game/Niveles/RedLevel.RedLevel:PersistentLevel.RedLevel'
[2018.01.06-15.35.39:589][856]LogBlueprintUserMessages: Late EndPlayMap Detection: Level '/Game/ThirdPersonBP/Maps/ThirdPersonExampleMap.ThirdPersonExampleMap:PersistentLevel' has LevelScriptBlueprint '/Game/ThirdPersonBP/Maps/ThirdPersonExampleMap.ThirdPersonExampleMap:PersistentLevel.ThirdPersonExampleMap' with GeneratedClass '/Game/ThirdPersonBP/Maps/ThirdPersonExampleMap.ThirdPersonExampleMap_C' with ClassGeneratedBy '/Game/ThirdPersonBP/Maps/ThirdPersonExampleMap.ThirdPersonExampleMap:PersistentLevel.ThirdPersonExampleMap'
[2018.01.06-15.35.39:589][856]LogBlueprintUserMessages: Late EndPlayMap Detection: Level '/Game/Niveles/BlueLevel.BlueLevel:PersistentLevel' has LevelScriptBlueprint '/Game/Niveles/BlueLevel.BlueLevel:PersistentLevel.BlueLevel' with GeneratedClass '/Game/Niveles/BlueLevel.BlueLevel_C' with ClassGeneratedBy '/Game/Niveles/BlueLevel.BlueLevel:PersistentLevel.BlueLevel'
[2018.01.06-15.35.39:589][856]LogBlueprintUserMessages: Late EndPlayMap Detection: Level '/Game/Niveles/RedLevel.RedLevel:PersistentLevel' has LevelScriptBlueprint '/Game/Niveles/RedLevel.RedLevel:PersistentLevel.RedLevel' with GeneratedClass '/Game/Niveles/RedLevel.RedLevel_C' with ClassGeneratedBy '/Game/Niveles/RedLevel.RedLevel:PersistentLevel.RedLevel'
[2018.01.06-15.35.53:940][527]LogMaterial: Missing cached shader map for material HighLight, compiling. 
[2018.01.06-15.35.54:017][527]LogMaterial: Missing cached shader map for material HighLight, compiling. 
[2018.01.06-15.35.54:022][527]LogMaterial: Missing cached shader map for material HighLight, compiling. 
[2018.01.06-15.35.54:050][527]LogMaterial: Missing cached shader map for material FMatExpressionPreview MaterialExpressionLinearInterpolate_0, compiling. 
[2018.01.06-15.35.54:051][527]LogMaterial: Missing cached shader map for material FMatExpressionPreview MaterialExpressionScalarParameter_0, compiling. 
[2018.01.06-15.35.54:054][527]LogMaterial: Missing cached shader map for material FMatExpressionPreview MaterialExpressionScalarParameter_3, compiling. 
[2018.01.06-15.35.54:058][527]LogMaterial: Missing cached shader map for material FMatExpressionPreview MaterialExpressionScalarParameter_4, compiling. 
[2018.01.06-15.35.54:061][527]LogMaterial: Missing cached shader map for material FMatExpressionPreview MaterialExpressionMultiply_4, compiling. 
[2018.01.06-15.35.54:065][527]LogMaterial: Missing cached shader map for material FMatExpressionPreview MaterialExpressionVectorParameter_0, compiling. 
[2018.01.06-15.35.54:550][561]MaterialEditorStats: Info Base pass shader without light map: 30 instructions
[2018.01.06-15.35.54:550][561]MaterialEditorStats: Info Vertex shader: 29 instructions
[2018.01.06-15.35.54:550][561]MaterialEditorStats: Info Texture samplers: 0/16
[2018.01.06-15.35.57:321][799]LogMaterial: Missing cached shader map for material HighLight, compiling. 
[2018.01.06-15.35.57:326][799]LogMaterial: Missing cached shader map for material FMatExpressionPreview MaterialExpressionLinearInterpolate_0, compiling. 
[2018.01.06-15.35.57:612][821]MaterialEditorStats: Info Base pass shader without light map: 84 instructions
[2018.01.06-15.35.57:612][821]MaterialEditorStats: Info Vertex shader: 29 instructions
[2018.01.06-15.35.57:612][821]MaterialEditorStats: Info Texture samplers: 1/16
[2018.01.06-15.35.59:886][997]LogMaterialEditor: Saving and Compiling material HighLight
[2018.01.06-15.36.00:389][997]LogMaterial: Missing cached shader map for material HighLight, compiling. 
[2018.01.06-15.36.00:427][997]LogMaterial: Missing cached shader map for material HighLight, compiling. 
[2018.01.06-15.36.00:439][997]LogMaterial: Missing cached shader map for material HighLight, compiling. 
[2018.01.06-15.36.00:461][997]TextureStreamingBuild:Display: Compiling optional shaders took 0.000 seconds.
[2018.01.06-15.36.01:206][997]LogSlate: Took 0.000126 seconds to synchronously load lazily loaded font '../../../Engine/Content/Slate/Fonts/Roboto-Regular.ttf' (155K)
[2018.01.06-15.36.01:264][997]Cmd: OBJ SAVEPACKAGE PACKAGE="/Game/Boss/character/HighLight" FILE="C:/Users/David/Documents/GitHub/FuturoImperfecto/PRUEBAS/MechHackAndSlash/Content/Boss/character/HighLight.uasset" SILENT=true
[2018.01.06-15.36.01:300][997]LogSavePackage: Save=22.74ms
[2018.01.06-15.36.01:300][997]LogSavePackage: Moving 'C:/Users/David/Documents/GitHub/FuturoImperfecto/PRUEBAS/MechHackAndSlash/Saved/HighLightFCB783214276DE1FEE71A396CC0BE6F3.tmp' to 'C:/Users/David/Documents/GitHub/FuturoImperfecto/PRUEBAS/MechHackAndSlash/Content/Boss/character/HighLight.uasset'
[2018.01.06-15.36.01:302][997]LogSavePackage:Display: Finished SavePackage C:/Users/David/Documents/GitHub/FuturoImperfecto/PRUEBAS/MechHackAndSlash/Content/Boss/character/HighLight.uasset
[2018.01.06-15.36.01:319][997]MaterialEditorStats: Info Base pass shader without light map: 84 instructions
[2018.01.06-15.36.01:319][997]MaterialEditorStats: Info Vertex shader: 29 instructions
[2018.01.06-15.36.01:319][997]MaterialEditorStats: Info Texture samplers: 2/16
[2018.01.06-15.36.02:596][123]LogTemp: Repeting last play command: Selected Viewport
[2018.01.06-15.36.02:661][123]LogBlueprintUserMessages: Early PlayInEditor Detection: Level '/Game/ThirdPersonBP/Maps/ThirdPersonExampleMap.ThirdPersonExampleMap:PersistentLevel' has LevelScriptBlueprint '/Game/ThirdPersonBP/Maps/ThirdPersonExampleMap.ThirdPersonExampleMap:PersistentLevel.ThirdPersonExampleMap' with GeneratedClass '/Game/ThirdPersonBP/Maps/ThirdPersonExampleMap.ThirdPersonExampleMap_C' with ClassGeneratedBy '/Game/ThirdPersonBP/Maps/ThirdPersonExampleMap.ThirdPersonExampleMap:PersistentLevel.ThirdPersonExampleMap'
[2018.01.06-15.36.02:661][123]LogBlueprintUserMessages: Early PlayInEditor Detection: Level '/Game/Niveles/BlueLevel.BlueLevel:PersistentLevel' has LevelScriptBlueprint '/Game/Niveles/BlueLevel.BlueLevel:PersistentLevel.BlueLevel' with GeneratedClass '/Game/Niveles/BlueLevel.BlueLevel_C' with ClassGeneratedBy '/Game/Niveles/BlueLevel.BlueLevel:PersistentLevel.BlueLevel'
[2018.01.06-15.36.02:661][123]LogBlueprintUserMessages: Early PlayInEditor Detection: Level '/Game/Niveles/RedLevel.RedLevel:PersistentLevel' has LevelScriptBlueprint '/Game/Niveles/RedLevel.RedLevel:PersistentLevel.RedLevel' with GeneratedClass '/Game/Niveles/RedLevel.RedLevel_C' with ClassGeneratedBy '/Game/Niveles/RedLevel.RedLevel:PersistentLevel.RedLevel'
[2018.01.06-15.36.02:661][123]LogPlayLevel: PlayLevel: No blueprints needed recompiling
[2018.01.06-15.36.02:661][123]PIE: New page: PIE session: ThirdPersonExampleMap (Jan 6, 2018, 5:36:02 PM)
[2018.01.06-15.36.02:662][123]LogPlayLevel: Creating play world package: /Game/ThirdPersonBP/Maps/UEDPIE_0_ThirdPersonExampleMap
[2018.01.06-15.36.02:680][123]LogPlayLevel: PIE: StaticDuplicateObject took: (0.018409s)
[2018.01.06-15.36.02:681][123]LogAIModule: Creating AISystem for world ThirdPersonExampleMap
[2018.01.06-15.36.02:681][123]LogPlayLevel: PIE: World Init took: (0.000729s)
[2018.01.06-15.36.02:681][123]LogPlayLevel: PIE: Created PIE world by copying editor world from /Game/ThirdPersonBP/Maps/ThirdPersonExampleMap.ThirdPersonExampleMap to /Game/ThirdPersonBP/Maps/UEDPIE_0_ThirdPersonExampleMap.ThirdPersonExampleMap (0.019386s)
[2018.01.06-15.36.02:717][123]LogInit: XAudio2 using 'DELL U2414H-4 (NVIDIA High Definition Audio)' : 2 channels at 48 kHz using 16 bits per sample (channel mask 0x3)
[2018.01.06-15.36.02:735][123]LogInit: FAudioDevice initialized.
[2018.01.06-15.36.02:768][123]LogLoad: Game class is 'ThirdPersonGameMode_C'
[2018.01.06-15.36.02:771][123]LogWorld: Bringing World /Game/ThirdPersonBP/Maps/UEDPIE_0_ThirdPersonExampleMap.ThirdPersonExampleMap up for play (max tick rate 0) at 2018.01.06-16.36.02
[2018.01.06-15.36.02:771][123]LogWorld: Bringing up level for play took: 0.002112
[2018.01.06-15.36.02:772][123]LogLevel: ActivateLevel /Game/Niveles/UEDPIE_0_BlueLevel 0 0 0
[2018.01.06-15.36.02:772][123]PIE: Info Play in editor start time for /Game/ThirdPersonBP/Maps/UEDPIE_0_ThirdPersonExampleMap 0.455
[2018.01.06-15.36.02:772][123]LogBlueprintUserMessages: Late PlayInEditor Detection: Level '/Game/ThirdPersonBP/Maps/ThirdPersonExampleMap.ThirdPersonExampleMap:PersistentLevel' has LevelScriptBlueprint '/Game/ThirdPersonBP/Maps/ThirdPersonExampleMap.ThirdPersonExampleMap:PersistentLevel.ThirdPersonExampleMap' with GeneratedClass '/Game/ThirdPersonBP/Maps/ThirdPersonExampleMap.ThirdPersonExampleMap_C' with ClassGeneratedBy '/Game/ThirdPersonBP/Maps/ThirdPersonExampleMap.ThirdPersonExampleMap:PersistentLevel.ThirdPersonExampleMap'
[2018.01.06-15.36.02:772][123]LogBlueprintUserMessages: Late PlayInEditor Detection: Level '/Game/Niveles/BlueLevel.BlueLevel:PersistentLevel' has LevelScriptBlueprint '/Game/Niveles/BlueLevel.BlueLevel:PersistentLevel.BlueLevel' with GeneratedClass '/Game/Niveles/BlueLevel.BlueLevel_C' with ClassGeneratedBy '/Game/Niveles/BlueLevel.BlueLevel:PersistentLevel.BlueLevel'
[2018.01.06-15.36.02:772][123]LogBlueprintUserMessages: Late PlayInEditor Detection: Level '/Game/Niveles/RedLevel.RedLevel:PersistentLevel' has LevelScriptBlueprint '/Game/Niveles/RedLevel.RedLevel:PersistentLevel.RedLevel' with GeneratedClass '/Game/Niveles/RedLevel.RedLevel_C' with ClassGeneratedBy '/Game/Niveles/RedLevel.RedLevel:PersistentLevel.RedLevel'
[2018.01.06-15.36.02:774][123]LogLevel: ActivateLevel /Game/Niveles/UEDPIE_0_RedLevel 0 0 0
[2018.01.06-15.36.04:092][278]LogLevel: ActivateLevel /Game/Niveles/UEDPIE_0_RedLevel 1 1 0
[2018.01.06-15.36.04:114][279]LogLevel: ActivateLevel /Game/Niveles/UEDPIE_0_BlueLevel 0 0 0
[2018.01.06-15.36.19:275][ 98]LogBlueprintUserMessages: Early EndPlayMap Detection: Level '/Game/ThirdPersonBP/Maps/ThirdPersonExampleMap.ThirdPersonExampleMap:PersistentLevel' has LevelScriptBlueprint '/Game/ThirdPersonBP/Maps/ThirdPersonExampleMap.ThirdPersonExampleMap:PersistentLevel.ThirdPersonExampleMap' with GeneratedClass '/Game/ThirdPersonBP/Maps/ThirdPersonExampleMap.ThirdPersonExampleMap_C' with ClassGeneratedBy '/Game/ThirdPersonBP/Maps/ThirdPersonExampleMap.ThirdPersonExampleMap:PersistentLevel.ThirdPersonExampleMap'
[2018.01.06-15.36.19:275][ 98]LogBlueprintUserMessages: Early EndPlayMap Detection: Level '/Game/Niveles/BlueLevel.BlueLevel:PersistentLevel' has LevelScriptBlueprint '/Game/Niveles/BlueLevel.BlueLevel:PersistentLevel.BlueLevel' with GeneratedClass '/Game/Niveles/BlueLevel.BlueLevel_C' with ClassGeneratedBy '/Game/Niveles/BlueLevel.BlueLevel:PersistentLevel.BlueLevel'
[2018.01.06-15.36.19:275][ 98]LogBlueprintUserMessages: Early EndPlayMap Detection: Level '/Game/Niveles/RedLevel.RedLevel:PersistentLevel' has LevelScriptBlueprint '/Game/Niveles/RedLevel.RedLevel:PersistentLevel.RedLevel' with GeneratedClass '/Game/Niveles/RedLevel.RedLevel_C' with ClassGeneratedBy '/Game/Niveles/RedLevel.RedLevel:PersistentLevel.RedLevel'
[2018.01.06-15.36.19:346][ 98]LogBlueprintUserMessages: Late EndPlayMap Detection: Level '/Game/ThirdPersonBP/Maps/ThirdPersonExampleMap.ThirdPersonExampleMap:PersistentLevel' has LevelScriptBlueprint '/Game/ThirdPersonBP/Maps/ThirdPersonExampleMap.ThirdPersonExampleMap:PersistentLevel.ThirdPersonExampleMap' with GeneratedClass '/Game/ThirdPersonBP/Maps/ThirdPersonExampleMap.ThirdPersonExampleMap_C' with ClassGeneratedBy '/Game/ThirdPersonBP/Maps/ThirdPersonExampleMap.ThirdPersonExampleMap:PersistentLevel.ThirdPersonExampleMap'
[2018.01.06-15.36.19:346][ 98]LogBlueprintUserMessages: Late EndPlayMap Detection: Level '/Game/Niveles/BlueLevel.BlueLevel:PersistentLevel' has LevelScriptBlueprint '/Game/Niveles/BlueLevel.BlueLevel:PersistentLevel.BlueLevel' with GeneratedClass '/Game/Niveles/BlueLevel.BlueLevel_C' with ClassGeneratedBy '/Game/Niveles/BlueLevel.BlueLevel:PersistentLevel.BlueLevel'
[2018.01.06-15.36.19:346][ 98]LogBlueprintUserMessages: Late EndPlayMap Detection: Level '/Game/Niveles/RedLevel.RedLevel:PersistentLevel' has LevelScriptBlueprint '/Game/Niveles/RedLevel.RedLevel:PersistentLevel.RedLevel' with GeneratedClass '/Game/Niveles/RedLevel.RedLevel_C' with ClassGeneratedBy '/Game/Niveles/RedLevel.RedLevel:PersistentLevel.RedLevel'
[2018.01.06-15.36.30:471][226]LogRenderer: Reallocating scene render targets to support 1204x672 NumSamples 1 (Frame:1).
[2018.01.06-15.36.55:394][121]Cmd: OBJ SAVEPACKAGE PACKAGE="/Game/Boss/BlueBoosDummy" FILE="C:/Users/David/Documents/GitHub/FuturoImperfecto/PRUEBAS/MechHackAndSlash/Content/Boss/BlueBoosDummy.uasset" SILENT=true
[2018.01.06-15.36.55:734][121]LogSavePackage: Save=323.34ms
[2018.01.06-15.36.55:734][121]LogSavePackage: Moving 'C:/Users/David/Documents/GitHub/FuturoImperfecto/PRUEBAS/MechHackAndSlash/Saved/BlueBoosDummy2FA068C147A1FA3C9D7253A19C597052.tmp' to 'C:/Users/David/Documents/GitHub/FuturoImperfecto/PRUEBAS/MechHackAndSlash/Content/Boss/BlueBoosDummy.uasset'
[2018.01.06-15.36.55:736][121]LogSavePackage:Display: Finished SavePackage C:/Users/David/Documents/GitHub/FuturoImperfecto/PRUEBAS/MechHackAndSlash/Content/Boss/BlueBoosDummy.uasset
[2018.01.06-15.37.03:194][686]Cmd: OBJ SAVEPACKAGE PACKAGE="/Game/Boss/BlueBoosDummyCaca" FILE="C:/Users/David/Documents/GitHub/FuturoImperfecto/PRUEBAS/MechHackAndSlash/Content/Boss/BlueBoosDummyCaca.uasset" SILENT=true
[2018.01.06-15.37.03:228][686]LogSavePackage: Save=23.54ms
[2018.01.06-15.37.03:228][686]LogSavePackage: Moving 'C:/Users/David/Documents/GitHub/FuturoImperfecto/PRUEBAS/MechHackAndSlash/Saved/BlueBoosDummyCaca787745694AA7E5AA61AF15876ABD726B.tmp' to 'C:/Users/David/Documents/GitHub/FuturoImperfecto/PRUEBAS/MechHackAndSlash/Content/Boss/BlueBoosDummyCaca.uasset'
[2018.01.06-15.37.03:230][686]LogSavePackage:Display: Finished SavePackage C:/Users/David/Documents/GitHub/FuturoImperfecto/PRUEBAS/MechHackAndSlash/Content/Boss/BlueBoosDummyCaca.uasset
[2018.01.06-15.37.05:672][926]LogTemp: Repeting last play command: Selected Viewport
[2018.01.06-15.37.05:733][926]LogBlueprintUserMessages: Early PlayInEditor Detection: Level '/Game/ThirdPersonBP/Maps/ThirdPersonExampleMap.ThirdPersonExampleMap:PersistentLevel' has LevelScriptBlueprint '/Game/ThirdPersonBP/Maps/ThirdPersonExampleMap.ThirdPersonExampleMap:PersistentLevel.ThirdPersonExampleMap' with GeneratedClass '/Game/ThirdPersonBP/Maps/ThirdPersonExampleMap.ThirdPersonExampleMap_C' with ClassGeneratedBy '/Game/ThirdPersonBP/Maps/ThirdPersonExampleMap.ThirdPersonExampleMap:PersistentLevel.ThirdPersonExampleMap'
[2018.01.06-15.37.05:733][926]LogBlueprintUserMessages: Early PlayInEditor Detection: Level '/Game/Niveles/BlueLevel.BlueLevel:PersistentLevel' has LevelScriptBlueprint '/Game/Niveles/BlueLevel.BlueLevel:PersistentLevel.BlueLevel' with GeneratedClass '/Game/Niveles/BlueLevel.BlueLevel_C' with ClassGeneratedBy '/Game/Niveles/BlueLevel.BlueLevel:PersistentLevel.BlueLevel'
[2018.01.06-15.37.05:733][926]LogBlueprintUserMessages: Early PlayInEditor Detection: Level '/Game/Niveles/RedLevel.RedLevel:PersistentLevel' has LevelScriptBlueprint '/Game/Niveles/RedLevel.RedLevel:PersistentLevel.RedLevel' with GeneratedClass '/Game/Niveles/RedLevel.RedLevel_C' with ClassGeneratedBy '/Game/Niveles/RedLevel.RedLevel:PersistentLevel.RedLevel'
[2018.01.06-15.37.05:733][926]LogPlayLevel: PlayLevel: No blueprints needed recompiling
[2018.01.06-15.37.05:733][926]PIE: New page: PIE session: ThirdPersonExampleMap (Jan 6, 2018, 5:37:05 PM)
[2018.01.06-15.37.05:733][926]LogPlayLevel: Creating play world package: /Game/ThirdPersonBP/Maps/UEDPIE_0_ThirdPersonExampleMap
[2018.01.06-15.37.05:751][926]LogPlayLevel: PIE: StaticDuplicateObject took: (0.018060s)
[2018.01.06-15.37.05:752][926]LogAIModule: Creating AISystem for world ThirdPersonExampleMap
[2018.01.06-15.37.05:752][926]LogPlayLevel: PIE: World Init took: (0.000816s)
[2018.01.06-15.37.05:752][926]LogPlayLevel: PIE: Created PIE world by copying editor world from /Game/ThirdPersonBP/Maps/ThirdPersonExampleMap.ThirdPersonExampleMap to /Game/ThirdPersonBP/Maps/UEDPIE_0_ThirdPersonExampleMap.ThirdPersonExampleMap (0.019123s)
[2018.01.06-15.37.05:786][926]LogInit: XAudio2 using 'DELL U2414H-4 (NVIDIA High Definition Audio)' : 2 channels at 48 kHz using 16 bits per sample (channel mask 0x3)
[2018.01.06-15.37.05:803][926]LogInit: FAudioDevice initialized.
[2018.01.06-15.37.05:836][926]LogLoad: Game class is 'ThirdPersonGameMode_C'
[2018.01.06-15.37.05:838][926]LogWorld: Bringing World /Game/ThirdPersonBP/Maps/UEDPIE_0_ThirdPersonExampleMap.ThirdPersonExampleMap up for play (max tick rate 0) at 2018.01.06-16.37.05
[2018.01.06-15.37.05:839][926]LogWorld: Bringing up level for play took: 0.002061
[2018.01.06-15.37.05:840][926]LogLevel: ActivateLevel /Game/Niveles/UEDPIE_0_BlueLevel 0 0 0
[2018.01.06-15.37.05:840][926]PIE: Info Play in editor start time for /Game/ThirdPersonBP/Maps/UEDPIE_0_ThirdPersonExampleMap -0.477
[2018.01.06-15.37.05:840][926]LogBlueprintUserMessages: Late PlayInEditor Detection: Level '/Game/ThirdPersonBP/Maps/ThirdPersonExampleMap.ThirdPersonExampleMap:PersistentLevel' has LevelScriptBlueprint '/Game/ThirdPersonBP/Maps/ThirdPersonExampleMap.ThirdPersonExampleMap:PersistentLevel.ThirdPersonExampleMap' with GeneratedClass '/Game/ThirdPersonBP/Maps/ThirdPersonExampleMap.ThirdPersonExampleMap_C' with ClassGeneratedBy '/Game/ThirdPersonBP/Maps/ThirdPersonExampleMap.ThirdPersonExampleMap:PersistentLevel.ThirdPersonExampleMap'
[2018.01.06-15.37.05:840][926]LogBlueprintUserMessages: Late PlayInEditor Detection: Level '/Game/Niveles/BlueLevel.BlueLevel:PersistentLevel' has LevelScriptBlueprint '/Game/Niveles/BlueLevel.BlueLevel:PersistentLevel.BlueLevel' with GeneratedClass '/Game/Niveles/BlueLevel.BlueLevel_C' with ClassGeneratedBy '/Game/Niveles/BlueLevel.BlueLevel:PersistentLevel.BlueLevel'
[2018.01.06-15.37.05:840][926]LogBlueprintUserMessages: Late PlayInEditor Detection: Level '/Game/Niveles/RedLevel.RedLevel:PersistentLevel' has LevelScriptBlueprint '/Game/Niveles/RedLevel.RedLevel:PersistentLevel.RedLevel' with GeneratedClass '/Game/Niveles/RedLevel.RedLevel_C' with ClassGeneratedBy '/Game/Niveles/RedLevel.RedLevel:PersistentLevel.RedLevel'
[2018.01.06-15.37.05:842][926]LogLevel: ActivateLevel /Game/Niveles/UEDPIE_0_RedLevel 0 0 0
[2018.01.06-15.37.06:702][ 26]LogLevel: ActivateLevel /Game/Niveles/UEDPIE_0_RedLevel 1 1 0
[2018.01.06-15.37.06:725][ 27]LogLevel: ActivateLevel /Game/Niveles/UEDPIE_0_BlueLevel 0 0 0
[2018.01.06-15.37.25:005][220]LogBlueprintUserMessages: Early EndPlayMap Detection: Level '/Game/ThirdPersonBP/Maps/ThirdPersonExampleMap.ThirdPersonExampleMap:PersistentLevel' has LevelScriptBlueprint '/Game/ThirdPersonBP/Maps/ThirdPersonExampleMap.ThirdPersonExampleMap:PersistentLevel.ThirdPersonExampleMap' with GeneratedClass '/Game/ThirdPersonBP/Maps/ThirdPersonExampleMap.ThirdPersonExampleMap_C' with ClassGeneratedBy '/Game/ThirdPersonBP/Maps/ThirdPersonExampleMap.ThirdPersonExampleMap:PersistentLevel.ThirdPersonExampleMap'
[2018.01.06-15.37.25:005][220]LogBlueprintUserMessages: Early EndPlayMap Detection: Level '/Game/Niveles/BlueLevel.BlueLevel:PersistentLevel' has LevelScriptBlueprint '/Game/Niveles/BlueLevel.BlueLevel:PersistentLevel.BlueLevel' with GeneratedClass '/Game/Niveles/BlueLevel.BlueLevel_C' with ClassGeneratedBy '/Game/Niveles/BlueLevel.BlueLevel:PersistentLevel.BlueLevel'
[2018.01.06-15.37.25:005][220]LogBlueprintUserMessages: Early EndPlayMap Detection: Level '/Game/Niveles/RedLevel.RedLevel:PersistentLevel' has LevelScriptBlueprint '/Game/Niveles/RedLevel.RedLevel:PersistentLevel.RedLevel' with GeneratedClass '/Game/Niveles/RedLevel.RedLevel_C' with ClassGeneratedBy '/Game/Niveles/RedLevel.RedLevel:PersistentLevel.RedLevel'
[2018.01.06-15.37.25:074][220]LogBlueprintUserMessages: Late EndPlayMap Detection: Level '/Game/ThirdPersonBP/Maps/ThirdPersonExampleMap.ThirdPersonExampleMap:PersistentLevel' has LevelScriptBlueprint '/Game/ThirdPersonBP/Maps/ThirdPersonExampleMap.ThirdPersonExampleMap:PersistentLevel.ThirdPersonExampleMap' with GeneratedClass '/Game/ThirdPersonBP/Maps/ThirdPersonExampleMap.ThirdPersonExampleMap_C' with ClassGeneratedBy '/Game/ThirdPersonBP/Maps/ThirdPersonExampleMap.ThirdPersonExampleMap:PersistentLevel.ThirdPersonExampleMap'
[2018.01.06-15.37.25:074][220]LogBlueprintUserMessages: Late EndPlayMap Detection: Level '/Game/Niveles/BlueLevel.BlueLevel:PersistentLevel' has LevelScriptBlueprint '/Game/Niveles/BlueLevel.BlueLevel:PersistentLevel.BlueLevel' with GeneratedClass '/Game/Niveles/BlueLevel.BlueLevel_C' with ClassGeneratedBy '/Game/Niveles/BlueLevel.BlueLevel:PersistentLevel.BlueLevel'
[2018.01.06-15.37.25:074][220]LogBlueprintUserMessages: Late EndPlayMap Detection: Level '/Game/Niveles/RedLevel.RedLevel:PersistentLevel' has LevelScriptBlueprint '/Game/Niveles/RedLevel.RedLevel:PersistentLevel.RedLevel' with GeneratedClass '/Game/Niveles/RedLevel.RedLevel_C' with ClassGeneratedBy '/Game/Niveles/RedLevel.RedLevel:PersistentLevel.RedLevel'
[2018.01.06-15.37.34:748][993]Cmd: OBJ SAVEPACKAGE PACKAGE="/Game/Boss/BlueBoosDummy" FILE="C:/Users/David/Documents/GitHub/FuturoImperfecto/PRUEBAS/MechHackAndSlash/Content/Boss/BlueBoosDummy.uasset" SILENT=true
[2018.01.06-15.37.35:070][993]LogSavePackage: Save=316.85ms
[2018.01.06-15.37.35:070][993]LogSavePackage: Moving 'C:/Users/David/Documents/GitHub/FuturoImperfecto/PRUEBAS/MechHackAndSlash/Saved/BlueBoosDummy432CA54E49F6E8B84DEC3CB31D331D21.tmp' to 'C:/Users/David/Documents/GitHub/FuturoImperfecto/PRUEBAS/MechHackAndSlash/Content/Boss/BlueBoosDummy.uasset'
[2018.01.06-15.37.35:072][993]LogSavePackage:Display: Finished SavePackage C:/Users/David/Documents/GitHub/FuturoImperfecto/PRUEBAS/MechHackAndSlash/Content/Boss/BlueBoosDummy.uasset
[2018.01.06-15.37.39:297][356]LogTemp: Repeting last play command: Selected Viewport
[2018.01.06-15.37.39:328][356]LogBlueprintUserMessages: Early PlayInEditor Detection: Level '/Game/ThirdPersonBP/Maps/ThirdPersonExampleMap.ThirdPersonExampleMap:PersistentLevel' has LevelScriptBlueprint '/Game/ThirdPersonBP/Maps/ThirdPersonExampleMap.ThirdPersonExampleMap:PersistentLevel.ThirdPersonExampleMap' with GeneratedClass '/Game/ThirdPersonBP/Maps/ThirdPersonExampleMap.ThirdPersonExampleMap_C' with ClassGeneratedBy '/Game/ThirdPersonBP/Maps/ThirdPersonExampleMap.ThirdPersonExampleMap:PersistentLevel.ThirdPersonExampleMap'
[2018.01.06-15.37.39:328][356]LogBlueprintUserMessages: Early PlayInEditor Detection: Level '/Game/Niveles/BlueLevel.BlueLevel:PersistentLevel' has LevelScriptBlueprint '/Game/Niveles/BlueLevel.BlueLevel:PersistentLevel.BlueLevel' with GeneratedClass '/Game/Niveles/BlueLevel.BlueLevel_C' with ClassGeneratedBy '/Game/Niveles/BlueLevel.BlueLevel:PersistentLevel.BlueLevel'
[2018.01.06-15.37.39:328][356]LogBlueprintUserMessages: Early PlayInEditor Detection: Level '/Game/Niveles/RedLevel.RedLevel:PersistentLevel' has LevelScriptBlueprint '/Game/Niveles/RedLevel.RedLevel:PersistentLevel.RedLevel' with GeneratedClass '/Game/Niveles/RedLevel.RedLevel_C' with ClassGeneratedBy '/Game/Niveles/RedLevel.RedLevel:PersistentLevel.RedLevel'
[2018.01.06-15.37.39:328][356]LogPlayLevel: PlayLevel: No blueprints needed recompiling
[2018.01.06-15.37.39:329][356]PIE: New page: PIE session: ThirdPersonExampleMap (Jan 6, 2018, 5:37:39 PM)
[2018.01.06-15.37.39:329][356]LogPlayLevel: Creating play world package: /Game/ThirdPersonBP/Maps/UEDPIE_0_ThirdPersonExampleMap
[2018.01.06-15.37.39:347][356]LogPlayLevel: PIE: StaticDuplicateObject took: (0.018409s)
[2018.01.06-15.37.39:349][356]LogAIModule: Creating AISystem for world ThirdPersonExampleMap
[2018.01.06-15.37.39:349][356]LogPlayLevel: PIE: World Init took: (0.000772s)
[2018.01.06-15.37.39:349][356]LogPlayLevel: PIE: Created PIE world by copying editor world from /Game/ThirdPersonBP/Maps/ThirdPersonExampleMap.ThirdPersonExampleMap to /Game/ThirdPersonBP/Maps/UEDPIE_0_ThirdPersonExampleMap.ThirdPersonExampleMap (0.019419s)
[2018.01.06-15.37.39:382][356]LogInit: XAudio2 using 'DELL U2414H-4 (NVIDIA High Definition Audio)' : 2 channels at 48 kHz using 16 bits per sample (channel mask 0x3)
[2018.01.06-15.37.39:399][356]LogInit: FAudioDevice initialized.
[2018.01.06-15.37.39:430][356]LogLoad: Game class is 'ThirdPersonGameMode_C'
[2018.01.06-15.37.39:432][356]LogWorld: Bringing World /Game/ThirdPersonBP/Maps/UEDPIE_0_ThirdPersonExampleMap.ThirdPersonExampleMap up for play (max tick rate 0) at 2018.01.06-16.37.39
[2018.01.06-15.37.39:433][356]LogWorld: Bringing up level for play took: 0.002049
[2018.01.06-15.37.39:434][356]LogLevel: ActivateLevel /Game/Niveles/UEDPIE_0_BlueLevel 0 0 0
[2018.01.06-15.37.39:434][356]PIE: Info Play in editor start time for /Game/ThirdPersonBP/Maps/UEDPIE_0_ThirdPersonExampleMap -0.884
[2018.01.06-15.37.39:434][356]LogBlueprintUserMessages: Late PlayInEditor Detection: Level '/Game/ThirdPersonBP/Maps/ThirdPersonExampleMap.ThirdPersonExampleMap:PersistentLevel' has LevelScriptBlueprint '/Game/ThirdPersonBP/Maps/ThirdPersonExampleMap.ThirdPersonExampleMap:PersistentLevel.ThirdPersonExampleMap' with GeneratedClass '/Game/ThirdPersonBP/Maps/ThirdPersonExampleMap.ThirdPersonExampleMap_C' with ClassGeneratedBy '/Game/ThirdPersonBP/Maps/ThirdPersonExampleMap.ThirdPersonExampleMap:PersistentLevel.ThirdPersonExampleMap'
[2018.01.06-15.37.39:434][356]LogBlueprintUserMessages: Late PlayInEditor Detection: Level '/Game/Niveles/BlueLevel.BlueLevel:PersistentLevel' has LevelScriptBlueprint '/Game/Niveles/BlueLevel.BlueLevel:PersistentLevel.BlueLevel' with GeneratedClass '/Game/Niveles/BlueLevel.BlueLevel_C' with ClassGeneratedBy '/Game/Niveles/BlueLevel.BlueLevel:PersistentLevel.BlueLevel'
[2018.01.06-15.37.39:434][356]LogBlueprintUserMessages: Late PlayInEditor Detection: Level '/Game/Niveles/RedLevel.RedLevel:PersistentLevel' has LevelScriptBlueprint '/Game/Niveles/RedLevel.RedLevel:PersistentLevel.RedLevel' with GeneratedClass '/Game/Niveles/RedLevel.RedLevel_C' with ClassGeneratedBy '/Game/Niveles/RedLevel.RedLevel:PersistentLevel.RedLevel'
[2018.01.06-15.37.39:435][356]LogLevel: ActivateLevel /Game/Niveles/UEDPIE_0_RedLevel 0 0 0
[2018.01.06-15.37.40:536][485]LogLevel: ActivateLevel /Game/Niveles/UEDPIE_0_RedLevel 1 1 0
[2018.01.06-15.37.40:559][486]LogLevel: ActivateLevel /Game/Niveles/UEDPIE_0_BlueLevel 0 0 0
[2018.01.06-15.38.01:702][ 23]LogBlueprintUserMessages: Early EndPlayMap Detection: Level '/Game/ThirdPersonBP/Maps/ThirdPersonExampleMap.ThirdPersonExampleMap:PersistentLevel' has LevelScriptBlueprint '/Game/ThirdPersonBP/Maps/ThirdPersonExampleMap.ThirdPersonExampleMap:PersistentLevel.ThirdPersonExampleMap' with GeneratedClass '/Game/ThirdPersonBP/Maps/ThirdPersonExampleMap.ThirdPersonExampleMap_C' with ClassGeneratedBy '/Game/ThirdPersonBP/Maps/ThirdPersonExampleMap.ThirdPersonExampleMap:PersistentLevel.ThirdPersonExampleMap'
[2018.01.06-15.38.01:702][ 23]LogBlueprintUserMessages: Early EndPlayMap Detection: Level '/Game/Niveles/BlueLevel.BlueLevel:PersistentLevel' has LevelScriptBlueprint '/Game/Niveles/BlueLevel.BlueLevel:PersistentLevel.BlueLevel' with GeneratedClass '/Game/Niveles/BlueLevel.BlueLevel_C' with ClassGeneratedBy '/Game/Niveles/BlueLevel.BlueLevel:PersistentLevel.BlueLevel'
[2018.01.06-15.38.01:702][ 23]LogBlueprintUserMessages: Early EndPlayMap Detection: Level '/Game/Niveles/RedLevel.RedLevel:PersistentLevel' has LevelScriptBlueprint '/Game/Niveles/RedLevel.RedLevel:PersistentLevel.RedLevel' with GeneratedClass '/Game/Niveles/RedLevel.RedLevel_C' with ClassGeneratedBy '/Game/Niveles/RedLevel.RedLevel:PersistentLevel.RedLevel'
[2018.01.06-15.38.01:772][ 23]LogBlueprintUserMessages: Late EndPlayMap Detection: Level '/Game/ThirdPersonBP/Maps/ThirdPersonExampleMap.ThirdPersonExampleMap:PersistentLevel' has LevelScriptBlueprint '/Game/ThirdPersonBP/Maps/ThirdPersonExampleMap.ThirdPersonExampleMap:PersistentLevel.ThirdPersonExampleMap' with GeneratedClass '/Game/ThirdPersonBP/Maps/ThirdPersonExampleMap.ThirdPersonExampleMap_C' with ClassGeneratedBy '/Game/ThirdPersonBP/Maps/ThirdPersonExampleMap.ThirdPersonExampleMap:PersistentLevel.ThirdPersonExampleMap'
[2018.01.06-15.38.01:772][ 23]LogBlueprintUserMessages: Late EndPlayMap Detection: Level '/Game/Niveles/BlueLevel.BlueLevel:PersistentLevel' has LevelScriptBlueprint '/Game/Niveles/BlueLevel.BlueLevel:PersistentLevel.BlueLevel' with GeneratedClass '/Game/Niveles/BlueLevel.BlueLevel_C' with ClassGeneratedBy '/Game/Niveles/BlueLevel.BlueLevel:PersistentLevel.BlueLevel'
[2018.01.06-15.38.01:772][ 23]LogBlueprintUserMessages: Late EndPlayMap Detection: Level '/Game/Niveles/RedLevel.RedLevel:PersistentLevel' has LevelScriptBlueprint '/Game/Niveles/RedLevel.RedLevel:PersistentLevel.RedLevel' with GeneratedClass '/Game/Niveles/RedLevel.RedLevel_C' with ClassGeneratedBy '/Game/Niveles/RedLevel.RedLevel:PersistentLevel.RedLevel'
[2018.01.06-15.38.05:798][330]Cmd: OBJ SAVEPACKAGE PACKAGE="/Game/Boss/BlueBoosDummyCaca" FILE="C:/Users/David/Documents/GitHub/FuturoImperfecto/PRUEBAS/MechHackAndSlash/Content/Boss/BlueBoosDummyCaca.uasset" SILENT=true
[2018.01.06-15.38.05:824][330]LogSavePackage: Save=19.42ms
[2018.01.06-15.38.05:824][330]LogSavePackage: Moving 'C:/Users/David/Documents/GitHub/FuturoImperfecto/PRUEBAS/MechHackAndSlash/Saved/BlueBoosDummyCacaFBF31124498747EDCEFC9BBF5FCBF2DC.tmp' to 'C:/Users/David/Documents/GitHub/FuturoImperfecto/PRUEBAS/MechHackAndSlash/Content/Boss/BlueBoosDummyCaca.uasset'
[2018.01.06-15.38.05:826][330]LogSavePackage:Display: Finished SavePackage C:/Users/David/Documents/GitHub/FuturoImperfecto/PRUEBAS/MechHackAndSlash/Content/Boss/BlueBoosDummyCaca.uasset
[2018.01.06-15.38.05:921][330]LogSpawn:Warning: UWorld::DestroyActor: World has no context! World: RedLevel, Actor: /Game/Niveles/RedLevel.RedLevel:PersistentLevel.RedLevel_C_0
[2018.01.06-15.38.06:131][330]LogSavePackage: Save=214.90ms
[2018.01.06-15.38.06:131][330]LogSavePackage: Moving 'C:/Users/David/Documents/GitHub/FuturoImperfecto/PRUEBAS/MechHackAndSlash/Saved/RedLevelC61D00C24BF832521E3E069BB3DDFC3A.tmp' to 'C:/Users/David/Documents/GitHub/FuturoImperfecto/PRUEBAS/MechHackAndSlash/Content/Niveles/RedLevel.umap'
[2018.01.06-15.38.06:133][330]LogSavePackage:Display: Finished SavePackage C:/Users/David/Documents/GitHub/FuturoImperfecto/PRUEBAS/MechHackAndSlash/Content/Niveles/RedLevel.umap
[2018.01.06-15.38.06:134][330]LogFileHelpers: Saving map 'RedLevel' took 0.303
[2018.01.06-15.38.06:552][330]LogSavePackage: Save=328.67ms
[2018.01.06-15.38.06:552][330]LogSavePackage: Moving 'C:/Users/David/Documents/GitHub/FuturoImperfecto/PRUEBAS/MechHackAndSlash/Saved/ThirdPersonExampleMapFF5BC6F840E8145798C46F929652C09D.tmp' to 'C:/Users/David/Documents/GitHub/FuturoImperfecto/PRUEBAS/MechHackAndSlash/Content/ThirdPersonBP/Maps/ThirdPersonExampleMap.umap'
[2018.01.06-15.38.06:556][330]LogSavePackage:Display: Finished SavePackage C:/Users/David/Documents/GitHub/FuturoImperfecto/PRUEBAS/MechHackAndSlash/Content/ThirdPersonBP/Maps/ThirdPersonExampleMap.umap
[2018.01.06-15.38.06:591][330]LogFileHelpers: Saving map 'ThirdPersonExampleMap' took 0.453
[2018.01.06-15.38.08:635][505]LogActorComponent: UnregisterComponent: (/Engine/Transient.EditorFloorComp) Not registered. Aborting.
[2018.01.06-15.38.09:002][505]LogActorComponent: UnregisterComponent: (/Engine/Transient.EditorFloorComp) Not registered. Aborting.
[2018.01.06-15.38.09:175][505]LogWindowsTextInputMethodSystem:Display: IME system now deactivated.
[2018.01.06-15.38.09:458][506]Cmd: QUIT_EDITOR
[2018.01.06-15.38.10:415][506]LogExit: Preparing to exit.
[2018.01.06-15.38.11:927][506]LogExit: Editor shut down
[2018.01.06-15.38.11:940][506]LogExit: Transaction tracking system shut down
[2018.01.06-15.38.13:150][506]LogObj: Freed 0b from 0 cluster array pools.
[2018.01.06-15.38.13:150][506]LogExit: Object subsystem successfully closed.
[2018.01.06-15.38.13:190][506]LogD3D11RHI: Shutdown
[2018.01.06-15.38.13:190][506]LogD3D11RHI: CleanupD3DDevice
[2018.01.06-15.38.13:306][506]LogD3D11RHI: ~FD3D11DynamicRHI
[2018.01.06-15.38.14:115][506]LogModuleManager: Shutting down and abandoning module MaterialEditor (540)
[2018.01.06-15.38.14:115][506]LogModuleManager: Shutting down and abandoning module MovieSceneCapture (538)
[2018.01.06-15.38.14:115][506]LogModuleManager: Shutting down and abandoning module ClothingSystemEditorInterface (536)
[2018.01.06-15.38.14:115][506]LogModuleManager: Shutting down and abandoning module SkeletonEditor (534)
[2018.01.06-15.38.14:115][506]LogModuleManager: Shutting down and abandoning module AnimationBlueprintEditor (532)
[2018.01.06-15.38.14:115][506]LogModuleManager: Shutting down and abandoning module BlueprintGraph (530)
[2018.01.06-15.38.14:115][506]LogModuleManager: Shutting down and abandoning module BlueprintProfiler (528)
[2018.01.06-15.38.14:140][506]LogModuleManager: Shutting down and abandoning module HierarchicalLODOutliner (526)
[2018.01.06-15.38.14:151][506]LogModuleManager: Shutting down and abandoning module CrashTracker (524)
[2018.01.06-15.38.14:151][506]LogModuleManager: Shutting down and abandoning module WorldBrowser (522)
[2018.01.06-15.38.14:165][506]LogModuleManager: Shutting down and abandoning module SceneOutliner (520)
[2018.01.06-15.38.14:166][506]LogModuleManager: Shutting down and abandoning module AddContentDialog (518)
[2018.01.06-15.38.14:186][506]LogDirectoryWatcher: A directory notification for 'D:/Program Files (x86)/Epic Games/UE_4.16/FeaturePacks/' was aborted.
[2018.01.06-15.38.14:189][506]LogModuleManager: Shutting down and abandoning module WidgetCarousel (517)
[2018.01.06-15.38.14:189][506]LogModuleManager: Shutting down and abandoning module EditorWidgets (514)
[2018.01.06-15.38.14:189][506]LogModuleManager: Shutting down and abandoning module CollectionManager (512)
[2018.01.06-15.38.14:189][506]LogDirectoryWatcher: A directory notification for 'C:/Users/David/Documents/GitHub/FuturoImperfecto/PRUEBAS/MechHackAndSlash/Content/Collections/' was aborted.
[2018.01.06-15.38.14:190][506]LogDirectoryWatcher: A directory notification for 'C:/Users/David/Documents/GitHub/FuturoImperfecto/PRUEBAS/MechHackAndSlash/Content/Developers/David/Collections/' was aborted.
[2018.01.06-15.38.14:190][506]LogDirectoryWatcher: A directory notification for 'C:/Users/David/Documents/GitHub/FuturoImperfecto/PRUEBAS/MechHackAndSlash/Saved/Collections/' was aborted.
[2018.01.06-15.38.14:190][506]LogModuleManager: Shutting down and abandoning module StatsViewer (510)
[2018.01.06-15.38.14:204][506]LogModuleManager: Shutting down and abandoning module FoliageEdit (508)
[2018.01.06-15.38.14:204][506]LogModuleManager: Shutting down and abandoning module LandscapeEditor (506)
[2018.01.06-15.38.14:233][506]LogModuleManager: Shutting down and abandoning module MeshPaintMode (504)
[2018.01.06-15.38.14:233][506]LogModuleManager: Shutting down and abandoning module SceneDepthPickerMode (502)
[2018.01.06-15.38.14:234][506]LogModuleManager: Shutting down and abandoning module ActorPickerMode (500)
[2018.01.06-15.38.14:234][506]LogModuleManager: Shutting down and abandoning module GeometryMode (498)
[2018.01.06-15.38.14:234][506]LogModuleManager: Shutting down and abandoning module TextureAlignMode (496)
[2018.01.06-15.38.14:234][506]LogModuleManager: Shutting down and abandoning module BspMode (494)
[2018.01.06-15.38.14:245][506]LogModuleManager: Shutting down and abandoning module HardwareSurvey (492)
[2018.01.06-15.38.14:245][506]LogModuleManager: Shutting down and abandoning module SequenceRecorderSections (490)
[2018.01.06-15.38.14:245][506]LogModuleManager: Shutting down and abandoning module AutomationWorker (488)
[2018.01.06-15.38.14:259][506]LogModuleManager: Shutting down and abandoning module MatineeToLevelSequence (486)
[2018.01.06-15.38.14:259][506]LogModuleManager: Shutting down and abandoning module LevelSequenceEditor (484)
[2018.01.06-15.38.14:307][506]LogModuleManager: Shutting down and abandoning module PlacementMode (483)
[2018.01.06-15.38.14:308][506]LogModuleManager: Shutting down and abandoning module WmfMediaFactory (480)
[2018.01.06-15.38.14:308][506]LogModuleManager: Shutting down and abandoning module WmfMediaEditor (478)
[2018.01.06-15.38.14:308][506]LogModuleManager: Shutting down and abandoning module AvfMediaFactory (476)
[2018.01.06-15.38.14:308][506]LogModuleManager: Shutting down and abandoning module AvfMediaEditor (474)
[2018.01.06-15.38.14:308][506]LogModuleManager: Shutting down and abandoning module AndroidMediaFactory (472)
[2018.01.06-15.38.14:308][506]LogModuleManager: Shutting down and abandoning module Media (471)
[2018.01.06-15.38.14:308][506]LogModuleManager: Shutting down and abandoning module AndroidMediaEditor (468)
[2018.01.06-15.38.14:308][506]LogModuleManager: Shutting down and abandoning module CharacterAI (466)
[2018.01.06-15.38.14:308][506]LogModuleManager: Shutting down and abandoning module AudioCapture (464)
[2018.01.06-15.38.14:317][506]LogModuleManager: Shutting down and abandoning module SequenceRecorder (463)
[2018.01.06-15.38.14:326][506]LogModuleManager: Shutting down and abandoning module SmartSnapping (460)
[2018.01.06-15.38.14:326][506]LogModuleManager: Shutting down and abandoning module SessionServices (458)
[2018.01.06-15.38.14:326][506]LogModuleManager: Shutting down and abandoning module ViewportSnapping (456)
[2018.01.06-15.38.14:326][506]LogModuleManager: Shutting down and abandoning module ViewportInteraction (454)
[2018.01.06-15.38.14:326][506]LogModuleManager: Shutting down and abandoning module ClothPainter (452)
[2018.01.06-15.38.14:355][506]LogModuleManager: Shutting down and abandoning module LogVisualizer (450)
[2018.01.06-15.38.14:369][506]LogModuleManager: Shutting down and abandoning module IntroTutorials (448)
[2018.01.06-15.38.14:402][506]LogModuleManager: Shutting down and abandoning module GameProjectGeneration (447)
[2018.01.06-15.38.14:424][506]LogModuleManager: Shutting down and abandoning module EditorLiveStreaming (444)
[2018.01.06-15.38.14:424][506]LogModuleManager: Shutting down and abandoning module IOSPlatformEditor (442)
[2018.01.06-15.38.14:439][506]LogModuleManager: Shutting down and abandoning module HTML5PlatformEditor (440)
[2018.01.06-15.38.14:439][506]LogModuleManager: Shutting down and abandoning module AndroidPlatformEditor (438)
[2018.01.06-15.38.14:439][506]LogModuleManager: Shutting down and abandoning module AndroidDeviceDetection (437)
[2018.01.06-15.38.15:269][506]LogModuleManager: Shutting down and abandoning module IOSRuntimeSettings (434)
[2018.01.06-15.38.15:269][506]LogModuleManager: Shutting down and abandoning module AndroidRuntimeSettings (432)
[2018.01.06-15.38.15:269][506]LogModuleManager: Shutting down and abandoning module InputBindingEditor (430)
[2018.01.06-15.38.15:280][506]LogModuleManager: Shutting down and abandoning module MergeActors (428)
[2018.01.06-15.38.15:291][506]LogModuleManager: Shutting down and abandoning module SizeMap (426)
[2018.01.06-15.38.15:291][506]LogModuleManager: Shutting down and abandoning module TreeMap (424)
[2018.01.06-15.38.15:304][506]LogModuleManager: Shutting down and abandoning module ReferenceViewer (422)
[2018.01.06-15.38.15:316][506]LogModuleManager: Shutting down and abandoning module LocalizationDashboard (420)
[2018.01.06-15.38.15:329][506]LogModuleManager: Shutting down and abandoning module LocalizationService (419)
[2018.01.06-15.38.15:338][506]LogModuleManager: Shutting down and abandoning module HardwareTargeting (416)
[2018.01.06-15.38.15:338][506]LogModuleManager: Shutting down and abandoning module DeviceProfileEditor (414)
[2018.01.06-15.38.15:350][506]LogModuleManager: Shutting down and abandoning module UndoHistory (412)
[2018.01.06-15.38.15:364][506]LogModuleManager: Shutting down and abandoning module UserFeedback (410)
[2018.01.06-15.38.15:364][506]LogModuleManager: Shutting down and abandoning module XmlParser (408)
[2018.01.06-15.38.15:364][506]LogModuleManager: Shutting down and abandoning module Blutility (406)
[2018.01.06-15.38.15:377][506]LogModuleManager: Shutting down and abandoning module ProjectSettingsViewer (404)
[2018.01.06-15.38.15:377][506]LogModuleManager: Shutting down and abandoning module ProjectTargetPlatformEditor (403)
[2018.01.06-15.38.15:377][506]LogModuleManager: Shutting down and abandoning module EditorSettingsViewer (400)
[2018.01.06-15.38.15:377][506]LogModuleManager: Shutting down and abandoning module SettingsEditor (398)
[2018.01.06-15.38.15:386][506]LogModuleManager: Shutting down and abandoning module ProjectLauncher (396)
[2018.01.06-15.38.15:399][506]LogModuleManager: Shutting down and abandoning module SessionFrontend (394)
[2018.01.06-15.38.15:408][506]LogModuleManager: Shutting down and abandoning module ProfilerClient (392)
[2018.01.06-15.38.15:419][506]LogModuleManager: Shutting down and abandoning module DeviceManager (390)
[2018.01.06-15.38.15:432][506]LogModuleManager: Shutting down and abandoning module TargetDeviceServices (389)
[2018.01.06-15.38.15:484][506]LogModuleManager: Shutting down and abandoning module AutomationController (386)
[2018.01.06-15.38.15:494][506]LogModuleManager: Shutting down and abandoning module AutomationWindow (384)
[2018.01.06-15.38.15:513][506]LogModuleManager: Shutting down and abandoning module Layers (382)
[2018.01.06-15.38.15:529][506]LogModuleManager: Shutting down and abandoning module ComponentVisualizers (380)
[2018.01.06-15.38.15:529][506]LogModuleManager: Shutting down and abandoning module DetailCustomizations (378)
[2018.01.06-15.38.15:541][506]LogModuleManager: Shutting down and abandoning module PackagesDialog (376)
[2018.01.06-15.38.15:541][506]LogModuleManager: Shutting down and abandoning module Persona (374)
[2018.01.06-15.38.15:549][506]LogModuleManager: Shutting down and abandoning module AdvancedPreviewScene (373)
[2018.01.06-15.38.15:549][506]LogModuleManager: Shutting down and abandoning module AnimGraph (371)
[2018.01.06-15.38.15:549][506]LogModuleManager: Shutting down and abandoning module Kismet (368)
[2018.01.06-15.38.15:575][506]LogModuleManager: Shutting down and abandoning module ClassViewer (366)
[2018.01.06-15.38.15:575][506]LogModuleManager: Shutting down and abandoning module Toolbox (364)
[2018.01.06-15.38.15:575][506]LogModuleManager: Shutting down and abandoning module ModuleUI (362)
[2018.01.06-15.38.15:592][506]LogModuleManager: Shutting down and abandoning module MovieSceneTools (360)
[2018.01.06-15.38.15:613][506]LogModuleManager: Shutting down and abandoning module OutputLog (358)
[2018.01.06-15.38.15:625][506]LogModuleManager: Shutting down and abandoning module GammaUI (356)
[2018.01.06-15.38.15:636][506]LogModuleManager: Shutting down and abandoning module Documentation (354)
[2018.01.06-15.38.15:636][506]LogModuleManager: Shutting down and abandoning module MovieSceneTracks (352)
[2018.01.06-15.38.15:636][506]LogModuleManager: Shutting down and abandoning module MovieScene (350)
[2018.01.06-15.38.15:636][506]LogModuleManager: Shutting down and abandoning module Niagara (348)
[2018.01.06-15.38.15:636][506]LogModuleManager: Shutting down and abandoning module NiagaraEditor (347)
[2018.01.06-15.38.15:669][506]LogModuleManager: Shutting down and abandoning module StreamingPauseRendering (344)
[2018.01.06-15.38.15:669][506]LogModuleManager: Shutting down and abandoning module AnalyticsET (342)
[2018.01.06-15.38.15:669][506]LogModuleManager: Shutting down and abandoning module PortalServices (340)
[2018.01.06-15.38.15:669][506]LogModuleManager: Shutting down and abandoning module PortalRpc (338)
[2018.01.06-15.38.15:669][506]LogModuleManager: Shutting down and abandoning module MessagingRpc (336)
[2018.01.06-15.38.15:669][506]LogModuleManager: Shutting down and abandoning module AIModule (334)
[2018.01.06-15.38.15:681][506]LogModuleManager: Shutting down and abandoning module GameplayDebugger (333)
[2018.01.06-15.38.15:681][506]LogModuleManager: Shutting down and abandoning module AITestSuite (331)
[2018.01.06-15.38.15:693][506]LogModuleManager: Shutting down and abandoning module ProfilerService (328)
[2018.01.06-15.38.15:723][506]LogModuleManager: Shutting down and abandoning module TaskGraph (326)
[2018.01.06-15.38.15:743][506]LogModuleManager: Shutting down and abandoning module SteamVRController (324)
[2018.01.06-15.38.15:743][506]LogModuleManager: Shutting down and abandoning module SteamVR (322)
[2018.01.06-15.38.15:743][506]LogModuleManager: Shutting down and abandoning module ProceduralMeshComponentEditor (320)
[2018.01.06-15.38.15:743][506]LogModuleManager: Shutting down and abandoning module ProceduralMeshComponent (318)
[2018.01.06-15.38.15:757][506]LogModuleManager: Shutting down and abandoning module OculusLibrary (316)
[2018.01.06-15.38.15:757][506]LogModuleManager: Shutting down and abandoning module OculusInput (314)
[2018.01.06-15.38.15:757][506]LogModuleManager: Shutting down and abandoning module MobilePatchingUtils (312)
[2018.01.06-15.38.15:757][506]LogModuleManager: Shutting down and abandoning module CustomMeshComponent (310)
[2018.01.06-15.38.15:757][506]LogModuleManager: Shutting down and abandoning module CableComponent (308)
[2018.01.06-15.38.15:757][506]LogModuleManager: Shutting down and abandoning module ArchVisCharacter (306)
[2018.01.06-15.38.15:757][506]LogModuleManager: Shutting down and abandoning module AndroidPermission (304)
[2018.01.06-15.38.15:757][506]LogModuleManager: Shutting down and abandoning module MediaPlayerEditor (300)
[2018.01.06-15.38.15:786][506]LogModuleManager: Shutting down and abandoning module HTML5Networking (298)
[2018.01.06-15.38.15:786][506]LogModuleManager: Shutting down and abandoning module AlembicImporter (296)
[2018.01.06-15.38.15:800][506]LogModuleManager: Shutting down and abandoning module AlembicLibrary (295)
[2018.01.06-15.38.15:800][506]LogModuleManager: Shutting down and abandoning module GeometryCache (294)
[2018.01.06-15.38.15:800][506]LogModuleManager: Shutting down and abandoning module GeometryCacheEd (293)
[2018.01.06-15.38.15:800][506]LogModuleManager: Shutting down and abandoning module SuperSearchEditor (288)
[2018.01.06-15.38.15:800][506]LogModuleManager: Shutting down and abandoning module SuperSearch (287)
[2018.01.06-15.38.15:800][506]LogModuleManager: Shutting down and abandoning module SpeedTreeImporter (284)
[2018.01.06-15.38.15:800][506]LogModuleManager: Shutting down and abandoning module PluginBrowser (282)
[2018.01.06-15.38.15:830][506]LogModuleManager: Shutting down and abandoning module MobileLauncherProfileWizard (280)
[2018.01.06-15.38.15:850][506]LogModuleManager: Shutting down and abandoning module VisualStudioSourceCodeAccess (278)
[2018.01.06-15.38.15:850][506]LogModuleManager: Shutting down and abandoning module DesktopPlatform (277)
[2018.01.06-15.38.15:850][506]LogModuleManager: Shutting down and abandoning module UObjectPlugin (274)
[2018.01.06-15.38.15:850][506]LogModuleManager: Shutting down and abandoning module SubversionSourceControl (272)
[2018.01.06-15.38.15:866][506]LogModuleManager: Shutting down and abandoning module PerforceSourceControl (270)
[2018.01.06-15.38.15:885][506]LogModuleManager: Shutting down and abandoning module GitSourceControl (268)
[2018.01.06-15.38.15:896][506]LogModuleManager: Shutting down and abandoning module SourceControl (267)
[2018.01.06-15.38.15:901][506]LogModuleManager: Shutting down and abandoning module LightPropagationVolumeEditor (264)
[2018.01.06-15.38.15:901][506]LogModuleManager: Shutting down and abandoning module PaperTiledImporter (262)
[2018.01.06-15.38.15:901][506]LogModuleManager: Shutting down and abandoning module PaperSpriteSheetImporter (260)
[2018.01.06-15.38.15:901][506]LogModuleManager: Shutting down and abandoning module Paper2DEditor (258)
[2018.01.06-15.38.15:911][506]LogModuleManager: Shutting down and abandoning module MeshPaint (257)
[2018.01.06-15.38.15:921][506]LogModuleManager: Shutting down and abandoning module LevelEditor (255)
[2018.01.06-15.38.15:928][506]LogModuleManager: Shutting down and abandoning module PixelInspectorModule (254)
[2018.01.06-15.38.15:950][506]LogModuleManager: Shutting down and abandoning module MainFrame (252)
[2018.01.06-15.38.15:960][506]LogModuleManager: Shutting down and abandoning module HotReload (251)
[2018.01.06-15.38.15:974][506]LogModuleManager: Shutting down and abandoning module PhysXVehiclesEditor (246)
[2018.01.06-15.38.15:987][506]LogModuleManager: Shutting down and abandoning module PhysXVehicles (244)
[2018.01.06-15.38.15:987][506]LogModuleManager: Shutting down and abandoning module LocationServicesBPLibrary (242)
[2018.01.06-15.38.15:987][506]LogModuleManager: Shutting down and abandoning module ImmediatePhysicsEditor (240)
[2018.01.06-15.38.15:987][506]LogModuleManager: Shutting down and abandoning module ImmediatePhysics (238)
[2018.01.06-15.38.16:000][506]LogModuleManager: Shutting down and abandoning module UdpMessaging (236)
[2018.01.06-15.38.16:100][506]LogModuleManager: Shutting down and abandoning module TcpMessaging (234)
[2018.01.06-15.38.16:211][506]LogModuleManager: Shutting down and abandoning module GameplayTagsEditor (232)
[2018.01.06-15.38.16:222][506]LogModuleManager: Shutting down and abandoning module FacialAnimationEditor (230)
[2018.01.06-15.38.16:223][506]LogModuleManager: Shutting down and abandoning module FacialAnimation (228)
[2018.01.06-15.38.16:223][506]LogModuleManager: Shutting down and abandoning module AssetManagerEditor (226)
[2018.01.06-15.38.16:244][506]LogModuleManager: Shutting down and abandoning module GraphEditor (225)
[2018.01.06-15.38.16:245][506]LogModuleManager: Shutting down and abandoning module ContentBrowser (223)
[2018.01.06-15.38.16:247][506]LogModuleManager: Shutting down and abandoning module LightPropagationVolumeRuntime (220)
[2018.01.06-15.38.16:247][506]LogModuleManager: Shutting down and abandoning module Paper2D (218)
[2018.01.06-15.38.16:260][506]LogModuleManager: Shutting down and abandoning module WindowsMoviePlayer (216)
[2018.01.06-15.38.16:260][506]LogModuleManager: Shutting down and abandoning module WmfMedia (214)
[2018.01.06-15.38.16:261][506]LogModuleManager: Shutting down and abandoning module ClothingSystemEditor (212)
[2018.01.06-15.38.16:261][506]LogModuleManager: Shutting down and abandoning module ClothingSystemRuntime (210)
[2018.01.06-15.38.16:282][506]LogModuleManager: Shutting down and abandoning module MediaAssets (208)
[2018.01.06-15.38.16:282][506]LogModuleManager: Shutting down and abandoning module GameLiveStreaming (206)
[2018.01.06-15.38.16:293][506]LogModuleManager: Shutting down and abandoning module VREditor (204)
[2018.01.06-15.38.16:303][506]LogModuleManager: Shutting down and abandoning module StringTableEditor (202)
[2018.01.06-15.38.16:325][506]LogModuleManager: Shutting down and abandoning module GameplayTasksEditor (200)
[2018.01.06-15.38.16:325][506]LogModuleManager: Shutting down and abandoning module BehaviorTreeEditor (198)
[2018.01.06-15.38.16:351][506]LogModuleManager: Shutting down and abandoning module FunctionalTesting (196)
[2018.01.06-15.38.16:351][506]LogModuleManager: Shutting down and abandoning module CollisionAnalyzer (194)
[2018.01.06-15.38.16:366][506]LogModuleManager: Shutting down and abandoning module UMG (192)
[2018.01.06-15.38.16:377][506]LogModuleManager: Shutting down and abandoning module UMGEditor (191)
[2018.01.06-15.38.16:414][506]LogModuleManager: Shutting down and abandoning module Sequencer (190)
[2018.01.06-15.38.16:434][506]LogModuleManager: Shutting down and abandoning module AssetTools (188)
[2018.01.06-15.38.16:458][506]LogModuleManager: Shutting down and abandoning module MessageLog (187)
[2018.01.06-15.38.16:458][506]LogModuleManager: Shutting down and abandoning module WorkspaceMenuStructure (186)
[2018.01.06-15.38.16:458][506]LogModuleManager: Shutting down and abandoning module SlateReflector (180)
[2018.01.06-15.38.16:470][506]LogModuleManager: Shutting down and abandoning module Slate (178)
[2018.01.06-15.38.16:470][506]LogModuleManager: Shutting down and abandoning module EditorStyle (176)
[2018.01.06-15.38.16:477][506]LogModuleManager: Shutting down and abandoning module SourceCodeAccess (174)
[2018.01.06-15.38.16:477][506]LogModuleManager: Shutting down and abandoning module HeadMountedDisplay (172)
[2018.01.06-15.38.16:477][506]LogModuleManager: Shutting down and abandoning module XAudio2 (170)
[2018.01.06-15.38.16:477][506]LogModuleManager: Shutting down and abandoning module Networking (168)
[2018.01.06-15.38.16:477][506]LogModuleManager: Shutting down and abandoning module Core (164)
[2018.01.06-15.38.16:477][506]LogModuleManager: Shutting down and abandoning module AssetRegistry (162)
[2018.01.06-15.38.16:674][506]LogDirectoryWatcher: A directory notification for '../../../Engine/Content/' was aborted.
[2018.01.06-15.38.16:674][506]LogDirectoryWatcher: A directory notification for 'C:/Users/David/Documents/GitHub/FuturoImperfecto/PRUEBAS/MechHackAndSlash/Content/' was aborted.
[2018.01.06-15.38.16:674][506]LogDirectoryWatcher: A directory notification for '../../../Engine/Plugins/2D/Paper2D/Content/' was aborted.
[2018.01.06-15.38.16:674][506]LogDirectoryWatcher: A directory notification for '../../../Engine/Plugins/Runtime/GearVR/Content/' was aborted.
[2018.01.06-15.38.16:682][506]LogModuleManager: Shutting down and abandoning module DirectoryWatcher (161)
[2018.01.06-15.38.16:683][506]LogModuleManager: Shutting down and abandoning module KismetCompiler (158)
[2018.01.06-15.38.16:683][506]LogModuleManager: Shutting down and abandoning module LevelSequence (156)
[2018.01.06-15.38.16:683][506]LogModuleManager: Shutting down and abandoning module PhysXFormats (154)
[2018.01.06-15.38.16:683][506]LogModuleManager: Shutting down and abandoning module MeshUtilities (152)
[2018.01.06-15.38.16:691][506]LogModuleManager: Shutting down and abandoning module SimplygonSwarm (151)
[2018.01.06-15.38.16:695][506]LogModuleManager: Shutting down and abandoning module SimplygonMeshReduction (149)
[2018.01.06-15.38.16:695][506]LogModuleManager: Shutting down and abandoning module QuadricMeshReduction (147)
[2018.01.06-15.38.16:700][506]LogModuleManager: Shutting down and abandoning module DerivedDataCache (144)
[2018.01.06-15.38.16:776][506]LogDerivedDataCache: Shutdown
[2018.01.06-15.38.16:776][506]LogModuleManager: Shutting down and abandoning module TargetPlatform (142)
[2018.01.06-15.38.16:776][506]LogModuleManager: Shutting down and abandoning module VulkanShaderFormat (141)
[2018.01.06-15.38.16:795][506]LogModuleManager: Shutting down and abandoning module ShaderFormatVectorVM (139)
[2018.01.06-15.38.16:802][506]LogModuleManager: Shutting down and abandoning module ShaderFormatOpenGL (137)
[2018.01.06-15.38.16:810][506]LogModuleManager: Shutting down and abandoning module ShaderFormatD3D (135)
[2018.01.06-15.38.16:810][506]LogModuleManager: Shutting down and abandoning module MetalShaderFormat (133)
[2018.01.06-15.38.16:816][506]LogModuleManager: Shutting down and abandoning module TextureFormatUncompressed (131)
[2018.01.06-15.38.16:816][506]LogModuleManager: Shutting down and abandoning module TextureFormatPVR (129)
[2018.01.06-15.38.16:816][506]LogModuleManager: Shutting down and abandoning module TextureFormatDXT (127)
[2018.01.06-15.38.16:816][506]LogModuleManager: Shutting down and abandoning module TextureFormatIntelISPCTexComp (125)
[2018.01.06-15.38.16:816][506]LogModuleManager: Shutting down and abandoning module TextureFormatASTC (123)
[2018.01.06-15.38.16:816][506]LogModuleManager: Shutting down and abandoning module ImageWrapper (122)
[2018.01.06-15.38.16:816][506]LogModuleManager: Shutting down and abandoning module TextureFormatAndroid (119)
[2018.01.06-15.38.16:816][506]LogModuleManager: Shutting down and abandoning module AudioFormatOpus (117)
[2018.01.06-15.38.16:816][506]LogModuleManager: Shutting down and abandoning module AudioFormatOgg (115)
[2018.01.06-15.38.16:816][506]LogModuleManager: Shutting down and abandoning module AudioFormatADPCM (113)
[2018.01.06-15.38.16:816][506]LogModuleManager: Shutting down and abandoning module LinuxTargetPlatform (111)
[2018.01.06-15.38.16:816][506]LogModuleManager: Shutting down and abandoning module LinuxServerTargetPlatform (109)
[2018.01.06-15.38.16:816][506]LogModuleManager: Shutting down and abandoning module LinuxNoEditorTargetPlatform (107)
[2018.01.06-15.38.16:816][506]LogModuleManager: Shutting down and abandoning module LinuxClientTargetPlatform (105)
[2018.01.06-15.38.16:816][506]LogModuleManager: Shutting down and abandoning module TVOSTargetPlatform (103)
[2018.01.06-15.38.16:816][506]LogModuleManager: Shutting down and abandoning module Messaging (101)
[2018.01.06-15.38.16:816][506]LogModuleManager: Shutting down and abandoning module IOSTargetPlatform (99)
[2018.01.06-15.38.16:816][506]LogModuleManager: Shutting down and abandoning module HTML5TargetPlatform (97)
[2018.01.06-15.38.16:816][506]LogModuleManager: Shutting down and abandoning module Android_PVRTCTargetPlatform (95)
[2018.01.06-15.38.16:816][506]LogModuleManager: Shutting down and abandoning module Android_MultiTargetPlatform (93)
[2018.01.06-15.38.16:816][506]LogModuleManager: Shutting down and abandoning module Android_ETC2TargetPlatform (91)
[2018.01.06-15.38.16:816][506]LogModuleManager: Shutting down and abandoning module Android_ETC1TargetPlatform (89)
[2018.01.06-15.38.16:816][506]LogModuleManager: Shutting down and abandoning module Android_DXTTargetPlatform (87)
[2018.01.06-15.38.16:817][506]LogModuleManager: Shutting down and abandoning module Android_ATCTargetPlatform (85)
[2018.01.06-15.38.16:817][506]LogModuleManager: Shutting down and abandoning module Android_ASTCTargetPlatform (83)
[2018.01.06-15.38.16:817][506]LogModuleManager: Shutting down and abandoning module AndroidTargetPlatform (81)
[2018.01.06-15.38.16:817][506]LogModuleManager: Shutting down and abandoning module WindowsTargetPlatform (79)
[2018.01.06-15.38.16:817][506]LogModuleManager: Shutting down and abandoning module WindowsServerTargetPlatform (77)
[2018.01.06-15.38.16:817][506]LogModuleManager: Shutting down and abandoning module WindowsNoEditorTargetPlatform (75)
[2018.01.06-15.38.16:817][506]LogModuleManager: Shutting down and abandoning module WindowsClientTargetPlatform (73)
[2018.01.06-15.38.16:817][506]LogModuleManager: Shutting down and abandoning module MacTargetPlatform (71)
[2018.01.06-15.38.16:817][506]LogModuleManager: Shutting down and abandoning module MacServerTargetPlatform (69)
[2018.01.06-15.38.16:817][506]LogModuleManager: Shutting down and abandoning module MacNoEditorTargetPlatform (67)
[2018.01.06-15.38.16:817][506]LogModuleManager: Shutting down and abandoning module MacClientTargetPlatform (65)
[2018.01.06-15.38.16:817][506]LogModuleManager: Shutting down and abandoning module AllDesktopTargetPlatform (63)
[2018.01.06-15.38.16:817][506]LogModuleManager: Shutting down and abandoning module InputCore (60)
[2018.01.06-15.38.16:817][506]LogModuleManager: Shutting down and abandoning module Settings (58)
[2018.01.06-15.38.16:817][506]LogModuleManager: Shutting down and abandoning module OculusRift (56)
[2018.01.06-15.38.16:827][506]LogModuleManager: Shutting down and abandoning module GearVRController (54)
[2018.01.06-15.38.16:827][506]LogModuleManager: Shutting down and abandoning module GearVR (52)
[2018.01.06-15.38.16:839][506]LogModuleManager: Shutting down and abandoning module ExampleDeviceProfileSelector (50)
[2018.01.06-15.38.16:839][506]LogModuleManager: Shutting down and abandoning module OnlineBlueprintSupport (48)
[2018.01.06-15.38.16:839][506]LogModuleManager: Shutting down and abandoning module OnlineSubsystem (44)
[2018.01.06-15.38.16:839][506]LogOnline:Display: Unloading online subsystem: NULL
[2018.01.06-15.38.16:872][506]LogModuleManager: Shutting down and abandoning module XMPP (43)
[2018.01.06-15.38.16:888][506]LogModuleManager: Shutting down and abandoning module HTTP (41)
[2018.01.06-15.38.16:888][506]LogHttp:Display: Http module shutting down, but needs to wait on 1 outstanding Http requests:
[2018.01.06-15.38.16:897][506]LogHttp:Display: 	verb=[POST] url=[https://datarouter.ol.epicgames.com/datarouter/api/v1/public/data?SessionID=%7B26EEF589-44E8-8F0A-EDA2-2186B38B12A7%7D&AppID=UEEditor.Rocket.Release&AppVersion=4.16.2-3514769%2B%2B%2BUE4%2BRelease-4.16&UserID=eedd91be406e0cd25ea0748277e6e73c%7C7a211806f70b4509a5be2640357744fc%7Caa6de738-987c-4c76-bb80-6cc1d099ea00&AppEnvironment=datacollector-binary&UploadType=eteventstream] status=Processing
[2018.01.06-15.38.16:922][506]LogModuleManager: Shutting down and abandoning module SSL (40)
[2018.01.06-15.38.16:947][506]LogModuleManager: Shutting down and abandoning module HTTPChunkInstaller (36)
[2018.01.06-15.38.16:958][506]LogModuleManager: Shutting down and abandoning module AnimationModifiers (34)
[2018.01.06-15.38.16:963][506]LogModuleManager: Shutting down and abandoning module PropertyEditor (33)
[2018.01.06-15.38.16:963][506]LogModuleManager: Shutting down and abandoning module AudioEditor (30)
[2018.01.06-15.38.16:982][506]LogModuleManager: Shutting down and abandoning module TextureCompressor (28)
[2018.01.06-15.38.16:982][506]LogModuleManager: Shutting down and abandoning module ShaderCore (26)
[2018.01.06-15.38.16:982][506]LogModuleManager: Shutting down and abandoning module Landscape (24)
[2018.01.06-15.38.16:982][506]LogModuleManager: Shutting down and abandoning module SlateRHIRenderer (22)
[2018.01.06-15.38.16:998][506]LogModuleManager: Shutting down and abandoning module OpenGLDrv (20)
[2018.01.06-15.38.17:021][506]LogModuleManager: Shutting down and abandoning module D3D11RHI (18)
[2018.01.06-15.38.17:021][506]LogModuleManager: Shutting down and abandoning module AnimGraphRuntime (16)
[2018.01.06-15.38.17:021][506]LogModuleManager: Shutting down and abandoning module Renderer (14)
[2018.01.06-15.38.17:021][506]LogModuleManager: Shutting down and abandoning module Engine (12)
[2018.01.06-15.38.17:021][506]LogModuleManager: Shutting down and abandoning module CoreUObject (10)
[2018.01.06-15.38.17:021][506]LogModuleManager: Shutting down and abandoning module NetworkFile (8)
[2018.01.06-15.38.17:021][506]LogModuleManager: Shutting down and abandoning module StreamingFile (6)
[2018.01.06-15.38.17:021][506]LogModuleManager: Shutting down and abandoning module SandboxFile (4)
[2018.01.06-15.38.17:021][506]LogModuleManager: Shutting down and abandoning module PakFile (2)
[2018.01.06-15.38.17:025][506]LogExit: Exiting.
[2018.01.06-15.38.17:076][506]Log file closed, 01/06/18 16:38:17
