Log file open, 05/15/18 16:44:06
LogInit:Display: Running engine for game: MechHackAndSlash
LogPlatformFile: Not using cached read wrapper
LogInit:Display: RandInit(-2038725965) SRandInit(-2038725964).
LogTaskGraph: Started task graph with 5 named threads and 8 total threads with 1 sets of task threads.
LogStats: Stats thread started at 3.275283
LogInit: Using libcurl 7.47.1
LogInit:  - built for x86_64-pc-win32
LogInit:  - supports SSL with OpenSSL/1.0.2g
LogInit:  - supports HTTP deflate (compression) using libz 1.2.8
LogInit:  - other features:
LogInit:      CURL_VERSION_SSL
LogInit:      CURL_VERSION_LIBZ
LogInit:      CURL_VERSION_IPV6
LogInit:      CURL_VERSION_ASYNCHDNS
LogInit:      CURL_VERSION_LARGEFILE
LogInit:      CURL_VERSION_IDN
LogInit:  CurlRequestOptions (configurable via config and command line):
LogInit:  - bVerifyPeer = false  - Libcurl will NOT verify peer certificate
LogInit:  - bUseHttpProxy = false  - Libcurl will NOT use HTTP proxy
LogInit:  - bDontReuseConnections = false  - Libcurl will reuse connections
LogInit:  - CertBundlePath = nullptr  - Libcurl will use whatever was configured at build time.
LogInit: Build: ++UE4+Release-4.16-CL-3561208
LogInit: Engine Version: 4.16.3-3561208+++UE4+Release-4.16
LogInit: Compatible Engine Version: 4.16.0-3452394+++UE4+Release-4.16
LogInit: Net CL: 3452394
LogDevObjectVersion: Number of dev versions registered: 16
LogDevObjectVersion:   Dev-Blueprints (B0D832E4-1F89-4F0D-ACCF-7EB736FD4AA2): 9
LogDevObjectVersion:   Dev-Build (E1C64328-A22C-4D53-A36C-8E866417BD8C): 0
LogDevObjectVersion:   Dev-Core (375EC13C-06E4-48FB-B500-84F0262A717E): 2
LogDevObjectVersion:   Dev-Editor (E4B068ED-F494-42E9-A231-DA0B2E46BB41): 17
LogDevObjectVersion:   Dev-Framework (CFFC743F-43B0-4480-9391-14DF171D2073): 23
LogDevObjectVersion:   Dev-Mobile (B02B49B5-BB20-44E9-A304-32B752E40360): 0
LogDevObjectVersion:   Dev-Networking (A4E4105C-59A1-49B5-A7C5-40C4547EDFEE): 0
LogDevObjectVersion:   Dev-Online (39C831C9-5AE6-47DC-9A44-9C173E1C8E7C): 0
LogDevObjectVersion:   Dev-Physics (78F01B33-EBEA-4F98-B9B4-84EACCB95AA2): 0
LogDevObjectVersion:   Dev-Platform (6631380F-2D4D-43E0-8009-CF276956A95A): 0
LogDevObjectVersion:   Dev-Rendering (12F88B9F-8875-4AFC-A67C-D90C383ABD29): 15
LogDevObjectVersion:   Dev-Sequencer (7B5AE74C-D270-4C10-A958-57980B212A5A): 4
LogDevObjectVersion:   Dev-VR (D7296918-1DD6-4BDD-9DE2-64A83CC13884): 0
LogDevObjectVersion:   Dev-LoadTimes (C2A15278-BFE7-4AFE-6C17-90FF531DF755): 1
LogDevObjectVersion:   Private-Geometry (6EACA3D4-40EC-4CC1-B786-8BED09428FC5): 1
LogDevObjectVersion:   Dev-AnimPhys (29E575DD-E0A3-4627-9D10-D276232CDCEA): 3
LogInit: Compiled (64-bit): Jul 28 2017 11:49:47
LogInit: Compiled with Visual C++: 19.00.24215.01
LogInit: Build Configuration: Development
LogInit: Branch Name: ++UE4+Release-4.16
LogInit: Command line:  
LogInit: Base directory: D:/Program Files (x86)/Epic Games/UE_4.16/Engine/Binaries/Win64/
LogInit: Installed Engine Build: 1
LogInit: Presizing for max 8388607 objects, including 0 objects not considered by GC, pre-allocating 0 bytes for permanent pool.
LogInit: Object subsystem initialized
[2018.05.15-14.44.08:124][  0]LogInit: Selected Device Profile: [Windows]
[2018.05.15-14.44.08:124][  0]LogInit: Applying CVar settings loaded from the selected device profile: [Windows]
[2018.05.15-14.44.08:261][  0]LogInit: Computer: DAVIDMASTERRACE
[2018.05.15-14.44.08:261][  0]LogInit: User: David
[2018.05.15-14.44.08:261][  0]LogInit: CPU Page size=4096, Cores=4
[2018.05.15-14.44.08:261][  0]LogInit: High frequency timer resolution =3.417964 MHz
[2018.05.15-14.44.08:277][  0]LogMemory: Memory total: Physical=15.9GB (16GB approx)
[2018.05.15-14.44.08:277][  0]LogMemory: Platform Memory Stats for Windows
[2018.05.15-14.44.08:277][  0]LogMemory: Process Physical Memory: 273.19 MB used, 273.19 MB peak
[2018.05.15-14.44.08:277][  0]LogMemory: Process Virtual Memory: 262.51 MB used, 262.51 MB peak
[2018.05.15-14.44.08:277][  0]LogMemory: Physical Memory: 5675.58 MB used,  10650.86 MB free, 16326.44 MB total
[2018.05.15-14.44.08:277][  0]LogMemory: Virtual Memory: 619.07 MB used,  10650.86 MB free, 134217728.00 MB total
[2018.05.15-14.44.09:251][  0]LogInit: Overriding language with editor language configuration option (en).
[2018.05.15-14.44.09:251][  0]LogInit: Overriding locale with editor locale configuration option (en).
[2018.05.15-14.44.13:998][  0]LogD3D11RHI: D3D11 adapters:
[2018.05.15-14.44.14:026][  0]LogD3D11RHI:    0. 'NVIDIA GeForce GTX 970' (Feature Level 11_0)
[2018.05.15-14.44.14:026][  0]LogD3D11RHI:       3975/0/8163 MB DedicatedVideo/DedicatedSystem/SharedSystem, Outputs:1, VendorId:0x10de
[2018.05.15-14.44.14:027][  0]LogD3D11RHI:    1. 'Microsoft Basic Render Driver' (Feature Level 11_0)
[2018.05.15-14.44.14:027][  0]LogD3D11RHI:       0/0/256 MB DedicatedVideo/DedicatedSystem/SharedSystem, Outputs:0, VendorId:0x1414
[2018.05.15-14.44.14:027][  0]LogD3D11RHI: Chosen D3D11 Adapter: 0
[2018.05.15-14.44.14:053][  0]LogD3D11RHI: Creating new Direct3DDevice
[2018.05.15-14.44.14:053][  0]LogD3D11RHI:     GPU DeviceId: 0x13c2 (for the marketing name, search the web for "GPU Device Id")
[2018.05.15-14.44.14:053][  0]LogWindows: EnumDisplayDevices:
[2018.05.15-14.44.14:053][  0]LogWindows:    0. 'NVIDIA GeForce GTX 970' (P:1 D:1)
[2018.05.15-14.44.14:054][  0]LogWindows:    1. 'NVIDIA GeForce GTX 970' (P:0 D:0)
[2018.05.15-14.44.14:054][  0]LogWindows:    2. 'NVIDIA GeForce GTX 970' (P:0 D:0)
[2018.05.15-14.44.14:054][  0]LogWindows:    3. 'NVIDIA GeForce GTX 970' (P:0 D:0)
[2018.05.15-14.44.14:054][  0]LogWindows: DebugString: FoundDriverCount:4 
[2018.05.15-14.44.14:054][  0]LogD3D11RHI:     Adapter Name: NVIDIA GeForce GTX 970
[2018.05.15-14.44.14:054][  0]LogD3D11RHI:   Driver Version: 388.13 (internal:23.21.13.8813, unified:388.13)
[2018.05.15-14.44.14:054][  0]LogD3D11RHI:      Driver Date: 10-27-2017
[2018.05.15-14.44.14:054][  0]LogRHI: Texture pool is 1361 MB (70% of 1945 MB)
[2018.05.15-14.44.14:068][  0]LogD3D11RHI: Async texture creation enabled
[2018.05.15-14.44.14:466][  0]LogD3D11RHI: GPU Timing Frequency: 1000.000000 (Debug: 2 2)
[2018.05.15-14.44.14:607][  0]LogShaderCompilers: Guid format shader working directory is -26 characters bigger than the processId version (C:/Users/David/Documents/GitHub/FuturoImperfecto/PRUEBAS/MechHackAndSlash/Intermediate/Shaders/WorkingDirectory/868/).
[2018.05.15-14.44.14:607][  0]LogShaderCompilers: Cleaned the shader compiler working directory 'C:/Users/David/AppData/Local/Temp/UnrealShaderWorkingDir/D74F9DFD4959269133597E8EE367E7B7/'.
[2018.05.15-14.44.14:616][  0]LogShaderCompilers:Display: Using Local Shader Compiler.
[2018.05.15-14.44.19:287][  0]LogTemp:Display: Loaded TP AllDesktopTargetPlatform
[2018.05.15-14.44.19:370][  0]LogTemp:Display: Loaded TP MacClientTargetPlatform
[2018.05.15-14.44.19:444][  0]LogTemp:Display: Loaded TP MacNoEditorTargetPlatform
[2018.05.15-14.44.19:497][  0]LogTemp:Display: Loaded TP MacServerTargetPlatform
[2018.05.15-14.44.19:556][  0]LogTemp:Display: Loaded TP MacTargetPlatform
[2018.05.15-14.44.19:590][  0]LogTemp:Display: Loaded TP WindowsClientTargetPlatform
[2018.05.15-14.44.19:627][  0]LogTemp:Display: Loaded TP WindowsNoEditorTargetPlatform
[2018.05.15-14.44.19:669][  0]LogTemp:Display: Loaded TP WindowsServerTargetPlatform
[2018.05.15-14.44.19:709][  0]LogTemp:Display: Loaded TP WindowsTargetPlatform
[2018.05.15-14.44.19:779][  0]LogTemp:Display: Loaded TP AndroidTargetPlatform
[2018.05.15-14.44.19:820][  0]LogTemp:Display: Loaded TP Android_ASTCTargetPlatform
[2018.05.15-14.44.19:867][  0]LogTemp:Display: Loaded TP Android_ATCTargetPlatform
[2018.05.15-14.44.19:910][  0]LogTemp:Display: Loaded TP Android_DXTTargetPlatform
[2018.05.15-14.44.19:958][  0]LogTemp:Display: Loaded TP Android_ETC1TargetPlatform
[2018.05.15-14.44.20:014][  0]LogTemp:Display: Loaded TP Android_ETC2TargetPlatform
[2018.05.15-14.44.20:107][  0]LogTemp:Display: Loaded TP Android_MultiTargetPlatform
[2018.05.15-14.44.20:107][  0]LogTemp:Display: Loaded TP Android_PVRTCTargetPlatform
[2018.05.15-14.44.20:136][  0]LogTemp:Display: Loaded TP HTML5TargetPlatform
[2018.05.15-14.44.20:281][  0]LogTemp:Display: Loaded TP IOSTargetPlatform
[2018.05.15-14.44.20:301][  0]LogTemp:Display: Loaded TP TVOSTargetPlatform
[2018.05.15-14.44.20:342][  0]LogTemp:Display: Loaded TP LinuxClientTargetPlatform
[2018.05.15-14.44.20:381][  0]LogTemp:Display: Loaded TP LinuxNoEditorTargetPlatform
[2018.05.15-14.44.20:427][  0]LogTemp:Display: Loaded TP LinuxServerTargetPlatform
[2018.05.15-14.44.20:481][  0]LogTemp:Display: Loaded TP LinuxTargetPlatform
[2018.05.15-14.44.20:481][  0]LogTargetPlatformManager:Display: Building Assets For Windows
[2018.05.15-14.44.21:799][  0]LogDerivedDataCache:Display: Max Cache Size: 512 MB
[2018.05.15-14.44.22:197][  0]LogDerivedDataCache: Loaded boot cache 0.40s 91MB C:/Users/David/AppData/Local/UnrealEngine/4.16/DerivedDataCache/Boot.ddc.
[2018.05.15-14.44.22:197][  0]LogDerivedDataCache:Display: Loaded Boot cache: C:/Users/David/AppData/Local/UnrealEngine/4.16/DerivedDataCache/Boot.ddc
[2018.05.15-14.44.22:197][  0]LogDerivedDataCache: FDerivedDataBackendGraph:  Pak pak cache file C:/Users/David/Documents/GitHub/FuturoImperfecto/PRUEBAS/MechHackAndSlash/DerivedDataCache/DDC.ddp not found, will not use a pak cache.
[2018.05.15-14.44.22:197][  0]LogDerivedDataCache: Unable to find inner node Pak for hierarchical cache Hierarchy.
[2018.05.15-14.44.22:197][  0]LogDerivedDataCache: FDerivedDataBackendGraph:  CompressedPak pak cache file C:/Users/David/Documents/GitHub/FuturoImperfecto/PRUEBAS/MechHackAndSlash/DerivedDataCache/Compressed.ddp not found, will not use a pak cache.
[2018.05.15-14.44.22:197][  0]LogDerivedDataCache: Unable to find inner node CompressedPak for hierarchical cache Hierarchy.
[2018.05.15-14.44.22:271][  0]LogDerivedDataCache:Display: Pak cache opened for reading ../../../Engine/DerivedDataCache/Compressed.ddp.
[2018.05.15-14.44.22:283][  0]LogDerivedDataCache: Using Local data cache path C:/Users/David/AppData/Local/UnrealEngine/Common/DerivedDataCache: Writable
[2018.05.15-14.44.22:388][  0]LogMaterial: Verifying Global Shaders for PCD3D_SM5
[2018.05.15-14.44.22:464][  0]LogSlate: Using Freetype 2.6.0
[2018.05.15-14.44.22:593][  0]LogSlate: SlateFontCache - WITH_FREETYPE: 1, WITH_HARFBUZZ: 1
[2018.05.15-14.44.22:593][  0]LogSlate: SlateFontCache - WITH_FREETYPE: 1, WITH_HARFBUZZ: 1
[2018.05.15-14.44.32:334][  0]LogInit: Selected Device Profile: [Windows]
[2018.05.15-14.44.33:777][  0]LogContentStreaming: Texture pool size is 0.00 MB
[2018.05.15-14.44.34:626][  0]LogMeshUtilities: Using QuadricMeshReduction for automatic static mesh reduction
[2018.05.15-14.44.34:762][  0]LogSimplygon: Simplygon DLL not present - disabling.
[2018.05.15-14.44.34:844][  0]LogMeshUtilities: Using SimplygonSwarm for distributed automatic mesh merging
[2018.05.15-14.44.34:844][  0]LogMeshUtilities: No automatic skeletal mesh reduction module available
[2018.05.15-14.44.34:844][  0]LogMeshUtilities: No automatic mesh merging module available
[2018.05.15-14.44.41:276][  0]LogNetVersion: MechHackAndSlash , NetCL: 3452394, EngineNetVer: 2, GameNetVer: 0 (Checksum: 86869316)
[2018.05.15-14.44.41:790][  0]LogAssetRegistry: FAssetRegistry took 0.0431 seconds to start up
[2018.05.15-14.44.42:090][  0]LogPackageLocalizationCache: Processed 4 localized package path(s) for 1 prioritized culture(s) in 0.181378 seconds
[2018.05.15-14.44.42:162][  0]LogUObjectArray: 34194 objects as part of root set at end of initial load.
[2018.05.15-14.44.42:162][  0]LogUObjectAllocator: 7260416 out of 0 bytes used by permanent object pool.
[2018.05.15-14.44.42:163][  0]LogUObjectArray: CloseDisregardForGC: 0/0 objects in disregard for GC pool
[2018.05.15-14.44.42:344][  0]LogInit: WinSock: version 1.1 (2.2), MaxSocks=32767, MaxUdp=65467
[2018.05.15-14.44.59:846][  0]LogTcpMessaging: Initializing TcpMessaging bridge
[2018.05.15-14.44.59:892][  0]LogUdpMessaging: Initializing bridge on interface 0.0.0.0:0 to multicast group 230.0.0.1:6666.
[2018.05.15-14.45.01:489][  0]LogMaterial: Uniform references updated for custom material expression Custom.
[2018.05.15-14.45.02:605][  0]SourceControl: Info Source control is disabled
[2018.05.15-14.45.02:834][  0]SourceControl: Info Source control is disabled
[2018.05.15-14.45.02:930][  0]SourceControl: Info Source control is disabled
[2018.05.15-14.45.03:010][  0]SourceControl: Info Source control is disabled
[2018.05.15-14.45.04:521][  0]LogAndroidPermission: UAndroidPermissionCallbackProxy::GetInstance
[2018.05.15-14.45.05:796][  0]LogEngine: Initializing Engine...
[2018.05.15-14.45.05:837][  0]LogHMD: Failed to initialize OpenVR with code 110
[2018.05.15-14.45.06:720][  0]LogStats: UGameplayTagsManager::ConstructGameplayTagTree: Construct from data asset -  0.000 s
[2018.05.15-14.45.06:720][  0]LogStats: UGameplayTagsManager::ConstructGameplayTagTree: GameplayTagTreeChangedEvent.Broadcast -  0.000 s
[2018.05.15-14.45.07:397][  0]LogAIModule: Creating AISystem for world Untitled
[2018.05.15-14.45.07:701][  0]LogInit: XAudio2 using 'Speakers (Realtek High Definition Audio)' : 2 channels at 48 kHz using 32 bits per sample (channel mask 0x3)
[2018.05.15-14.45.07:715][  0]LogInit: FAudioDevice initialized.
[2018.05.15-14.45.07:767][  0]LogDerivedDataCache: Saved boot cache 0.04s 91MB C:/Users/David/AppData/Local/UnrealEngine/4.16/DerivedDataCache/Boot.ddc.
[2018.05.15-14.45.07:776][  0]LogInit: Texture streaming: Enabled
[2018.05.15-14.45.08:063][  0]LogEngineSessionManager: EngineSessionManager initialized
[2018.05.15-14.45.08:602][  0]LogInit: Transaction tracking system initialized
[2018.05.15-14.45.09:136][  0]BlueprintLog: New page: Editor Load
[2018.05.15-14.45.10:987][  0]LocalizationService: Info Localization service is disabled
[2018.05.15-14.45.12:181][  0]LogConsoleResponse:Display: 
[2018.05.15-14.45.15:318][  0]LogFileCache: Scanning file cache for directory 'C:/Users/David/Documents/GitHub/FuturoImperfecto/PRUEBAS/MechHackAndSlash/Content/' took 0.08s
[2018.05.15-14.45.15:318][  0]LogCook:Display: Max memory allowance for cook 16384mb min free memory 0mb
[2018.05.15-14.45.15:319][  0]LogCook:Display: Mobile HDR setting 1
[2018.05.15-14.45.18:147][  0]SourceControl: Info Source control is disabled
[2018.05.15-14.45.18:194][  0]Cmd: MAP LOAD FILE="C:/Users/David/Documents/GitHub/FuturoImperfecto/PRUEBAS/MechHackAndSlash/Content/Niveles/ThirdPersonExampleMap.umap" TEMPLATE=0 SHOWPROGRESS=1 FEATURELEVEL=3
[2018.05.15-14.45.18:217][  0]LightingResults: New page: Lighting Build
[2018.05.15-14.45.18:491][  0]MapCheck: New page: Map Check
[2018.05.15-14.45.18:491][  0]LightingResults: New page: Lighting Build
[2018.05.15-14.45.28:006][  0]LogAIModule: Creating AISystem for world ThirdPersonExampleMap
[2018.05.15-14.45.32:781][  0]LogClass:Warning: Enum '/Game/GrassBlueprint/Enumerator/WindAssets.WindAssets' was upgraded to use FText to store its display name data. Please re-save this asset to avoid issues with localization and determinstic cooking.
[2018.05.15-14.45.36:499][  0]LogEditorServer: Finished looking for orphan Actors (0.001 secs)
[2018.05.15-14.45.37:105][  0]Cmd: MAP CHECKDEP NOCLEARLOG
[2018.05.15-14.45.37:277][  0]MapCheck: Info Map check complete: 0 Error(s), 0 Warning(s), took 167.269ms to complete.
[2018.05.15-14.45.37:277][  0]LogFileHelpers: Loading map 'ThirdPersonExampleMap' took 19.101
[2018.05.15-14.45.39:544][  0]LogCollectionManager: Loaded 0 collections in 0.000996 seconds
[2018.05.15-14.45.39:707][  0]LogFileCache: Scanning file cache for directory 'C:/Users/David/Documents/GitHub/FuturoImperfecto/PRUEBAS/MechHackAndSlash/Saved/Collections/' took 0.01s
[2018.05.15-14.45.39:707][  0]LogFileCache: Scanning file cache for directory 'C:/Users/David/Documents/GitHub/FuturoImperfecto/PRUEBAS/MechHackAndSlash/Content/Developers/David/Collections/' took 0.01s
[2018.05.15-14.45.39:707][  0]LogFileCache: Scanning file cache for directory 'C:/Users/David/Documents/GitHub/FuturoImperfecto/PRUEBAS/MechHackAndSlash/Content/Collections/' took 0.01s
[2018.05.15-14.45.39:707][  0]LogCollectionManager: Rebuilt the GUID cache for 0 collections in 0.000004 seconds
[2018.05.15-14.45.39:733][  0]LogContentBrowser: Native class hierarchy populated in 0.0231 seconds. Added 2336 classes and 493 folders.
[2018.05.15-14.45.39:971][  0]LogContentBrowser: Native class hierarchy updated for 'WidgetCarousel' in 0.0008 seconds. Added 0 classes and 0 folders.
[2018.05.15-14.45.41:525][  0]LogContentBrowser: Native class hierarchy updated for 'AddContentDialog' in 0.0012 seconds. Added 0 classes and 0 folders.
[2018.05.15-14.45.41:658][  0]LogContentBrowser: Native class hierarchy updated for 'SceneOutliner' in 0.0008 seconds. Added 1 classes and 2 folders.
[2018.05.15-14.45.41:822][  0]LogContentBrowser: Native class hierarchy updated for 'WorldBrowser' in 0.0012 seconds. Added 1 classes and 3 folders.
[2018.05.15-14.45.42:978][  0]LogCrashTracker: Crashtracker disabled due to settings.
[2018.05.15-14.45.43:166][  0]LogSlate: Took 0.013515 seconds to synchronously load lazily loaded font '../../../Engine/Content/Slate/Fonts/Roboto-Regular.ttf' (155K)
[2018.05.15-14.45.43:203][  0]LogSlate: Took 0.019592 seconds to synchronously load lazily loaded font '../../../Engine/Content/Slate/Fonts/Roboto-Bold.ttf' (160K)
[2018.05.15-14.45.43:295][  0]LogSlate: Took 0.013778 seconds to synchronously load lazily loaded font '../../../Engine/Content/Editor/Slate/Fonts/FontAwesome.ttf' (139K)
[2018.05.15-14.45.43:987][  0]LogRenderer: Reallocating scene render targets to support 1204x572 NumSamples 1 (Frame:1).
[2018.05.15-14.45.44:847][  0]LogUObjectGlobals:Warning: Failed to find object 'Class None.'
[2018.05.15-14.45.45:061][  0]LogContentBrowser: Native class hierarchy updated for 'HierarchicalLODOutliner' in 0.0015 seconds. Added 1 classes and 2 folders.
[2018.05.15-14.45.45:061][  0]LogLoad: (Engine Initialization) Total time: 110.37 seconds
[2018.05.15-14.45.45:061][  0]LogLoad: (Engine Initialization) Total Blueprint compile time: 3.51 seconds
[2018.05.15-14.45.45:061][  0]LogExternalProfiler: Found external profiler: VSPerf
[2018.05.15-14.45.45:061][  0]LogExternalProfiler: Using external profiler: VSPerf
[2018.05.15-14.45.45:463][  0]LogOcInput: OculusInput pre-init called
[2018.05.15-14.45.45:473][  0]LogHMD: Starting GearVRController plugin
[2018.05.15-14.45.45:964][  0]LogContentStreaming: Texture pool size now 1000 MB
[2018.05.15-14.45.47:039][  1]LogSlate: Took 0.009680 seconds to synchronously load lazily loaded font '../../../Engine/Content/Slate/Fonts/Roboto-Light.ttf' (159K)
[2018.05.15-14.45.47:473][  3]LogAssetRegistry: Asset discovery search completed in 65.7064 seconds
[2018.05.15-14.45.47:510][  3]LogCollectionManager: Rebuilt the object cache for 0 collections in 0.000001 seconds (found 0 objects)
[2018.05.15-14.45.47:510][  3]LogCollectionManager: Fixed up redirectors for 0 collections in 0.009095 seconds (updated 0 objects)
[2018.05.15-14.46.11:747][773]LogSlate: Took 0.000144 seconds to synchronously load lazily loaded font '../../../Engine/Content/Slate/Fonts/Roboto-Light.ttf' (159K)
[2018.05.15-14.46.12:340][773]LogSlate: Took 0.000129 seconds to synchronously load lazily loaded font '../../../Engine/Content/Slate/Fonts/Roboto-Regular.ttf' (155K)
[2018.05.15-14.46.12:638][773]LogContentBrowser: Native class hierarchy updated for 'BlueprintGraph' in 0.0011 seconds. Added 112 classes and 0 folders.
[2018.05.15-14.46.15:215][773]LogSlate: Took 0.015567 seconds to synchronously load lazily loaded font '../../../Engine/Content/Editor/Slate/Fonts/Roboto-BoldCondensed.ttf' (158K)
[2018.05.15-14.46.17:115][774]LogSlate: Took 0.013312 seconds to synchronously load lazily loaded font '../../../Engine/Content/Editor/Slate/Fonts/Roboto-Italic.ttf' (157K)
[2018.05.15-14.49.02:851][827]LogContentBrowser: Native class hierarchy updated for 'SkeletonEditor' in 0.0006 seconds. Added 1 classes and 2 folders.
[2018.05.15-14.49.03:364][827]LogActorComponent: RegisterComponentWithWorld: (/Engine/Transient.World_18:PersistentLevel.Actor_0.DebugSkelMeshComponent_0) Already registered. Aborting.
[2018.05.15-14.49.03:736][827]LogSkeletalMesh: USkeletalMeshComponent::InitArticulated : Bodies already created (/Engine/Transient.World_18:PersistentLevel.Actor_0.DebugSkelMeshComponent_0) - call TermArticulated first.
[2018.05.15-14.49.05:062][827]LogContentBrowser: Native class hierarchy updated for 'ClothingSystemEditorInterface' in 0.0011 seconds. Added 1 classes and 0 folders.
[2018.05.15-14.49.05:277][827]LogStaticMesh: Allocated 499x136x64 distance field atlas = 8.3Mb, with 68 objects containing 3.9Mb backing data
[2018.05.15-14.49.05:277][827]LogContentBrowser:Verbose: The majority of assets in the view are of type: AnimSequence
[2018.05.15-14.49.19:316][909]LogSavePackage: Save=123.25ms
[2018.05.15-14.49.19:316][909]LogSavePackage: Moving 'C:/Users/David/Documents/GitHub/FuturoImperfecto/PRUEBAS/MechHackAndSlash/Saved/AtaqueMagneticoE8A59FE14C7A285AB4DDF597F33E3047.tmp' to 'C:/Users/David/Documents/GitHub/FuturoImperfecto/PRUEBAS/MechHackAndSlash/Content/Jugador/AnimationMontage/AtaqueMagnetico.uasset'
[2018.05.15-14.49.19:339][909]LogSavePackage:Display: Finished SavePackage C:/Users/David/Documents/GitHub/FuturoImperfecto/PRUEBAS/MechHackAndSlash/Content/Jugador/AnimationMontage/AtaqueMagnetico.uasset
[2018.05.15-14.49.23:579][210]LogActorComponent: RegisterComponentWithWorld: (/Engine/Transient.World_21:PersistentLevel.Actor_1.DebugSkelMeshComponent_2) Already registered. Aborting.
[2018.05.15-14.49.23:631][210]LogSkeletalMesh: USkeletalMeshComponent::InitArticulated : Bodies already created (/Engine/Transient.World_21:PersistentLevel.Actor_1.DebugSkelMeshComponent_2) - call TermArticulated first.
[2018.05.15-14.49.23:950][210]LogContentBrowser:Verbose: The majority of assets in the view are of type: AnimSequence
[2018.05.15-14.50.14:038][672]Cmd: OBJ SAVEPACKAGE PACKAGE="/Game/Jugador/Warrior_BP" FILE="C:/Users/David/Documents/GitHub/FuturoImperfecto/PRUEBAS/MechHackAndSlash/Content/Jugador/Warrior_BP.uasset" SILENT=true
[2018.05.15-14.50.15:074][672]LogSavePackage: Save=1024.92ms
[2018.05.15-14.50.15:074][672]LogSavePackage: Moving 'C:/Users/David/Documents/GitHub/FuturoImperfecto/PRUEBAS/MechHackAndSlash/Saved/Warrior_BP1610E2E64FC6CF7F927A079A6E5C69B6.tmp' to 'C:/Users/David/Documents/GitHub/FuturoImperfecto/PRUEBAS/MechHackAndSlash/Content/Jugador/Warrior_BP.uasset'
[2018.05.15-14.50.15:077][672]LogSavePackage:Display: Finished SavePackage C:/Users/David/Documents/GitHub/FuturoImperfecto/PRUEBAS/MechHackAndSlash/Content/Jugador/Warrior_BP.uasset
[2018.05.15-14.50.15:236][672]LogSpawn:Warning: UWorld::DestroyActor: World has no context! World: BlueLevel, Actor: /Game/Niveles/BlueLevel.BlueLevel:PersistentLevel.BlueLevel_C_0
[2018.05.15-14.50.15:935][672]LogSavePackage: Save=717.68ms
[2018.05.15-14.50.15:935][672]LogSavePackage: Moving 'C:/Users/David/Documents/GitHub/FuturoImperfecto/PRUEBAS/MechHackAndSlash/Saved/BlueLevelC56925F34BB82347E2DCF9B59672F53F.tmp' to 'C:/Users/David/Documents/GitHub/FuturoImperfecto/PRUEBAS/MechHackAndSlash/Content/Niveles/BlueLevel.umap'
[2018.05.15-14.50.15:941][672]LogSavePackage:Display: Finished SavePackage C:/Users/David/Documents/GitHub/FuturoImperfecto/PRUEBAS/MechHackAndSlash/Content/Niveles/BlueLevel.umap
[2018.05.15-14.50.15:960][672]LogFileHelpers: Saving map 'BlueLevel' took 0.880
[2018.05.15-16.21.07:735][ 86]LogSlate: Took 0.000155 seconds to synchronously load lazily loaded font '../../../Engine/Content/Slate/Fonts/Roboto-Light.ttf' (159K)
[2018.05.15-16.26.07:721][633]LogActorComponent: UnregisterComponent: (/Engine/Transient.EditorFloorComp) Not registered. Aborting.
[2018.05.15-16.26.07:831][633]LogActorComponent: UnregisterComponent: (/Engine/Transient.EditorFloorComp) Not registered. Aborting.
[2018.05.15-16.26.07:915][633]LogWindowsTextInputMethodSystem:Display: IME system now deactivated.
[2018.05.15-16.26.08:306][634]Cmd: QUIT_EDITOR
[2018.05.15-16.26.08:680][634]LogExit: Preparing to exit.
[2018.05.15-16.26.10:337][634]LogExit: Editor shut down
[2018.05.15-16.26.10:342][634]LogExit: Transaction tracking system shut down
[2018.05.15-16.26.11:510][634]LogObj: Freed 0b from 0 cluster array pools.
[2018.05.15-16.26.11:510][634]LogExit: Object subsystem successfully closed.
[2018.05.15-16.26.11:655][634]LogD3D11RHI: Shutdown
[2018.05.15-16.26.11:655][634]LogD3D11RHI: CleanupD3DDevice
[2018.05.15-16.26.11:839][634]LogD3D11RHI: ~FD3D11DynamicRHI
[2018.05.15-16.26.12:527][634]LogModuleManager: Shutting down and abandoning module ClothingSystemEditorInterface (538)
[2018.05.15-16.26.12:536][634]LogModuleManager: Shutting down and abandoning module SkeletonEditor (536)
[2018.05.15-16.26.12:536][634]LogModuleManager: Shutting down and abandoning module AnimationEditor (534)
[2018.05.15-16.26.12:536][634]LogModuleManager: Shutting down and abandoning module BlueprintGraph (532)
[2018.05.15-16.26.12:536][634]LogModuleManager: Shutting down and abandoning module BlueprintProfiler (530)
[2018.05.15-16.26.12:553][634]LogModuleManager: Shutting down and abandoning module HierarchicalLODOutliner (528)
[2018.05.15-16.26.12:559][634]LogModuleManager: Shutting down and abandoning module CrashTracker (526)
[2018.05.15-16.26.12:559][634]LogModuleManager: Shutting down and abandoning module WorldBrowser (524)
[2018.05.15-16.26.12:565][634]LogModuleManager: Shutting down and abandoning module SceneOutliner (522)
[2018.05.15-16.26.12:575][634]LogModuleManager: Shutting down and abandoning module AddContentDialog (520)
[2018.05.15-16.26.12:586][634]LogDirectoryWatcher: A directory notification for 'D:/Program Files (x86)/Epic Games/UE_4.16/FeaturePacks/' was aborted.
[2018.05.15-16.26.12:590][634]LogModuleManager: Shutting down and abandoning module WidgetCarousel (519)
[2018.05.15-16.26.12:590][634]LogModuleManager: Shutting down and abandoning module EditorWidgets (516)
[2018.05.15-16.26.12:590][634]LogModuleManager: Shutting down and abandoning module CollectionManager (514)
[2018.05.15-16.26.12:590][634]LogDirectoryWatcher: A directory notification for 'C:/Users/David/Documents/GitHub/FuturoImperfecto/PRUEBAS/MechHackAndSlash/Content/Collections/' was aborted.
[2018.05.15-16.26.12:590][634]LogDirectoryWatcher: A directory notification for 'C:/Users/David/Documents/GitHub/FuturoImperfecto/PRUEBAS/MechHackAndSlash/Content/Developers/David/Collections/' was aborted.
[2018.05.15-16.26.12:591][634]LogDirectoryWatcher: A directory notification for 'C:/Users/David/Documents/GitHub/FuturoImperfecto/PRUEBAS/MechHackAndSlash/Saved/Collections/' was aborted.
[2018.05.15-16.26.12:591][634]LogModuleManager: Shutting down and abandoning module StatsViewer (512)
[2018.05.15-16.26.12:595][634]LogModuleManager: Shutting down and abandoning module FoliageEdit (510)
[2018.05.15-16.26.12:595][634]LogModuleManager: Shutting down and abandoning module LandscapeEditor (508)
[2018.05.15-16.26.12:620][634]LogModuleManager: Shutting down and abandoning module MeshPaintMode (506)
[2018.05.15-16.26.12:620][634]LogModuleManager: Shutting down and abandoning module SceneDepthPickerMode (504)
[2018.05.15-16.26.12:620][634]LogModuleManager: Shutting down and abandoning module ActorPickerMode (502)
[2018.05.15-16.26.12:620][634]LogModuleManager: Shutting down and abandoning module GeometryMode (500)
[2018.05.15-16.26.12:620][634]LogModuleManager: Shutting down and abandoning module TextureAlignMode (498)
[2018.05.15-16.26.12:621][634]LogModuleManager: Shutting down and abandoning module BspMode (496)
[2018.05.15-16.26.12:628][634]LogModuleManager: Shutting down and abandoning module HardwareSurvey (494)
[2018.05.15-16.26.12:628][634]LogModuleManager: Shutting down and abandoning module SequenceRecorderSections (492)
[2018.05.15-16.26.12:629][634]LogModuleManager: Shutting down and abandoning module AutomationWorker (490)
[2018.05.15-16.26.12:637][634]LogModuleManager: Shutting down and abandoning module MatineeToLevelSequence (488)
[2018.05.15-16.26.12:642][634]LogModuleManager: Shutting down and abandoning module LevelSequenceEditor (486)
[2018.05.15-16.26.12:701][634]LogModuleManager: Shutting down and abandoning module PlacementMode (485)
[2018.05.15-16.26.12:702][634]LogModuleManager: Shutting down and abandoning module WmfMediaFactory (482)
[2018.05.15-16.26.12:702][634]LogModuleManager: Shutting down and abandoning module WmfMediaEditor (480)
[2018.05.15-16.26.12:702][634]LogModuleManager: Shutting down and abandoning module AvfMediaFactory (478)
[2018.05.15-16.26.12:702][634]LogModuleManager: Shutting down and abandoning module AvfMediaEditor (476)
[2018.05.15-16.26.12:702][634]LogModuleManager: Shutting down and abandoning module AndroidMediaFactory (474)
[2018.05.15-16.26.12:702][634]LogModuleManager: Shutting down and abandoning module Media (473)
[2018.05.15-16.26.12:702][634]LogModuleManager: Shutting down and abandoning module AndroidMediaEditor (470)
[2018.05.15-16.26.12:702][634]LogModuleManager: Shutting down and abandoning module CharacterAI (468)
[2018.05.15-16.26.12:702][634]LogModuleManager: Shutting down and abandoning module AudioCapture (466)
[2018.05.15-16.26.12:709][634]LogModuleManager: Shutting down and abandoning module SequenceRecorder (465)
[2018.05.15-16.26.12:718][634]LogModuleManager: Shutting down and abandoning module SmartSnapping (462)
[2018.05.15-16.26.12:718][634]LogModuleManager: Shutting down and abandoning module SessionServices (460)
[2018.05.15-16.26.12:718][634]LogModuleManager: Shutting down and abandoning module ViewportSnapping (458)
[2018.05.15-16.26.12:718][634]LogModuleManager: Shutting down and abandoning module ViewportInteraction (456)
[2018.05.15-16.26.12:718][634]LogModuleManager: Shutting down and abandoning module ClothPainter (454)
[2018.05.15-16.26.12:738][634]LogModuleManager: Shutting down and abandoning module LogVisualizer (452)
[2018.05.15-16.26.12:754][634]LogModuleManager: Shutting down and abandoning module IntroTutorials (450)
[2018.05.15-16.26.12:787][634]LogModuleManager: Shutting down and abandoning module GameProjectGeneration (449)
[2018.05.15-16.26.12:803][634]LogModuleManager: Shutting down and abandoning module EditorLiveStreaming (446)
[2018.05.15-16.26.12:803][634]LogModuleManager: Shutting down and abandoning module IOSPlatformEditor (444)
[2018.05.15-16.26.12:812][634]LogModuleManager: Shutting down and abandoning module HTML5PlatformEditor (442)
[2018.05.15-16.26.12:812][634]LogModuleManager: Shutting down and abandoning module AndroidPlatformEditor (440)
[2018.05.15-16.26.12:813][634]LogModuleManager: Shutting down and abandoning module AndroidDeviceDetection (439)
[2018.05.15-16.26.13:286][634]LogModuleManager: Shutting down and abandoning module IOSRuntimeSettings (436)
[2018.05.15-16.26.13:286][634]LogModuleManager: Shutting down and abandoning module AndroidRuntimeSettings (434)
[2018.05.15-16.26.13:286][634]LogModuleManager: Shutting down and abandoning module InputBindingEditor (432)
[2018.05.15-16.26.13:302][634]LogModuleManager: Shutting down and abandoning module MergeActors (430)
[2018.05.15-16.26.13:310][634]LogModuleManager: Shutting down and abandoning module SizeMap (428)
[2018.05.15-16.26.13:310][634]LogModuleManager: Shutting down and abandoning module TreeMap (426)
[2018.05.15-16.26.13:318][634]LogModuleManager: Shutting down and abandoning module ReferenceViewer (424)
[2018.05.15-16.26.13:326][634]LogModuleManager: Shutting down and abandoning module LocalizationDashboard (422)
[2018.05.15-16.26.13:335][634]LogModuleManager: Shutting down and abandoning module LocalizationService (421)
[2018.05.15-16.26.13:342][634]LogModuleManager: Shutting down and abandoning module HardwareTargeting (418)
[2018.05.15-16.26.13:342][634]LogModuleManager: Shutting down and abandoning module DeviceProfileEditor (416)
[2018.05.15-16.26.13:351][634]LogModuleManager: Shutting down and abandoning module UndoHistory (414)
[2018.05.15-16.26.13:361][634]LogModuleManager: Shutting down and abandoning module UserFeedback (412)
[2018.05.15-16.26.13:361][634]LogModuleManager: Shutting down and abandoning module XmlParser (410)
[2018.05.15-16.26.13:361][634]LogModuleManager: Shutting down and abandoning module Blutility (408)
[2018.05.15-16.26.13:364][634]LogModuleManager: Shutting down and abandoning module ProjectSettingsViewer (406)
[2018.05.15-16.26.13:364][634]LogModuleManager: Shutting down and abandoning module ProjectTargetPlatformEditor (405)
[2018.05.15-16.26.13:365][634]LogModuleManager: Shutting down and abandoning module EditorSettingsViewer (402)
[2018.05.15-16.26.13:365][634]LogModuleManager: Shutting down and abandoning module SettingsEditor (400)
[2018.05.15-16.26.13:371][634]LogModuleManager: Shutting down and abandoning module ProjectLauncher (398)
[2018.05.15-16.26.13:383][634]LogModuleManager: Shutting down and abandoning module SessionFrontend (396)
[2018.05.15-16.26.13:390][634]LogModuleManager: Shutting down and abandoning module ProfilerClient (394)
[2018.05.15-16.26.13:402][634]LogModuleManager: Shutting down and abandoning module DeviceManager (392)
[2018.05.15-16.26.13:412][634]LogModuleManager: Shutting down and abandoning module TargetDeviceServices (391)
[2018.05.15-16.26.13:460][634]LogModuleManager: Shutting down and abandoning module AutomationController (388)
[2018.05.15-16.26.13:470][634]LogModuleManager: Shutting down and abandoning module AutomationWindow (386)
[2018.05.15-16.26.13:485][634]LogModuleManager: Shutting down and abandoning module Layers (384)
[2018.05.15-16.26.13:492][634]LogModuleManager: Shutting down and abandoning module ComponentVisualizers (382)
[2018.05.15-16.26.13:492][634]LogModuleManager: Shutting down and abandoning module DetailCustomizations (380)
[2018.05.15-16.26.13:515][634]LogModuleManager: Shutting down and abandoning module PackagesDialog (378)
[2018.05.15-16.26.13:515][634]LogModuleManager: Shutting down and abandoning module Persona (376)
[2018.05.15-16.26.13:523][634]LogModuleManager: Shutting down and abandoning module AdvancedPreviewScene (375)
[2018.05.15-16.26.13:523][634]LogModuleManager: Shutting down and abandoning module AnimGraph (373)
[2018.05.15-16.26.13:523][634]LogModuleManager: Shutting down and abandoning module Kismet (370)
[2018.05.15-16.26.13:538][634]LogModuleManager: Shutting down and abandoning module ClassViewer (368)
[2018.05.15-16.26.13:538][634]LogModuleManager: Shutting down and abandoning module Toolbox (366)
[2018.05.15-16.26.13:538][634]LogModuleManager: Shutting down and abandoning module ModuleUI (364)
[2018.05.15-16.26.13:552][634]LogModuleManager: Shutting down and abandoning module MovieSceneTools (362)
[2018.05.15-16.26.13:573][634]LogModuleManager: Shutting down and abandoning module OutputLog (360)
[2018.05.15-16.26.13:586][634]LogModuleManager: Shutting down and abandoning module GammaUI (358)
[2018.05.15-16.26.13:597][634]LogModuleManager: Shutting down and abandoning module Documentation (356)
[2018.05.15-16.26.13:597][634]LogModuleManager: Shutting down and abandoning module MovieSceneTracks (354)
[2018.05.15-16.26.13:597][634]LogModuleManager: Shutting down and abandoning module MovieScene (352)
[2018.05.15-16.26.13:597][634]LogModuleManager: Shutting down and abandoning module Niagara (350)
[2018.05.15-16.26.13:597][634]LogModuleManager: Shutting down and abandoning module NiagaraEditor (349)
[2018.05.15-16.26.13:623][634]LogModuleManager: Shutting down and abandoning module StreamingPauseRendering (346)
[2018.05.15-16.26.13:623][634]LogModuleManager: Shutting down and abandoning module AnalyticsET (344)
[2018.05.15-16.26.13:623][634]LogModuleManager: Shutting down and abandoning module PortalServices (342)
[2018.05.15-16.26.13:623][634]LogModuleManager: Shutting down and abandoning module PortalRpc (340)
[2018.05.15-16.26.13:623][634]LogModuleManager: Shutting down and abandoning module MessagingRpc (338)
[2018.05.15-16.26.13:623][634]LogModuleManager: Shutting down and abandoning module AIModule (336)
[2018.05.15-16.26.13:623][634]LogModuleManager: Shutting down and abandoning module GameplayDebugger (335)
[2018.05.15-16.26.13:627][634]LogModuleManager: Shutting down and abandoning module AITestSuite (333)
[2018.05.15-16.26.13:632][634]LogModuleManager: Shutting down and abandoning module ProfilerService (330)
[2018.05.15-16.26.13:766][634]LogModuleManager: Shutting down and abandoning module TaskGraph (328)
[2018.05.15-16.26.13:783][634]LogModuleManager: Shutting down and abandoning module SteamVRController (326)
[2018.05.15-16.26.13:783][634]LogModuleManager: Shutting down and abandoning module SteamVR (324)
[2018.05.15-16.26.13:783][634]LogModuleManager: Shutting down and abandoning module ProceduralMeshComponentEditor (322)
[2018.05.15-16.26.13:783][634]LogModuleManager: Shutting down and abandoning module ProceduralMeshComponent (320)
[2018.05.15-16.26.13:792][634]LogModuleManager: Shutting down and abandoning module OculusLibrary (318)
[2018.05.15-16.26.13:792][634]LogModuleManager: Shutting down and abandoning module OculusInput (316)
[2018.05.15-16.26.13:792][634]LogModuleManager: Shutting down and abandoning module MobilePatchingUtils (314)
[2018.05.15-16.26.13:792][634]LogModuleManager: Shutting down and abandoning module CustomMeshComponent (312)
[2018.05.15-16.26.13:792][634]LogModuleManager: Shutting down and abandoning module CableComponent (310)
[2018.05.15-16.26.13:792][634]LogModuleManager: Shutting down and abandoning module ArchVisCharacter (308)
[2018.05.15-16.26.13:792][634]LogModuleManager: Shutting down and abandoning module AndroidPermission (306)
[2018.05.15-16.26.13:792][634]LogModuleManager: Shutting down and abandoning module MediaPlayerEditor (302)
[2018.05.15-16.26.13:812][634]LogModuleManager: Shutting down and abandoning module HTML5Networking (300)
[2018.05.15-16.26.13:812][634]LogModuleManager: Shutting down and abandoning module AlembicImporter (298)
[2018.05.15-16.26.13:823][634]LogModuleManager: Shutting down and abandoning module AlembicLibrary (297)
[2018.05.15-16.26.13:823][634]LogModuleManager: Shutting down and abandoning module GeometryCache (296)
[2018.05.15-16.26.13:823][634]LogModuleManager: Shutting down and abandoning module GeometryCacheEd (295)
[2018.05.15-16.26.13:823][634]LogModuleManager: Shutting down and abandoning module SuperSearchEditor (290)
[2018.05.15-16.26.13:823][634]LogModuleManager: Shutting down and abandoning module SuperSearch (289)
[2018.05.15-16.26.13:823][634]LogModuleManager: Shutting down and abandoning module SpeedTreeImporter (286)
[2018.05.15-16.26.13:823][634]LogModuleManager: Shutting down and abandoning module PluginBrowser (284)
[2018.05.15-16.26.13:838][634]LogModuleManager: Shutting down and abandoning module MobileLauncherProfileWizard (282)
[2018.05.15-16.26.13:855][634]LogModuleManager: Shutting down and abandoning module VisualStudioSourceCodeAccess (280)
[2018.05.15-16.26.13:855][634]LogModuleManager: Shutting down and abandoning module DesktopPlatform (279)
[2018.05.15-16.26.13:856][634]LogModuleManager: Shutting down and abandoning module UObjectPlugin (276)
[2018.05.15-16.26.13:856][634]LogModuleManager: Shutting down and abandoning module SubversionSourceControl (274)
[2018.05.15-16.26.13:865][634]LogModuleManager: Shutting down and abandoning module PerforceSourceControl (272)
[2018.05.15-16.26.13:880][634]LogModuleManager: Shutting down and abandoning module GitSourceControl (270)
[2018.05.15-16.26.13:892][634]LogModuleManager: Shutting down and abandoning module SourceControl (269)
[2018.05.15-16.26.13:902][634]LogModuleManager: Shutting down and abandoning module LightPropagationVolumeEditor (266)
[2018.05.15-16.26.13:902][634]LogModuleManager: Shutting down and abandoning module PaperTiledImporter (264)
[2018.05.15-16.26.13:902][634]LogModuleManager: Shutting down and abandoning module PaperSpriteSheetImporter (262)
[2018.05.15-16.26.13:902][634]LogModuleManager: Shutting down and abandoning module Paper2DEditor (260)
[2018.05.15-16.26.13:913][634]LogModuleManager: Shutting down and abandoning module MeshPaint (259)
[2018.05.15-16.26.13:923][634]LogModuleManager: Shutting down and abandoning module LevelEditor (257)
[2018.05.15-16.26.13:934][634]LogModuleManager: Shutting down and abandoning module PixelInspectorModule (256)
[2018.05.15-16.26.13:945][634]LogModuleManager: Shutting down and abandoning module MainFrame (254)
[2018.05.15-16.26.13:951][634]LogModuleManager: Shutting down and abandoning module HotReload (253)
[2018.05.15-16.26.13:960][634]LogModuleManager: Shutting down and abandoning module PhysXVehiclesEditor (248)
[2018.05.15-16.26.13:971][634]LogModuleManager: Shutting down and abandoning module PhysXVehicles (246)
[2018.05.15-16.26.13:971][634]LogModuleManager: Shutting down and abandoning module LocationServicesBPLibrary (244)
[2018.05.15-16.26.13:971][634]LogModuleManager: Shutting down and abandoning module ImmediatePhysicsEditor (242)
[2018.05.15-16.26.13:971][634]LogModuleManager: Shutting down and abandoning module ImmediatePhysics (240)
[2018.05.15-16.26.13:982][634]LogModuleManager: Shutting down and abandoning module UdpMessaging (238)
[2018.05.15-16.26.14:083][634]LogModuleManager: Shutting down and abandoning module TcpMessaging (236)
[2018.05.15-16.26.14:203][634]LogModuleManager: Shutting down and abandoning module GameplayTagsEditor (234)
[2018.05.15-16.26.14:228][634]LogModuleManager: Shutting down and abandoning module FacialAnimationEditor (232)
[2018.05.15-16.26.14:228][634]LogModuleManager: Shutting down and abandoning module FacialAnimation (230)
[2018.05.15-16.26.14:228][634]LogModuleManager: Shutting down and abandoning module AssetManagerEditor (228)
[2018.05.15-16.26.14:236][634]LogModuleManager: Shutting down and abandoning module GraphEditor (227)
[2018.05.15-16.26.14:236][634]LogModuleManager: Shutting down and abandoning module ContentBrowser (225)
[2018.05.15-16.26.14:240][634]LogModuleManager: Shutting down and abandoning module LightPropagationVolumeRuntime (222)
[2018.05.15-16.26.14:240][634]LogModuleManager: Shutting down and abandoning module Paper2D (220)
[2018.05.15-16.26.14:244][634]LogModuleManager: Shutting down and abandoning module WindowsMoviePlayer (218)
[2018.05.15-16.26.14:244][634]LogModuleManager: Shutting down and abandoning module WmfMedia (216)
[2018.05.15-16.26.14:245][634]LogModuleManager: Shutting down and abandoning module ClothingSystemEditor (214)
[2018.05.15-16.26.14:245][634]LogModuleManager: Shutting down and abandoning module ClothingSystemRuntime (212)
[2018.05.15-16.26.14:262][634]LogModuleManager: Shutting down and abandoning module MediaAssets (210)
[2018.05.15-16.26.14:262][634]LogModuleManager: Shutting down and abandoning module GameLiveStreaming (208)
[2018.05.15-16.26.14:269][634]LogModuleManager: Shutting down and abandoning module EnvironmentQueryEditor (206)
[2018.05.15-16.26.14:287][634]LogModuleManager: Shutting down and abandoning module VREditor (204)
[2018.05.15-16.26.14:298][634]LogModuleManager: Shutting down and abandoning module StringTableEditor (202)
[2018.05.15-16.26.14:311][634]LogModuleManager: Shutting down and abandoning module GameplayTasksEditor (200)
[2018.05.15-16.26.14:311][634]LogModuleManager: Shutting down and abandoning module BehaviorTreeEditor (198)
[2018.05.15-16.26.14:337][634]LogModuleManager: Shutting down and abandoning module FunctionalTesting (196)
[2018.05.15-16.26.14:337][634]LogModuleManager: Shutting down and abandoning module CollisionAnalyzer (194)
[2018.05.15-16.26.14:354][634]LogModuleManager: Shutting down and abandoning module UMG (192)
[2018.05.15-16.26.14:354][634]LogModuleManager: Shutting down and abandoning module UMGEditor (191)
[2018.05.15-16.26.14:383][634]LogModuleManager: Shutting down and abandoning module Sequencer (190)
[2018.05.15-16.26.14:402][634]LogModuleManager: Shutting down and abandoning module AssetTools (188)
[2018.05.15-16.26.14:446][634]LogModuleManager: Shutting down and abandoning module MessageLog (187)
[2018.05.15-16.26.14:446][634]LogModuleManager: Shutting down and abandoning module WorkspaceMenuStructure (186)
[2018.05.15-16.26.14:446][634]LogModuleManager: Shutting down and abandoning module SlateReflector (180)
[2018.05.15-16.26.14:460][634]LogModuleManager: Shutting down and abandoning module Slate (178)
[2018.05.15-16.26.14:460][634]LogModuleManager: Shutting down and abandoning module EditorStyle (176)
[2018.05.15-16.26.14:467][634]LogModuleManager: Shutting down and abandoning module SourceCodeAccess (174)
[2018.05.15-16.26.14:467][634]LogModuleManager: Shutting down and abandoning module HeadMountedDisplay (172)
[2018.05.15-16.26.14:467][634]LogModuleManager: Shutting down and abandoning module XAudio2 (170)
[2018.05.15-16.26.14:467][634]LogModuleManager: Shutting down and abandoning module Networking (168)
[2018.05.15-16.26.14:467][634]LogModuleManager: Shutting down and abandoning module Core (164)
[2018.05.15-16.26.14:467][634]LogModuleManager: Shutting down and abandoning module AssetRegistry (162)
[2018.05.15-16.26.14:543][634]LogDirectoryWatcher: A directory notification for '../../../Engine/Content/' was aborted.
[2018.05.15-16.26.14:543][634]LogDirectoryWatcher: A directory notification for 'C:/Users/David/Documents/GitHub/FuturoImperfecto/PRUEBAS/MechHackAndSlash/Content/' was aborted.
[2018.05.15-16.26.14:543][634]LogDirectoryWatcher: A directory notification for '../../../Engine/Plugins/2D/Paper2D/Content/' was aborted.
[2018.05.15-16.26.14:543][634]LogDirectoryWatcher: A directory notification for '../../../Engine/Plugins/Runtime/GearVR/Content/' was aborted.
[2018.05.15-16.26.14:557][634]LogModuleManager: Shutting down and abandoning module DirectoryWatcher (161)
[2018.05.15-16.26.14:558][634]LogModuleManager: Shutting down and abandoning module KismetCompiler (158)
[2018.05.15-16.26.14:558][634]LogModuleManager: Shutting down and abandoning module LevelSequence (156)
[2018.05.15-16.26.14:558][634]LogModuleManager: Shutting down and abandoning module PhysXFormats (154)
[2018.05.15-16.26.14:558][634]LogModuleManager: Shutting down and abandoning module MeshUtilities (152)
[2018.05.15-16.26.14:570][634]LogModuleManager: Shutting down and abandoning module SimplygonSwarm (151)
[2018.05.15-16.26.14:579][634]LogModuleManager: Shutting down and abandoning module SimplygonMeshReduction (149)
[2018.05.15-16.26.14:579][634]LogModuleManager: Shutting down and abandoning module QuadricMeshReduction (147)
[2018.05.15-16.26.14:584][634]LogModuleManager: Shutting down and abandoning module DerivedDataCache (144)
[2018.05.15-16.26.14:617][634]LogDerivedDataCache: Shutdown
[2018.05.15-16.26.14:617][634]LogModuleManager: Shutting down and abandoning module TargetPlatform (142)
[2018.05.15-16.26.14:617][634]LogModuleManager: Shutting down and abandoning module VulkanShaderFormat (141)
[2018.05.15-16.26.14:629][634]LogModuleManager: Shutting down and abandoning module ShaderFormatVectorVM (139)
[2018.05.15-16.26.14:639][634]LogModuleManager: Shutting down and abandoning module ShaderFormatOpenGL (137)
[2018.05.15-16.26.14:649][634]LogModuleManager: Shutting down and abandoning module ShaderFormatD3D (135)
[2018.05.15-16.26.14:649][634]LogModuleManager: Shutting down and abandoning module MetalShaderFormat (133)
[2018.05.15-16.26.14:661][634]LogModuleManager: Shutting down and abandoning module TextureFormatUncompressed (131)
[2018.05.15-16.26.14:661][634]LogModuleManager: Shutting down and abandoning module TextureFormatPVR (129)
[2018.05.15-16.26.14:661][634]LogModuleManager: Shutting down and abandoning module TextureFormatDXT (127)
[2018.05.15-16.26.14:661][634]LogModuleManager: Shutting down and abandoning module TextureFormatIntelISPCTexComp (125)
[2018.05.15-16.26.14:661][634]LogModuleManager: Shutting down and abandoning module TextureFormatASTC (123)
[2018.05.15-16.26.14:661][634]LogModuleManager: Shutting down and abandoning module ImageWrapper (122)
[2018.05.15-16.26.14:661][634]LogModuleManager: Shutting down and abandoning module TextureFormatAndroid (119)
[2018.05.15-16.26.14:661][634]LogModuleManager: Shutting down and abandoning module AudioFormatOpus (117)
[2018.05.15-16.26.14:661][634]LogModuleManager: Shutting down and abandoning module AudioFormatOgg (115)
[2018.05.15-16.26.14:661][634]LogModuleManager: Shutting down and abandoning module AudioFormatADPCM (113)
[2018.05.15-16.26.14:661][634]LogModuleManager: Shutting down and abandoning module LinuxTargetPlatform (111)
[2018.05.15-16.26.14:661][634]LogModuleManager: Shutting down and abandoning module LinuxServerTargetPlatform (109)
[2018.05.15-16.26.14:661][634]LogModuleManager: Shutting down and abandoning module LinuxNoEditorTargetPlatform (107)
[2018.05.15-16.26.14:661][634]LogModuleManager: Shutting down and abandoning module LinuxClientTargetPlatform (105)
[2018.05.15-16.26.14:661][634]LogModuleManager: Shutting down and abandoning module TVOSTargetPlatform (103)
[2018.05.15-16.26.14:661][634]LogModuleManager: Shutting down and abandoning module Messaging (101)
[2018.05.15-16.26.14:661][634]LogModuleManager: Shutting down and abandoning module IOSTargetPlatform (99)
[2018.05.15-16.26.14:661][634]LogModuleManager: Shutting down and abandoning module HTML5TargetPlatform (97)
[2018.05.15-16.26.14:661][634]LogModuleManager: Shutting down and abandoning module Android_PVRTCTargetPlatform (95)
[2018.05.15-16.26.14:661][634]LogModuleManager: Shutting down and abandoning module Android_MultiTargetPlatform (93)
[2018.05.15-16.26.14:661][634]LogModuleManager: Shutting down and abandoning module Android_ETC2TargetPlatform (91)
[2018.05.15-16.26.14:661][634]LogModuleManager: Shutting down and abandoning module Android_ETC1TargetPlatform (89)
[2018.05.15-16.26.14:661][634]LogModuleManager: Shutting down and abandoning module Android_DXTTargetPlatform (87)
[2018.05.15-16.26.14:661][634]LogModuleManager: Shutting down and abandoning module Android_ATCTargetPlatform (85)
[2018.05.15-16.26.14:661][634]LogModuleManager: Shutting down and abandoning module Android_ASTCTargetPlatform (83)
[2018.05.15-16.26.14:661][634]LogModuleManager: Shutting down and abandoning module AndroidTargetPlatform (81)
[2018.05.15-16.26.14:661][634]LogModuleManager: Shutting down and abandoning module WindowsTargetPlatform (79)
[2018.05.15-16.26.14:661][634]LogModuleManager: Shutting down and abandoning module WindowsServerTargetPlatform (77)
[2018.05.15-16.26.14:661][634]LogModuleManager: Shutting down and abandoning module WindowsNoEditorTargetPlatform (75)
[2018.05.15-16.26.14:661][634]LogModuleManager: Shutting down and abandoning module WindowsClientTargetPlatform (73)
[2018.05.15-16.26.14:661][634]LogModuleManager: Shutting down and abandoning module MacTargetPlatform (71)
[2018.05.15-16.26.14:661][634]LogModuleManager: Shutting down and abandoning module MacServerTargetPlatform (69)
[2018.05.15-16.26.14:661][634]LogModuleManager: Shutting down and abandoning module MacNoEditorTargetPlatform (67)
[2018.05.15-16.26.14:661][634]LogModuleManager: Shutting down and abandoning module MacClientTargetPlatform (65)
[2018.05.15-16.26.14:661][634]LogModuleManager: Shutting down and abandoning module AllDesktopTargetPlatform (63)
[2018.05.15-16.26.14:661][634]LogModuleManager: Shutting down and abandoning module InputCore (60)
[2018.05.15-16.26.14:661][634]LogModuleManager: Shutting down and abandoning module Settings (58)
[2018.05.15-16.26.14:661][634]LogModuleManager: Shutting down and abandoning module OculusRift (56)
[2018.05.15-16.26.14:671][634]LogModuleManager: Shutting down and abandoning module GearVRController (54)
[2018.05.15-16.26.14:671][634]LogModuleManager: Shutting down and abandoning module GearVR (52)
[2018.05.15-16.26.14:680][634]LogModuleManager: Shutting down and abandoning module ExampleDeviceProfileSelector (50)
[2018.05.15-16.26.14:680][634]LogModuleManager: Shutting down and abandoning module OnlineBlueprintSupport (48)
[2018.05.15-16.26.14:681][634]LogModuleManager: Shutting down and abandoning module OnlineSubsystem (44)
[2018.05.15-16.26.14:681][634]LogOnline:Display: Unloading online subsystem: NULL
[2018.05.15-16.26.14:716][634]LogModuleManager: Shutting down and abandoning module XMPP (43)
[2018.05.15-16.26.14:731][634]LogModuleManager: Shutting down and abandoning module HTTP (41)
[2018.05.15-16.26.14:731][634]LogHttp:Display: Http module shutting down, but needs to wait on 1 outstanding Http requests:
[2018.05.15-16.26.14:742][634]LogHttp:Display: 	verb=[POST] url=[https://datarouter.ol.epicgames.com/datarouter/api/v1/public/data?SessionID=%7B9CD068DC-4CA1-3ABD-6F85-7DBD1F232E9A%7D&AppID=UEEditor.Rocket.Release&AppVersion=4.16.3-3561208%2B%2B%2BUE4%2BRelease-4.16&UserID=eedd91be406e0cd25ea0748277e6e73c%7C7a211806f70b4509a5be2640357744fc%7Caa6de738-987c-4c76-bb80-6cc1d099ea00&AppEnvironment=datacollector-binary&UploadType=eteventstream] status=Processing
[2018.05.15-16.26.14:761][634]LogModuleManager: Shutting down and abandoning module SSL (40)
[2018.05.15-16.26.14:771][634]LogModuleManager: Shutting down and abandoning module HTTPChunkInstaller (36)
[2018.05.15-16.26.14:780][634]LogModuleManager: Shutting down and abandoning module AnimationModifiers (34)
[2018.05.15-16.26.14:788][634]LogModuleManager: Shutting down and abandoning module PropertyEditor (33)
[2018.05.15-16.26.14:788][634]LogModuleManager: Shutting down and abandoning module AudioEditor (30)
[2018.05.15-16.26.14:804][634]LogModuleManager: Shutting down and abandoning module TextureCompressor (28)
[2018.05.15-16.26.14:804][634]LogModuleManager: Shutting down and abandoning module ShaderCore (26)
[2018.05.15-16.26.14:804][634]LogModuleManager: Shutting down and abandoning module Landscape (24)
[2018.05.15-16.26.14:804][634]LogModuleManager: Shutting down and abandoning module SlateRHIRenderer (22)
[2018.05.15-16.26.14:834][634]LogModuleManager: Shutting down and abandoning module OpenGLDrv (20)
[2018.05.15-16.26.14:849][634]LogModuleManager: Shutting down and abandoning module D3D11RHI (18)
[2018.05.15-16.26.14:849][634]LogModuleManager: Shutting down and abandoning module AnimGraphRuntime (16)
[2018.05.15-16.26.14:849][634]LogModuleManager: Shutting down and abandoning module Renderer (14)
[2018.05.15-16.26.14:849][634]LogModuleManager: Shutting down and abandoning module Engine (12)
[2018.05.15-16.26.14:849][634]LogModuleManager: Shutting down and abandoning module CoreUObject (10)
[2018.05.15-16.26.14:849][634]LogModuleManager: Shutting down and abandoning module NetworkFile (8)
[2018.05.15-16.26.14:849][634]LogModuleManager: Shutting down and abandoning module StreamingFile (6)
[2018.05.15-16.26.14:849][634]LogModuleManager: Shutting down and abandoning module SandboxFile (4)
[2018.05.15-16.26.14:849][634]LogModuleManager: Shutting down and abandoning module PakFile (2)
[2018.05.15-16.26.14:863][634]LogExit: Exiting.
[2018.05.15-16.26.14:901][634]Log file closed, 05/15/18 18:26:14
