Log file open, 03/01/18 18:42:00
LogInit:Display: Running engine for game: MechHackAndSlash
LogPlatformFile: Not using cached read wrapper
LogInit:Display: RandInit(-1274676665) SRandInit(-1274676665).
LogTaskGraph: Started task graph with 5 named threads and 8 total threads with 1 sets of task threads.
LogStats: Stats thread started at 0.081053
LogInit: Using libcurl 7.47.1
LogInit:  - built for x86_64-pc-win32
LogInit:  - supports SSL with OpenSSL/1.0.2g
LogInit:  - supports HTTP deflate (compression) using libz 1.2.8
LogInit:  - other features:
LogInit:      CURL_VERSION_SSL
LogInit:      CURL_VERSION_LIBZ
LogInit:      CURL_VERSION_IPV6
LogInit:      CURL_VERSION_ASYNCHDNS
LogInit:      CURL_VERSION_LARGEFILE
LogInit:      CURL_VERSION_IDN
LogInit:  CurlRequestOptions (configurable via config and command line):
LogInit:  - bVerifyPeer = false  - Libcurl will NOT verify peer certificate
LogInit:  - bUseHttpProxy = false  - Libcurl will NOT use HTTP proxy
LogInit:  - bDontReuseConnections = false  - Libcurl will reuse connections
LogInit:  - CertBundlePath = nullptr  - Libcurl will use whatever was configured at build time.
LogInit: Build: ++UE4+Release-4.16-CL-3514769
LogInit: Engine Version: 4.16.2-3514769+++UE4+Release-4.16
LogInit: Compatible Engine Version: 4.16.0-3452394+++UE4+Release-4.16
LogInit: Net CL: 3452394
LogDevObjectVersion: Number of dev versions registered: 16
LogDevObjectVersion:   Dev-Blueprints (B0D832E4-1F89-4F0D-ACCF-7EB736FD4AA2): 9
LogDevObjectVersion:   Dev-Build (E1C64328-A22C-4D53-A36C-8E866417BD8C): 0
LogDevObjectVersion:   Dev-Core (375EC13C-06E4-48FB-B500-84F0262A717E): 2
LogDevObjectVersion:   Dev-Editor (E4B068ED-F494-42E9-A231-DA0B2E46BB41): 17
LogDevObjectVersion:   Dev-Framework (CFFC743F-43B0-4480-9391-14DF171D2073): 23
LogDevObjectVersion:   Dev-Mobile (B02B49B5-BB20-44E9-A304-32B752E40360): 0
LogDevObjectVersion:   Dev-Networking (A4E4105C-59A1-49B5-A7C5-40C4547EDFEE): 0
LogDevObjectVersion:   Dev-Online (39C831C9-5AE6-47DC-9A44-9C173E1C8E7C): 0
LogDevObjectVersion:   Dev-Physics (78F01B33-EBEA-4F98-B9B4-84EACCB95AA2): 0
LogDevObjectVersion:   Dev-Platform (6631380F-2D4D-43E0-8009-CF276956A95A): 0
LogDevObjectVersion:   Dev-Rendering (12F88B9F-8875-4AFC-A67C-D90C383ABD29): 15
LogDevObjectVersion:   Dev-Sequencer (7B5AE74C-D270-4C10-A958-57980B212A5A): 4
LogDevObjectVersion:   Dev-VR (D7296918-1DD6-4BDD-9DE2-64A83CC13884): 0
LogDevObjectVersion:   Dev-LoadTimes (C2A15278-BFE7-4AFE-6C17-90FF531DF755): 1
LogDevObjectVersion:   Private-Geometry (6EACA3D4-40EC-4CC1-B786-8BED09428FC5): 1
LogDevObjectVersion:   Dev-AnimPhys (29E575DD-E0A3-4627-9D10-D276232CDCEA): 3
LogInit: Compiled (64-bit): Jun 29 2017 02:03:24
LogInit: Compiled with Visual C++: 19.00.24215.01
LogInit: Build Configuration: Development
LogInit: Branch Name: ++UE4+Release-4.16
LogInit: Command line: 
LogInit: Base directory: D:/Program Files (x86)/Epic Games/UE_4.16/Engine/Binaries/Win64/
LogInit: Installed Engine Build: 1
LogInit: Presizing for max 8388607 objects, including 0 objects not considered by GC, pre-allocating 0 bytes for permanent pool.
LogInit: Object subsystem initialized
[2018.03.01-17.42.00:813][  0]LogInit: Selected Device Profile: [Windows]
[2018.03.01-17.42.00:813][  0]LogInit: Applying CVar settings loaded from the selected device profile: [Windows]
[2018.03.01-17.42.00:827][  0]LogInit: Computer: DAVIDMASTERRACE
[2018.03.01-17.42.00:827][  0]LogInit: User: David
[2018.03.01-17.42.00:827][  0]LogInit: CPU Page size=4096, Cores=4
[2018.03.01-17.42.00:827][  0]LogInit: High frequency timer resolution =3.417969 MHz
[2018.03.01-17.42.00:827][  0]LogMemory: Memory total: Physical=15.9GB (16GB approx)
[2018.03.01-17.42.00:827][  0]LogMemory: Platform Memory Stats for Windows
[2018.03.01-17.42.00:827][  0]LogMemory: Process Physical Memory: 273.49 MB used, 273.49 MB peak
[2018.03.01-17.42.00:827][  0]LogMemory: Process Virtual Memory: 262.63 MB used, 262.63 MB peak
[2018.03.01-17.42.00:827][  0]LogMemory: Physical Memory: 7607.49 MB used,  8718.95 MB free, 16326.44 MB total
[2018.03.01-17.42.00:827][  0]LogMemory: Virtual Memory: 619.06 MB used,  8718.95 MB free, 134217728.00 MB total
[2018.03.01-17.42.00:867][  0]LogInit: Overriding language with editor language configuration option (en).
[2018.03.01-17.42.00:867][  0]LogInit: Overriding locale with editor locale configuration option (en).
[2018.03.01-17.42.01:625][  0]LogD3D11RHI: D3D11 adapters:
[2018.03.01-17.42.01:648][  0]LogD3D11RHI:    0. 'NVIDIA GeForce GTX 970' (Feature Level 11_0)
[2018.03.01-17.42.01:648][  0]LogD3D11RHI:       3975/0/8163 MB DedicatedVideo/DedicatedSystem/SharedSystem, Outputs:1, VendorId:0x10de
[2018.03.01-17.42.01:649][  0]LogD3D11RHI:    1. 'Microsoft Basic Render Driver' (Feature Level 11_0)
[2018.03.01-17.42.01:649][  0]LogD3D11RHI:       0/0/256 MB DedicatedVideo/DedicatedSystem/SharedSystem, Outputs:0, VendorId:0x1414
[2018.03.01-17.42.01:649][  0]LogD3D11RHI: Chosen D3D11 Adapter: 0
[2018.03.01-17.42.01:652][  0]LogD3D11RHI: Creating new Direct3DDevice
[2018.03.01-17.42.01:652][  0]LogD3D11RHI:     GPU DeviceId: 0x13c2 (for the marketing name, search the web for "GPU Device Id")
[2018.03.01-17.42.01:652][  0]LogWindows: EnumDisplayDevices:
[2018.03.01-17.42.01:652][  0]LogWindows:    0. 'NVIDIA GeForce GTX 970' (P:1 D:1)
[2018.03.01-17.42.01:652][  0]LogWindows:    1. 'NVIDIA GeForce GTX 970' (P:0 D:0)
[2018.03.01-17.42.01:652][  0]LogWindows:    2. 'NVIDIA GeForce GTX 970' (P:0 D:0)
[2018.03.01-17.42.01:652][  0]LogWindows:    3. 'NVIDIA GeForce GTX 970' (P:0 D:0)
[2018.03.01-17.42.01:652][  0]LogWindows: DebugString: FoundDriverCount:4 
[2018.03.01-17.42.01:652][  0]LogD3D11RHI:     Adapter Name: NVIDIA GeForce GTX 970
[2018.03.01-17.42.01:652][  0]LogD3D11RHI:   Driver Version: 388.13 (internal:23.21.13.8813, unified:388.13)
[2018.03.01-17.42.01:652][  0]LogD3D11RHI:      Driver Date: 10-27-2017
[2018.03.01-17.42.01:652][  0]LogRHI: Texture pool is 1361 MB (70% of 1945 MB)
[2018.03.01-17.42.01:661][  0]LogD3D11RHI: Async texture creation enabled
[2018.03.01-17.42.01:677][  0]LogD3D11RHI: GPU Timing Frequency: 1000.000000 (Debug: 2 2)
[2018.03.01-17.42.01:721][  0]LogShaderCompilers: Guid format shader working directory is -27 characters bigger than the processId version (C:/Users/David/Documents/GitHub/FuturoImperfecto/PRUEBAS/MechHackAndSlash/Intermediate/Shaders/WorkingDirectory/4344/).
[2018.03.01-17.42.01:721][  0]LogShaderCompilers: Cleaned the shader compiler working directory 'C:/Users/David/AppData/Local/Temp/UnrealShaderWorkingDir/3F8769E542AE5A1376395398196877E9/'.
[2018.03.01-17.42.01:721][  0]LogShaderCompilers:Display: Using Local Shader Compiler.
[2018.03.01-17.42.02:571][  0]LogTemp:Display: Loaded TP AllDesktopTargetPlatform
[2018.03.01-17.42.02:603][  0]LogTemp:Display: Loaded TP MacClientTargetPlatform
[2018.03.01-17.42.02:634][  0]LogTemp:Display: Loaded TP MacNoEditorTargetPlatform
[2018.03.01-17.42.02:664][  0]LogTemp:Display: Loaded TP MacServerTargetPlatform
[2018.03.01-17.42.02:696][  0]LogTemp:Display: Loaded TP MacTargetPlatform
[2018.03.01-17.42.02:727][  0]LogTemp:Display: Loaded TP WindowsClientTargetPlatform
[2018.03.01-17.42.02:758][  0]LogTemp:Display: Loaded TP WindowsNoEditorTargetPlatform
[2018.03.01-17.42.02:791][  0]LogTemp:Display: Loaded TP WindowsServerTargetPlatform
[2018.03.01-17.42.02:815][  0]LogTemp:Display: Loaded TP WindowsTargetPlatform
[2018.03.01-17.42.02:845][  0]LogTemp:Display: Loaded TP AndroidTargetPlatform
[2018.03.01-17.42.02:875][  0]LogTemp:Display: Loaded TP Android_ASTCTargetPlatform
[2018.03.01-17.42.02:905][  0]LogTemp:Display: Loaded TP Android_ATCTargetPlatform
[2018.03.01-17.42.02:934][  0]LogTemp:Display: Loaded TP Android_DXTTargetPlatform
[2018.03.01-17.42.02:965][  0]LogTemp:Display: Loaded TP Android_ETC1TargetPlatform
[2018.03.01-17.42.02:994][  0]LogTemp:Display: Loaded TP Android_ETC2TargetPlatform
[2018.03.01-17.42.03:054][  0]LogTemp:Display: Loaded TP Android_MultiTargetPlatform
[2018.03.01-17.42.03:054][  0]LogTemp:Display: Loaded TP Android_PVRTCTargetPlatform
[2018.03.01-17.42.03:075][  0]LogTemp:Display: Loaded TP HTML5TargetPlatform
[2018.03.01-17.42.03:139][  0]LogTemp:Display: Loaded TP IOSTargetPlatform
[2018.03.01-17.42.03:158][  0]LogTemp:Display: Loaded TP TVOSTargetPlatform
[2018.03.01-17.42.03:188][  0]LogTemp:Display: Loaded TP LinuxClientTargetPlatform
[2018.03.01-17.42.03:219][  0]LogTemp:Display: Loaded TP LinuxNoEditorTargetPlatform
[2018.03.01-17.42.03:248][  0]LogTemp:Display: Loaded TP LinuxServerTargetPlatform
[2018.03.01-17.42.03:278][  0]LogTemp:Display: Loaded TP LinuxTargetPlatform
[2018.03.01-17.42.03:278][  0]LogTargetPlatformManager:Display: Building Assets For Windows
[2018.03.01-17.42.03:551][  0]LogDerivedDataCache:Display: Max Cache Size: 512 MB
[2018.03.01-17.42.03:635][  0]LogDerivedDataCache: Loaded boot cache 0.08s 90MB C:/Users/David/AppData/Local/UnrealEngine/4.16/DerivedDataCache/Boot.ddc.
[2018.03.01-17.42.03:635][  0]LogDerivedDataCache:Display: Loaded Boot cache: C:/Users/David/AppData/Local/UnrealEngine/4.16/DerivedDataCache/Boot.ddc
[2018.03.01-17.42.03:635][  0]LogDerivedDataCache: FDerivedDataBackendGraph:  Pak pak cache file C:/Users/David/Documents/GitHub/FuturoImperfecto/PRUEBAS/MechHackAndSlash/DerivedDataCache/DDC.ddp not found, will not use a pak cache.
[2018.03.01-17.42.03:635][  0]LogDerivedDataCache: Unable to find inner node Pak for hierarchical cache Hierarchy.
[2018.03.01-17.42.03:635][  0]LogDerivedDataCache: FDerivedDataBackendGraph:  CompressedPak pak cache file C:/Users/David/Documents/GitHub/FuturoImperfecto/PRUEBAS/MechHackAndSlash/DerivedDataCache/Compressed.ddp not found, will not use a pak cache.
[2018.03.01-17.42.03:635][  0]LogDerivedDataCache: Unable to find inner node CompressedPak for hierarchical cache Hierarchy.
[2018.03.01-17.42.03:650][  0]LogDerivedDataCache:Display: Pak cache opened for reading ../../../Engine/DerivedDataCache/Compressed.ddp.
[2018.03.01-17.42.03:662][  0]LogDerivedDataCache: Using Local data cache path C:/Users/David/AppData/Local/UnrealEngine/Common/DerivedDataCache: Writable
[2018.03.01-17.42.03:671][  0]LogMaterial: Verifying Global Shaders for PCD3D_SM5
[2018.03.01-17.42.03:671][  0]LogSlate: Using Freetype 2.6.0
[2018.03.01-17.42.03:671][  0]LogSlate: SlateFontCache - WITH_FREETYPE: 1, WITH_HARFBUZZ: 1
[2018.03.01-17.42.03:671][  0]LogSlate: SlateFontCache - WITH_FREETYPE: 1, WITH_HARFBUZZ: 1
[2018.03.01-17.42.03:929][  0]LogInit: Selected Device Profile: [Windows]
[2018.03.01-17.42.03:990][  0]LogContentStreaming: Texture pool size is 0.00 MB
[2018.03.01-17.42.04:104][  0]LogMeshUtilities: Using QuadricMeshReduction for automatic static mesh reduction
[2018.03.01-17.42.04:128][  0]LogSimplygon: Simplygon DLL not present - disabling.
[2018.03.01-17.42.04:156][  0]LogMeshUtilities: Using SimplygonSwarm for distributed automatic mesh merging
[2018.03.01-17.42.04:156][  0]LogMeshUtilities: No automatic skeletal mesh reduction module available
[2018.03.01-17.42.04:156][  0]LogMeshUtilities: No automatic mesh merging module available
[2018.03.01-17.42.04:543][  0]LogNetVersion: MechHackAndSlash , NetCL: 3452394, EngineNetVer: 2, GameNetVer: 0 (Checksum: 86869316)
[2018.03.01-17.42.04:592][  0]LogAssetRegistry: FAssetRegistry took 0.0257 seconds to start up
[2018.03.01-17.42.04:633][  0]LogPackageLocalizationCache: Processed 4 localized package path(s) for 1 prioritized culture(s) in 0.029118 seconds
[2018.03.01-17.42.04:638][  0]LogUObjectArray: 34194 objects as part of root set at end of initial load.
[2018.03.01-17.42.04:638][  0]LogUObjectAllocator: 7260416 out of 0 bytes used by permanent object pool.
[2018.03.01-17.42.04:638][  0]LogUObjectArray: CloseDisregardForGC: 0/0 objects in disregard for GC pool
[2018.03.01-17.42.04:672][  0]LogInit: WinSock: version 1.1 (2.2), MaxSocks=32767, MaxUdp=65467
[2018.03.01-17.42.06:285][  0]LogTcpMessaging: Initializing TcpMessaging bridge
[2018.03.01-17.42.06:313][  0]LogUdpMessaging: Initializing bridge on interface 0.0.0.0:0 to multicast group 230.0.0.1:6666.
[2018.03.01-17.42.06:658][  0]LogMaterial: Uniform references updated for custom material expression Custom.
[2018.03.01-17.42.06:899][  0]SourceControl: Info Source control is disabled
[2018.03.01-17.42.06:926][  0]SourceControl: Info Source control is disabled
[2018.03.01-17.42.06:953][  0]SourceControl: Info Source control is disabled
[2018.03.01-17.42.06:979][  0]SourceControl: Info Source control is disabled
[2018.03.01-17.42.07:359][  0]LogAndroidPermission: UAndroidPermissionCallbackProxy::GetInstance
[2018.03.01-17.42.07:697][  0]LogEngine: Initializing Engine...
[2018.03.01-17.42.07:698][  0]LogHMD: Failed to initialize OpenVR with code 110
[2018.03.01-17.42.07:860][  0]LogStats: UGameplayTagsManager::ConstructGameplayTagTree: Construct from data asset -  0.000 s
[2018.03.01-17.42.07:860][  0]LogStats: UGameplayTagsManager::ConstructGameplayTagTree: GameplayTagTreeChangedEvent.Broadcast -  0.000 s
[2018.03.01-17.42.07:930][  0]LogAIModule: Creating AISystem for world Untitled
[2018.03.01-17.42.07:952][  0]LogInit: XAudio2 using 'Speakers (Realtek High Definition Audio)' : 2 channels at 48 kHz using 32 bits per sample (channel mask 0x3)
[2018.03.01-17.42.07:959][  0]LogInit: FAudioDevice initialized.
[2018.03.01-17.42.07:994][  0]LogDerivedDataCache: Saved boot cache 0.04s 90MB C:/Users/David/AppData/Local/UnrealEngine/4.16/DerivedDataCache/Boot.ddc.
[2018.03.01-17.42.08:003][  0]LogInit: Texture streaming: Enabled
[2018.03.01-17.42.08:057][  0]LogEngineSessionManager: EngineSessionManager initialized
[2018.03.01-17.42.08:184][  0]LogInit: Transaction tracking system initialized
[2018.03.01-17.42.08:354][  0]BlueprintLog: New page: Editor Load
[2018.03.01-17.42.08:864][  0]LocalizationService: Info Localization service is disabled
[2018.03.01-17.42.09:246][  0]LogConsoleResponse:Display: 
[2018.03.01-17.42.09:350][  0]LogCook:Display: Max memory allowance for cook 16384mb min free memory 0mb
[2018.03.01-17.42.09:350][  0]LogCook:Display: Mobile HDR setting 1
[2018.03.01-17.42.09:628][  0]LogFileCache: Scanning file cache for directory 'C:/Users/David/Documents/GitHub/FuturoImperfecto/PRUEBAS/MechHackAndSlash/Content/' took 0.02s
[2018.03.01-17.42.09:907][  0]SourceControl: Info Source control is disabled
[2018.03.01-17.42.09:907][  0]Cmd: MAP LOAD FILE="C:/Users/David/Documents/GitHub/FuturoImperfecto/PRUEBAS/MechHackAndSlash/Content/ThirdPersonBP/Maps/ThirdPersonExampleMap.umap" TEMPLATE=0 SHOWPROGRESS=1 FEATURELEVEL=3
[2018.03.01-17.42.09:908][  0]LightingResults: New page: Lighting Build
[2018.03.01-17.42.09:933][  0]MapCheck: New page: Map Check
[2018.03.01-17.42.09:933][  0]LightingResults: New page: Lighting Build
[2018.03.01-17.42.13:098][  0]LogAIModule: Creating AISystem for world ThirdPersonExampleMap
[2018.03.01-17.42.14:410][  0]LogEditorServer: Finished looking for orphan Actors (0.000 secs)
[2018.03.01-17.42.14:454][  0]Cmd: MAP CHECKDEP NOCLEARLOG
[2018.03.01-17.42.14:520][  0]MapCheck: Info Map check complete: 0 Error(s), 0 Warning(s), took 65.531ms to complete.
[2018.03.01-17.42.14:520][  0]LogFileHelpers: Loading map 'ThirdPersonExampleMap' took 4.612
[2018.03.01-17.42.14:679][  0]LogCollectionManager: Loaded 0 collections in 0.000948 seconds
[2018.03.01-17.42.14:736][  0]LogFileCache: Scanning file cache for directory 'C:/Users/David/Documents/GitHub/FuturoImperfecto/PRUEBAS/MechHackAndSlash/Saved/Collections/' took 0.01s
[2018.03.01-17.42.14:736][  0]LogFileCache: Scanning file cache for directory 'C:/Users/David/Documents/GitHub/FuturoImperfecto/PRUEBAS/MechHackAndSlash/Content/Developers/David/Collections/' took 0.01s
[2018.03.01-17.42.14:736][  0]LogFileCache: Scanning file cache for directory 'C:/Users/David/Documents/GitHub/FuturoImperfecto/PRUEBAS/MechHackAndSlash/Content/Collections/' took 0.01s
[2018.03.01-17.42.14:736][  0]LogCollectionManager: Rebuilt the GUID cache for 0 collections in 0.000002 seconds
[2018.03.01-17.42.14:745][  0]LogContentBrowser: Native class hierarchy populated in 0.0076 seconds. Added 2336 classes and 493 folders.
[2018.03.01-17.42.14:780][  0]LogContentBrowser: Native class hierarchy updated for 'WidgetCarousel' in 0.0005 seconds. Added 0 classes and 0 folders.
[2018.03.01-17.42.15:754][  0]LogContentBrowser: Native class hierarchy updated for 'AddContentDialog' in 0.0019 seconds. Added 0 classes and 0 folders.
[2018.03.01-17.42.15:836][  0]LogContentBrowser: Native class hierarchy updated for 'SceneOutliner' in 0.0009 seconds. Added 1 classes and 2 folders.
[2018.03.01-17.42.15:885][  0]LogContentBrowser: Native class hierarchy updated for 'WorldBrowser' in 0.0005 seconds. Added 1 classes and 3 folders.
[2018.03.01-17.42.15:968][  0]LogCrashTracker: Crashtracker disabled due to settings.
[2018.03.01-17.42.15:971][  0]LogSlate: Took 0.000157 seconds to synchronously load lazily loaded font '../../../Engine/Content/Slate/Fonts/Roboto-Regular.ttf' (155K)
[2018.03.01-17.42.15:973][  0]LogSlate: Took 0.000128 seconds to synchronously load lazily loaded font '../../../Engine/Content/Slate/Fonts/Roboto-Bold.ttf' (160K)
[2018.03.01-17.42.15:994][  0]LogSlate: Took 0.018069 seconds to synchronously load lazily loaded font '../../../Engine/Content/Editor/Slate/Fonts/FontAwesome.ttf' (139K)
[2018.03.01-17.42.16:088][  0]LogRenderer: Reallocating scene render targets to support 1204x572 NumSamples 1 (Frame:1).
[2018.03.01-17.42.16:224][  0]LogUObjectGlobals:Warning: Failed to find object 'Class None.'
[2018.03.01-17.42.16:271][  0]LogContentBrowser: Native class hierarchy updated for 'HierarchicalLODOutliner' in 0.0005 seconds. Added 1 classes and 2 folders.
[2018.03.01-17.42.16:271][  0]LogLoad: (Engine Initialization) Total time: 16.66 seconds
[2018.03.01-17.42.16:271][  0]LogLoad: (Engine Initialization) Total Blueprint compile time: 1.01 seconds
[2018.03.01-17.42.16:271][  0]LogExternalProfiler: Found external profiler: VSPerf
[2018.03.01-17.42.16:271][  0]LogExternalProfiler: Using external profiler: VSPerf
[2018.03.01-17.42.16:280][  0]LogOcInput: OculusInput pre-init called
[2018.03.01-17.42.16:280][  0]LogHMD: Starting GearVRController plugin
[2018.03.01-17.42.16:311][  0]LogContentStreaming: Texture pool size now 1000 MB
[2018.03.01-17.42.16:391][  0]LogSlate: Took 0.021688 seconds to synchronously load lazily loaded font '../../../Engine/Content/Slate/Fonts/Roboto-Light.ttf' (159K)
[2018.03.01-17.42.16:399][  1]LogAssetRegistry: Asset discovery search completed in 11.8292 seconds
[2018.03.01-17.42.16:402][  1]LogCollectionManager: Rebuilt the object cache for 0 collections in 0.000001 seconds (found 0 objects)
[2018.03.01-17.42.16:402][  1]LogCollectionManager: Fixed up redirectors for 0 collections in 0.000029 seconds (updated 0 objects)
[2018.03.01-17.42.16:435][  1]LogSlate: Took 0.000117 seconds to synchronously load lazily loaded font '../../../Engine/Content/Slate/Fonts/Roboto-Light.ttf' (159K)
[2018.03.01-17.42.17:314][ 43]LogSlate: Took 0.000185 seconds to synchronously load lazily loaded font '../../../Engine/Content/Slate/Fonts/Roboto-Light.ttf' (159K)
[2018.03.01-17.42.19:057][176]LogContentBrowser: Native class hierarchy updated for 'BlueprintGraph' in 0.0008 seconds. Added 112 classes and 0 folders.
[2018.03.01-17.42.20:576][176]LogSlate: Took 0.015138 seconds to synchronously load lazily loaded font '../../../Engine/Content/Editor/Slate/Fonts/Roboto-BoldCondensed.ttf' (158K)
[2018.03.01-17.42.20:647][177]LogSlate: Took 0.014293 seconds to synchronously load lazily loaded font '../../../Engine/Content/Editor/Slate/Fonts/Roboto-Italic.ttf' (157K)
[2018.03.01-17.44.31:432][958]LogEditorViewport: Clicking Background
[2018.03.01-17.44.31:819][  4]LogEditorViewport: Clicking Background
[2018.03.01-17.48.18:435][107]LogActorFactory: Actor Factory created Cube
[2018.03.01-17.48.40:964][640]LogSpawn:Warning: UWorld::DestroyActor: World has no context! World: BlueLevel, Actor: /Game/Niveles/BlueLevel.BlueLevel:PersistentLevel.BlueLevel_C_0
[2018.03.01-17.48.41:735][640]LogSavePackage: Save=789.42ms
[2018.03.01-17.48.41:735][640]LogSavePackage: Moving 'C:/Users/David/Documents/GitHub/FuturoImperfecto/PRUEBAS/MechHackAndSlash/Saved/BlueLevel8EFCA6B84CDE0C7A8B57B1A6CC2A50EB.tmp' to 'C:/Users/David/Documents/GitHub/FuturoImperfecto/PRUEBAS/MechHackAndSlash/Content/Niveles/BlueLevel.umap'
[2018.03.01-17.48.41:743][640]LogSavePackage:Display: Finished SavePackage C:/Users/David/Documents/GitHub/FuturoImperfecto/PRUEBAS/MechHackAndSlash/Content/Niveles/BlueLevel.umap
[2018.03.01-17.48.41:744][640]LogFileHelpers: Saving map 'BlueLevel' took 0.923
[2018.03.01-17.48.42:029][640]LogSavePackage: Save=194.10ms
[2018.03.01-17.48.42:029][640]LogSavePackage: Moving 'C:/Users/David/Documents/GitHub/FuturoImperfecto/PRUEBAS/MechHackAndSlash/Saved/LevelTuto146D15CD4D1747261075FF8A0028E28E.tmp' to 'C:/Users/David/Documents/GitHub/FuturoImperfecto/PRUEBAS/MechHackAndSlash/Content/Niveles/LevelTuto.umap'
[2018.03.01-17.48.42:031][640]LogSavePackage:Display: Finished SavePackage C:/Users/David/Documents/GitHub/FuturoImperfecto/PRUEBAS/MechHackAndSlash/Content/Niveles/LevelTuto.umap
[2018.03.01-17.48.42:031][640]LogFileHelpers: Saving map 'LevelTuto' took 0.285
[2018.03.01-17.48.42:593][640]LogSavePackage: Save=468.45ms
[2018.03.01-17.48.42:593][640]LogSavePackage: Moving 'C:/Users/David/Documents/GitHub/FuturoImperfecto/PRUEBAS/MechHackAndSlash/Saved/ThirdPersonExampleMapA7762F6C41DB63DECE4AD18FA690A584.tmp' to 'C:/Users/David/Documents/GitHub/FuturoImperfecto/PRUEBAS/MechHackAndSlash/Content/ThirdPersonBP/Maps/ThirdPersonExampleMap.umap'
[2018.03.01-17.48.42:596][640]LogSavePackage:Display: Finished SavePackage C:/Users/David/Documents/GitHub/FuturoImperfecto/PRUEBAS/MechHackAndSlash/Content/ThirdPersonBP/Maps/ThirdPersonExampleMap.umap
[2018.03.01-17.48.42:653][640]LogFileHelpers: Saving map 'ThirdPersonExampleMap' took 0.620
[2018.03.01-17.54.57:739][132]Cmd: BRUSH ADD SELECTNEWBRUSH
[2018.03.01-17.55.35:904][494]Cmd: BRUSH ADD SELECTNEWBRUSH
[2018.03.01-17.58.25:545][235]Cmd: BRUSH ADD SELECTNEWBRUSH
[2018.03.01-17.59.26:887][311]LogEditorViewport: Clicking Background
[2018.03.01-18.03.48:531][324]LogEditorViewport: Clicking Background
[2018.03.01-18.03.49:703][463]LogEditorViewport: Clicking Background
[2018.03.01-18.03.51:949][727]LogEditorViewport: Clicking Background
[2018.03.01-18.04.04:109][137]Cmd: TRANSACTION UNDO
[2018.03.01-18.04.04:109][137]LogEditorTransaction: Undo Move Actors
[2018.03.01-18.04.04:122][137]LogActorComponent: ~FComponentReregisterContext: (/Game/Niveles/LevelTuto.LevelTuto:PersistentLevel.CylinderBrush3.BrushComponent0) Component already registered.
[2018.03.01-18.04.04:122][137]LogActorComponent: ~FComponentReregisterContext: (/Game/Niveles/LevelTuto.LevelTuto:PersistentLevel.edificio.BrushComponent0) Component already registered.
[2018.03.01-18.04.04:122][137]LogActorComponent: ~FComponentReregisterContext: (/Game/Niveles/LevelTuto.LevelTuto:PersistentLevel.CylinderBrush4.BrushComponent0) Component already registered.
[2018.03.01-18.04.04:123][137]LogActorComponent: ~FComponentReregisterContext: (/Game/ThirdPersonBP/Maps/ThirdPersonExampleMap.ThirdPersonExampleMap:PersistentLevel.macetas8.BrushComponent0) Component already registered.
[2018.03.01-18.04.04:154][137]LogPhysics:Warning: FDerivedDataPhysXCooker::BuildTriMesh: Triangle data from '/Game/Niveles/LevelTuto.LevelTuto:PersistentLevel.ModelComponent_328' invalid (2424 verts, 0 indices).
[2018.03.01-18.04.04:154][137]LogPhysics:Warning: FDerivedDataPhysXCooker::BuildTriMesh: Triangle data from '/Game/Niveles/LevelTuto.LevelTuto:PersistentLevel.ModelComponent_329' invalid (2424 verts, 0 indices).
[2018.03.01-18.04.04:154][137]LogPhysics:Warning: FDerivedDataPhysXCooker::BuildTriMesh: Triangle data from '/Game/Niveles/LevelTuto.LevelTuto:PersistentLevel.ModelComponent_330' invalid (2424 verts, 0 indices).
[2018.03.01-18.04.04:154][137]LogPhysics:Warning: FDerivedDataPhysXCooker::BuildTriMesh: Triangle data from '/Game/Niveles/LevelTuto.LevelTuto:PersistentLevel.ModelComponent_331' invalid (2424 verts, 0 indices).
[2018.03.01-18.04.04:154][137]LogPhysics:Warning: FDerivedDataPhysXCooker::BuildTriMesh: Triangle data from '/Game/Niveles/LevelTuto.LevelTuto:PersistentLevel.ModelComponent_332' invalid (2424 verts, 0 indices).
[2018.03.01-18.04.04:154][137]LogPhysics:Warning: FDerivedDataPhysXCooker::BuildTriMesh: Triangle data from '/Game/Niveles/LevelTuto.LevelTuto:PersistentLevel.ModelComponent_333' invalid (2424 verts, 0 indices).
[2018.03.01-18.04.04:154][137]LogPhysics:Warning: FDerivedDataPhysXCooker::BuildTriMesh: Triangle data from '/Game/Niveles/LevelTuto.LevelTuto:PersistentLevel.ModelComponent_334' invalid (2424 verts, 0 indices).
[2018.03.01-18.04.04:154][137]LogPhysics:Warning: FDerivedDataPhysXCooker::BuildTriMesh: Triangle data from '/Game/Niveles/LevelTuto.LevelTuto:PersistentLevel.ModelComponent_335' invalid (2424 verts, 0 indices).
[2018.03.01-18.04.04:154][137]LogPhysics:Warning: FDerivedDataPhysXCooker::BuildTriMesh: Triangle data from '/Game/Niveles/LevelTuto.LevelTuto:PersistentLevel.ModelComponent_336' invalid (2424 verts, 0 indices).
[2018.03.01-18.04.04:154][137]LogPhysics:Warning: FDerivedDataPhysXCooker::BuildTriMesh: Triangle data from '/Game/Niveles/LevelTuto.LevelTuto:PersistentLevel.ModelComponent_337' invalid (2424 verts, 0 indices).
[2018.03.01-18.04.04:154][137]LogPhysics:Warning: FDerivedDataPhysXCooker::BuildTriMesh: Triangle data from '/Game/Niveles/LevelTuto.LevelTuto:PersistentLevel.ModelComponent_338' invalid (2424 verts, 0 indices).
[2018.03.01-18.04.04:154][137]LogPhysics:Warning: FDerivedDataPhysXCooker::BuildTriMesh: Triangle data from '/Game/Niveles/LevelTuto.LevelTuto:PersistentLevel.ModelComponent_339' invalid (2424 verts, 0 indices).
[2018.03.01-18.04.04:155][137]LogPhysics:Warning: FDerivedDataPhysXCooker::BuildTriMesh: Triangle data from '/Game/Niveles/LevelTuto.LevelTuto:PersistentLevel.ModelComponent_340' invalid (2424 verts, 0 indices).
[2018.03.01-18.04.04:155][137]LogPhysics:Warning: FDerivedDataPhysXCooker::BuildTriMesh: Triangle data from '/Game/Niveles/LevelTuto.LevelTuto:PersistentLevel.ModelComponent_341' invalid (2424 verts, 0 indices).
[2018.03.01-18.04.04:155][137]LogPhysics:Warning: FDerivedDataPhysXCooker::BuildTriMesh: Triangle data from '/Game/Niveles/LevelTuto.LevelTuto:PersistentLevel.ModelComponent_342' invalid (2424 verts, 0 indices).
[2018.03.01-18.04.04:155][137]LogPhysics:Warning: FDerivedDataPhysXCooker::BuildTriMesh: Triangle data from '/Game/Niveles/LevelTuto.LevelTuto:PersistentLevel.ModelComponent_343' invalid (2424 verts, 0 indices).
[2018.03.01-18.04.04:155][137]LogPhysics:Warning: FDerivedDataPhysXCooker::BuildTriMesh: Triangle data from '/Game/Niveles/LevelTuto.LevelTuto:PersistentLevel.ModelComponent_344' invalid (2424 verts, 0 indices).
[2018.03.01-18.04.04:155][137]LogPhysics:Warning: FDerivedDataPhysXCooker::BuildTriMesh: Triangle data from '/Game/Niveles/LevelTuto.LevelTuto:PersistentLevel.ModelComponent_345' invalid (2424 verts, 0 indices).
[2018.03.01-18.04.04:155][137]LogPhysics:Warning: FDerivedDataPhysXCooker::BuildTriMesh: Triangle data from '/Game/Niveles/LevelTuto.LevelTuto:PersistentLevel.ModelComponent_346' invalid (2424 verts, 0 indices).
[2018.03.01-18.04.04:155][137]LogPhysics:Warning: FDerivedDataPhysXCooker::BuildTriMesh: Triangle data from '/Game/Niveles/LevelTuto.LevelTuto:PersistentLevel.ModelComponent_347' invalid (2424 verts, 0 indices).
[2018.03.01-18.04.04:155][137]LogPhysics:Warning: FDerivedDataPhysXCooker::BuildTriMesh: Triangle data from '/Game/Niveles/LevelTuto.LevelTuto:PersistentLevel.ModelComponent_348' invalid (2424 verts, 0 indices).
[2018.03.01-18.04.04:155][137]LogPhysics:Warning: FDerivedDataPhysXCooker::BuildTriMesh: Triangle data from '/Game/Niveles/LevelTuto.LevelTuto:PersistentLevel.ModelComponent_349' invalid (2424 verts, 0 indices).
[2018.03.01-18.04.04:155][137]LogPhysics:Warning: FDerivedDataPhysXCooker::BuildTriMesh: Triangle data from '/Game/Niveles/LevelTuto.LevelTuto:PersistentLevel.ModelComponent_350' invalid (2424 verts, 0 indices).
[2018.03.01-18.04.04:155][137]LogPhysics:Warning: FDerivedDataPhysXCooker::BuildTriMesh: Triangle data from '/Game/Niveles/LevelTuto.LevelTuto:PersistentLevel.ModelComponent_351' invalid (2424 verts, 0 indices).
[2018.03.01-18.04.04:155][137]LogPhysics:Warning: FDerivedDataPhysXCooker::BuildTriMesh: Triangle data from '/Game/Niveles/LevelTuto.LevelTuto:PersistentLevel.ModelComponent_352' invalid (2424 verts, 0 indices).
[2018.03.01-18.04.04:155][137]LogPhysics:Warning: FDerivedDataPhysXCooker::BuildTriMesh: Triangle data from '/Game/Niveles/LevelTuto.LevelTuto:PersistentLevel.ModelComponent_353' invalid (2424 verts, 0 indices).
[2018.03.01-18.04.04:156][137]LogPhysics:Warning: FDerivedDataPhysXCooker::BuildTriMesh: Triangle data from '/Game/Niveles/LevelTuto.LevelTuto:PersistentLevel.ModelComponent_354' invalid (2424 verts, 0 indices).
[2018.03.01-18.04.04:156][137]LogPhysics:Warning: FDerivedDataPhysXCooker::BuildTriMesh: Triangle data from '/Game/Niveles/LevelTuto.LevelTuto:PersistentLevel.ModelComponent_355' invalid (2424 verts, 0 indices).
[2018.03.01-18.04.04:156][137]LogPhysics:Warning: FDerivedDataPhysXCooker::BuildTriMesh: Triangle data from '/Game/Niveles/LevelTuto.LevelTuto:PersistentLevel.ModelComponent_356' invalid (2424 verts, 0 indices).
[2018.03.01-18.04.04:156][137]LogPhysics:Warning: FDerivedDataPhysXCooker::BuildTriMesh: Triangle data from '/Game/Niveles/LevelTuto.LevelTuto:PersistentLevel.ModelComponent_357' invalid (2424 verts, 0 indices).
[2018.03.01-18.04.04:156][137]LogPhysics:Warning: FDerivedDataPhysXCooker::BuildTriMesh: Triangle data from '/Game/Niveles/LevelTuto.LevelTuto:PersistentLevel.ModelComponent_358' invalid (2424 verts, 0 indices).
[2018.03.01-18.04.04:156][137]LogPhysics:Warning: FDerivedDataPhysXCooker::BuildTriMesh: Triangle data from '/Game/Niveles/LevelTuto.LevelTuto:PersistentLevel.ModelComponent_359' invalid (2424 verts, 0 indices).
[2018.03.01-18.04.04:156][137]LogPhysics:Warning: FDerivedDataPhysXCooker::BuildTriMesh: Triangle data from '/Game/Niveles/LevelTuto.LevelTuto:PersistentLevel.ModelComponent_360' invalid (2424 verts, 0 indices).
[2018.03.01-18.04.04:156][137]LogPhysics:Warning: FDerivedDataPhysXCooker::BuildTriMesh: Triangle data from '/Game/Niveles/LevelTuto.LevelTuto:PersistentLevel.ModelComponent_361' invalid (2424 verts, 0 indices).
[2018.03.01-18.04.04:156][137]LogPhysics:Warning: FDerivedDataPhysXCooker::BuildTriMesh: Triangle data from '/Game/Niveles/LevelTuto.LevelTuto:PersistentLevel.ModelComponent_362' invalid (2424 verts, 0 indices).
[2018.03.01-18.04.04:156][137]LogPhysics:Warning: FDerivedDataPhysXCooker::BuildTriMesh: Triangle data from '/Game/Niveles/LevelTuto.LevelTuto:PersistentLevel.ModelComponent_363' invalid (2424 verts, 0 indices).
[2018.03.01-18.04.04:156][137]LogPhysics:Warning: FDerivedDataPhysXCooker::BuildTriMesh: Triangle data from '/Game/Niveles/LevelTuto.LevelTuto:PersistentLevel.ModelComponent_364' invalid (2424 verts, 0 indices).
[2018.03.01-18.04.04:156][137]LogPhysics:Warning: FDerivedDataPhysXCooker::BuildTriMesh: Triangle data from '/Game/Niveles/LevelTuto.LevelTuto:PersistentLevel.ModelComponent_365' invalid (2424 verts, 0 indices).
[2018.03.01-18.04.04:156][137]LogPhysics:Warning: FDerivedDataPhysXCooker::BuildTriMesh: Triangle data from '/Game/Niveles/LevelTuto.LevelTuto:PersistentLevel.ModelComponent_366' invalid (2424 verts, 0 indices).
[2018.03.01-18.04.04:156][137]LogPhysics:Warning: FDerivedDataPhysXCooker::BuildTriMesh: Triangle data from '/Game/Niveles/LevelTuto.LevelTuto:PersistentLevel.ModelComponent_367' invalid (2424 verts, 0 indices).
[2018.03.01-18.04.04:156][137]LogPhysics:Warning: FDerivedDataPhysXCooker::BuildTriMesh: Triangle data from '/Game/Niveles/LevelTuto.LevelTuto:PersistentLevel.ModelComponent_368' invalid (2424 verts, 0 indices).
[2018.03.01-18.04.04:157][137]LogPhysics:Warning: FDerivedDataPhysXCooker::BuildTriMesh: Triangle data from '/Game/Niveles/LevelTuto.LevelTuto:PersistentLevel.ModelComponent_369' invalid (2424 verts, 0 indices).
[2018.03.01-18.04.04:157][137]LogPhysics:Warning: FDerivedDataPhysXCooker::BuildTriMesh: Triangle data from '/Game/Niveles/LevelTuto.LevelTuto:PersistentLevel.ModelComponent_370' invalid (2424 verts, 0 indices).
[2018.03.01-18.04.04:157][137]LogPhysics:Warning: FDerivedDataPhysXCooker::BuildTriMesh: Triangle data from '/Game/Niveles/LevelTuto.LevelTuto:PersistentLevel.ModelComponent_371' invalid (2424 verts, 0 indices).
[2018.03.01-18.04.04:157][137]LogPhysics:Warning: FDerivedDataPhysXCooker::BuildTriMesh: Triangle data from '/Game/Niveles/LevelTuto.LevelTuto:PersistentLevel.ModelComponent_372' invalid (2424 verts, 0 indices).
[2018.03.01-18.04.04:157][137]LogPhysics:Warning: FDerivedDataPhysXCooker::BuildTriMesh: Triangle data from '/Game/Niveles/LevelTuto.LevelTuto:PersistentLevel.ModelComponent_373' invalid (2424 verts, 0 indices).
[2018.03.01-18.04.04:157][137]LogPhysics:Warning: FDerivedDataPhysXCooker::BuildTriMesh: Triangle data from '/Game/Niveles/LevelTuto.LevelTuto:PersistentLevel.ModelComponent_374' invalid (2424 verts, 0 indices).
[2018.03.01-18.04.04:157][137]LogPhysics:Warning: FDerivedDataPhysXCooker::BuildTriMesh: Triangle data from '/Game/Niveles/LevelTuto.LevelTuto:PersistentLevel.ModelComponent_375' invalid (2424 verts, 0 indices).
[2018.03.01-18.04.04:157][137]LogPhysics:Warning: FDerivedDataPhysXCooker::BuildTriMesh: Triangle data from '/Game/Niveles/LevelTuto.LevelTuto:PersistentLevel.ModelComponent_376' invalid (2424 verts, 0 indices).
[2018.03.01-18.04.04:157][137]LogPhysics:Warning: FDerivedDataPhysXCooker::BuildTriMesh: Triangle data from '/Game/Niveles/LevelTuto.LevelTuto:PersistentLevel.ModelComponent_377' invalid (2424 verts, 0 indices).
[2018.03.01-18.04.04:157][137]LogPhysics:Warning: FDerivedDataPhysXCooker::BuildTriMesh: Triangle data from '/Game/Niveles/LevelTuto.LevelTuto:PersistentLevel.ModelComponent_378' invalid (2424 verts, 0 indices).
[2018.03.01-18.04.04:157][137]LogPhysics:Warning: FDerivedDataPhysXCooker::BuildTriMesh: Triangle data from '/Game/Niveles/LevelTuto.LevelTuto:PersistentLevel.ModelComponent_379' invalid (2424 verts, 0 indices).
[2018.03.01-18.04.04:157][137]LogPhysics:Warning: FDerivedDataPhysXCooker::BuildTriMesh: Triangle data from '/Game/Niveles/LevelTuto.LevelTuto:PersistentLevel.ModelComponent_380' invalid (2424 verts, 0 indices).
[2018.03.01-18.04.04:157][137]LogPhysics:Warning: FDerivedDataPhysXCooker::BuildTriMesh: Triangle data from '/Game/Niveles/LevelTuto.LevelTuto:PersistentLevel.ModelComponent_381' invalid (2424 verts, 0 indices).
[2018.03.01-18.04.04:157][137]LogPhysics:Warning: FDerivedDataPhysXCooker::BuildTriMesh: Triangle data from '/Game/Niveles/LevelTuto.LevelTuto:PersistentLevel.ModelComponent_382' invalid (2424 verts, 0 indices).
[2018.03.01-18.04.04:157][137]LogPhysics:Warning: FDerivedDataPhysXCooker::BuildTriMesh: Triangle data from '/Game/Niveles/LevelTuto.LevelTuto:PersistentLevel.ModelComponent_383' invalid (2424 verts, 0 indices).
[2018.03.01-18.04.04:158][137]LogPhysics:Warning: FDerivedDataPhysXCooker::BuildTriMesh: Triangle data from '/Game/Niveles/LevelTuto.LevelTuto:PersistentLevel.ModelComponent_384' invalid (2424 verts, 0 indices).
[2018.03.01-18.04.04:158][137]LogPhysics:Warning: FDerivedDataPhysXCooker::BuildTriMesh: Triangle data from '/Game/Niveles/LevelTuto.LevelTuto:PersistentLevel.ModelComponent_385' invalid (2424 verts, 0 indices).
[2018.03.01-18.04.04:158][137]LogPhysics:Warning: FDerivedDataPhysXCooker::BuildTriMesh: Triangle data from '/Game/Niveles/LevelTuto.LevelTuto:PersistentLevel.ModelComponent_386' invalid (2424 verts, 0 indices).
[2018.03.01-18.04.04:158][137]LogPhysics:Warning: FDerivedDataPhysXCooker::BuildTriMesh: Triangle data from '/Game/Niveles/LevelTuto.LevelTuto:PersistentLevel.ModelComponent_387' invalid (2424 verts, 0 indices).
[2018.03.01-18.04.04:158][137]LogPhysics:Warning: FDerivedDataPhysXCooker::BuildTriMesh: Triangle data from '/Game/Niveles/LevelTuto.LevelTuto:PersistentLevel.ModelComponent_388' invalid (2424 verts, 0 indices).
[2018.03.01-18.04.04:158][137]LogPhysics:Warning: FDerivedDataPhysXCooker::BuildTriMesh: Triangle data from '/Game/Niveles/LevelTuto.LevelTuto:PersistentLevel.ModelComponent_389' invalid (2424 verts, 0 indices).
[2018.03.01-18.04.04:158][137]LogPhysics:Warning: FDerivedDataPhysXCooker::BuildTriMesh: Triangle data from '/Game/Niveles/LevelTuto.LevelTuto:PersistentLevel.ModelComponent_390' invalid (2424 verts, 0 indices).
[2018.03.01-18.04.04:158][137]LogPhysics:Warning: FDerivedDataPhysXCooker::BuildTriMesh: Triangle data from '/Game/Niveles/LevelTuto.LevelTuto:PersistentLevel.ModelComponent_391' invalid (2424 verts, 0 indices).
[2018.03.01-18.04.04:158][137]LogPhysics:Warning: FDerivedDataPhysXCooker::BuildTriMesh: Triangle data from '/Game/Niveles/LevelTuto.LevelTuto:PersistentLevel.ModelComponent_392' invalid (2424 verts, 0 indices).
[2018.03.01-18.04.04:158][137]LogPhysics:Warning: FDerivedDataPhysXCooker::BuildTriMesh: Triangle data from '/Game/Niveles/LevelTuto.LevelTuto:PersistentLevel.ModelComponent_393' invalid (2424 verts, 0 indices).
[2018.03.01-18.04.04:158][137]LogPhysics:Warning: FDerivedDataPhysXCooker::BuildTriMesh: Triangle data from '/Game/Niveles/LevelTuto.LevelTuto:PersistentLevel.ModelComponent_394' invalid (2424 verts, 0 indices).
[2018.03.01-18.04.04:158][137]LogPhysics:Warning: FDerivedDataPhysXCooker::BuildTriMesh: Triangle data from '/Game/Niveles/LevelTuto.LevelTuto:PersistentLevel.ModelComponent_395' invalid (2424 verts, 0 indices).
[2018.03.01-18.04.04:158][137]LogPhysics:Warning: FDerivedDataPhysXCooker::BuildTriMesh: Triangle data from '/Game/Niveles/LevelTuto.LevelTuto:PersistentLevel.ModelComponent_396' invalid (2424 verts, 0 indices).
[2018.03.01-18.04.04:159][137]LogPhysics:Warning: FDerivedDataPhysXCooker::BuildTriMesh: Triangle data from '/Game/Niveles/LevelTuto.LevelTuto:PersistentLevel.ModelComponent_397' invalid (2424 verts, 0 indices).
[2018.03.01-18.04.04:159][137]LogPhysics:Warning: FDerivedDataPhysXCooker::BuildTriMesh: Triangle data from '/Game/Niveles/LevelTuto.LevelTuto:PersistentLevel.ModelComponent_398' invalid (2424 verts, 0 indices).
[2018.03.01-18.04.04:159][137]LogPhysics:Warning: FDerivedDataPhysXCooker::BuildTriMesh: Triangle data from '/Game/Niveles/LevelTuto.LevelTuto:PersistentLevel.ModelComponent_399' invalid (2424 verts, 0 indices).
[2018.03.01-18.04.04:159][137]LogPhysics:Warning: FDerivedDataPhysXCooker::BuildTriMesh: Triangle data from '/Game/Niveles/LevelTuto.LevelTuto:PersistentLevel.ModelComponent_400' invalid (2424 verts, 0 indices).
[2018.03.01-18.04.04:159][137]LogPhysics:Warning: FDerivedDataPhysXCooker::BuildTriMesh: Triangle data from '/Game/Niveles/LevelTuto.LevelTuto:PersistentLevel.ModelComponent_401' invalid (2424 verts, 0 indices).
[2018.03.01-18.04.04:159][137]LogPhysics:Warning: FDerivedDataPhysXCooker::BuildTriMesh: Triangle data from '/Game/Niveles/LevelTuto.LevelTuto:PersistentLevel.ModelComponent_402' invalid (2424 verts, 0 indices).
[2018.03.01-18.04.04:159][137]LogPhysics:Warning: FDerivedDataPhysXCooker::BuildTriMesh: Triangle data from '/Game/Niveles/LevelTuto.LevelTuto:PersistentLevel.ModelComponent_403' invalid (2424 verts, 0 indices).
[2018.03.01-18.04.04:159][137]LogPhysics:Warning: FDerivedDataPhysXCooker::BuildTriMesh: Triangle data from '/Game/Niveles/LevelTuto.LevelTuto:PersistentLevel.ModelComponent_404' invalid (2424 verts, 0 indices).
[2018.03.01-18.04.04:159][137]LogPhysics:Warning: FDerivedDataPhysXCooker::BuildTriMesh: Triangle data from '/Game/Niveles/LevelTuto.LevelTuto:PersistentLevel.ModelComponent_405' invalid (2424 verts, 0 indices).
[2018.03.01-18.07.15:420][241]LogEditorViewport: Clicking Background
[2018.03.01-18.07.25:446][254]LogSavePackage: Save=254.72ms
[2018.03.01-18.07.25:446][254]LogSavePackage: Moving 'C:/Users/David/Documents/GitHub/FuturoImperfecto/PRUEBAS/MechHackAndSlash/Saved/LevelTuto3018AF0547EB6938649796ADD93573A4.tmp' to 'C:/Users/David/Documents/GitHub/FuturoImperfecto/PRUEBAS/MechHackAndSlash/Content/Niveles/LevelTuto.umap'
[2018.03.01-18.07.25:448][254]LogSavePackage:Display: Finished SavePackage C:/Users/David/Documents/GitHub/FuturoImperfecto/PRUEBAS/MechHackAndSlash/Content/Niveles/LevelTuto.umap
[2018.03.01-18.07.25:449][254]LogFileHelpers: Saving map 'LevelTuto' took 0.355
[2018.03.01-18.07.26:241][254]LogSavePackage: Save=698.87ms
[2018.03.01-18.07.26:241][254]LogSavePackage: Moving 'C:/Users/David/Documents/GitHub/FuturoImperfecto/PRUEBAS/MechHackAndSlash/Saved/ThirdPersonExampleMap4C7546E149BA9367D556B8B8E1A2093A.tmp' to 'C:/Users/David/Documents/GitHub/FuturoImperfecto/PRUEBAS/MechHackAndSlash/Content/ThirdPersonBP/Maps/ThirdPersonExampleMap.umap'
[2018.03.01-18.07.26:245][254]LogSavePackage:Display: Finished SavePackage C:/Users/David/Documents/GitHub/FuturoImperfecto/PRUEBAS/MechHackAndSlash/Content/ThirdPersonBP/Maps/ThirdPersonExampleMap.umap
[2018.03.01-18.07.26:307][254]LogFileHelpers: Saving map 'ThirdPersonExampleMap' took 0.856
[2018.03.01-18.07.27:757][391]LogWindowsTextInputMethodSystem:Display: IME system now deactivated.
[2018.03.01-18.07.27:969][392]Cmd: QUIT_EDITOR
[2018.03.01-18.07.27:992][392]LogExit: Preparing to exit.
[2018.03.01-18.07.29:009][392]LogExit: Editor shut down
[2018.03.01-18.07.29:013][392]LogExit: Transaction tracking system shut down
[2018.03.01-18.07.29:120][392]LogObj: Freed 0b from 0 cluster array pools.
[2018.03.01-18.07.29:120][392]LogExit: Object subsystem successfully closed.
[2018.03.01-18.07.29:144][392]LogD3D11RHI: Shutdown
[2018.03.01-18.07.29:144][392]LogD3D11RHI: CleanupD3DDevice
[2018.03.01-18.07.29:219][392]LogD3D11RHI: ~FD3D11DynamicRHI
[2018.03.01-18.07.29:225][392]LogModuleManager: Shutting down and abandoning module BlueprintGraph (532)
[2018.03.01-18.07.29:225][392]LogModuleManager: Shutting down and abandoning module BlueprintProfiler (530)
[2018.03.01-18.07.29:225][392]LogModuleManager: Shutting down and abandoning module HierarchicalLODOutliner (528)
[2018.03.01-18.07.29:225][392]LogModuleManager: Shutting down and abandoning module CrashTracker (526)
[2018.03.01-18.07.29:225][392]LogModuleManager: Shutting down and abandoning module WorldBrowser (524)
[2018.03.01-18.07.29:225][392]LogModuleManager: Shutting down and abandoning module SceneOutliner (522)
[2018.03.01-18.07.29:225][392]LogModuleManager: Shutting down and abandoning module AddContentDialog (520)
[2018.03.01-18.07.29:225][392]LogDirectoryWatcher: A directory notification for 'D:/Program Files (x86)/Epic Games/UE_4.16/FeaturePacks/' was aborted.
[2018.03.01-18.07.29:226][392]LogModuleManager: Shutting down and abandoning module WidgetCarousel (519)
[2018.03.01-18.07.29:226][392]LogModuleManager: Shutting down and abandoning module EditorWidgets (516)
[2018.03.01-18.07.29:226][392]LogModuleManager: Shutting down and abandoning module CollectionManager (514)
[2018.03.01-18.07.29:226][392]LogDirectoryWatcher: A directory notification for 'C:/Users/David/Documents/GitHub/FuturoImperfecto/PRUEBAS/MechHackAndSlash/Content/Collections/' was aborted.
[2018.03.01-18.07.29:226][392]LogDirectoryWatcher: A directory notification for 'C:/Users/David/Documents/GitHub/FuturoImperfecto/PRUEBAS/MechHackAndSlash/Content/Developers/David/Collections/' was aborted.
[2018.03.01-18.07.29:226][392]LogDirectoryWatcher: A directory notification for 'C:/Users/David/Documents/GitHub/FuturoImperfecto/PRUEBAS/MechHackAndSlash/Saved/Collections/' was aborted.
[2018.03.01-18.07.29:226][392]LogModuleManager: Shutting down and abandoning module StatsViewer (512)
[2018.03.01-18.07.29:226][392]LogModuleManager: Shutting down and abandoning module FoliageEdit (510)
[2018.03.01-18.07.29:226][392]LogModuleManager: Shutting down and abandoning module LandscapeEditor (508)
[2018.03.01-18.07.29:226][392]LogModuleManager: Shutting down and abandoning module MeshPaintMode (506)
[2018.03.01-18.07.29:226][392]LogModuleManager: Shutting down and abandoning module SceneDepthPickerMode (504)
[2018.03.01-18.07.29:226][392]LogModuleManager: Shutting down and abandoning module ActorPickerMode (502)
[2018.03.01-18.07.29:226][392]LogModuleManager: Shutting down and abandoning module GeometryMode (500)
[2018.03.01-18.07.29:226][392]LogModuleManager: Shutting down and abandoning module TextureAlignMode (498)
[2018.03.01-18.07.29:226][392]LogModuleManager: Shutting down and abandoning module BspMode (496)
[2018.03.01-18.07.29:226][392]LogModuleManager: Shutting down and abandoning module HardwareSurvey (494)
[2018.03.01-18.07.29:227][392]LogModuleManager: Shutting down and abandoning module SequenceRecorderSections (492)
[2018.03.01-18.07.29:227][392]LogModuleManager: Shutting down and abandoning module AutomationWorker (490)
[2018.03.01-18.07.29:227][392]LogModuleManager: Shutting down and abandoning module MatineeToLevelSequence (488)
[2018.03.01-18.07.29:227][392]LogModuleManager: Shutting down and abandoning module LevelSequenceEditor (486)
[2018.03.01-18.07.29:227][392]LogModuleManager: Shutting down and abandoning module PlacementMode (485)
[2018.03.01-18.07.29:227][392]LogModuleManager: Shutting down and abandoning module WmfMediaFactory (482)
[2018.03.01-18.07.29:227][392]LogModuleManager: Shutting down and abandoning module WmfMediaEditor (480)
[2018.03.01-18.07.29:227][392]LogModuleManager: Shutting down and abandoning module AvfMediaFactory (478)
[2018.03.01-18.07.29:227][392]LogModuleManager: Shutting down and abandoning module AvfMediaEditor (476)
[2018.03.01-18.07.29:227][392]LogModuleManager: Shutting down and abandoning module AndroidMediaFactory (474)
[2018.03.01-18.07.29:227][392]LogModuleManager: Shutting down and abandoning module Media (473)
[2018.03.01-18.07.29:227][392]LogModuleManager: Shutting down and abandoning module AndroidMediaEditor (470)
[2018.03.01-18.07.29:227][392]LogModuleManager: Shutting down and abandoning module CharacterAI (468)
[2018.03.01-18.07.29:227][392]LogModuleManager: Shutting down and abandoning module AudioCapture (466)
[2018.03.01-18.07.29:227][392]LogModuleManager: Shutting down and abandoning module SequenceRecorder (465)
[2018.03.01-18.07.29:227][392]LogModuleManager: Shutting down and abandoning module SmartSnapping (462)
[2018.03.01-18.07.29:227][392]LogModuleManager: Shutting down and abandoning module SessionServices (460)
[2018.03.01-18.07.29:227][392]LogModuleManager: Shutting down and abandoning module ViewportSnapping (458)
[2018.03.01-18.07.29:227][392]LogModuleManager: Shutting down and abandoning module ViewportInteraction (456)
[2018.03.01-18.07.29:227][392]LogModuleManager: Shutting down and abandoning module ClothPainter (454)
[2018.03.01-18.07.29:227][392]LogModuleManager: Shutting down and abandoning module LogVisualizer (452)
[2018.03.01-18.07.29:227][392]LogModuleManager: Shutting down and abandoning module IntroTutorials (450)
[2018.03.01-18.07.29:227][392]LogModuleManager: Shutting down and abandoning module GameProjectGeneration (449)
[2018.03.01-18.07.29:227][392]LogModuleManager: Shutting down and abandoning module EditorLiveStreaming (446)
[2018.03.01-18.07.29:227][392]LogModuleManager: Shutting down and abandoning module IOSPlatformEditor (444)
[2018.03.01-18.07.29:227][392]LogModuleManager: Shutting down and abandoning module HTML5PlatformEditor (442)
[2018.03.01-18.07.29:227][392]LogModuleManager: Shutting down and abandoning module AndroidPlatformEditor (440)
[2018.03.01-18.07.29:227][392]LogModuleManager: Shutting down and abandoning module AndroidDeviceDetection (439)
[2018.03.01-18.07.29:505][392]LogModuleManager: Shutting down and abandoning module IOSRuntimeSettings (436)
[2018.03.01-18.07.29:505][392]LogModuleManager: Shutting down and abandoning module AndroidRuntimeSettings (434)
[2018.03.01-18.07.29:505][392]LogModuleManager: Shutting down and abandoning module InputBindingEditor (432)
[2018.03.01-18.07.29:505][392]LogModuleManager: Shutting down and abandoning module MergeActors (430)
[2018.03.01-18.07.29:505][392]LogModuleManager: Shutting down and abandoning module SizeMap (428)
[2018.03.01-18.07.29:505][392]LogModuleManager: Shutting down and abandoning module TreeMap (426)
[2018.03.01-18.07.29:505][392]LogModuleManager: Shutting down and abandoning module ReferenceViewer (424)
[2018.03.01-18.07.29:505][392]LogModuleManager: Shutting down and abandoning module LocalizationDashboard (422)
[2018.03.01-18.07.29:505][392]LogModuleManager: Shutting down and abandoning module LocalizationService (421)
[2018.03.01-18.07.29:505][392]LogModuleManager: Shutting down and abandoning module HardwareTargeting (418)
[2018.03.01-18.07.29:505][392]LogModuleManager: Shutting down and abandoning module DeviceProfileEditor (416)
[2018.03.01-18.07.29:505][392]LogModuleManager: Shutting down and abandoning module UndoHistory (414)
[2018.03.01-18.07.29:505][392]LogModuleManager: Shutting down and abandoning module UserFeedback (412)
[2018.03.01-18.07.29:505][392]LogModuleManager: Shutting down and abandoning module XmlParser (410)
[2018.03.01-18.07.29:505][392]LogModuleManager: Shutting down and abandoning module Blutility (408)
[2018.03.01-18.07.29:505][392]LogModuleManager: Shutting down and abandoning module ProjectSettingsViewer (406)
[2018.03.01-18.07.29:505][392]LogModuleManager: Shutting down and abandoning module ProjectTargetPlatformEditor (405)
[2018.03.01-18.07.29:505][392]LogModuleManager: Shutting down and abandoning module EditorSettingsViewer (402)
[2018.03.01-18.07.29:505][392]LogModuleManager: Shutting down and abandoning module SettingsEditor (400)
[2018.03.01-18.07.29:505][392]LogModuleManager: Shutting down and abandoning module ProjectLauncher (398)
[2018.03.01-18.07.29:505][392]LogModuleManager: Shutting down and abandoning module SessionFrontend (396)
[2018.03.01-18.07.29:505][392]LogModuleManager: Shutting down and abandoning module ProfilerClient (394)
[2018.03.01-18.07.29:506][392]LogModuleManager: Shutting down and abandoning module DeviceManager (392)
[2018.03.01-18.07.29:506][392]LogModuleManager: Shutting down and abandoning module TargetDeviceServices (391)
[2018.03.01-18.07.29:550][392]LogModuleManager: Shutting down and abandoning module AutomationController (388)
[2018.03.01-18.07.29:550][392]LogModuleManager: Shutting down and abandoning module AutomationWindow (386)
[2018.03.01-18.07.29:550][392]LogModuleManager: Shutting down and abandoning module Layers (384)
[2018.03.01-18.07.29:550][392]LogModuleManager: Shutting down and abandoning module ComponentVisualizers (382)
[2018.03.01-18.07.29:550][392]LogModuleManager: Shutting down and abandoning module DetailCustomizations (380)
[2018.03.01-18.07.29:550][392]LogModuleManager: Shutting down and abandoning module PackagesDialog (378)
[2018.03.01-18.07.29:550][392]LogModuleManager: Shutting down and abandoning module Persona (376)
[2018.03.01-18.07.29:550][392]LogModuleManager: Shutting down and abandoning module AdvancedPreviewScene (375)
[2018.03.01-18.07.29:550][392]LogModuleManager: Shutting down and abandoning module AnimGraph (373)
[2018.03.01-18.07.29:550][392]LogModuleManager: Shutting down and abandoning module Kismet (370)
[2018.03.01-18.07.29:560][392]LogModuleManager: Shutting down and abandoning module ClassViewer (368)
[2018.03.01-18.07.29:560][392]LogModuleManager: Shutting down and abandoning module Toolbox (366)
[2018.03.01-18.07.29:560][392]LogModuleManager: Shutting down and abandoning module ModuleUI (364)
[2018.03.01-18.07.29:560][392]LogModuleManager: Shutting down and abandoning module MovieSceneTools (362)
[2018.03.01-18.07.29:560][392]LogModuleManager: Shutting down and abandoning module OutputLog (360)
[2018.03.01-18.07.29:560][392]LogModuleManager: Shutting down and abandoning module GammaUI (358)
[2018.03.01-18.07.29:560][392]LogModuleManager: Shutting down and abandoning module Documentation (356)
[2018.03.01-18.07.29:560][392]LogModuleManager: Shutting down and abandoning module MovieSceneTracks (354)
[2018.03.01-18.07.29:560][392]LogModuleManager: Shutting down and abandoning module MovieScene (352)
[2018.03.01-18.07.29:560][392]LogModuleManager: Shutting down and abandoning module Niagara (350)
[2018.03.01-18.07.29:560][392]LogModuleManager: Shutting down and abandoning module NiagaraEditor (349)
[2018.03.01-18.07.29:560][392]LogModuleManager: Shutting down and abandoning module StreamingPauseRendering (346)
[2018.03.01-18.07.29:561][392]LogModuleManager: Shutting down and abandoning module AnalyticsET (344)
[2018.03.01-18.07.29:561][392]LogModuleManager: Shutting down and abandoning module PortalServices (342)
[2018.03.01-18.07.29:561][392]LogModuleManager: Shutting down and abandoning module PortalRpc (340)
[2018.03.01-18.07.29:561][392]LogModuleManager: Shutting down and abandoning module MessagingRpc (338)
[2018.03.01-18.07.29:561][392]LogModuleManager: Shutting down and abandoning module AIModule (336)
[2018.03.01-18.07.29:561][392]LogModuleManager: Shutting down and abandoning module GameplayDebugger (335)
[2018.03.01-18.07.29:561][392]LogModuleManager: Shutting down and abandoning module AITestSuite (333)
[2018.03.01-18.07.29:561][392]LogModuleManager: Shutting down and abandoning module ProfilerService (330)
[2018.03.01-18.07.29:652][392]LogModuleManager: Shutting down and abandoning module TaskGraph (328)
[2018.03.01-18.07.29:652][392]LogModuleManager: Shutting down and abandoning module SteamVRController (326)
[2018.03.01-18.07.29:652][392]LogModuleManager: Shutting down and abandoning module SteamVR (324)
[2018.03.01-18.07.29:652][392]LogModuleManager: Shutting down and abandoning module ProceduralMeshComponentEditor (322)
[2018.03.01-18.07.29:652][392]LogModuleManager: Shutting down and abandoning module ProceduralMeshComponent (320)
[2018.03.01-18.07.29:652][392]LogModuleManager: Shutting down and abandoning module OculusLibrary (318)
[2018.03.01-18.07.29:652][392]LogModuleManager: Shutting down and abandoning module OculusInput (316)
[2018.03.01-18.07.29:652][392]LogModuleManager: Shutting down and abandoning module MobilePatchingUtils (314)
[2018.03.01-18.07.29:652][392]LogModuleManager: Shutting down and abandoning module CustomMeshComponent (312)
[2018.03.01-18.07.29:652][392]LogModuleManager: Shutting down and abandoning module CableComponent (310)
[2018.03.01-18.07.29:652][392]LogModuleManager: Shutting down and abandoning module ArchVisCharacter (308)
[2018.03.01-18.07.29:652][392]LogModuleManager: Shutting down and abandoning module AndroidPermission (306)
[2018.03.01-18.07.29:652][392]LogModuleManager: Shutting down and abandoning module MediaPlayerEditor (302)
[2018.03.01-18.07.29:653][392]LogModuleManager: Shutting down and abandoning module HTML5Networking (300)
[2018.03.01-18.07.29:653][392]LogModuleManager: Shutting down and abandoning module AlembicImporter (298)
[2018.03.01-18.07.29:653][392]LogModuleManager: Shutting down and abandoning module AlembicLibrary (297)
[2018.03.01-18.07.29:653][392]LogModuleManager: Shutting down and abandoning module GeometryCache (296)
[2018.03.01-18.07.29:653][392]LogModuleManager: Shutting down and abandoning module GeometryCacheEd (295)
[2018.03.01-18.07.29:653][392]LogModuleManager: Shutting down and abandoning module SuperSearchEditor (290)
[2018.03.01-18.07.29:653][392]LogModuleManager: Shutting down and abandoning module SuperSearch (289)
[2018.03.01-18.07.29:653][392]LogModuleManager: Shutting down and abandoning module SpeedTreeImporter (286)
[2018.03.01-18.07.29:653][392]LogModuleManager: Shutting down and abandoning module PluginBrowser (284)
[2018.03.01-18.07.29:653][392]LogModuleManager: Shutting down and abandoning module MobileLauncherProfileWizard (282)
[2018.03.01-18.07.29:653][392]LogModuleManager: Shutting down and abandoning module VisualStudioSourceCodeAccess (280)
[2018.03.01-18.07.29:653][392]LogModuleManager: Shutting down and abandoning module DesktopPlatform (279)
[2018.03.01-18.07.29:653][392]LogModuleManager: Shutting down and abandoning module UObjectPlugin (276)
[2018.03.01-18.07.29:653][392]LogModuleManager: Shutting down and abandoning module SubversionSourceControl (274)
[2018.03.01-18.07.29:653][392]LogModuleManager: Shutting down and abandoning module PerforceSourceControl (272)
[2018.03.01-18.07.29:653][392]LogModuleManager: Shutting down and abandoning module GitSourceControl (270)
[2018.03.01-18.07.29:653][392]LogModuleManager: Shutting down and abandoning module SourceControl (269)
[2018.03.01-18.07.29:653][392]LogModuleManager: Shutting down and abandoning module LightPropagationVolumeEditor (266)
[2018.03.01-18.07.29:653][392]LogModuleManager: Shutting down and abandoning module PaperTiledImporter (264)
[2018.03.01-18.07.29:653][392]LogModuleManager: Shutting down and abandoning module PaperSpriteSheetImporter (262)
[2018.03.01-18.07.29:653][392]LogModuleManager: Shutting down and abandoning module Paper2DEditor (260)
[2018.03.01-18.07.29:653][392]LogModuleManager: Shutting down and abandoning module MeshPaint (259)
[2018.03.01-18.07.29:653][392]LogModuleManager: Shutting down and abandoning module LevelEditor (257)
[2018.03.01-18.07.29:654][392]LogModuleManager: Shutting down and abandoning module PixelInspectorModule (256)
[2018.03.01-18.07.29:654][392]LogModuleManager: Shutting down and abandoning module MainFrame (254)
[2018.03.01-18.07.29:654][392]LogModuleManager: Shutting down and abandoning module HotReload (253)
[2018.03.01-18.07.29:655][392]LogModuleManager: Shutting down and abandoning module PhysXVehiclesEditor (248)
[2018.03.01-18.07.29:655][392]LogModuleManager: Shutting down and abandoning module PhysXVehicles (246)
[2018.03.01-18.07.29:655][392]LogModuleManager: Shutting down and abandoning module LocationServicesBPLibrary (244)
[2018.03.01-18.07.29:655][392]LogModuleManager: Shutting down and abandoning module ImmediatePhysicsEditor (242)
[2018.03.01-18.07.29:655][392]LogModuleManager: Shutting down and abandoning module ImmediatePhysics (240)
[2018.03.01-18.07.29:655][392]LogModuleManager: Shutting down and abandoning module UdpMessaging (238)
[2018.03.01-18.07.29:756][392]LogModuleManager: Shutting down and abandoning module TcpMessaging (236)
[2018.03.01-18.07.29:857][392]LogModuleManager: Shutting down and abandoning module GameplayTagsEditor (234)
[2018.03.01-18.07.29:857][392]LogModuleManager: Shutting down and abandoning module FacialAnimationEditor (232)
[2018.03.01-18.07.29:857][392]LogModuleManager: Shutting down and abandoning module FacialAnimation (230)
[2018.03.01-18.07.29:857][392]LogModuleManager: Shutting down and abandoning module AssetManagerEditor (228)
[2018.03.01-18.07.29:857][392]LogModuleManager: Shutting down and abandoning module GraphEditor (227)
[2018.03.01-18.07.29:857][392]LogModuleManager: Shutting down and abandoning module ContentBrowser (225)
[2018.03.01-18.07.29:860][392]LogModuleManager: Shutting down and abandoning module LightPropagationVolumeRuntime (222)
[2018.03.01-18.07.29:860][392]LogModuleManager: Shutting down and abandoning module Paper2D (220)
[2018.03.01-18.07.29:860][392]LogModuleManager: Shutting down and abandoning module WindowsMoviePlayer (218)
[2018.03.01-18.07.29:860][392]LogModuleManager: Shutting down and abandoning module WmfMedia (216)
[2018.03.01-18.07.29:861][392]LogModuleManager: Shutting down and abandoning module ClothingSystemEditor (214)
[2018.03.01-18.07.29:861][392]LogModuleManager: Shutting down and abandoning module ClothingSystemRuntime (212)
[2018.03.01-18.07.29:861][392]LogModuleManager: Shutting down and abandoning module MediaAssets (210)
[2018.03.01-18.07.29:861][392]LogModuleManager: Shutting down and abandoning module GameLiveStreaming (208)
[2018.03.01-18.07.29:861][392]LogModuleManager: Shutting down and abandoning module EnvironmentQueryEditor (206)
[2018.03.01-18.07.29:861][392]LogModuleManager: Shutting down and abandoning module VREditor (204)
[2018.03.01-18.07.29:861][392]LogModuleManager: Shutting down and abandoning module StringTableEditor (202)
[2018.03.01-18.07.29:862][392]LogModuleManager: Shutting down and abandoning module GameplayTasksEditor (200)
[2018.03.01-18.07.29:862][392]LogModuleManager: Shutting down and abandoning module BehaviorTreeEditor (198)
[2018.03.01-18.07.29:862][392]LogModuleManager: Shutting down and abandoning module FunctionalTesting (196)
[2018.03.01-18.07.29:862][392]LogModuleManager: Shutting down and abandoning module CollisionAnalyzer (194)
[2018.03.01-18.07.29:862][392]LogModuleManager: Shutting down and abandoning module UMG (192)
[2018.03.01-18.07.29:862][392]LogModuleManager: Shutting down and abandoning module UMGEditor (191)
[2018.03.01-18.07.29:862][392]LogModuleManager: Shutting down and abandoning module Sequencer (190)
[2018.03.01-18.07.29:862][392]LogModuleManager: Shutting down and abandoning module AssetTools (188)
[2018.03.01-18.07.29:862][392]LogModuleManager: Shutting down and abandoning module MessageLog (187)
[2018.03.01-18.07.29:862][392]LogModuleManager: Shutting down and abandoning module WorkspaceMenuStructure (186)
[2018.03.01-18.07.29:862][392]LogModuleManager: Shutting down and abandoning module SlateReflector (180)
[2018.03.01-18.07.29:863][392]LogModuleManager: Shutting down and abandoning module Slate (178)
[2018.03.01-18.07.29:863][392]LogModuleManager: Shutting down and abandoning module EditorStyle (176)
[2018.03.01-18.07.29:869][392]LogModuleManager: Shutting down and abandoning module SourceCodeAccess (174)
[2018.03.01-18.07.29:869][392]LogModuleManager: Shutting down and abandoning module HeadMountedDisplay (172)
[2018.03.01-18.07.29:869][392]LogModuleManager: Shutting down and abandoning module XAudio2 (170)
[2018.03.01-18.07.29:869][392]LogModuleManager: Shutting down and abandoning module Networking (168)
[2018.03.01-18.07.29:869][392]LogModuleManager: Shutting down and abandoning module Core (164)
[2018.03.01-18.07.29:870][392]LogModuleManager: Shutting down and abandoning module AssetRegistry (162)
[2018.03.01-18.07.30:078][392]LogDirectoryWatcher: A directory notification for '../../../Engine/Content/' was aborted.
[2018.03.01-18.07.30:079][392]LogDirectoryWatcher: A directory notification for 'C:/Users/David/Documents/GitHub/FuturoImperfecto/PRUEBAS/MechHackAndSlash/Content/' was aborted.
[2018.03.01-18.07.30:079][392]LogDirectoryWatcher: A directory notification for '../../../Engine/Plugins/2D/Paper2D/Content/' was aborted.
[2018.03.01-18.07.30:079][392]LogDirectoryWatcher: A directory notification for '../../../Engine/Plugins/Runtime/GearVR/Content/' was aborted.
[2018.03.01-18.07.30:082][392]LogModuleManager: Shutting down and abandoning module DirectoryWatcher (161)
[2018.03.01-18.07.30:083][392]LogModuleManager: Shutting down and abandoning module KismetCompiler (158)
[2018.03.01-18.07.30:083][392]LogModuleManager: Shutting down and abandoning module LevelSequence (156)
[2018.03.01-18.07.30:083][392]LogModuleManager: Shutting down and abandoning module PhysXFormats (154)
[2018.03.01-18.07.30:083][392]LogModuleManager: Shutting down and abandoning module MeshUtilities (152)
[2018.03.01-18.07.30:083][392]LogModuleManager: Shutting down and abandoning module SimplygonSwarm (151)
[2018.03.01-18.07.30:083][392]LogModuleManager: Shutting down and abandoning module SimplygonMeshReduction (149)
[2018.03.01-18.07.30:083][392]LogModuleManager: Shutting down and abandoning module QuadricMeshReduction (147)
[2018.03.01-18.07.30:083][392]LogModuleManager: Shutting down and abandoning module DerivedDataCache (144)
[2018.03.01-18.07.30:140][392]LogDerivedDataCache: Shutdown
[2018.03.01-18.07.30:140][392]LogModuleManager: Shutting down and abandoning module TargetPlatform (142)
[2018.03.01-18.07.30:140][392]LogModuleManager: Shutting down and abandoning module VulkanShaderFormat (141)
[2018.03.01-18.07.30:140][392]LogModuleManager: Shutting down and abandoning module ShaderFormatVectorVM (139)
[2018.03.01-18.07.30:140][392]LogModuleManager: Shutting down and abandoning module ShaderFormatOpenGL (137)
[2018.03.01-18.07.30:140][392]LogModuleManager: Shutting down and abandoning module ShaderFormatD3D (135)
[2018.03.01-18.07.30:140][392]LogModuleManager: Shutting down and abandoning module MetalShaderFormat (133)
[2018.03.01-18.07.30:140][392]LogModuleManager: Shutting down and abandoning module TextureFormatUncompressed (131)
[2018.03.01-18.07.30:140][392]LogModuleManager: Shutting down and abandoning module TextureFormatPVR (129)
[2018.03.01-18.07.30:140][392]LogModuleManager: Shutting down and abandoning module TextureFormatDXT (127)
[2018.03.01-18.07.30:140][392]LogModuleManager: Shutting down and abandoning module TextureFormatIntelISPCTexComp (125)
[2018.03.01-18.07.30:140][392]LogModuleManager: Shutting down and abandoning module TextureFormatASTC (123)
[2018.03.01-18.07.30:140][392]LogModuleManager: Shutting down and abandoning module ImageWrapper (122)
[2018.03.01-18.07.30:140][392]LogModuleManager: Shutting down and abandoning module TextureFormatAndroid (119)
[2018.03.01-18.07.30:140][392]LogModuleManager: Shutting down and abandoning module AudioFormatOpus (117)
[2018.03.01-18.07.30:140][392]LogModuleManager: Shutting down and abandoning module AudioFormatOgg (115)
[2018.03.01-18.07.30:140][392]LogModuleManager: Shutting down and abandoning module AudioFormatADPCM (113)
[2018.03.01-18.07.30:140][392]LogModuleManager: Shutting down and abandoning module LinuxTargetPlatform (111)
[2018.03.01-18.07.30:140][392]LogModuleManager: Shutting down and abandoning module LinuxServerTargetPlatform (109)
[2018.03.01-18.07.30:140][392]LogModuleManager: Shutting down and abandoning module LinuxNoEditorTargetPlatform (107)
[2018.03.01-18.07.30:140][392]LogModuleManager: Shutting down and abandoning module LinuxClientTargetPlatform (105)
[2018.03.01-18.07.30:140][392]LogModuleManager: Shutting down and abandoning module TVOSTargetPlatform (103)
[2018.03.01-18.07.30:140][392]LogModuleManager: Shutting down and abandoning module Messaging (101)
[2018.03.01-18.07.30:140][392]LogModuleManager: Shutting down and abandoning module IOSTargetPlatform (99)
[2018.03.01-18.07.30:140][392]LogModuleManager: Shutting down and abandoning module HTML5TargetPlatform (97)
[2018.03.01-18.07.30:140][392]LogModuleManager: Shutting down and abandoning module Android_PVRTCTargetPlatform (95)
[2018.03.01-18.07.30:140][392]LogModuleManager: Shutting down and abandoning module Android_MultiTargetPlatform (93)
[2018.03.01-18.07.30:140][392]LogModuleManager: Shutting down and abandoning module Android_ETC2TargetPlatform (91)
[2018.03.01-18.07.30:140][392]LogModuleManager: Shutting down and abandoning module Android_ETC1TargetPlatform (89)
[2018.03.01-18.07.30:140][392]LogModuleManager: Shutting down and abandoning module Android_DXTTargetPlatform (87)
[2018.03.01-18.07.30:140][392]LogModuleManager: Shutting down and abandoning module Android_ATCTargetPlatform (85)
[2018.03.01-18.07.30:140][392]LogModuleManager: Shutting down and abandoning module Android_ASTCTargetPlatform (83)
[2018.03.01-18.07.30:140][392]LogModuleManager: Shutting down and abandoning module AndroidTargetPlatform (81)
[2018.03.01-18.07.30:140][392]LogModuleManager: Shutting down and abandoning module WindowsTargetPlatform (79)
[2018.03.01-18.07.30:140][392]LogModuleManager: Shutting down and abandoning module WindowsServerTargetPlatform (77)
[2018.03.01-18.07.30:140][392]LogModuleManager: Shutting down and abandoning module WindowsNoEditorTargetPlatform (75)
[2018.03.01-18.07.30:140][392]LogModuleManager: Shutting down and abandoning module WindowsClientTargetPlatform (73)
[2018.03.01-18.07.30:140][392]LogModuleManager: Shutting down and abandoning module MacTargetPlatform (71)
[2018.03.01-18.07.30:140][392]LogModuleManager: Shutting down and abandoning module MacServerTargetPlatform (69)
[2018.03.01-18.07.30:140][392]LogModuleManager: Shutting down and abandoning module MacNoEditorTargetPlatform (67)
[2018.03.01-18.07.30:140][392]LogModuleManager: Shutting down and abandoning module MacClientTargetPlatform (65)
[2018.03.01-18.07.30:140][392]LogModuleManager: Shutting down and abandoning module AllDesktopTargetPlatform (63)
[2018.03.01-18.07.30:140][392]LogModuleManager: Shutting down and abandoning module InputCore (60)
[2018.03.01-18.07.30:140][392]LogModuleManager: Shutting down and abandoning module Settings (58)
[2018.03.01-18.07.30:140][392]LogModuleManager: Shutting down and abandoning module OculusRift (56)
[2018.03.01-18.07.30:140][392]LogModuleManager: Shutting down and abandoning module GearVRController (54)
[2018.03.01-18.07.30:140][392]LogModuleManager: Shutting down and abandoning module GearVR (52)
[2018.03.01-18.07.30:140][392]LogModuleManager: Shutting down and abandoning module ExampleDeviceProfileSelector (50)
[2018.03.01-18.07.30:140][392]LogModuleManager: Shutting down and abandoning module OnlineBlueprintSupport (48)
[2018.03.01-18.07.30:140][392]LogModuleManager: Shutting down and abandoning module OnlineSubsystem (44)
[2018.03.01-18.07.30:140][392]LogOnline:Display: Unloading online subsystem: NULL
[2018.03.01-18.07.30:140][392]LogModuleManager: Shutting down and abandoning module XMPP (43)
[2018.03.01-18.07.30:141][392]LogModuleManager: Shutting down and abandoning module HTTP (41)
[2018.03.01-18.07.30:141][392]LogHttp:Display: Http module shutting down, but needs to wait on 1 outstanding Http requests:
[2018.03.01-18.07.30:141][392]LogHttp:Display: 	verb=[POST] url=[https://datarouter.ol.epicgames.com/datarouter/api/v1/public/data?SessionID=%7B0C971DC4-4565-9ADC-0E66-65BFD719C8B8%7D&AppID=UEEditor.Rocket.Release&AppVersion=4.16.2-3514769%2B%2B%2BUE4%2BRelease-4.16&UserID=eedd91be406e0cd25ea0748277e6e73c%7C7a211806f70b4509a5be2640357744fc%7Caa6de738-987c-4c76-bb80-6cc1d099ea00&AppEnvironment=datacollector-binary&UploadType=eteventstream] status=Processing
[2018.03.01-18.07.30:166][392]LogModuleManager: Shutting down and abandoning module SSL (40)
[2018.03.01-18.07.30:168][392]LogModuleManager: Shutting down and abandoning module HTTPChunkInstaller (36)
[2018.03.01-18.07.30:168][392]LogModuleManager: Shutting down and abandoning module AnimationModifiers (34)
[2018.03.01-18.07.30:168][392]LogModuleManager: Shutting down and abandoning module PropertyEditor (33)
[2018.03.01-18.07.30:168][392]LogModuleManager: Shutting down and abandoning module AudioEditor (30)
[2018.03.01-18.07.30:168][392]LogModuleManager: Shutting down and abandoning module TextureCompressor (28)
[2018.03.01-18.07.30:168][392]LogModuleManager: Shutting down and abandoning module ShaderCore (26)
[2018.03.01-18.07.30:168][392]LogModuleManager: Shutting down and abandoning module Landscape (24)
[2018.03.01-18.07.30:168][392]LogModuleManager: Shutting down and abandoning module SlateRHIRenderer (22)
[2018.03.01-18.07.30:169][392]LogModuleManager: Shutting down and abandoning module OpenGLDrv (20)
[2018.03.01-18.07.30:169][392]LogModuleManager: Shutting down and abandoning module D3D11RHI (18)
[2018.03.01-18.07.30:169][392]LogModuleManager: Shutting down and abandoning module AnimGraphRuntime (16)
[2018.03.01-18.07.30:169][392]LogModuleManager: Shutting down and abandoning module Renderer (14)
[2018.03.01-18.07.30:169][392]LogModuleManager: Shutting down and abandoning module Engine (12)
[2018.03.01-18.07.30:169][392]LogModuleManager: Shutting down and abandoning module CoreUObject (10)
[2018.03.01-18.07.30:169][392]LogModuleManager: Shutting down and abandoning module NetworkFile (8)
[2018.03.01-18.07.30:169][392]LogModuleManager: Shutting down and abandoning module StreamingFile (6)
[2018.03.01-18.07.30:169][392]LogModuleManager: Shutting down and abandoning module SandboxFile (4)
[2018.03.01-18.07.30:169][392]LogModuleManager: Shutting down and abandoning module PakFile (2)
[2018.03.01-18.07.30:170][392]LogExit: Exiting.
[2018.03.01-18.07.30:197][392]Log file closed, 03/01/18 19:07:30
