Log file open, 02/21/18 17:21:25
LogInit:Display: Running engine for game: MechHackAndSlash
LogPlatformFile: Not using cached read wrapper
LogInit:Display: RandInit(1407523655) SRandInit(1407523656).
LogTaskGraph: Started task graph with 5 named threads and 8 total threads with 1 sets of task threads.
LogStats: Stats thread started at 0.080913
LogInit: Using libcurl 7.47.1
LogInit:  - built for x86_64-pc-win32
LogInit:  - supports SSL with OpenSSL/1.0.2g
LogInit:  - supports HTTP deflate (compression) using libz 1.2.8
LogInit:  - other features:
LogInit:      CURL_VERSION_SSL
LogInit:      CURL_VERSION_LIBZ
LogInit:      CURL_VERSION_IPV6
LogInit:      CURL_VERSION_ASYNCHDNS
LogInit:      CURL_VERSION_LARGEFILE
LogInit:      CURL_VERSION_IDN
LogInit:  CurlRequestOptions (configurable via config and command line):
LogInit:  - bVerifyPeer = false  - Libcurl will NOT verify peer certificate
LogInit:  - bUseHttpProxy = false  - Libcurl will NOT use HTTP proxy
LogInit:  - bDontReuseConnections = false  - Libcurl will reuse connections
LogInit:  - CertBundlePath = nullptr  - Libcurl will use whatever was configured at build time.
LogInit: Build: ++UE4+Release-4.16-CL-3514769
LogInit: Engine Version: 4.16.2-3514769+++UE4+Release-4.16
LogInit: Compatible Engine Version: 4.16.0-3452394+++UE4+Release-4.16
LogInit: Net CL: 3452394
LogDevObjectVersion: Number of dev versions registered: 16
LogDevObjectVersion:   Dev-Blueprints (B0D832E4-1F89-4F0D-ACCF-7EB736FD4AA2): 9
LogDevObjectVersion:   Dev-Build (E1C64328-A22C-4D53-A36C-8E866417BD8C): 0
LogDevObjectVersion:   Dev-Core (375EC13C-06E4-48FB-B500-84F0262A717E): 2
LogDevObjectVersion:   Dev-Editor (E4B068ED-F494-42E9-A231-DA0B2E46BB41): 17
LogDevObjectVersion:   Dev-Framework (CFFC743F-43B0-4480-9391-14DF171D2073): 23
LogDevObjectVersion:   Dev-Mobile (B02B49B5-BB20-44E9-A304-32B752E40360): 0
LogDevObjectVersion:   Dev-Networking (A4E4105C-59A1-49B5-A7C5-40C4547EDFEE): 0
LogDevObjectVersion:   Dev-Online (39C831C9-5AE6-47DC-9A44-9C173E1C8E7C): 0
LogDevObjectVersion:   Dev-Physics (78F01B33-EBEA-4F98-B9B4-84EACCB95AA2): 0
LogDevObjectVersion:   Dev-Platform (6631380F-2D4D-43E0-8009-CF276956A95A): 0
LogDevObjectVersion:   Dev-Rendering (12F88B9F-8875-4AFC-A67C-D90C383ABD29): 15
LogDevObjectVersion:   Dev-Sequencer (7B5AE74C-D270-4C10-A958-57980B212A5A): 4
LogDevObjectVersion:   Dev-VR (D7296918-1DD6-4BDD-9DE2-64A83CC13884): 0
LogDevObjectVersion:   Dev-LoadTimes (C2A15278-BFE7-4AFE-6C17-90FF531DF755): 1
LogDevObjectVersion:   Private-Geometry (6EACA3D4-40EC-4CC1-B786-8BED09428FC5): 1
LogDevObjectVersion:   Dev-AnimPhys (29E575DD-E0A3-4627-9D10-D276232CDCEA): 3
LogInit: Compiled (64-bit): Jun 29 2017 02:03:24
LogInit: Compiled with Visual C++: 19.00.24215.01
LogInit: Build Configuration: Development
LogInit: Branch Name: ++UE4+Release-4.16
LogInit: Command line: 
LogInit: Base directory: D:/Program Files (x86)/Epic Games/UE_4.16/Engine/Binaries/Win64/
LogInit: Installed Engine Build: 1
LogInit: Presizing for max 8388607 objects, including 0 objects not considered by GC, pre-allocating 0 bytes for permanent pool.
LogInit: Object subsystem initialized
[2018.02.21-16.21.25:466][  0]LogInit: Selected Device Profile: [Windows]
[2018.02.21-16.21.25:466][  0]LogInit: Applying CVar settings loaded from the selected device profile: [Windows]
[2018.02.21-16.21.25:478][  0]LogInit: Computer: DAVIDMASTERRACE
[2018.02.21-16.21.25:478][  0]LogInit: User: David
[2018.02.21-16.21.25:478][  0]LogInit: CPU Page size=4096, Cores=4
[2018.02.21-16.21.25:478][  0]LogInit: High frequency timer resolution =3.417964 MHz
[2018.02.21-16.21.25:478][  0]LogMemory: Memory total: Physical=15.9GB (16GB approx)
[2018.02.21-16.21.25:478][  0]LogMemory: Platform Memory Stats for Windows
[2018.02.21-16.21.25:478][  0]LogMemory: Process Physical Memory: 273.50 MB used, 273.50 MB peak
[2018.02.21-16.21.25:478][  0]LogMemory: Process Virtual Memory: 262.52 MB used, 262.52 MB peak
[2018.02.21-16.21.25:478][  0]LogMemory: Physical Memory: 5606.25 MB used,  10720.19 MB free, 16326.44 MB total
[2018.02.21-16.21.25:478][  0]LogMemory: Virtual Memory: 619.06 MB used,  10720.19 MB free, 134217728.00 MB total
[2018.02.21-16.21.25:519][  0]LogInit: Overriding language with editor language configuration option (en).
[2018.02.21-16.21.25:519][  0]LogInit: Overriding locale with editor locale configuration option (en).
[2018.02.21-16.21.26:261][  0]LogD3D11RHI: D3D11 adapters:
[2018.02.21-16.21.26:281][  0]LogD3D11RHI:    0. 'NVIDIA GeForce GTX 970' (Feature Level 11_0)
[2018.02.21-16.21.26:281][  0]LogD3D11RHI:       3975/0/8163 MB DedicatedVideo/DedicatedSystem/SharedSystem, Outputs:1, VendorId:0x10de
[2018.02.21-16.21.26:282][  0]LogD3D11RHI:    1. 'Microsoft Basic Render Driver' (Feature Level 11_0)
[2018.02.21-16.21.26:282][  0]LogD3D11RHI:       0/0/256 MB DedicatedVideo/DedicatedSystem/SharedSystem, Outputs:0, VendorId:0x1414
[2018.02.21-16.21.26:282][  0]LogD3D11RHI: Chosen D3D11 Adapter: 0
[2018.02.21-16.21.26:285][  0]LogD3D11RHI: Creating new Direct3DDevice
[2018.02.21-16.21.26:285][  0]LogD3D11RHI:     GPU DeviceId: 0x13c2 (for the marketing name, search the web for "GPU Device Id")
[2018.02.21-16.21.26:285][  0]LogWindows: EnumDisplayDevices:
[2018.02.21-16.21.26:285][  0]LogWindows:    0. 'NVIDIA GeForce GTX 970' (P:1 D:1)
[2018.02.21-16.21.26:285][  0]LogWindows:    1. 'NVIDIA GeForce GTX 970' (P:0 D:0)
[2018.02.21-16.21.26:285][  0]LogWindows:    2. 'NVIDIA GeForce GTX 970' (P:0 D:0)
[2018.02.21-16.21.26:285][  0]LogWindows:    3. 'NVIDIA GeForce GTX 970' (P:0 D:0)
[2018.02.21-16.21.26:285][  0]LogWindows: DebugString: FoundDriverCount:4 
[2018.02.21-16.21.26:285][  0]LogD3D11RHI:     Adapter Name: NVIDIA GeForce GTX 970
[2018.02.21-16.21.26:285][  0]LogD3D11RHI:   Driver Version: 388.13 (internal:23.21.13.8813, unified:388.13)
[2018.02.21-16.21.26:285][  0]LogD3D11RHI:      Driver Date: 10-27-2017
[2018.02.21-16.21.26:285][  0]LogRHI: Texture pool is 1361 MB (70% of 1945 MB)
[2018.02.21-16.21.26:294][  0]LogD3D11RHI: Async texture creation enabled
[2018.02.21-16.21.26:310][  0]LogD3D11RHI: GPU Timing Frequency: 1000.000000 (Debug: 2 2)
[2018.02.21-16.21.26:355][  0]LogShaderCompilers: Guid format shader working directory is -27 characters bigger than the processId version (C:/Users/David/Documents/GitHub/FuturoImperfecto/PRUEBAS/MechHackAndSlash/Intermediate/Shaders/WorkingDirectory/7700/).
[2018.02.21-16.21.26:355][  0]LogShaderCompilers: Cleaned the shader compiler working directory 'C:/Users/David/AppData/Local/Temp/UnrealShaderWorkingDir/BB04F48345637E252491BEA92F5C0993/'.
[2018.02.21-16.21.26:355][  0]LogShaderCompilers:Display: Using Local Shader Compiler.
[2018.02.21-16.21.27:204][  0]LogTemp:Display: Loaded TP AllDesktopTargetPlatform
[2018.02.21-16.21.27:236][  0]LogTemp:Display: Loaded TP MacClientTargetPlatform
[2018.02.21-16.21.27:268][  0]LogTemp:Display: Loaded TP MacNoEditorTargetPlatform
[2018.02.21-16.21.27:299][  0]LogTemp:Display: Loaded TP MacServerTargetPlatform
[2018.02.21-16.21.27:331][  0]LogTemp:Display: Loaded TP MacTargetPlatform
[2018.02.21-16.21.27:362][  0]LogTemp:Display: Loaded TP WindowsClientTargetPlatform
[2018.02.21-16.21.27:395][  0]LogTemp:Display: Loaded TP WindowsNoEditorTargetPlatform
[2018.02.21-16.21.27:427][  0]LogTemp:Display: Loaded TP WindowsServerTargetPlatform
[2018.02.21-16.21.27:453][  0]LogTemp:Display: Loaded TP WindowsTargetPlatform
[2018.02.21-16.21.27:484][  0]LogTemp:Display: Loaded TP AndroidTargetPlatform
[2018.02.21-16.21.27:514][  0]LogTemp:Display: Loaded TP Android_ASTCTargetPlatform
[2018.02.21-16.21.27:545][  0]LogTemp:Display: Loaded TP Android_ATCTargetPlatform
[2018.02.21-16.21.27:575][  0]LogTemp:Display: Loaded TP Android_DXTTargetPlatform
[2018.02.21-16.21.27:607][  0]LogTemp:Display: Loaded TP Android_ETC1TargetPlatform
[2018.02.21-16.21.27:638][  0]LogTemp:Display: Loaded TP Android_ETC2TargetPlatform
[2018.02.21-16.21.27:700][  0]LogTemp:Display: Loaded TP Android_MultiTargetPlatform
[2018.02.21-16.21.27:700][  0]LogTemp:Display: Loaded TP Android_PVRTCTargetPlatform
[2018.02.21-16.21.27:722][  0]LogTemp:Display: Loaded TP HTML5TargetPlatform
[2018.02.21-16.21.27:786][  0]LogTemp:Display: Loaded TP IOSTargetPlatform
[2018.02.21-16.21.27:806][  0]LogTemp:Display: Loaded TP TVOSTargetPlatform
[2018.02.21-16.21.27:837][  0]LogTemp:Display: Loaded TP LinuxClientTargetPlatform
[2018.02.21-16.21.27:867][  0]LogTemp:Display: Loaded TP LinuxNoEditorTargetPlatform
[2018.02.21-16.21.27:897][  0]LogTemp:Display: Loaded TP LinuxServerTargetPlatform
[2018.02.21-16.21.27:952][  0]LogTemp:Display: Loaded TP LinuxTargetPlatform
[2018.02.21-16.21.27:952][  0]LogTargetPlatformManager:Display: Building Assets For Windows
[2018.02.21-16.21.28:364][  0]LogDerivedDataCache:Display: Max Cache Size: 512 MB
[2018.02.21-16.21.28:449][  0]LogDerivedDataCache: Loaded boot cache 0.08s 90MB C:/Users/David/AppData/Local/UnrealEngine/4.16/DerivedDataCache/Boot.ddc.
[2018.02.21-16.21.28:449][  0]LogDerivedDataCache:Display: Loaded Boot cache: C:/Users/David/AppData/Local/UnrealEngine/4.16/DerivedDataCache/Boot.ddc
[2018.02.21-16.21.28:449][  0]LogDerivedDataCache: FDerivedDataBackendGraph:  Pak pak cache file C:/Users/David/Documents/GitHub/FuturoImperfecto/PRUEBAS/MechHackAndSlash/DerivedDataCache/DDC.ddp not found, will not use a pak cache.
[2018.02.21-16.21.28:449][  0]LogDerivedDataCache: Unable to find inner node Pak for hierarchical cache Hierarchy.
[2018.02.21-16.21.28:449][  0]LogDerivedDataCache: FDerivedDataBackendGraph:  CompressedPak pak cache file C:/Users/David/Documents/GitHub/FuturoImperfecto/PRUEBAS/MechHackAndSlash/DerivedDataCache/Compressed.ddp not found, will not use a pak cache.
[2018.02.21-16.21.28:449][  0]LogDerivedDataCache: Unable to find inner node CompressedPak for hierarchical cache Hierarchy.
[2018.02.21-16.21.28:465][  0]LogDerivedDataCache:Display: Pak cache opened for reading ../../../Engine/DerivedDataCache/Compressed.ddp.
[2018.02.21-16.21.28:477][  0]LogDerivedDataCache: Using Local data cache path C:/Users/David/AppData/Local/UnrealEngine/Common/DerivedDataCache: Writable
[2018.02.21-16.21.28:485][  0]LogMaterial: Verifying Global Shaders for PCD3D_SM5
[2018.02.21-16.21.28:486][  0]LogSlate: Using Freetype 2.6.0
[2018.02.21-16.21.28:486][  0]LogSlate: SlateFontCache - WITH_FREETYPE: 1, WITH_HARFBUZZ: 1
[2018.02.21-16.21.28:486][  0]LogSlate: SlateFontCache - WITH_FREETYPE: 1, WITH_HARFBUZZ: 1
[2018.02.21-16.21.28:742][  0]LogInit: Selected Device Profile: [Windows]
[2018.02.21-16.21.28:804][  0]LogContentStreaming: Texture pool size is 0.00 MB
[2018.02.21-16.21.28:915][  0]LogMeshUtilities: Using QuadricMeshReduction for automatic static mesh reduction
[2018.02.21-16.21.28:939][  0]LogSimplygon: Simplygon DLL not present - disabling.
[2018.02.21-16.21.28:966][  0]LogMeshUtilities: Using SimplygonSwarm for distributed automatic mesh merging
[2018.02.21-16.21.28:966][  0]LogMeshUtilities: No automatic skeletal mesh reduction module available
[2018.02.21-16.21.28:966][  0]LogMeshUtilities: No automatic mesh merging module available
[2018.02.21-16.21.29:373][  0]LogNetVersion: MechHackAndSlash , NetCL: 3452394, EngineNetVer: 2, GameNetVer: 0 (Checksum: 86869316)
[2018.02.21-16.21.29:422][  0]LogAssetRegistry: FAssetRegistry took 0.0257 seconds to start up
[2018.02.21-16.21.29:452][  0]LogPackageLocalizationCache: Processed 4 localized package path(s) for 1 prioritized culture(s) in 0.018070 seconds
[2018.02.21-16.21.29:457][  0]LogUObjectArray: 34194 objects as part of root set at end of initial load.
[2018.02.21-16.21.29:457][  0]LogUObjectAllocator: 7260416 out of 0 bytes used by permanent object pool.
[2018.02.21-16.21.29:457][  0]LogUObjectArray: CloseDisregardForGC: 0/0 objects in disregard for GC pool
[2018.02.21-16.21.29:493][  0]LogInit: WinSock: version 1.1 (2.2), MaxSocks=32767, MaxUdp=65467
[2018.02.21-16.21.31:104][  0]LogTcpMessaging: Initializing TcpMessaging bridge
[2018.02.21-16.21.31:132][  0]LogUdpMessaging: Initializing bridge on interface 0.0.0.0:0 to multicast group 230.0.0.1:6666.
[2018.02.21-16.21.31:453][  0]LogMaterial: Uniform references updated for custom material expression Custom.
[2018.02.21-16.21.31:689][  0]SourceControl: Info Source control is disabled
[2018.02.21-16.21.31:718][  0]SourceControl: Info Source control is disabled
[2018.02.21-16.21.31:744][  0]SourceControl: Info Source control is disabled
[2018.02.21-16.21.31:770][  0]SourceControl: Info Source control is disabled
[2018.02.21-16.21.32:159][  0]LogAndroidPermission: UAndroidPermissionCallbackProxy::GetInstance
[2018.02.21-16.21.32:496][  0]LogEngine: Initializing Engine...
[2018.02.21-16.21.32:496][  0]LogHMD: Failed to initialize OpenVR with code 110
[2018.02.21-16.21.32:659][  0]LogStats: UGameplayTagsManager::ConstructGameplayTagTree: Construct from data asset -  0.000 s
[2018.02.21-16.21.32:659][  0]LogStats: UGameplayTagsManager::ConstructGameplayTagTree: GameplayTagTreeChangedEvent.Broadcast -  0.000 s
[2018.02.21-16.21.32:732][  0]LogAIModule: Creating AISystem for world Untitled
[2018.02.21-16.21.32:753][  0]LogInit: XAudio2 using 'Speakers (Realtek High Definition Audio)' : 2 channels at 48 kHz using 32 bits per sample (channel mask 0x3)
[2018.02.21-16.21.32:761][  0]LogInit: FAudioDevice initialized.
[2018.02.21-16.21.32:795][  0]LogDerivedDataCache: Saved boot cache 0.03s 90MB C:/Users/David/AppData/Local/UnrealEngine/4.16/DerivedDataCache/Boot.ddc.
[2018.02.21-16.21.32:806][  0]LogInit: Texture streaming: Enabled
[2018.02.21-16.21.32:858][  0]LogEngineSessionManager: EngineSessionManager initialized
[2018.02.21-16.21.32:976][  0]LogInit: Transaction tracking system initialized
[2018.02.21-16.21.33:145][  0]BlueprintLog: New page: Editor Load
[2018.02.21-16.21.33:659][  0]LocalizationService: Info Localization service is disabled
[2018.02.21-16.21.34:043][  0]LogConsoleResponse:Display: 
[2018.02.21-16.21.34:179][  0]LogCook:Display: Max memory allowance for cook 16384mb min free memory 0mb
[2018.02.21-16.21.34:179][  0]LogCook:Display: Mobile HDR setting 1
[2018.02.21-16.21.34:389][  0]LogFileCache: Scanning file cache for directory 'C:/Users/David/Documents/GitHub/FuturoImperfecto/PRUEBAS/MechHackAndSlash/Content/' took 0.02s
[2018.02.21-16.21.34:737][  0]SourceControl: Info Source control is disabled
[2018.02.21-16.21.34:737][  0]Cmd: MAP LOAD FILE="C:/Users/David/Documents/GitHub/FuturoImperfecto/PRUEBAS/MechHackAndSlash/Content/ThirdPersonBP/Maps/ThirdPersonExampleMap.umap" TEMPLATE=0 SHOWPROGRESS=1 FEATURELEVEL=3
[2018.02.21-16.21.34:742][  0]LightingResults: New page: Lighting Build
[2018.02.21-16.21.34:765][  0]MapCheck: New page: Map Check
[2018.02.21-16.21.34:765][  0]LightingResults: New page: Lighting Build
[2018.02.21-16.21.40:031][  0]LogAIModule: Creating AISystem for world ThirdPersonExampleMap
[2018.02.21-16.21.41:650][  0]LogEditorServer: Finished looking for orphan Actors (0.000 secs)
[2018.02.21-16.21.41:720][  0]Cmd: MAP CHECKDEP NOCLEARLOG
[2018.02.21-16.21.41:779][  0]MapCheck: Info Map check complete: 0 Error(s), 0 Warning(s), took 58.671ms to complete.
[2018.02.21-16.21.41:779][  0]LogFileHelpers: Loading map 'ThirdPersonExampleMap' took 7.043
[2018.02.21-16.21.42:222][  0]LogCollectionManager: Loaded 0 collections in 0.000917 seconds
[2018.02.21-16.21.42:392][  0]LogFileCache: Scanning file cache for directory 'C:/Users/David/Documents/GitHub/FuturoImperfecto/PRUEBAS/MechHackAndSlash/Saved/Collections/' took 0.01s
[2018.02.21-16.21.42:392][  0]LogFileCache: Scanning file cache for directory 'C:/Users/David/Documents/GitHub/FuturoImperfecto/PRUEBAS/MechHackAndSlash/Content/Developers/David/Collections/' took 0.01s
[2018.02.21-16.21.42:392][  0]LogFileCache: Scanning file cache for directory 'C:/Users/David/Documents/GitHub/FuturoImperfecto/PRUEBAS/MechHackAndSlash/Content/Collections/' took 0.01s
[2018.02.21-16.21.42:392][  0]LogCollectionManager: Rebuilt the GUID cache for 0 collections in 0.000001 seconds
[2018.02.21-16.21.42:402][  0]LogContentBrowser: Native class hierarchy populated in 0.0082 seconds. Added 2336 classes and 493 folders.
[2018.02.21-16.21.42:476][  0]LogContentBrowser: Native class hierarchy updated for 'WidgetCarousel' in 0.0004 seconds. Added 0 classes and 0 folders.
[2018.02.21-16.21.43:427][  0]LogContentBrowser: Native class hierarchy updated for 'AddContentDialog' in 0.0007 seconds. Added 0 classes and 0 folders.
[2018.02.21-16.21.43:511][  0]LogContentBrowser: Native class hierarchy updated for 'SceneOutliner' in 0.0007 seconds. Added 1 classes and 2 folders.
[2018.02.21-16.21.43:622][  0]LogContentBrowser: Native class hierarchy updated for 'WorldBrowser' in 0.0005 seconds. Added 1 classes and 3 folders.
[2018.02.21-16.21.44:197][  0]LogCrashTracker: Crashtracker disabled due to settings.
[2018.02.21-16.21.44:234][  0]LogSlate: Took 0.000122 seconds to synchronously load lazily loaded font '../../../Engine/Content/Slate/Fonts/Roboto-Regular.ttf' (155K)
[2018.02.21-16.21.44:236][  0]LogSlate: Took 0.000115 seconds to synchronously load lazily loaded font '../../../Engine/Content/Slate/Fonts/Roboto-Bold.ttf' (160K)
[2018.02.21-16.21.44:267][  0]LogSlate: Took 0.016936 seconds to synchronously load lazily loaded font '../../../Engine/Content/Editor/Slate/Fonts/FontAwesome.ttf' (139K)
[2018.02.21-16.21.44:559][  0]LogRenderer: Reallocating scene render targets to support 1204x572 NumSamples 1 (Frame:1).
[2018.02.21-16.21.44:902][  0]LogUObjectGlobals:Warning: Failed to find object 'Class None.'
[2018.02.21-16.21.44:948][  0]LogContentBrowser: Native class hierarchy updated for 'HierarchicalLODOutliner' in 0.0005 seconds. Added 1 classes and 2 folders.
[2018.02.21-16.21.44:949][  0]LogLoad: (Engine Initialization) Total time: 20.66 seconds
[2018.02.21-16.21.44:949][  0]LogLoad: (Engine Initialization) Total Blueprint compile time: 1.03 seconds
[2018.02.21-16.21.44:949][  0]LogExternalProfiler: Found external profiler: VSPerf
[2018.02.21-16.21.44:949][  0]LogExternalProfiler: Using external profiler: VSPerf
[2018.02.21-16.21.44:964][  0]LogOcInput: OculusInput pre-init called
[2018.02.21-16.21.44:964][  0]LogHMD: Starting GearVRController plugin
[2018.02.21-16.21.45:024][  0]LogContentStreaming: Texture pool size now 1000 MB
[2018.02.21-16.21.45:131][  0]LogSlate: Took 0.019946 seconds to synchronously load lazily loaded font '../../../Engine/Content/Slate/Fonts/Roboto-Light.ttf' (159K)
[2018.02.21-16.21.45:180][  1]LogAssetRegistry: Asset discovery search completed in 15.7795 seconds
[2018.02.21-16.21.45:183][  1]LogCollectionManager: Rebuilt the object cache for 0 collections in 0.000001 seconds (found 0 objects)
[2018.02.21-16.21.45:183][  1]LogCollectionManager: Fixed up redirectors for 0 collections in 0.000041 seconds (updated 0 objects)
[2018.02.21-16.21.45:362][  1]LogSlate: Took 0.000137 seconds to synchronously load lazily loaded font '../../../Engine/Content/Slate/Fonts/Roboto-Light.ttf' (159K)
[2018.02.21-16.21.46:027][  8]LogSlate: Took 0.000185 seconds to synchronously load lazily loaded font '../../../Engine/Content/Slate/Fonts/Roboto-Light.ttf' (159K)
[2018.02.21-16.21.48:643][184]LogContentBrowser: Native class hierarchy updated for 'BlueprintGraph' in 0.0007 seconds. Added 112 classes and 0 folders.
[2018.02.21-16.22.00:678][406]LogSlate: Took 0.012967 seconds to synchronously load lazily loaded font '../../../Engine/Content/Editor/Slate/Fonts/Roboto-BoldCondensed.ttf' (158K)
[2018.02.21-16.23.04:686][ 84]LogSlate: Took 0.010989 seconds to synchronously load lazily loaded font '../../../Engine/Content/Editor/Slate/Fonts/Roboto-Italic.ttf' (157K)
[2018.02.21-16.39.10:210][455]Cmd: TRANSACTION UNDO
[2018.02.21-16.39.10:210][455]LogEditorTransaction: Undo Edit Z
[2018.02.21-16.40.44:090][887]LogPackageName: SearchForPackageOnDisk took   0.000s, but failed to resolve /Game/Enemigos/IA/Navmesh/NewNavArea.
[2018.02.21-16.40.56:097][242]LogMetaData: Removing '/Game/Enemigos/IA/Navmesh/HighCost.SKEL_HighCost_C' ref from Metadata '/Game/Enemigos/IA/Navmesh/NewNavArea.PackageMetaData'
[2018.02.21-16.40.56:097][242]LogMetaData: Removing '/Game/Enemigos/IA/Navmesh/HighCost.HighCost_C' ref from Metadata '/Game/Enemigos/IA/Navmesh/NewNavArea.PackageMetaData'
[2018.02.21-16.40.56:120][242]Cmd: OBJ SAVEPACKAGE PACKAGE="/Game/Enemigos/IA/Navmesh/HighCost" FILE="C:/Users/David/Documents/GitHub/FuturoImperfecto/PRUEBAS/MechHackAndSlash/Content/Enemigos/IA/Navmesh/HighCost.uasset" SILENT=true
[2018.02.21-16.40.56:149][242]LogSavePackage: Save=15.39ms
[2018.02.21-16.40.56:149][242]LogSavePackage: Moving 'C:/Users/David/Documents/GitHub/FuturoImperfecto/PRUEBAS/MechHackAndSlash/Saved/HighCost878AC2C84C184F65E5A68580B45F2051.tmp' to 'C:/Users/David/Documents/GitHub/FuturoImperfecto/PRUEBAS/MechHackAndSlash/Content/Enemigos/IA/Navmesh/HighCost.uasset'
[2018.02.21-16.40.56:153][242]LogSavePackage:Display: Finished SavePackage C:/Users/David/Documents/GitHub/FuturoImperfecto/PRUEBAS/MechHackAndSlash/Content/Enemigos/IA/Navmesh/HighCost.uasset
[2018.02.21-16.40.56:333][243]LogPackageName: SearchForPackageOnDisk took   0.000s to resolve /Game/Enemigos/IA/Navmesh/HighCost.
[2018.02.21-16.46.44:932][727]BlueprintLog: New page: Compile HighCost
[2018.02.21-16.46.45:451][768]Cmd: OBJ SAVEPACKAGE PACKAGE="/Game/Enemigos/IA/Navmesh/HighCost" FILE="C:/Users/David/Documents/GitHub/FuturoImperfecto/PRUEBAS/MechHackAndSlash/Content/Enemigos/IA/Navmesh/HighCost.uasset" SILENT=true
[2018.02.21-16.46.45:471][768]LogSavePackage: Save=4.72ms
[2018.02.21-16.46.45:471][768]LogSavePackage: Moving 'C:/Users/David/Documents/GitHub/FuturoImperfecto/PRUEBAS/MechHackAndSlash/Saved/HighCost33F3957745BEC4CD6095AABF74B026D2.tmp' to 'C:/Users/David/Documents/GitHub/FuturoImperfecto/PRUEBAS/MechHackAndSlash/Content/Enemigos/IA/Navmesh/HighCost.uasset'
[2018.02.21-16.46.45:473][768]LogSavePackage:Display: Finished SavePackage C:/Users/David/Documents/GitHub/FuturoImperfecto/PRUEBAS/MechHackAndSlash/Content/Enemigos/IA/Navmesh/HighCost.uasset
[2018.02.21-16.46.52:208][568]LogTemp: Repeting last play command: Selected Viewport
[2018.02.21-16.46.52:294][568]LogBlueprintUserMessages: Early PlayInEditor Detection: Level '/Game/ThirdPersonBP/Maps/ThirdPersonExampleMap.ThirdPersonExampleMap:PersistentLevel' has LevelScriptBlueprint '/Game/ThirdPersonBP/Maps/ThirdPersonExampleMap.ThirdPersonExampleMap:PersistentLevel.ThirdPersonExampleMap' with GeneratedClass '/Game/ThirdPersonBP/Maps/ThirdPersonExampleMap.ThirdPersonExampleMap_C' with ClassGeneratedBy '/Game/ThirdPersonBP/Maps/ThirdPersonExampleMap.ThirdPersonExampleMap:PersistentLevel.ThirdPersonExampleMap'
[2018.02.21-16.46.52:294][568]LogBlueprintUserMessages: Early PlayInEditor Detection: Level '/Game/Niveles/BlueLevel.BlueLevel:PersistentLevel' has LevelScriptBlueprint '/Game/Niveles/BlueLevel.BlueLevel:PersistentLevel.BlueLevel' with GeneratedClass '/Game/Niveles/BlueLevel.BlueLevel_C' with ClassGeneratedBy '/Game/Niveles/BlueLevel.BlueLevel:PersistentLevel.BlueLevel'
[2018.02.21-16.46.52:294][568]LogBlueprintUserMessages: Early PlayInEditor Detection: Level '/Game/Niveles/RedLevel.RedLevel:PersistentLevel' has LevelScriptBlueprint '/Game/Niveles/RedLevel.RedLevel:PersistentLevel.RedLevel' with GeneratedClass '/Game/Niveles/RedLevel.RedLevel_C' with ClassGeneratedBy '/Game/Niveles/RedLevel.RedLevel:PersistentLevel.RedLevel'
[2018.02.21-16.46.52:297][568]BlueprintLog: New page: Pre-Play auto-recompile
[2018.02.21-16.46.52:297][568]LogPlayLevel: [PlayLevel] Compiling ThirdPersonExampleMap before play...
[2018.02.21-16.46.52:424][568]LogPlayLevel: [PlayLevel] Compiling BlueLevel before play...
[2018.02.21-16.46.52:546][568]LogPlayLevel: PlayLevel: Blueprint regeneration took 249 ms (2 blueprints)
[2018.02.21-16.46.52:572][568]PIE: New page: PIE session: ThirdPersonExampleMap (Feb 21, 2018, 6:46:52 PM)
[2018.02.21-16.46.52:573][568]LogPlayLevel: Creating play world package: /Game/ThirdPersonBP/Maps/UEDPIE_0_ThirdPersonExampleMap
[2018.02.21-16.46.52:615][568]LogPlayLevel: PIE: StaticDuplicateObject took: (0.042150s)
[2018.02.21-16.46.52:615][568]LogAIModule: Creating AISystem for world ThirdPersonExampleMap
[2018.02.21-16.46.52:616][568]LogPlayLevel: PIE: World Init took: (0.000938s)
[2018.02.21-16.46.52:616][568]LogPlayLevel: PIE: Created PIE world by copying editor world from /Game/ThirdPersonBP/Maps/ThirdPersonExampleMap.ThirdPersonExampleMap to /Game/ThirdPersonBP/Maps/UEDPIE_0_ThirdPersonExampleMap.ThirdPersonExampleMap (0.043384s)
[2018.02.21-16.46.52:652][568]LogInit: XAudio2 using 'Speakers (Realtek High Definition Audio)' : 2 channels at 48 kHz using 32 bits per sample (channel mask 0x3)
[2018.02.21-16.46.52:659][568]LogInit: FAudioDevice initialized.
[2018.02.21-16.46.52:706][568]LogLoad: Game class is 'ThirdPersonGameMode_C'
[2018.02.21-16.46.52:728][568]LogWorld: Bringing World /Game/ThirdPersonBP/Maps/UEDPIE_0_ThirdPersonExampleMap.ThirdPersonExampleMap up for play (max tick rate 0) at 2018.02.21-17.46.52
[2018.02.21-16.46.52:747][568]LogWorld: Bringing up level for play took: 0.021696
[2018.02.21-16.46.52:806][568]LogContentBrowser: Native class hierarchy updated for 'MovieSceneCapture' in 0.0006 seconds. Added 11 classes and 0 folders.
[2018.02.21-16.46.52:835][568]LogLevel: ActivateLevel /Game/Niveles/UEDPIE_0_BlueLevel 0 0 0
[2018.02.21-16.46.52:835][568]PIE: Info Play in editor start time for /Game/ThirdPersonBP/Maps/UEDPIE_0_ThirdPersonExampleMap -0.175
[2018.02.21-16.46.52:835][568]LogBlueprintUserMessages: Late PlayInEditor Detection: Level '/Game/ThirdPersonBP/Maps/ThirdPersonExampleMap.ThirdPersonExampleMap:PersistentLevel' has LevelScriptBlueprint '/Game/ThirdPersonBP/Maps/ThirdPersonExampleMap.ThirdPersonExampleMap:PersistentLevel.ThirdPersonExampleMap' with GeneratedClass '/Game/ThirdPersonBP/Maps/ThirdPersonExampleMap.ThirdPersonExampleMap_C' with ClassGeneratedBy '/Game/ThirdPersonBP/Maps/ThirdPersonExampleMap.ThirdPersonExampleMap:PersistentLevel.ThirdPersonExampleMap'
[2018.02.21-16.46.52:835][568]LogBlueprintUserMessages: Late PlayInEditor Detection: Level '/Game/Niveles/BlueLevel.BlueLevel:PersistentLevel' has LevelScriptBlueprint '/Game/Niveles/BlueLevel.BlueLevel:PersistentLevel.BlueLevel' with GeneratedClass '/Game/Niveles/BlueLevel.BlueLevel_C' with ClassGeneratedBy '/Game/Niveles/BlueLevel.BlueLevel:PersistentLevel.BlueLevel'
[2018.02.21-16.46.52:835][568]LogBlueprintUserMessages: Late PlayInEditor Detection: Level '/Game/Niveles/RedLevel.RedLevel:PersistentLevel' has LevelScriptBlueprint '/Game/Niveles/RedLevel.RedLevel:PersistentLevel.RedLevel' with GeneratedClass '/Game/Niveles/RedLevel.RedLevel_C' with ClassGeneratedBy '/Game/Niveles/RedLevel.RedLevel:PersistentLevel.RedLevel'
[2018.02.21-16.46.52:837][568]LogLevel: ActivateLevel /Game/Niveles/UEDPIE_0_RedLevel 0 0 0
[2018.02.21-16.46.55:749][907]LogBlueprintUserMessages: Early EndPlayMap Detection: Level '/Game/ThirdPersonBP/Maps/ThirdPersonExampleMap.ThirdPersonExampleMap:PersistentLevel' has LevelScriptBlueprint '/Game/ThirdPersonBP/Maps/ThirdPersonExampleMap.ThirdPersonExampleMap:PersistentLevel.ThirdPersonExampleMap' with GeneratedClass '/Game/ThirdPersonBP/Maps/ThirdPersonExampleMap.ThirdPersonExampleMap_C' with ClassGeneratedBy '/Game/ThirdPersonBP/Maps/ThirdPersonExampleMap.ThirdPersonExampleMap:PersistentLevel.ThirdPersonExampleMap'
[2018.02.21-16.46.55:749][907]LogBlueprintUserMessages: Early EndPlayMap Detection: Level '/Game/Niveles/BlueLevel.BlueLevel:PersistentLevel' has LevelScriptBlueprint '/Game/Niveles/BlueLevel.BlueLevel:PersistentLevel.BlueLevel' with GeneratedClass '/Game/Niveles/BlueLevel.BlueLevel_C' with ClassGeneratedBy '/Game/Niveles/BlueLevel.BlueLevel:PersistentLevel.BlueLevel'
[2018.02.21-16.46.55:749][907]LogBlueprintUserMessages: Early EndPlayMap Detection: Level '/Game/Niveles/RedLevel.RedLevel:PersistentLevel' has LevelScriptBlueprint '/Game/Niveles/RedLevel.RedLevel:PersistentLevel.RedLevel' with GeneratedClass '/Game/Niveles/RedLevel.RedLevel_C' with ClassGeneratedBy '/Game/Niveles/RedLevel.RedLevel:PersistentLevel.RedLevel'
[2018.02.21-16.46.55:811][907]LogBlueprintUserMessages: Late EndPlayMap Detection: Level '/Game/ThirdPersonBP/Maps/ThirdPersonExampleMap.ThirdPersonExampleMap:PersistentLevel' has LevelScriptBlueprint '/Game/ThirdPersonBP/Maps/ThirdPersonExampleMap.ThirdPersonExampleMap:PersistentLevel.ThirdPersonExampleMap' with GeneratedClass '/Game/ThirdPersonBP/Maps/ThirdPersonExampleMap.ThirdPersonExampleMap_C' with ClassGeneratedBy '/Game/ThirdPersonBP/Maps/ThirdPersonExampleMap.ThirdPersonExampleMap:PersistentLevel.ThirdPersonExampleMap'
[2018.02.21-16.46.55:811][907]LogBlueprintUserMessages: Late EndPlayMap Detection: Level '/Game/Niveles/BlueLevel.BlueLevel:PersistentLevel' has LevelScriptBlueprint '/Game/Niveles/BlueLevel.BlueLevel:PersistentLevel.BlueLevel' with GeneratedClass '/Game/Niveles/BlueLevel.BlueLevel_C' with ClassGeneratedBy '/Game/Niveles/BlueLevel.BlueLevel:PersistentLevel.BlueLevel'
[2018.02.21-16.46.55:811][907]LogBlueprintUserMessages: Late EndPlayMap Detection: Level '/Game/Niveles/RedLevel.RedLevel:PersistentLevel' has LevelScriptBlueprint '/Game/Niveles/RedLevel.RedLevel:PersistentLevel.RedLevel' with GeneratedClass '/Game/Niveles/RedLevel.RedLevel_C' with ClassGeneratedBy '/Game/Niveles/RedLevel.RedLevel:PersistentLevel.RedLevel'
[2018.02.21-16.47.00:358][415]LogEditorViewport: Clicking on Actor (LMB): NavModifierVolume (NavModifierVolume)
[2018.02.21-16.47.48:929][369]BlueprintLog: New page: Compile HighCost
[2018.02.21-16.47.49:400][408]Cmd: OBJ SAVEPACKAGE PACKAGE="/Game/Enemigos/IA/Navmesh/HighCost" FILE="C:/Users/David/Documents/GitHub/FuturoImperfecto/PRUEBAS/MechHackAndSlash/Content/Enemigos/IA/Navmesh/HighCost.uasset" SILENT=true
[2018.02.21-16.47.49:410][408]LogSavePackage: Save=4.42ms
[2018.02.21-16.47.49:410][408]LogSavePackage: Moving 'C:/Users/David/Documents/GitHub/FuturoImperfecto/PRUEBAS/MechHackAndSlash/Saved/HighCostD6069D3B458EE23FB36B128FA0E885C2.tmp' to 'C:/Users/David/Documents/GitHub/FuturoImperfecto/PRUEBAS/MechHackAndSlash/Content/Enemigos/IA/Navmesh/HighCost.uasset'
[2018.02.21-16.47.49:412][408]LogSavePackage:Display: Finished SavePackage C:/Users/David/Documents/GitHub/FuturoImperfecto/PRUEBAS/MechHackAndSlash/Content/Enemigos/IA/Navmesh/HighCost.uasset
[2018.02.21-16.54.56:950][139]LogEditorViewport: Clicking on Actor (LMB): StaticMeshActor (Wall_400x206)
[2018.02.21-16.55.07:744][957]LogTemp: Executing iPhonePackager certificates Engine -bundlename com.YourCompany.MechHackAndSlash
[2018.02.21-16.55.07:744][957]LogTemp: CWD: D:\Program Files (x86)\Epic Games\UE_4.16\Engine\Binaries\DotNET\IOS
[2018.02.21-16.55.07:744][957]LogTemp: Initial Dir: D:\Program Files (x86)\Epic Games\UE_4.16
[2018.02.21-16.55.07:744][957]LogTemp: Env CWD: D:\Program Files (x86)\Epic Games\UE_4.16\Engine\Binaries\DotNET\IOS
[2018.02.21-16.55.07:744][957]LogTemp: BranchPath = DAVIDMASTERRACE/D/Program Files (x86)/Epic Games/UE_4.16/Engine/Binaries --- GameBranchPath = DAVIDMASTERRACE/D/Program Files (x86)/Epic Games/UE_4.16/Engine/Binaries
[2018.02.21-16.55.07:744][957]LogSlate: Only BGRA pngs, bmps or icos are supported in by External Image Picker
[2018.02.21-16.55.07:800][958]LogTemp: IPP ERROR: Could not find provision directory 'C:\Users\David\AppData\Local/Apple Computer/MobileDevice/Provisioning Profiles/'.
[2018.02.21-16.55.20:701][395]LogSlate: Only BGRA pngs, bmps or icos are supported in by External Image Picker
[2018.02.21-16.55.20:730][396]LogTemp: Executing iPhonePackager certificates Engine -bundlename com.YourCompany.MechHackAndSlash
[2018.02.21-16.55.20:730][396]LogTemp: CWD: D:\Program Files (x86)\Epic Games\UE_4.16\Engine\Binaries\DotNET\IOS
[2018.02.21-16.55.20:730][396]LogTemp: Initial Dir: D:\Program Files (x86)\Epic Games\UE_4.16
[2018.02.21-16.55.20:730][396]LogTemp: Env CWD: D:\Program Files (x86)\Epic Games\UE_4.16\Engine\Binaries\DotNET\IOS
[2018.02.21-16.55.20:730][396]LogTemp: BranchPath = DAVIDMASTERRACE/D/Program Files (x86)/Epic Games/UE_4.16/Engine/Binaries --- GameBranchPath = DAVIDMASTERRACE/D/Program Files (x86)/Epic Games/UE_4.16/Engine/Binaries
[2018.02.21-16.55.20:730][396]LogTemp: IPP ERROR: Could not find provision directory 'C:\Users\David\AppData\Local/Apple Computer/MobileDevice/Provisioning Profiles/'.
[2018.02.21-16.55.38:564][346]LogSlate: Only BGRA pngs, bmps or icos are supported in by External Image Picker
[2018.02.21-16.55.38:596][347]LogTemp: Executing iPhonePackager certificates Engine -bundlename com.YourCompany.MechHackAndSlash
[2018.02.21-16.55.38:596][347]LogTemp: CWD: D:\Program Files (x86)\Epic Games\UE_4.16\Engine\Binaries\DotNET\IOS
[2018.02.21-16.55.38:596][347]LogTemp: Initial Dir: D:\Program Files (x86)\Epic Games\UE_4.16
[2018.02.21-16.55.38:596][347]LogTemp: Env CWD: D:\Program Files (x86)\Epic Games\UE_4.16\Engine\Binaries\DotNET\IOS
[2018.02.21-16.55.38:596][347]LogTemp: BranchPath = DAVIDMASTERRACE/D/Program Files (x86)/Epic Games/UE_4.16/Engine/Binaries --- GameBranchPath = DAVIDMASTERRACE/D/Program Files (x86)/Epic Games/UE_4.16/Engine/Binaries
[2018.02.21-16.55.38:596][347]LogTemp: IPP ERROR: Could not find provision directory 'C:\Users\David\AppData\Local/Apple Computer/MobileDevice/Provisioning Profiles/'.
[2018.02.21-16.55.52:972][935]LogSlate:Warning: Prevented a slow task dialog from being summoned while a context menu was open
[2018.02.21-16.56.31:107][995]LogSpawn:Warning: UWorld::DestroyActor: World has no context! World: BlueLevel, Actor: /Game/Niveles/BlueLevel.BlueLevel:PersistentLevel.BlueLevel_C_1
[2018.02.21-16.56.31:457][995]LogSlate: Took 0.000146 seconds to synchronously load lazily loaded font '../../../Engine/Content/Slate/Fonts/Roboto-Regular.ttf' (155K)
[2018.02.21-16.56.31:882][995]LogSavePackage: Save=791.83ms
[2018.02.21-16.56.31:882][995]LogSavePackage: Moving 'C:/Users/David/Documents/GitHub/FuturoImperfecto/PRUEBAS/MechHackAndSlash/Saved/BlueLevelE7B495A7412061CC881C3DAD3CEAEA30.tmp' to 'C:/Users/David/Documents/GitHub/FuturoImperfecto/PRUEBAS/MechHackAndSlash/Content/Niveles/BlueLevel.umap'
[2018.02.21-16.56.31:891][995]LogSavePackage:Display: Finished SavePackage C:/Users/David/Documents/GitHub/FuturoImperfecto/PRUEBAS/MechHackAndSlash/Content/Niveles/BlueLevel.umap
[2018.02.21-16.56.31:891][995]LogFileHelpers: Saving map 'BlueLevel' took 0.943
[2018.02.21-16.56.32:393][995]LogSavePackage: Save=415.76ms
[2018.02.21-16.56.32:393][995]LogSavePackage: Moving 'C:/Users/David/Documents/GitHub/FuturoImperfecto/PRUEBAS/MechHackAndSlash/Saved/ThirdPersonExampleMap02A5C6D3486847D8D152B0A0C54C0A6F.tmp' to 'C:/Users/David/Documents/GitHub/FuturoImperfecto/PRUEBAS/MechHackAndSlash/Content/ThirdPersonBP/Maps/ThirdPersonExampleMap.umap'
[2018.02.21-16.56.32:396][995]LogSavePackage:Display: Finished SavePackage C:/Users/David/Documents/GitHub/FuturoImperfecto/PRUEBAS/MechHackAndSlash/Content/ThirdPersonBP/Maps/ThirdPersonExampleMap.umap
[2018.02.21-16.56.32:449][995]LogFileHelpers: Saving map 'ThirdPersonExampleMap' took 0.559
[2018.02.21-16.56.32:451][995]Cmd: MAP LOAD FILE="C:/Users/David/Documents/GitHub/FuturoImperfecto/PRUEBAS/MechHackAndSlash/Content/ThirdPersonBP/Maps/ThirdPersonExampleMap.umap" TEMPLATE=0 SHOWPROGRESS=1 FEATURELEVEL=3
[2018.02.21-16.56.32:451][995]LightingResults: New page: Lighting Build
[2018.02.21-16.56.32:451][995]LoadErrors: New page: Loading map: ThirdPersonExampleMap.umap
[2018.02.21-16.56.32:479][995]MapCheck: New page: Map Check
[2018.02.21-16.56.32:479][995]LightingResults: New page: Lighting Build
[2018.02.21-16.56.32:631][995]LogAIModule: Creating AISystem for world ThirdPersonExampleMap
[2018.02.21-16.56.32:975][995]LogEditorServer: Finished looking for orphan Actors (0.000 secs)
[2018.02.21-16.56.33:046][995]Cmd: MAP CHECKDEP NOCLEARLOG
[2018.02.21-16.56.33:105][995]MapCheck: Info Map check complete: 0 Error(s), 0 Warning(s), took 58.644ms to complete.
[2018.02.21-16.56.33:105][995]LogFileHelpers: Loading map 'ThirdPersonExampleMap' took 0.655
[2018.02.21-16.56.53:936][ 65]LogEditorViewport: Clicking on Actor (LMB): NavModifierVolume (NavModifierVolume)
[2018.02.21-16.57.12:503][162]BlueprintLog: New page: Compile HighCost
[2018.02.21-16.58.26:292][306]LogTemp: Repeting last play command: Selected Viewport
[2018.02.21-16.58.26:335][306]LogBlueprintUserMessages: Early PlayInEditor Detection: Level '/Game/ThirdPersonBP/Maps/ThirdPersonExampleMap.ThirdPersonExampleMap:PersistentLevel' has LevelScriptBlueprint '/Game/ThirdPersonBP/Maps/ThirdPersonExampleMap.ThirdPersonExampleMap:PersistentLevel.ThirdPersonExampleMap' with GeneratedClass '/Game/ThirdPersonBP/Maps/ThirdPersonExampleMap.ThirdPersonExampleMap_C' with ClassGeneratedBy '/Game/ThirdPersonBP/Maps/ThirdPersonExampleMap.ThirdPersonExampleMap:PersistentLevel.ThirdPersonExampleMap'
[2018.02.21-16.58.26:335][306]LogBlueprintUserMessages: Early PlayInEditor Detection: Level '/Game/Niveles/BlueLevel.BlueLevel:PersistentLevel' has LevelScriptBlueprint '/Game/Niveles/BlueLevel.BlueLevel:PersistentLevel.BlueLevel' with GeneratedClass '/Game/Niveles/BlueLevel.BlueLevel_C' with ClassGeneratedBy '/Game/Niveles/BlueLevel.BlueLevel:PersistentLevel.BlueLevel'
[2018.02.21-16.58.26:335][306]LogBlueprintUserMessages: Early PlayInEditor Detection: Level '/Game/Niveles/RedLevel.RedLevel:PersistentLevel' has LevelScriptBlueprint '/Game/Niveles/RedLevel.RedLevel:PersistentLevel.RedLevel' with GeneratedClass '/Game/Niveles/RedLevel.RedLevel_C' with ClassGeneratedBy '/Game/Niveles/RedLevel.RedLevel:PersistentLevel.RedLevel'
[2018.02.21-16.58.26:337][306]LogPlayLevel: PlayLevel: No blueprints needed recompiling
[2018.02.21-16.58.26:337][306]PIE: New page: PIE session: ThirdPersonExampleMap (Feb 21, 2018, 6:58:26 PM)
[2018.02.21-16.58.26:338][306]LogPlayLevel: Creating play world package: /Game/ThirdPersonBP/Maps/UEDPIE_0_ThirdPersonExampleMap
[2018.02.21-16.58.26:362][306]LogPlayLevel: PIE: StaticDuplicateObject took: (0.024021s)
[2018.02.21-16.58.26:363][306]LogAIModule: Creating AISystem for world ThirdPersonExampleMap
[2018.02.21-16.58.26:363][306]LogPlayLevel: PIE: World Init took: (0.000916s)
[2018.02.21-16.58.26:363][306]LogPlayLevel: PIE: Created PIE world by copying editor world from /Game/ThirdPersonBP/Maps/ThirdPersonExampleMap.ThirdPersonExampleMap to /Game/ThirdPersonBP/Maps/UEDPIE_0_ThirdPersonExampleMap.ThirdPersonExampleMap (0.025260s)
[2018.02.21-16.58.26:403][306]LogInit: XAudio2 using 'Speakers (Realtek High Definition Audio)' : 2 channels at 48 kHz using 32 bits per sample (channel mask 0x3)
[2018.02.21-16.58.26:409][306]LogInit: FAudioDevice initialized.
[2018.02.21-16.58.26:441][306]LogLoad: Game class is 'ThirdPersonGameMode_C'
[2018.02.21-16.58.26:447][306]LogWorld: Bringing World /Game/ThirdPersonBP/Maps/UEDPIE_0_ThirdPersonExampleMap.ThirdPersonExampleMap up for play (max tick rate 0) at 2018.02.21-17.58.26
[2018.02.21-16.58.26:448][306]LogWorld: Bringing up level for play took: 0.002948
[2018.02.21-16.58.26:450][306]LogLevel: ActivateLevel /Game/Niveles/UEDPIE_0_BlueLevel 0 0 0
[2018.02.21-16.58.26:450][306]PIE: Info Play in editor start time for /Game/ThirdPersonBP/Maps/UEDPIE_0_ThirdPersonExampleMap -0.559
[2018.02.21-16.58.26:451][306]LogBlueprintUserMessages: Late PlayInEditor Detection: Level '/Game/ThirdPersonBP/Maps/ThirdPersonExampleMap.ThirdPersonExampleMap:PersistentLevel' has LevelScriptBlueprint '/Game/ThirdPersonBP/Maps/ThirdPersonExampleMap.ThirdPersonExampleMap:PersistentLevel.ThirdPersonExampleMap' with GeneratedClass '/Game/ThirdPersonBP/Maps/ThirdPersonExampleMap.ThirdPersonExampleMap_C' with ClassGeneratedBy '/Game/ThirdPersonBP/Maps/ThirdPersonExampleMap.ThirdPersonExampleMap:PersistentLevel.ThirdPersonExampleMap'
[2018.02.21-16.58.26:451][306]LogBlueprintUserMessages: Late PlayInEditor Detection: Level '/Game/Niveles/BlueLevel.BlueLevel:PersistentLevel' has LevelScriptBlueprint '/Game/Niveles/BlueLevel.BlueLevel:PersistentLevel.BlueLevel' with GeneratedClass '/Game/Niveles/BlueLevel.BlueLevel_C' with ClassGeneratedBy '/Game/Niveles/BlueLevel.BlueLevel:PersistentLevel.BlueLevel'
[2018.02.21-16.58.26:451][306]LogBlueprintUserMessages: Late PlayInEditor Detection: Level '/Game/Niveles/RedLevel.RedLevel:PersistentLevel' has LevelScriptBlueprint '/Game/Niveles/RedLevel.RedLevel:PersistentLevel.RedLevel' with GeneratedClass '/Game/Niveles/RedLevel.RedLevel_C' with ClassGeneratedBy '/Game/Niveles/RedLevel.RedLevel:PersistentLevel.RedLevel'
[2018.02.21-16.58.26:452][306]LogLevel: ActivateLevel /Game/Niveles/UEDPIE_0_RedLevel 0 0 0
[2018.02.21-16.58.27:062][376]LogLevel: ActivateLevel /Game/Niveles/UEDPIE_0_RedLevel 1 1 0
[2018.02.21-16.58.27:116][376]LogStreaming:Display: UWorld::AddToWorld: routing Initialize on actors for /Game/Niveles/UEDPIE_0_RedLevel took (less than) 48.79 ms
[2018.02.21-16.58.27:137][378]LogLevel: ActivateLevel /Game/Niveles/UEDPIE_0_BlueLevel 0 0 0
[2018.02.21-16.59.44:000][137]LogBlueprintUserMessages: Early EndPlayMap Detection: Level '/Game/ThirdPersonBP/Maps/ThirdPersonExampleMap.ThirdPersonExampleMap:PersistentLevel' has LevelScriptBlueprint '/Game/ThirdPersonBP/Maps/ThirdPersonExampleMap.ThirdPersonExampleMap:PersistentLevel.ThirdPersonExampleMap' with GeneratedClass '/Game/ThirdPersonBP/Maps/ThirdPersonExampleMap.ThirdPersonExampleMap_C' with ClassGeneratedBy '/Game/ThirdPersonBP/Maps/ThirdPersonExampleMap.ThirdPersonExampleMap:PersistentLevel.ThirdPersonExampleMap'
[2018.02.21-16.59.44:000][137]LogBlueprintUserMessages: Early EndPlayMap Detection: Level '/Game/Niveles/BlueLevel.BlueLevel:PersistentLevel' has LevelScriptBlueprint '/Game/Niveles/BlueLevel.BlueLevel:PersistentLevel.BlueLevel' with GeneratedClass '/Game/Niveles/BlueLevel.BlueLevel_C' with ClassGeneratedBy '/Game/Niveles/BlueLevel.BlueLevel:PersistentLevel.BlueLevel'
[2018.02.21-16.59.44:000][137]LogBlueprintUserMessages: Early EndPlayMap Detection: Level '/Game/Niveles/RedLevel.RedLevel:PersistentLevel' has LevelScriptBlueprint '/Game/Niveles/RedLevel.RedLevel:PersistentLevel.RedLevel' with GeneratedClass '/Game/Niveles/RedLevel.RedLevel_C' with ClassGeneratedBy '/Game/Niveles/RedLevel.RedLevel:PersistentLevel.RedLevel'
[2018.02.21-16.59.44:047][137]LogBlueprintUserMessages: Late EndPlayMap Detection: Level '/Game/ThirdPersonBP/Maps/ThirdPersonExampleMap.ThirdPersonExampleMap:PersistentLevel' has LevelScriptBlueprint '/Game/ThirdPersonBP/Maps/ThirdPersonExampleMap.ThirdPersonExampleMap:PersistentLevel.ThirdPersonExampleMap' with GeneratedClass '/Game/ThirdPersonBP/Maps/ThirdPersonExampleMap.ThirdPersonExampleMap_C' with ClassGeneratedBy '/Game/ThirdPersonBP/Maps/ThirdPersonExampleMap.ThirdPersonExampleMap:PersistentLevel.ThirdPersonExampleMap'
[2018.02.21-16.59.44:047][137]LogBlueprintUserMessages: Late EndPlayMap Detection: Level '/Game/Niveles/BlueLevel.BlueLevel:PersistentLevel' has LevelScriptBlueprint '/Game/Niveles/BlueLevel.BlueLevel:PersistentLevel.BlueLevel' with GeneratedClass '/Game/Niveles/BlueLevel.BlueLevel_C' with ClassGeneratedBy '/Game/Niveles/BlueLevel.BlueLevel:PersistentLevel.BlueLevel'
[2018.02.21-16.59.44:047][137]LogBlueprintUserMessages: Late EndPlayMap Detection: Level '/Game/Niveles/RedLevel.RedLevel:PersistentLevel' has LevelScriptBlueprint '/Game/Niveles/RedLevel.RedLevel:PersistentLevel.RedLevel' with GeneratedClass '/Game/Niveles/RedLevel.RedLevel_C' with ClassGeneratedBy '/Game/Niveles/RedLevel.RedLevel:PersistentLevel.RedLevel'
[2018.02.21-17.00.26:665][702]LogEditorViewport: Clicking on Actor (LMB): NavModifierVolume (NavModifierVolume)
[2018.02.21-17.00.47:877][185]Cmd: EDIT CUT
[2018.02.21-17.00.47:951][185]LogEditorActor: Deleted Actor: NavModifierVolume
[2018.02.21-17.00.47:968][185]LogEditorActor: Deleted 1 Actors (0.022 secs)
[2018.02.21-17.00.59:077][506]Cmd: EDIT PASTE
[2018.02.21-17.01.07:381][344]LogSpawn:Warning: UWorld::DestroyActor: World has no context! World: BlueLevel, Actor: /Game/Niveles/BlueLevel.BlueLevel:PersistentLevel.BlueLevel_C_0
[2018.02.21-17.01.08:154][344]LogSavePackage: Save=791.56ms
[2018.02.21-17.01.08:154][344]LogSavePackage: Moving 'C:/Users/David/Documents/GitHub/FuturoImperfecto/PRUEBAS/MechHackAndSlash/Saved/BlueLevel2F0B82034F3BCAA276BA28B34C52D480.tmp' to 'C:/Users/David/Documents/GitHub/FuturoImperfecto/PRUEBAS/MechHackAndSlash/Content/Niveles/BlueLevel.umap'
[2018.02.21-17.01.08:161][344]LogSavePackage:Display: Finished SavePackage C:/Users/David/Documents/GitHub/FuturoImperfecto/PRUEBAS/MechHackAndSlash/Content/Niveles/BlueLevel.umap
[2018.02.21-17.01.08:162][344]LogFileHelpers: Saving map 'BlueLevel' took 0.883
[2018.02.21-17.01.08:250][344]LogSpawn:Warning: UWorld::DestroyActor: World has no context! World: RedLevel, Actor: /Game/Niveles/RedLevel.RedLevel:PersistentLevel.RedLevel_C_1
[2018.02.21-17.01.08:498][344]LogSavePackage: Save=253.26ms
[2018.02.21-17.01.08:498][344]LogSavePackage: Moving 'C:/Users/David/Documents/GitHub/FuturoImperfecto/PRUEBAS/MechHackAndSlash/Saved/RedLevelF0A065B7413B742CB3B9048B76B19FE9.tmp' to 'C:/Users/David/Documents/GitHub/FuturoImperfecto/PRUEBAS/MechHackAndSlash/Content/Niveles/RedLevel.umap'
[2018.02.21-17.01.08:500][344]LogSavePackage:Display: Finished SavePackage C:/Users/David/Documents/GitHub/FuturoImperfecto/PRUEBAS/MechHackAndSlash/Content/Niveles/RedLevel.umap
[2018.02.21-17.01.08:500][344]LogFileHelpers: Saving map 'RedLevel' took 0.337
[2018.02.21-17.01.09:000][344]LogSavePackage: Save=414.77ms
[2018.02.21-17.01.09:000][344]LogSavePackage: Moving 'C:/Users/David/Documents/GitHub/FuturoImperfecto/PRUEBAS/MechHackAndSlash/Saved/ThirdPersonExampleMapFB77B0814A25F4FB1FD0259675396C40.tmp' to 'C:/Users/David/Documents/GitHub/FuturoImperfecto/PRUEBAS/MechHackAndSlash/Content/ThirdPersonBP/Maps/ThirdPersonExampleMap.umap'
[2018.02.21-17.01.09:003][344]LogSavePackage:Display: Finished SavePackage C:/Users/David/Documents/GitHub/FuturoImperfecto/PRUEBAS/MechHackAndSlash/Content/ThirdPersonBP/Maps/ThirdPersonExampleMap.umap
[2018.02.21-17.01.09:057][344]LogFileHelpers: Saving map 'ThirdPersonExampleMap' took 0.554
[2018.02.21-17.07.30:896][356]LogEditorViewport: Clicking on Actor (LMB): NavModifierVolume (NavModifierVolume)
[2018.02.21-17.19.20:662][669]LogEditorViewport: Clicking on Actor (LMB): NavModifierVolume (NavModifierVolume2)
[2018.02.21-17.20.17:310][ 65]LogEditorViewport: Clicking on Actor (LMB): NavModifierVolume (NavModifierVolume3)
[2018.02.21-17.21.52:010][919]LogSpawn:Warning: UWorld::DestroyActor: World has no context! World: RedLevel, Actor: /Game/Niveles/RedLevel.RedLevel:PersistentLevel.RedLevel_C_0
[2018.02.21-17.21.52:268][919]LogSavePackage: Save=263.16ms
[2018.02.21-17.21.52:268][919]LogSavePackage: Moving 'C:/Users/David/Documents/GitHub/FuturoImperfecto/PRUEBAS/MechHackAndSlash/Saved/RedLevel4FE103364B6D8678CE8F6FA4FE05BD5C.tmp' to 'C:/Users/David/Documents/GitHub/FuturoImperfecto/PRUEBAS/MechHackAndSlash/Content/Niveles/RedLevel.umap'
[2018.02.21-17.21.52:270][919]LogSavePackage:Display: Finished SavePackage C:/Users/David/Documents/GitHub/FuturoImperfecto/PRUEBAS/MechHackAndSlash/Content/Niveles/RedLevel.umap
[2018.02.21-17.21.52:271][919]LogFileHelpers: Saving map 'RedLevel' took 0.350
[2018.02.21-17.23.13:432][143]LogEditorViewport: Clicking on Actor (LMB): NavMeshBoundsVolume (NavMeshBoundsVolume2)
[2018.02.21-17.24.12:089][104]LogEditorViewport: Clicking Background
[2018.02.21-17.24.39:190][336]LogTemp: Repeting last play command: Selected Viewport
[2018.02.21-17.24.39:235][336]LogBlueprintUserMessages: Early PlayInEditor Detection: Level '/Game/ThirdPersonBP/Maps/ThirdPersonExampleMap.ThirdPersonExampleMap:PersistentLevel' has LevelScriptBlueprint '/Game/ThirdPersonBP/Maps/ThirdPersonExampleMap.ThirdPersonExampleMap:PersistentLevel.ThirdPersonExampleMap' with GeneratedClass '/Game/ThirdPersonBP/Maps/ThirdPersonExampleMap.ThirdPersonExampleMap_C' with ClassGeneratedBy '/Game/ThirdPersonBP/Maps/ThirdPersonExampleMap.ThirdPersonExampleMap:PersistentLevel.ThirdPersonExampleMap'
[2018.02.21-17.24.39:235][336]LogBlueprintUserMessages: Early PlayInEditor Detection: Level '/Game/Niveles/BlueLevel.BlueLevel:PersistentLevel' has LevelScriptBlueprint '/Game/Niveles/BlueLevel.BlueLevel:PersistentLevel.BlueLevel' with GeneratedClass '/Game/Niveles/BlueLevel.BlueLevel_C' with ClassGeneratedBy '/Game/Niveles/BlueLevel.BlueLevel:PersistentLevel.BlueLevel'
[2018.02.21-17.24.39:235][336]LogBlueprintUserMessages: Early PlayInEditor Detection: Level '/Game/Niveles/RedLevel.RedLevel:PersistentLevel' has LevelScriptBlueprint '/Game/Niveles/RedLevel.RedLevel:PersistentLevel.RedLevel' with GeneratedClass '/Game/Niveles/RedLevel.RedLevel_C' with ClassGeneratedBy '/Game/Niveles/RedLevel.RedLevel:PersistentLevel.RedLevel'
[2018.02.21-17.24.39:238][336]LogPlayLevel: PlayLevel: No blueprints needed recompiling
[2018.02.21-17.24.39:238][336]PIE: New page: PIE session: ThirdPersonExampleMap (Feb 21, 2018, 7:24:39 PM)
[2018.02.21-17.24.39:238][336]LogPlayLevel: Creating play world package: /Game/ThirdPersonBP/Maps/UEDPIE_0_ThirdPersonExampleMap
[2018.02.21-17.24.39:261][336]LogPlayLevel: PIE: StaticDuplicateObject took: (0.022954s)
[2018.02.21-17.24.39:262][336]LogAIModule: Creating AISystem for world ThirdPersonExampleMap
[2018.02.21-17.24.39:262][336]LogPlayLevel: PIE: World Init took: (0.000949s)
[2018.02.21-17.24.39:262][336]LogPlayLevel: PIE: Created PIE world by copying editor world from /Game/ThirdPersonBP/Maps/ThirdPersonExampleMap.ThirdPersonExampleMap to /Game/ThirdPersonBP/Maps/UEDPIE_0_ThirdPersonExampleMap.ThirdPersonExampleMap (0.024212s)
[2018.02.21-17.24.39:302][336]LogInit: XAudio2 using 'Speakers (Realtek High Definition Audio)' : 2 channels at 48 kHz using 32 bits per sample (channel mask 0x3)
[2018.02.21-17.24.39:309][336]LogInit: FAudioDevice initialized.
[2018.02.21-17.24.39:343][336]LogLoad: Game class is 'ThirdPersonGameMode_C'
[2018.02.21-17.24.39:349][336]LogWorld: Bringing World /Game/ThirdPersonBP/Maps/UEDPIE_0_ThirdPersonExampleMap.ThirdPersonExampleMap up for play (max tick rate 0) at 2018.02.21-18.24.39
[2018.02.21-17.24.39:350][336]LogWorld: Bringing up level for play took: 0.002825
[2018.02.21-17.24.39:352][336]LogLevel: ActivateLevel /Game/Niveles/UEDPIE_0_BlueLevel 0 0 0
[2018.02.21-17.24.39:352][336]PIE: Info Play in editor start time for /Game/ThirdPersonBP/Maps/UEDPIE_0_ThirdPersonExampleMap 0.342
[2018.02.21-17.24.39:352][336]LogBlueprintUserMessages: Late PlayInEditor Detection: Level '/Game/ThirdPersonBP/Maps/ThirdPersonExampleMap.ThirdPersonExampleMap:PersistentLevel' has LevelScriptBlueprint '/Game/ThirdPersonBP/Maps/ThirdPersonExampleMap.ThirdPersonExampleMap:PersistentLevel.ThirdPersonExampleMap' with GeneratedClass '/Game/ThirdPersonBP/Maps/ThirdPersonExampleMap.ThirdPersonExampleMap_C' with ClassGeneratedBy '/Game/ThirdPersonBP/Maps/ThirdPersonExampleMap.ThirdPersonExampleMap:PersistentLevel.ThirdPersonExampleMap'
[2018.02.21-17.24.39:352][336]LogBlueprintUserMessages: Late PlayInEditor Detection: Level '/Game/Niveles/BlueLevel.BlueLevel:PersistentLevel' has LevelScriptBlueprint '/Game/Niveles/BlueLevel.BlueLevel:PersistentLevel.BlueLevel' with GeneratedClass '/Game/Niveles/BlueLevel.BlueLevel_C' with ClassGeneratedBy '/Game/Niveles/BlueLevel.BlueLevel:PersistentLevel.BlueLevel'
[2018.02.21-17.24.39:352][336]LogBlueprintUserMessages: Late PlayInEditor Detection: Level '/Game/Niveles/RedLevel.RedLevel:PersistentLevel' has LevelScriptBlueprint '/Game/Niveles/RedLevel.RedLevel:PersistentLevel.RedLevel' with GeneratedClass '/Game/Niveles/RedLevel.RedLevel_C' with ClassGeneratedBy '/Game/Niveles/RedLevel.RedLevel:PersistentLevel.RedLevel'
[2018.02.21-17.24.39:354][336]LogLevel: ActivateLevel /Game/Niveles/UEDPIE_0_RedLevel 0 0 0
[2018.02.21-17.24.40:326][449]LogLevel: ActivateLevel /Game/Niveles/UEDPIE_0_RedLevel 1 1 0
[2018.02.21-17.24.40:359][451]LogLevel: ActivateLevel /Game/Niveles/UEDPIE_0_BlueLevel 0 0 0
[2018.02.21-17.25.14:016][406]LogBlueprintUserMessages: Early EndPlayMap Detection: Level '/Game/ThirdPersonBP/Maps/ThirdPersonExampleMap.ThirdPersonExampleMap:PersistentLevel' has LevelScriptBlueprint '/Game/ThirdPersonBP/Maps/ThirdPersonExampleMap.ThirdPersonExampleMap:PersistentLevel.ThirdPersonExampleMap' with GeneratedClass '/Game/ThirdPersonBP/Maps/ThirdPersonExampleMap.ThirdPersonExampleMap_C' with ClassGeneratedBy '/Game/ThirdPersonBP/Maps/ThirdPersonExampleMap.ThirdPersonExampleMap:PersistentLevel.ThirdPersonExampleMap'
[2018.02.21-17.25.14:016][406]LogBlueprintUserMessages: Early EndPlayMap Detection: Level '/Game/Niveles/BlueLevel.BlueLevel:PersistentLevel' has LevelScriptBlueprint '/Game/Niveles/BlueLevel.BlueLevel:PersistentLevel.BlueLevel' with GeneratedClass '/Game/Niveles/BlueLevel.BlueLevel_C' with ClassGeneratedBy '/Game/Niveles/BlueLevel.BlueLevel:PersistentLevel.BlueLevel'
[2018.02.21-17.25.14:016][406]LogBlueprintUserMessages: Early EndPlayMap Detection: Level '/Game/Niveles/RedLevel.RedLevel:PersistentLevel' has LevelScriptBlueprint '/Game/Niveles/RedLevel.RedLevel:PersistentLevel.RedLevel' with GeneratedClass '/Game/Niveles/RedLevel.RedLevel_C' with ClassGeneratedBy '/Game/Niveles/RedLevel.RedLevel:PersistentLevel.RedLevel'
[2018.02.21-17.25.14:052][406]LogBlueprintUserMessages: Late EndPlayMap Detection: Level '/Game/ThirdPersonBP/Maps/ThirdPersonExampleMap.ThirdPersonExampleMap:PersistentLevel' has LevelScriptBlueprint '/Game/ThirdPersonBP/Maps/ThirdPersonExampleMap.ThirdPersonExampleMap:PersistentLevel.ThirdPersonExampleMap' with GeneratedClass '/Game/ThirdPersonBP/Maps/ThirdPersonExampleMap.ThirdPersonExampleMap_C' with ClassGeneratedBy '/Game/ThirdPersonBP/Maps/ThirdPersonExampleMap.ThirdPersonExampleMap:PersistentLevel.ThirdPersonExampleMap'
[2018.02.21-17.25.14:052][406]LogBlueprintUserMessages: Late EndPlayMap Detection: Level '/Game/Niveles/BlueLevel.BlueLevel:PersistentLevel' has LevelScriptBlueprint '/Game/Niveles/BlueLevel.BlueLevel:PersistentLevel.BlueLevel' with GeneratedClass '/Game/Niveles/BlueLevel.BlueLevel_C' with ClassGeneratedBy '/Game/Niveles/BlueLevel.BlueLevel:PersistentLevel.BlueLevel'
[2018.02.21-17.25.14:052][406]LogBlueprintUserMessages: Late EndPlayMap Detection: Level '/Game/Niveles/RedLevel.RedLevel:PersistentLevel' has LevelScriptBlueprint '/Game/Niveles/RedLevel.RedLevel:PersistentLevel.RedLevel' with GeneratedClass '/Game/Niveles/RedLevel.RedLevel_C' with ClassGeneratedBy '/Game/Niveles/RedLevel.RedLevel:PersistentLevel.RedLevel'
[2018.02.21-17.32.52:492][142]Cmd: SELECT NONE
[2018.02.21-17.42.55:929][280]LogEditorViewport: Clicking on Actor (LMB): NavModifierVolume (NavModifierVolume)
[2018.02.21-17.43.38:005][416]LogSpawn:Warning: UWorld::DestroyActor: World has no context! World: RedLevel, Actor: /Game/Niveles/RedLevel.RedLevel:PersistentLevel.RedLevel_C_1
[2018.02.21-17.43.38:258][416]LogSavePackage: Save=259.25ms
[2018.02.21-17.43.38:258][416]LogSavePackage: Moving 'C:/Users/David/Documents/GitHub/FuturoImperfecto/PRUEBAS/MechHackAndSlash/Saved/RedLevelC867EBF242AE75756CF9CC90E0A656F9.tmp' to 'C:/Users/David/Documents/GitHub/FuturoImperfecto/PRUEBAS/MechHackAndSlash/Content/Niveles/RedLevel.umap'
[2018.02.21-17.43.38:262][416]LogSavePackage:Display: Finished SavePackage C:/Users/David/Documents/GitHub/FuturoImperfecto/PRUEBAS/MechHackAndSlash/Content/Niveles/RedLevel.umap
[2018.02.21-17.43.38:263][416]LogFileHelpers: Saving map 'RedLevel' took 0.350
[2018.02.21-17.51.22:231][215]BlueprintLog: New page: Compile HighCost
[2018.02.21-17.51.22:743][260]Cmd: OBJ SAVEPACKAGE PACKAGE="/Game/Enemigos/IA/Navmesh/HighCost" FILE="C:/Users/David/Documents/GitHub/FuturoImperfecto/PRUEBAS/MechHackAndSlash/Content/Enemigos/IA/Navmesh/HighCost.uasset" SILENT=true
[2018.02.21-17.51.22:754][260]LogSavePackage: Save=4.62ms
[2018.02.21-17.51.22:754][260]LogSavePackage: Moving 'C:/Users/David/Documents/GitHub/FuturoImperfecto/PRUEBAS/MechHackAndSlash/Saved/HighCost1F35C95A40D62FD0F69579B8D437C9B5.tmp' to 'C:/Users/David/Documents/GitHub/FuturoImperfecto/PRUEBAS/MechHackAndSlash/Content/Enemigos/IA/Navmesh/HighCost.uasset'
[2018.02.21-17.51.22:755][260]LogSavePackage:Display: Finished SavePackage C:/Users/David/Documents/GitHub/FuturoImperfecto/PRUEBAS/MechHackAndSlash/Content/Enemigos/IA/Navmesh/HighCost.uasset
[2018.02.21-17.58.37:249][230]LogActorComponent: UnregisterComponent: (/Engine/Transient.EditorFloorComp) Not registered. Aborting.
[2018.02.21-17.58.37:322][230]LogWindowsTextInputMethodSystem:Display: IME system now deactivated.
[2018.02.21-17.58.37:516][231]Cmd: QUIT_EDITOR
[2018.02.21-17.58.38:381][231]LogExit: Preparing to exit.
[2018.02.21-17.58.38:915][231]LogExit: Editor shut down
[2018.02.21-17.58.38:918][231]LogExit: Transaction tracking system shut down
[2018.02.21-17.58.39:024][231]LogObj: Freed 0b from 0 cluster array pools.
[2018.02.21-17.58.39:025][231]LogExit: Object subsystem successfully closed.
[2018.02.21-17.58.39:039][231]LogD3D11RHI: Shutdown
[2018.02.21-17.58.39:039][231]LogD3D11RHI: CleanupD3DDevice
[2018.02.21-17.58.39:133][231]LogD3D11RHI: ~FD3D11DynamicRHI
[2018.02.21-17.58.39:152][231]LogModuleManager: Shutting down and abandoning module ExternalImagePicker (536)
[2018.02.21-17.58.39:152][231]LogModuleManager: Shutting down and abandoning module MovieSceneCapture (534)
[2018.02.21-17.58.39:152][231]LogModuleManager: Shutting down and abandoning module BlueprintGraph (532)
[2018.02.21-17.58.39:152][231]LogModuleManager: Shutting down and abandoning module BlueprintProfiler (530)
[2018.02.21-17.58.39:152][231]LogModuleManager: Shutting down and abandoning module HierarchicalLODOutliner (528)
[2018.02.21-17.58.39:152][231]LogModuleManager: Shutting down and abandoning module CrashTracker (526)
[2018.02.21-17.58.39:152][231]LogModuleManager: Shutting down and abandoning module WorldBrowser (524)
[2018.02.21-17.58.39:152][231]LogModuleManager: Shutting down and abandoning module SceneOutliner (522)
[2018.02.21-17.58.39:152][231]LogModuleManager: Shutting down and abandoning module AddContentDialog (520)
[2018.02.21-17.58.39:166][231]LogDirectoryWatcher: A directory notification for 'D:/Program Files (x86)/Epic Games/UE_4.16/FeaturePacks/' was aborted.
[2018.02.21-17.58.39:167][231]LogModuleManager: Shutting down and abandoning module WidgetCarousel (519)
[2018.02.21-17.58.39:167][231]LogModuleManager: Shutting down and abandoning module EditorWidgets (516)
[2018.02.21-17.58.39:167][231]LogModuleManager: Shutting down and abandoning module CollectionManager (514)
[2018.02.21-17.58.39:167][231]LogDirectoryWatcher: A directory notification for 'C:/Users/David/Documents/GitHub/FuturoImperfecto/PRUEBAS/MechHackAndSlash/Content/Collections/' was aborted.
[2018.02.21-17.58.39:167][231]LogDirectoryWatcher: A directory notification for 'C:/Users/David/Documents/GitHub/FuturoImperfecto/PRUEBAS/MechHackAndSlash/Content/Developers/David/Collections/' was aborted.
[2018.02.21-17.58.39:167][231]LogDirectoryWatcher: A directory notification for 'C:/Users/David/Documents/GitHub/FuturoImperfecto/PRUEBAS/MechHackAndSlash/Saved/Collections/' was aborted.
[2018.02.21-17.58.39:167][231]LogModuleManager: Shutting down and abandoning module StatsViewer (512)
[2018.02.21-17.58.39:167][231]LogModuleManager: Shutting down and abandoning module FoliageEdit (510)
[2018.02.21-17.58.39:167][231]LogModuleManager: Shutting down and abandoning module LandscapeEditor (508)
[2018.02.21-17.58.39:181][231]LogModuleManager: Shutting down and abandoning module MeshPaintMode (506)
[2018.02.21-17.58.39:181][231]LogModuleManager: Shutting down and abandoning module SceneDepthPickerMode (504)
[2018.02.21-17.58.39:181][231]LogModuleManager: Shutting down and abandoning module ActorPickerMode (502)
[2018.02.21-17.58.39:181][231]LogModuleManager: Shutting down and abandoning module GeometryMode (500)
[2018.02.21-17.58.39:181][231]LogModuleManager: Shutting down and abandoning module TextureAlignMode (498)
[2018.02.21-17.58.39:181][231]LogModuleManager: Shutting down and abandoning module BspMode (496)
[2018.02.21-17.58.39:181][231]LogModuleManager: Shutting down and abandoning module HardwareSurvey (494)
[2018.02.21-17.58.39:181][231]LogModuleManager: Shutting down and abandoning module SequenceRecorderSections (492)
[2018.02.21-17.58.39:181][231]LogModuleManager: Shutting down and abandoning module AutomationWorker (490)
[2018.02.21-17.58.39:181][231]LogModuleManager: Shutting down and abandoning module MatineeToLevelSequence (488)
[2018.02.21-17.58.39:181][231]LogModuleManager: Shutting down and abandoning module LevelSequenceEditor (486)
[2018.02.21-17.58.39:182][231]LogModuleManager: Shutting down and abandoning module PlacementMode (485)
[2018.02.21-17.58.39:182][231]LogModuleManager: Shutting down and abandoning module WmfMediaFactory (482)
[2018.02.21-17.58.39:182][231]LogModuleManager: Shutting down and abandoning module WmfMediaEditor (480)
[2018.02.21-17.58.39:182][231]LogModuleManager: Shutting down and abandoning module AvfMediaFactory (478)
[2018.02.21-17.58.39:182][231]LogModuleManager: Shutting down and abandoning module AvfMediaEditor (476)
[2018.02.21-17.58.39:182][231]LogModuleManager: Shutting down and abandoning module AndroidMediaFactory (474)
[2018.02.21-17.58.39:182][231]LogModuleManager: Shutting down and abandoning module Media (473)
[2018.02.21-17.58.39:182][231]LogModuleManager: Shutting down and abandoning module AndroidMediaEditor (470)
[2018.02.21-17.58.39:182][231]LogModuleManager: Shutting down and abandoning module CharacterAI (468)
[2018.02.21-17.58.39:182][231]LogModuleManager: Shutting down and abandoning module AudioCapture (466)
[2018.02.21-17.58.39:182][231]LogModuleManager: Shutting down and abandoning module SequenceRecorder (465)
[2018.02.21-17.58.39:182][231]LogModuleManager: Shutting down and abandoning module SmartSnapping (462)
[2018.02.21-17.58.39:182][231]LogModuleManager: Shutting down and abandoning module SessionServices (460)
[2018.02.21-17.58.39:182][231]LogModuleManager: Shutting down and abandoning module ViewportSnapping (458)
[2018.02.21-17.58.39:182][231]LogModuleManager: Shutting down and abandoning module ViewportInteraction (456)
[2018.02.21-17.58.39:182][231]LogModuleManager: Shutting down and abandoning module ClothPainter (454)
[2018.02.21-17.58.39:182][231]LogModuleManager: Shutting down and abandoning module LogVisualizer (452)
[2018.02.21-17.58.39:182][231]LogModuleManager: Shutting down and abandoning module IntroTutorials (450)
[2018.02.21-17.58.39:182][231]LogModuleManager: Shutting down and abandoning module GameProjectGeneration (449)
[2018.02.21-17.58.39:182][231]LogModuleManager: Shutting down and abandoning module EditorLiveStreaming (446)
[2018.02.21-17.58.39:182][231]LogModuleManager: Shutting down and abandoning module IOSPlatformEditor (444)
[2018.02.21-17.58.39:182][231]LogModuleManager: Shutting down and abandoning module HTML5PlatformEditor (442)
[2018.02.21-17.58.39:182][231]LogModuleManager: Shutting down and abandoning module AndroidPlatformEditor (440)
[2018.02.21-17.58.39:182][231]LogModuleManager: Shutting down and abandoning module AndroidDeviceDetection (439)
[2018.02.21-17.58.39:443][231]LogModuleManager: Shutting down and abandoning module IOSRuntimeSettings (436)
[2018.02.21-17.58.39:443][231]LogModuleManager: Shutting down and abandoning module AndroidRuntimeSettings (434)
[2018.02.21-17.58.39:443][231]LogModuleManager: Shutting down and abandoning module InputBindingEditor (432)
[2018.02.21-17.58.39:443][231]LogModuleManager: Shutting down and abandoning module MergeActors (430)
[2018.02.21-17.58.39:443][231]LogModuleManager: Shutting down and abandoning module SizeMap (428)
[2018.02.21-17.58.39:443][231]LogModuleManager: Shutting down and abandoning module TreeMap (426)
[2018.02.21-17.58.39:443][231]LogModuleManager: Shutting down and abandoning module ReferenceViewer (424)
[2018.02.21-17.58.39:443][231]LogModuleManager: Shutting down and abandoning module LocalizationDashboard (422)
[2018.02.21-17.58.39:443][231]LogModuleManager: Shutting down and abandoning module LocalizationService (421)
[2018.02.21-17.58.39:443][231]LogModuleManager: Shutting down and abandoning module HardwareTargeting (418)
[2018.02.21-17.58.39:443][231]LogModuleManager: Shutting down and abandoning module DeviceProfileEditor (416)
[2018.02.21-17.58.39:443][231]LogModuleManager: Shutting down and abandoning module UndoHistory (414)
[2018.02.21-17.58.39:443][231]LogModuleManager: Shutting down and abandoning module UserFeedback (412)
[2018.02.21-17.58.39:443][231]LogModuleManager: Shutting down and abandoning module XmlParser (410)
[2018.02.21-17.58.39:443][231]LogModuleManager: Shutting down and abandoning module Blutility (408)
[2018.02.21-17.58.39:443][231]LogModuleManager: Shutting down and abandoning module ProjectSettingsViewer (406)
[2018.02.21-17.58.39:443][231]LogModuleManager: Shutting down and abandoning module ProjectTargetPlatformEditor (405)
[2018.02.21-17.58.39:443][231]LogModuleManager: Shutting down and abandoning module EditorSettingsViewer (402)
[2018.02.21-17.58.39:444][231]LogModuleManager: Shutting down and abandoning module SettingsEditor (400)
[2018.02.21-17.58.39:444][231]LogModuleManager: Shutting down and abandoning module ProjectLauncher (398)
[2018.02.21-17.58.39:444][231]LogModuleManager: Shutting down and abandoning module SessionFrontend (396)
[2018.02.21-17.58.39:444][231]LogModuleManager: Shutting down and abandoning module ProfilerClient (394)
[2018.02.21-17.58.39:444][231]LogModuleManager: Shutting down and abandoning module DeviceManager (392)
[2018.02.21-17.58.39:444][231]LogModuleManager: Shutting down and abandoning module TargetDeviceServices (391)
[2018.02.21-17.58.39:488][231]LogModuleManager: Shutting down and abandoning module AutomationController (388)
[2018.02.21-17.58.39:488][231]LogModuleManager: Shutting down and abandoning module AutomationWindow (386)
[2018.02.21-17.58.39:488][231]LogModuleManager: Shutting down and abandoning module Layers (384)
[2018.02.21-17.58.39:488][231]LogModuleManager: Shutting down and abandoning module ComponentVisualizers (382)
[2018.02.21-17.58.39:488][231]LogModuleManager: Shutting down and abandoning module DetailCustomizations (380)
[2018.02.21-17.58.39:488][231]LogModuleManager: Shutting down and abandoning module PackagesDialog (378)
[2018.02.21-17.58.39:488][231]LogModuleManager: Shutting down and abandoning module Persona (376)
[2018.02.21-17.58.39:488][231]LogModuleManager: Shutting down and abandoning module AdvancedPreviewScene (375)
[2018.02.21-17.58.39:488][231]LogModuleManager: Shutting down and abandoning module AnimGraph (373)
[2018.02.21-17.58.39:488][231]LogModuleManager: Shutting down and abandoning module Kismet (370)
[2018.02.21-17.58.39:500][231]LogModuleManager: Shutting down and abandoning module ClassViewer (368)
[2018.02.21-17.58.39:502][231]LogModuleManager: Shutting down and abandoning module Toolbox (366)
[2018.02.21-17.58.39:502][231]LogModuleManager: Shutting down and abandoning module ModuleUI (364)
[2018.02.21-17.58.39:502][231]LogModuleManager: Shutting down and abandoning module MovieSceneTools (362)
[2018.02.21-17.58.39:502][231]LogModuleManager: Shutting down and abandoning module OutputLog (360)
[2018.02.21-17.58.39:502][231]LogModuleManager: Shutting down and abandoning module GammaUI (358)
[2018.02.21-17.58.39:502][231]LogModuleManager: Shutting down and abandoning module Documentation (356)
[2018.02.21-17.58.39:502][231]LogModuleManager: Shutting down and abandoning module MovieSceneTracks (354)
[2018.02.21-17.58.39:502][231]LogModuleManager: Shutting down and abandoning module MovieScene (352)
[2018.02.21-17.58.39:502][231]LogModuleManager: Shutting down and abandoning module Niagara (350)
[2018.02.21-17.58.39:502][231]LogModuleManager: Shutting down and abandoning module NiagaraEditor (349)
[2018.02.21-17.58.39:502][231]LogModuleManager: Shutting down and abandoning module StreamingPauseRendering (346)
[2018.02.21-17.58.39:502][231]LogModuleManager: Shutting down and abandoning module AnalyticsET (344)
[2018.02.21-17.58.39:502][231]LogModuleManager: Shutting down and abandoning module PortalServices (342)
[2018.02.21-17.58.39:502][231]LogModuleManager: Shutting down and abandoning module PortalRpc (340)
[2018.02.21-17.58.39:502][231]LogModuleManager: Shutting down and abandoning module MessagingRpc (338)
[2018.02.21-17.58.39:502][231]LogModuleManager: Shutting down and abandoning module AIModule (336)
[2018.02.21-17.58.39:502][231]LogModuleManager: Shutting down and abandoning module GameplayDebugger (335)
[2018.02.21-17.58.39:502][231]LogModuleManager: Shutting down and abandoning module AITestSuite (333)
[2018.02.21-17.58.39:502][231]LogModuleManager: Shutting down and abandoning module ProfilerService (330)
[2018.02.21-17.58.39:624][231]LogModuleManager: Shutting down and abandoning module TaskGraph (328)
[2018.02.21-17.58.39:624][231]LogModuleManager: Shutting down and abandoning module SteamVRController (326)
[2018.02.21-17.58.39:624][231]LogModuleManager: Shutting down and abandoning module SteamVR (324)
[2018.02.21-17.58.39:624][231]LogModuleManager: Shutting down and abandoning module ProceduralMeshComponentEditor (322)
[2018.02.21-17.58.39:624][231]LogModuleManager: Shutting down and abandoning module ProceduralMeshComponent (320)
[2018.02.21-17.58.39:624][231]LogModuleManager: Shutting down and abandoning module OculusLibrary (318)
[2018.02.21-17.58.39:624][231]LogModuleManager: Shutting down and abandoning module OculusInput (316)
[2018.02.21-17.58.39:624][231]LogModuleManager: Shutting down and abandoning module MobilePatchingUtils (314)
[2018.02.21-17.58.39:624][231]LogModuleManager: Shutting down and abandoning module CustomMeshComponent (312)
[2018.02.21-17.58.39:624][231]LogModuleManager: Shutting down and abandoning module CableComponent (310)
[2018.02.21-17.58.39:624][231]LogModuleManager: Shutting down and abandoning module ArchVisCharacter (308)
[2018.02.21-17.58.39:624][231]LogModuleManager: Shutting down and abandoning module AndroidPermission (306)
[2018.02.21-17.58.39:624][231]LogModuleManager: Shutting down and abandoning module MediaPlayerEditor (302)
[2018.02.21-17.58.39:624][231]LogModuleManager: Shutting down and abandoning module HTML5Networking (300)
[2018.02.21-17.58.39:624][231]LogModuleManager: Shutting down and abandoning module AlembicImporter (298)
[2018.02.21-17.58.39:624][231]LogModuleManager: Shutting down and abandoning module AlembicLibrary (297)
[2018.02.21-17.58.39:624][231]LogModuleManager: Shutting down and abandoning module GeometryCache (296)
[2018.02.21-17.58.39:624][231]LogModuleManager: Shutting down and abandoning module GeometryCacheEd (295)
[2018.02.21-17.58.39:624][231]LogModuleManager: Shutting down and abandoning module SuperSearchEditor (290)
[2018.02.21-17.58.39:624][231]LogModuleManager: Shutting down and abandoning module SuperSearch (289)
[2018.02.21-17.58.39:624][231]LogModuleManager: Shutting down and abandoning module SpeedTreeImporter (286)
[2018.02.21-17.58.39:624][231]LogModuleManager: Shutting down and abandoning module PluginBrowser (284)
[2018.02.21-17.58.39:624][231]LogModuleManager: Shutting down and abandoning module MobileLauncherProfileWizard (282)
[2018.02.21-17.58.39:624][231]LogModuleManager: Shutting down and abandoning module VisualStudioSourceCodeAccess (280)
[2018.02.21-17.58.39:624][231]LogModuleManager: Shutting down and abandoning module DesktopPlatform (279)
[2018.02.21-17.58.39:625][231]LogModuleManager: Shutting down and abandoning module UObjectPlugin (276)
[2018.02.21-17.58.39:625][231]LogModuleManager: Shutting down and abandoning module SubversionSourceControl (274)
[2018.02.21-17.58.39:625][231]LogModuleManager: Shutting down and abandoning module PerforceSourceControl (272)
[2018.02.21-17.58.39:625][231]LogModuleManager: Shutting down and abandoning module GitSourceControl (270)
[2018.02.21-17.58.39:625][231]LogModuleManager: Shutting down and abandoning module SourceControl (269)
[2018.02.21-17.58.39:625][231]LogModuleManager: Shutting down and abandoning module LightPropagationVolumeEditor (266)
[2018.02.21-17.58.39:625][231]LogModuleManager: Shutting down and abandoning module PaperTiledImporter (264)
[2018.02.21-17.58.39:625][231]LogModuleManager: Shutting down and abandoning module PaperSpriteSheetImporter (262)
[2018.02.21-17.58.39:625][231]LogModuleManager: Shutting down and abandoning module Paper2DEditor (260)
[2018.02.21-17.58.39:625][231]LogModuleManager: Shutting down and abandoning module MeshPaint (259)
[2018.02.21-17.58.39:625][231]LogModuleManager: Shutting down and abandoning module LevelEditor (257)
[2018.02.21-17.58.39:626][231]LogModuleManager: Shutting down and abandoning module PixelInspectorModule (256)
[2018.02.21-17.58.39:626][231]LogModuleManager: Shutting down and abandoning module MainFrame (254)
[2018.02.21-17.58.39:626][231]LogModuleManager: Shutting down and abandoning module HotReload (253)
[2018.02.21-17.58.39:626][231]LogModuleManager: Shutting down and abandoning module PhysXVehiclesEditor (248)
[2018.02.21-17.58.39:626][231]LogModuleManager: Shutting down and abandoning module PhysXVehicles (246)
[2018.02.21-17.58.39:626][231]LogModuleManager: Shutting down and abandoning module LocationServicesBPLibrary (244)
[2018.02.21-17.58.39:626][231]LogModuleManager: Shutting down and abandoning module ImmediatePhysicsEditor (242)
[2018.02.21-17.58.39:626][231]LogModuleManager: Shutting down and abandoning module ImmediatePhysics (240)
[2018.02.21-17.58.39:626][231]LogModuleManager: Shutting down and abandoning module UdpMessaging (238)
[2018.02.21-17.58.39:727][231]LogModuleManager: Shutting down and abandoning module TcpMessaging (236)
[2018.02.21-17.58.39:827][231]LogModuleManager: Shutting down and abandoning module GameplayTagsEditor (234)
[2018.02.21-17.58.39:827][231]LogModuleManager: Shutting down and abandoning module FacialAnimationEditor (232)
[2018.02.21-17.58.39:827][231]LogModuleManager: Shutting down and abandoning module FacialAnimation (230)
[2018.02.21-17.58.39:827][231]LogModuleManager: Shutting down and abandoning module AssetManagerEditor (228)
[2018.02.21-17.58.39:827][231]LogModuleManager: Shutting down and abandoning module GraphEditor (227)
[2018.02.21-17.58.39:827][231]LogModuleManager: Shutting down and abandoning module ContentBrowser (225)
[2018.02.21-17.58.39:828][231]LogModuleManager: Shutting down and abandoning module LightPropagationVolumeRuntime (222)
[2018.02.21-17.58.39:828][231]LogModuleManager: Shutting down and abandoning module Paper2D (220)
[2018.02.21-17.58.39:828][231]LogModuleManager: Shutting down and abandoning module WindowsMoviePlayer (218)
[2018.02.21-17.58.39:828][231]LogModuleManager: Shutting down and abandoning module WmfMedia (216)
[2018.02.21-17.58.39:828][231]LogModuleManager: Shutting down and abandoning module ClothingSystemEditor (214)
[2018.02.21-17.58.39:828][231]LogModuleManager: Shutting down and abandoning module ClothingSystemRuntime (212)
[2018.02.21-17.58.39:828][231]LogModuleManager: Shutting down and abandoning module MediaAssets (210)
[2018.02.21-17.58.39:828][231]LogModuleManager: Shutting down and abandoning module GameLiveStreaming (208)
[2018.02.21-17.58.39:828][231]LogModuleManager: Shutting down and abandoning module EnvironmentQueryEditor (206)
[2018.02.21-17.58.39:828][231]LogModuleManager: Shutting down and abandoning module VREditor (204)
[2018.02.21-17.58.39:828][231]LogModuleManager: Shutting down and abandoning module StringTableEditor (202)
[2018.02.21-17.58.39:828][231]LogModuleManager: Shutting down and abandoning module GameplayTasksEditor (200)
[2018.02.21-17.58.39:828][231]LogModuleManager: Shutting down and abandoning module BehaviorTreeEditor (198)
[2018.02.21-17.58.39:828][231]LogModuleManager: Shutting down and abandoning module FunctionalTesting (196)
[2018.02.21-17.58.39:828][231]LogModuleManager: Shutting down and abandoning module CollisionAnalyzer (194)
[2018.02.21-17.58.39:828][231]LogModuleManager: Shutting down and abandoning module UMG (192)
[2018.02.21-17.58.39:828][231]LogModuleManager: Shutting down and abandoning module UMGEditor (191)
[2018.02.21-17.58.39:828][231]LogModuleManager: Shutting down and abandoning module Sequencer (190)
[2018.02.21-17.58.39:834][231]LogModuleManager: Shutting down and abandoning module AssetTools (188)
[2018.02.21-17.58.39:834][231]LogModuleManager: Shutting down and abandoning module MessageLog (187)
[2018.02.21-17.58.39:834][231]LogModuleManager: Shutting down and abandoning module WorkspaceMenuStructure (186)
[2018.02.21-17.58.39:834][231]LogModuleManager: Shutting down and abandoning module SlateReflector (180)
[2018.02.21-17.58.39:834][231]LogModuleManager: Shutting down and abandoning module Slate (178)
[2018.02.21-17.58.39:834][231]LogModuleManager: Shutting down and abandoning module EditorStyle (176)
[2018.02.21-17.58.39:836][231]LogModuleManager: Shutting down and abandoning module SourceCodeAccess (174)
[2018.02.21-17.58.39:836][231]LogModuleManager: Shutting down and abandoning module HeadMountedDisplay (172)
[2018.02.21-17.58.39:836][231]LogModuleManager: Shutting down and abandoning module XAudio2 (170)
[2018.02.21-17.58.39:836][231]LogModuleManager: Shutting down and abandoning module Networking (168)
[2018.02.21-17.58.39:836][231]LogModuleManager: Shutting down and abandoning module Core (164)
[2018.02.21-17.58.39:836][231]LogModuleManager: Shutting down and abandoning module AssetRegistry (162)
[2018.02.21-17.58.39:982][231]LogDirectoryWatcher: A directory notification for '../../../Engine/Content/' was aborted.
[2018.02.21-17.58.39:982][231]LogDirectoryWatcher: A directory notification for 'C:/Users/David/Documents/GitHub/FuturoImperfecto/PRUEBAS/MechHackAndSlash/Content/' was aborted.
[2018.02.21-17.58.39:983][231]LogDirectoryWatcher: A directory notification for '../../../Engine/Plugins/2D/Paper2D/Content/' was aborted.
[2018.02.21-17.58.39:983][231]LogDirectoryWatcher: A directory notification for '../../../Engine/Plugins/Runtime/GearVR/Content/' was aborted.
[2018.02.21-17.58.39:986][231]LogModuleManager: Shutting down and abandoning module DirectoryWatcher (161)
[2018.02.21-17.58.39:987][231]LogModuleManager: Shutting down and abandoning module KismetCompiler (158)
[2018.02.21-17.58.39:987][231]LogModuleManager: Shutting down and abandoning module LevelSequence (156)
[2018.02.21-17.58.39:987][231]LogModuleManager: Shutting down and abandoning module PhysXFormats (154)
[2018.02.21-17.58.39:987][231]LogModuleManager: Shutting down and abandoning module MeshUtilities (152)
[2018.02.21-17.58.39:987][231]LogModuleManager: Shutting down and abandoning module SimplygonSwarm (151)
[2018.02.21-17.58.39:987][231]LogModuleManager: Shutting down and abandoning module SimplygonMeshReduction (149)
[2018.02.21-17.58.39:987][231]LogModuleManager: Shutting down and abandoning module QuadricMeshReduction (147)
[2018.02.21-17.58.39:987][231]LogModuleManager: Shutting down and abandoning module DerivedDataCache (144)
[2018.02.21-17.58.40:044][231]LogDerivedDataCache: Shutdown
[2018.02.21-17.58.40:044][231]LogModuleManager: Shutting down and abandoning module TargetPlatform (142)
[2018.02.21-17.58.40:044][231]LogModuleManager: Shutting down and abandoning module VulkanShaderFormat (141)
[2018.02.21-17.58.40:044][231]LogModuleManager: Shutting down and abandoning module ShaderFormatVectorVM (139)
[2018.02.21-17.58.40:044][231]LogModuleManager: Shutting down and abandoning module ShaderFormatOpenGL (137)
[2018.02.21-17.58.40:044][231]LogModuleManager: Shutting down and abandoning module ShaderFormatD3D (135)
[2018.02.21-17.58.40:044][231]LogModuleManager: Shutting down and abandoning module MetalShaderFormat (133)
[2018.02.21-17.58.40:044][231]LogModuleManager: Shutting down and abandoning module TextureFormatUncompressed (131)
[2018.02.21-17.58.40:044][231]LogModuleManager: Shutting down and abandoning module TextureFormatPVR (129)
[2018.02.21-17.58.40:044][231]LogModuleManager: Shutting down and abandoning module TextureFormatDXT (127)
[2018.02.21-17.58.40:044][231]LogModuleManager: Shutting down and abandoning module TextureFormatIntelISPCTexComp (125)
[2018.02.21-17.58.40:044][231]LogModuleManager: Shutting down and abandoning module TextureFormatASTC (123)
[2018.02.21-17.58.40:044][231]LogModuleManager: Shutting down and abandoning module ImageWrapper (122)
[2018.02.21-17.58.40:044][231]LogModuleManager: Shutting down and abandoning module TextureFormatAndroid (119)
[2018.02.21-17.58.40:044][231]LogModuleManager: Shutting down and abandoning module AudioFormatOpus (117)
[2018.02.21-17.58.40:044][231]LogModuleManager: Shutting down and abandoning module AudioFormatOgg (115)
[2018.02.21-17.58.40:044][231]LogModuleManager: Shutting down and abandoning module AudioFormatADPCM (113)
[2018.02.21-17.58.40:044][231]LogModuleManager: Shutting down and abandoning module LinuxTargetPlatform (111)
[2018.02.21-17.58.40:044][231]LogModuleManager: Shutting down and abandoning module LinuxServerTargetPlatform (109)
[2018.02.21-17.58.40:044][231]LogModuleManager: Shutting down and abandoning module LinuxNoEditorTargetPlatform (107)
[2018.02.21-17.58.40:044][231]LogModuleManager: Shutting down and abandoning module LinuxClientTargetPlatform (105)
[2018.02.21-17.58.40:044][231]LogModuleManager: Shutting down and abandoning module TVOSTargetPlatform (103)
[2018.02.21-17.58.40:044][231]LogModuleManager: Shutting down and abandoning module Messaging (101)
[2018.02.21-17.58.40:044][231]LogModuleManager: Shutting down and abandoning module IOSTargetPlatform (99)
[2018.02.21-17.58.40:044][231]LogModuleManager: Shutting down and abandoning module HTML5TargetPlatform (97)
[2018.02.21-17.58.40:044][231]LogModuleManager: Shutting down and abandoning module Android_PVRTCTargetPlatform (95)
[2018.02.21-17.58.40:044][231]LogModuleManager: Shutting down and abandoning module Android_MultiTargetPlatform (93)
[2018.02.21-17.58.40:044][231]LogModuleManager: Shutting down and abandoning module Android_ETC2TargetPlatform (91)
[2018.02.21-17.58.40:044][231]LogModuleManager: Shutting down and abandoning module Android_ETC1TargetPlatform (89)
[2018.02.21-17.58.40:044][231]LogModuleManager: Shutting down and abandoning module Android_DXTTargetPlatform (87)
[2018.02.21-17.58.40:044][231]LogModuleManager: Shutting down and abandoning module Android_ATCTargetPlatform (85)
[2018.02.21-17.58.40:044][231]LogModuleManager: Shutting down and abandoning module Android_ASTCTargetPlatform (83)
[2018.02.21-17.58.40:044][231]LogModuleManager: Shutting down and abandoning module AndroidTargetPlatform (81)
[2018.02.21-17.58.40:044][231]LogModuleManager: Shutting down and abandoning module WindowsTargetPlatform (79)
[2018.02.21-17.58.40:044][231]LogModuleManager: Shutting down and abandoning module WindowsServerTargetPlatform (77)
[2018.02.21-17.58.40:044][231]LogModuleManager: Shutting down and abandoning module WindowsNoEditorTargetPlatform (75)
[2018.02.21-17.58.40:044][231]LogModuleManager: Shutting down and abandoning module WindowsClientTargetPlatform (73)
[2018.02.21-17.58.40:044][231]LogModuleManager: Shutting down and abandoning module MacTargetPlatform (71)
[2018.02.21-17.58.40:044][231]LogModuleManager: Shutting down and abandoning module MacServerTargetPlatform (69)
[2018.02.21-17.58.40:044][231]LogModuleManager: Shutting down and abandoning module MacNoEditorTargetPlatform (67)
[2018.02.21-17.58.40:044][231]LogModuleManager: Shutting down and abandoning module MacClientTargetPlatform (65)
[2018.02.21-17.58.40:044][231]LogModuleManager: Shutting down and abandoning module AllDesktopTargetPlatform (63)
[2018.02.21-17.58.40:044][231]LogModuleManager: Shutting down and abandoning module InputCore (60)
[2018.02.21-17.58.40:044][231]LogModuleManager: Shutting down and abandoning module Settings (58)
[2018.02.21-17.58.40:044][231]LogModuleManager: Shutting down and abandoning module OculusRift (56)
[2018.02.21-17.58.40:044][231]LogModuleManager: Shutting down and abandoning module GearVRController (54)
[2018.02.21-17.58.40:044][231]LogModuleManager: Shutting down and abandoning module GearVR (52)
[2018.02.21-17.58.40:044][231]LogModuleManager: Shutting down and abandoning module ExampleDeviceProfileSelector (50)
[2018.02.21-17.58.40:044][231]LogModuleManager: Shutting down and abandoning module OnlineBlueprintSupport (48)
[2018.02.21-17.58.40:044][231]LogModuleManager: Shutting down and abandoning module OnlineSubsystem (44)
[2018.02.21-17.58.40:044][231]LogOnline:Display: Unloading online subsystem: NULL
[2018.02.21-17.58.40:044][231]LogModuleManager: Shutting down and abandoning module XMPP (43)
[2018.02.21-17.58.40:045][231]LogModuleManager: Shutting down and abandoning module HTTP (41)
[2018.02.21-17.58.40:045][231]LogHttp:Display: Http module shutting down, but needs to wait on 1 outstanding Http requests:
[2018.02.21-17.58.40:045][231]LogHttp:Display: 	verb=[POST] url=[https://datarouter.ol.epicgames.com/datarouter/api/v1/public/data?SessionID=%7B17194D3E-45BE-5BB3-39C6-EFBBD051AA14%7D&AppID=UEEditor.Rocket.Release&AppVersion=4.16.2-3514769%2B%2B%2BUE4%2BRelease-4.16&UserID=eedd91be406e0cd25ea0748277e6e73c%7C7a211806f70b4509a5be2640357744fc%7Caa6de738-987c-4c76-bb80-6cc1d099ea00&AppEnvironment=datacollector-binary&UploadType=eteventstream] status=Processing
[2018.02.21-17.58.40:046][231]LogModuleManager: Shutting down and abandoning module SSL (40)
[2018.02.21-17.58.40:047][231]LogModuleManager: Shutting down and abandoning module HTTPChunkInstaller (36)
[2018.02.21-17.58.40:047][231]LogModuleManager: Shutting down and abandoning module AnimationModifiers (34)
[2018.02.21-17.58.40:047][231]LogModuleManager: Shutting down and abandoning module PropertyEditor (33)
[2018.02.21-17.58.40:047][231]LogModuleManager: Shutting down and abandoning module AudioEditor (30)
[2018.02.21-17.58.40:047][231]LogModuleManager: Shutting down and abandoning module TextureCompressor (28)
[2018.02.21-17.58.40:048][231]LogModuleManager: Shutting down and abandoning module ShaderCore (26)
[2018.02.21-17.58.40:048][231]LogModuleManager: Shutting down and abandoning module Landscape (24)
[2018.02.21-17.58.40:048][231]LogModuleManager: Shutting down and abandoning module SlateRHIRenderer (22)
[2018.02.21-17.58.40:049][231]LogModuleManager: Shutting down and abandoning module OpenGLDrv (20)
[2018.02.21-17.58.40:049][231]LogModuleManager: Shutting down and abandoning module D3D11RHI (18)
[2018.02.21-17.58.40:049][231]LogModuleManager: Shutting down and abandoning module AnimGraphRuntime (16)
[2018.02.21-17.58.40:049][231]LogModuleManager: Shutting down and abandoning module Renderer (14)
[2018.02.21-17.58.40:049][231]LogModuleManager: Shutting down and abandoning module Engine (12)
[2018.02.21-17.58.40:049][231]LogModuleManager: Shutting down and abandoning module CoreUObject (10)
[2018.02.21-17.58.40:049][231]LogModuleManager: Shutting down and abandoning module NetworkFile (8)
[2018.02.21-17.58.40:049][231]LogModuleManager: Shutting down and abandoning module StreamingFile (6)
[2018.02.21-17.58.40:049][231]LogModuleManager: Shutting down and abandoning module SandboxFile (4)
[2018.02.21-17.58.40:049][231]LogModuleManager: Shutting down and abandoning module PakFile (2)
[2018.02.21-17.58.40:050][231]LogExit: Exiting.
[2018.02.21-17.58.40:077][231]Log file closed, 02/21/18 18:58:40
