Log file open, 01/18/18 19:04:54
LogInit:Display: Running engine for game: MechHackAndSlash
LogPlatformFile: Not using cached read wrapper
LogInit:Display: RandInit(-1720962491) SRandInit(-1720962491).
LogTaskGraph: Started task graph with 5 named threads and 8 total threads with 1 sets of task threads.
LogStats: Stats thread started at 0.082380
LogInit: Using libcurl 7.47.1
LogInit:  - built for x86_64-pc-win32
LogInit:  - supports SSL with OpenSSL/1.0.2g
LogInit:  - supports HTTP deflate (compression) using libz 1.2.8
LogInit:  - other features:
LogInit:      CURL_VERSION_SSL
LogInit:      CURL_VERSION_LIBZ
LogInit:      CURL_VERSION_IPV6
LogInit:      CURL_VERSION_ASYNCHDNS
LogInit:      CURL_VERSION_LARGEFILE
LogInit:      CURL_VERSION_IDN
LogInit:  CurlRequestOptions (configurable via config and command line):
LogInit:  - bVerifyPeer = false  - Libcurl will NOT verify peer certificate
LogInit:  - bUseHttpProxy = false  - Libcurl will NOT use HTTP proxy
LogInit:  - bDontReuseConnections = false  - Libcurl will reuse connections
LogInit:  - CertBundlePath = nullptr  - Libcurl will use whatever was configured at build time.
LogInit: Build: ++UE4+Release-4.16-CL-3514769
LogInit: Engine Version: 4.16.2-3514769+++UE4+Release-4.16
LogInit: Compatible Engine Version: 4.16.0-3452394+++UE4+Release-4.16
LogInit: Net CL: 3452394
LogDevObjectVersion: Number of dev versions registered: 16
LogDevObjectVersion:   Dev-Blueprints (B0D832E4-1F89-4F0D-ACCF-7EB736FD4AA2): 9
LogDevObjectVersion:   Dev-Build (E1C64328-A22C-4D53-A36C-8E866417BD8C): 0
LogDevObjectVersion:   Dev-Core (375EC13C-06E4-48FB-B500-84F0262A717E): 2
LogDevObjectVersion:   Dev-Editor (E4B068ED-F494-42E9-A231-DA0B2E46BB41): 17
LogDevObjectVersion:   Dev-Framework (CFFC743F-43B0-4480-9391-14DF171D2073): 23
LogDevObjectVersion:   Dev-Mobile (B02B49B5-BB20-44E9-A304-32B752E40360): 0
LogDevObjectVersion:   Dev-Networking (A4E4105C-59A1-49B5-A7C5-40C4547EDFEE): 0
LogDevObjectVersion:   Dev-Online (39C831C9-5AE6-47DC-9A44-9C173E1C8E7C): 0
LogDevObjectVersion:   Dev-Physics (78F01B33-EBEA-4F98-B9B4-84EACCB95AA2): 0
LogDevObjectVersion:   Dev-Platform (6631380F-2D4D-43E0-8009-CF276956A95A): 0
LogDevObjectVersion:   Dev-Rendering (12F88B9F-8875-4AFC-A67C-D90C383ABD29): 15
LogDevObjectVersion:   Dev-Sequencer (7B5AE74C-D270-4C10-A958-57980B212A5A): 4
LogDevObjectVersion:   Dev-VR (D7296918-1DD6-4BDD-9DE2-64A83CC13884): 0
LogDevObjectVersion:   Dev-LoadTimes (C2A15278-BFE7-4AFE-6C17-90FF531DF755): 1
LogDevObjectVersion:   Private-Geometry (6EACA3D4-40EC-4CC1-B786-8BED09428FC5): 1
LogDevObjectVersion:   Dev-AnimPhys (29E575DD-E0A3-4627-9D10-D276232CDCEA): 3
LogInit: Compiled (64-bit): Jun 29 2017 02:03:24
LogInit: Compiled with Visual C++: 19.00.24215.01
LogInit: Build Configuration: Development
LogInit: Branch Name: ++UE4+Release-4.16
LogInit: Command line: 
LogInit: Base directory: D:/Program Files (x86)/Epic Games/UE_4.16/Engine/Binaries/Win64/
LogInit: Installed Engine Build: 1
LogInit: Presizing for max 8388607 objects, including 0 objects not considered by GC, pre-allocating 0 bytes for permanent pool.
LogInit: Object subsystem initialized
[2018.01.18-18.04.54:747][  0]LogInit: Selected Device Profile: [Windows]
[2018.01.18-18.04.54:747][  0]LogInit: Applying CVar settings loaded from the selected device profile: [Windows]
[2018.01.18-18.04.54:756][  0]LogInit: Computer: DAVIDMASTERRACE
[2018.01.18-18.04.54:756][  0]LogInit: User: David
[2018.01.18-18.04.54:756][  0]LogInit: CPU Page size=4096, Cores=4
[2018.01.18-18.04.54:756][  0]LogInit: High frequency timer resolution =3.417967 MHz
[2018.01.18-18.04.54:757][  0]LogMemory: Memory total: Physical=15.9GB (16GB approx)
[2018.01.18-18.04.54:757][  0]LogMemory: Platform Memory Stats for Windows
[2018.01.18-18.04.54:757][  0]LogMemory: Process Physical Memory: 272.41 MB used, 272.41 MB peak
[2018.01.18-18.04.54:757][  0]LogMemory: Process Virtual Memory: 274.60 MB used, 274.60 MB peak
[2018.01.18-18.04.54:757][  0]LogMemory: Physical Memory: 7569.73 MB used,  8756.70 MB free, 16326.44 MB total
[2018.01.18-18.04.54:757][  0]LogMemory: Virtual Memory: 631.00 MB used,  8756.70 MB free, 134217728.00 MB total
[2018.01.18-18.04.54:797][  0]LogInit: Overriding language with editor language configuration option (en).
[2018.01.18-18.04.54:798][  0]LogInit: Overriding locale with editor locale configuration option (en).
[2018.01.18-18.04.55:535][  0]LogD3D11RHI: D3D11 adapters:
[2018.01.18-18.04.55:558][  0]LogD3D11RHI:    0. 'NVIDIA GeForce GTX 970' (Feature Level 11_0)
[2018.01.18-18.04.55:558][  0]LogD3D11RHI:       3975/0/8163 MB DedicatedVideo/DedicatedSystem/SharedSystem, Outputs:1, VendorId:0x10de
[2018.01.18-18.04.55:559][  0]LogD3D11RHI:    1. 'Microsoft Basic Render Driver' (Feature Level 11_0)
[2018.01.18-18.04.55:559][  0]LogD3D11RHI:       0/0/256 MB DedicatedVideo/DedicatedSystem/SharedSystem, Outputs:0, VendorId:0x1414
[2018.01.18-18.04.55:559][  0]LogD3D11RHI: Chosen D3D11 Adapter: 0
[2018.01.18-18.04.55:562][  0]LogD3D11RHI: Creating new Direct3DDevice
[2018.01.18-18.04.55:562][  0]LogD3D11RHI:     GPU DeviceId: 0x13c2 (for the marketing name, search the web for "GPU Device Id")
[2018.01.18-18.04.55:562][  0]LogWindows: EnumDisplayDevices:
[2018.01.18-18.04.55:562][  0]LogWindows:    0. 'NVIDIA GeForce GTX 970' (P:1 D:1)
[2018.01.18-18.04.55:562][  0]LogWindows:    1. 'NVIDIA GeForce GTX 970' (P:0 D:0)
[2018.01.18-18.04.55:562][  0]LogWindows:    2. 'NVIDIA GeForce GTX 970' (P:0 D:0)
[2018.01.18-18.04.55:562][  0]LogWindows:    3. 'NVIDIA GeForce GTX 970' (P:0 D:0)
[2018.01.18-18.04.55:562][  0]LogWindows: DebugString: FoundDriverCount:4 
[2018.01.18-18.04.55:562][  0]LogD3D11RHI:     Adapter Name: NVIDIA GeForce GTX 970
[2018.01.18-18.04.55:562][  0]LogD3D11RHI:   Driver Version: 388.13 (internal:23.21.13.8813, unified:388.13)
[2018.01.18-18.04.55:562][  0]LogD3D11RHI:      Driver Date: 10-27-2017
[2018.01.18-18.04.55:562][  0]LogRHI: Texture pool is 1361 MB (70% of 1945 MB)
[2018.01.18-18.04.55:573][  0]LogD3D11RHI: Async texture creation enabled
[2018.01.18-18.04.55:589][  0]LogD3D11RHI: GPU Timing Frequency: 1000.000000 (Debug: 2 2)
[2018.01.18-18.04.55:634][  0]LogShaderCompilers: Guid format shader working directory is -27 characters bigger than the processId version (C:/Users/David/Documents/GitHub/FuturoImperfecto/PRUEBAS/MechHackAndSlash/Intermediate/Shaders/WorkingDirectory/5452/).
[2018.01.18-18.04.55:634][  0]LogShaderCompilers: Cleaned the shader compiler working directory 'C:/Users/David/AppData/Local/Temp/UnrealShaderWorkingDir/F26A5D1F477810D62FDC64824F4E5FE1/'.
[2018.01.18-18.04.55:634][  0]LogShaderCompilers:Display: Using Local Shader Compiler.
[2018.01.18-18.04.56:480][  0]LogTemp:Display: Loaded TP AllDesktopTargetPlatform
[2018.01.18-18.04.56:513][  0]LogTemp:Display: Loaded TP MacClientTargetPlatform
[2018.01.18-18.04.56:544][  0]LogTemp:Display: Loaded TP MacNoEditorTargetPlatform
[2018.01.18-18.04.56:575][  0]LogTemp:Display: Loaded TP MacServerTargetPlatform
[2018.01.18-18.04.56:609][  0]LogTemp:Display: Loaded TP MacTargetPlatform
[2018.01.18-18.04.56:641][  0]LogTemp:Display: Loaded TP WindowsClientTargetPlatform
[2018.01.18-18.04.56:673][  0]LogTemp:Display: Loaded TP WindowsNoEditorTargetPlatform
[2018.01.18-18.04.56:705][  0]LogTemp:Display: Loaded TP WindowsServerTargetPlatform
[2018.01.18-18.04.56:731][  0]LogTemp:Display: Loaded TP WindowsTargetPlatform
[2018.01.18-18.04.56:761][  0]LogTemp:Display: Loaded TP AndroidTargetPlatform
[2018.01.18-18.04.56:793][  0]LogTemp:Display: Loaded TP Android_ASTCTargetPlatform
[2018.01.18-18.04.56:824][  0]LogTemp:Display: Loaded TP Android_ATCTargetPlatform
[2018.01.18-18.04.56:854][  0]LogTemp:Display: Loaded TP Android_DXTTargetPlatform
[2018.01.18-18.04.56:885][  0]LogTemp:Display: Loaded TP Android_ETC1TargetPlatform
[2018.01.18-18.04.56:916][  0]LogTemp:Display: Loaded TP Android_ETC2TargetPlatform
[2018.01.18-18.04.56:977][  0]LogTemp:Display: Loaded TP Android_MultiTargetPlatform
[2018.01.18-18.04.56:977][  0]LogTemp:Display: Loaded TP Android_PVRTCTargetPlatform
[2018.01.18-18.04.56:998][  0]LogTemp:Display: Loaded TP HTML5TargetPlatform
[2018.01.18-18.04.57:063][  0]LogTemp:Display: Loaded TP IOSTargetPlatform
[2018.01.18-18.04.57:082][  0]LogTemp:Display: Loaded TP TVOSTargetPlatform
[2018.01.18-18.04.57:114][  0]LogTemp:Display: Loaded TP LinuxClientTargetPlatform
[2018.01.18-18.04.57:144][  0]LogTemp:Display: Loaded TP LinuxNoEditorTargetPlatform
[2018.01.18-18.04.57:176][  0]LogTemp:Display: Loaded TP LinuxServerTargetPlatform
[2018.01.18-18.04.57:208][  0]LogTemp:Display: Loaded TP LinuxTargetPlatform
[2018.01.18-18.04.57:208][  0]LogTargetPlatformManager:Display: Building Assets For Windows
[2018.01.18-18.04.57:485][  0]LogDerivedDataCache:Display: Max Cache Size: 512 MB
[2018.01.18-18.04.57:567][  0]LogDerivedDataCache: Loaded boot cache 0.08s 90MB C:/Users/David/AppData/Local/UnrealEngine/4.16/DerivedDataCache/Boot.ddc.
[2018.01.18-18.04.57:567][  0]LogDerivedDataCache:Display: Loaded Boot cache: C:/Users/David/AppData/Local/UnrealEngine/4.16/DerivedDataCache/Boot.ddc
[2018.01.18-18.04.57:567][  0]LogDerivedDataCache: FDerivedDataBackendGraph:  Pak pak cache file C:/Users/David/Documents/GitHub/FuturoImperfecto/PRUEBAS/MechHackAndSlash/DerivedDataCache/DDC.ddp not found, will not use a pak cache.
[2018.01.18-18.04.57:567][  0]LogDerivedDataCache: Unable to find inner node Pak for hierarchical cache Hierarchy.
[2018.01.18-18.04.57:567][  0]LogDerivedDataCache: FDerivedDataBackendGraph:  CompressedPak pak cache file C:/Users/David/Documents/GitHub/FuturoImperfecto/PRUEBAS/MechHackAndSlash/DerivedDataCache/Compressed.ddp not found, will not use a pak cache.
[2018.01.18-18.04.57:567][  0]LogDerivedDataCache: Unable to find inner node CompressedPak for hierarchical cache Hierarchy.
[2018.01.18-18.04.57:584][  0]LogDerivedDataCache:Display: Pak cache opened for reading ../../../Engine/DerivedDataCache/Compressed.ddp.
[2018.01.18-18.04.57:595][  0]LogDerivedDataCache: Using Local data cache path C:/Users/David/AppData/Local/UnrealEngine/Common/DerivedDataCache: Writable
[2018.01.18-18.04.57:603][  0]LogMaterial: Verifying Global Shaders for PCD3D_SM5
[2018.01.18-18.04.57:604][  0]LogSlate: Using Freetype 2.6.0
[2018.01.18-18.04.57:604][  0]LogSlate: SlateFontCache - WITH_FREETYPE: 1, WITH_HARFBUZZ: 1
[2018.01.18-18.04.57:604][  0]LogSlate: SlateFontCache - WITH_FREETYPE: 1, WITH_HARFBUZZ: 1
[2018.01.18-18.04.57:861][  0]LogInit: Selected Device Profile: [Windows]
[2018.01.18-18.04.57:922][  0]LogContentStreaming: Texture pool size is 0.00 MB
[2018.01.18-18.04.58:035][  0]LogMeshUtilities: Using QuadricMeshReduction for automatic static mesh reduction
[2018.01.18-18.04.58:059][  0]LogSimplygon: Simplygon DLL not present - disabling.
[2018.01.18-18.04.58:086][  0]LogMeshUtilities: Using SimplygonSwarm for distributed automatic mesh merging
[2018.01.18-18.04.58:086][  0]LogMeshUtilities: No automatic skeletal mesh reduction module available
[2018.01.18-18.04.58:086][  0]LogMeshUtilities: No automatic mesh merging module available
[2018.01.18-18.04.58:467][  0]LogNetVersion: MechHackAndSlash , NetCL: 3452394, EngineNetVer: 2, GameNetVer: 0 (Checksum: 86869316)
[2018.01.18-18.04.58:516][  0]LogAssetRegistry: FAssetRegistry took 0.0254 seconds to start up
[2018.01.18-18.04.58:540][  0]LogPackageLocalizationCache: Processed 4 localized package path(s) for 1 prioritized culture(s) in 0.012526 seconds
[2018.01.18-18.04.58:545][  0]LogUObjectArray: 34194 objects as part of root set at end of initial load.
[2018.01.18-18.04.58:545][  0]LogUObjectAllocator: 7260416 out of 0 bytes used by permanent object pool.
[2018.01.18-18.04.58:545][  0]LogUObjectArray: CloseDisregardForGC: 0/0 objects in disregard for GC pool
[2018.01.18-18.04.58:579][  0]LogInit: WinSock: version 1.1 (2.2), MaxSocks=32767, MaxUdp=65467
[2018.01.18-18.05.00:160][  0]LogTcpMessaging: Initializing TcpMessaging bridge
[2018.01.18-18.05.00:187][  0]LogUdpMessaging: Initializing bridge on interface 0.0.0.0:0 to multicast group 230.0.0.1:6666.
[2018.01.18-18.05.00:593][  0]LogMaterial: Uniform references updated for custom material expression Custom.
[2018.01.18-18.05.00:830][  0]SourceControl: Info Source control is disabled
[2018.01.18-18.05.00:854][  0]SourceControl: Info Source control is disabled
[2018.01.18-18.05.00:881][  0]SourceControl: Info Source control is disabled
[2018.01.18-18.05.00:907][  0]SourceControl: Info Source control is disabled
[2018.01.18-18.05.01:284][  0]LogAndroidPermission: UAndroidPermissionCallbackProxy::GetInstance
[2018.01.18-18.05.01:622][  0]LogEngine: Initializing Engine...
[2018.01.18-18.05.01:623][  0]LogHMD: Failed to initialize OpenVR with code 110
[2018.01.18-18.05.01:781][  0]LogStats: UGameplayTagsManager::ConstructGameplayTagTree: Construct from data asset -  0.000 s
[2018.01.18-18.05.01:781][  0]LogStats: UGameplayTagsManager::ConstructGameplayTagTree: GameplayTagTreeChangedEvent.Broadcast -  0.000 s
[2018.01.18-18.05.01:853][  0]LogAIModule: Creating AISystem for world Untitled
[2018.01.18-18.05.01:876][  0]LogInit: XAudio2 using 'Speakers (Realtek High Definition Audio)' : 2 channels at 48 kHz using 32 bits per sample (channel mask 0x3)
[2018.01.18-18.05.01:882][  0]LogInit: FAudioDevice initialized.
[2018.01.18-18.05.01:917][  0]LogDerivedDataCache: Saved boot cache 0.03s 90MB C:/Users/David/AppData/Local/UnrealEngine/4.16/DerivedDataCache/Boot.ddc.
[2018.01.18-18.05.01:926][  0]LogInit: Texture streaming: Enabled
[2018.01.18-18.05.01:979][  0]LogEngineSessionManager: EngineSessionManager initialized
[2018.01.18-18.05.01:979][  0]LogEngineSessionManager: EngineSessionManager sent abnormal shutdown report. Type=Crashed, SessionId={F6CB10B5-4F4D-1F10-3E52-849F863DF471}
[2018.01.18-18.05.02:100][  0]LogInit: Transaction tracking system initialized
[2018.01.18-18.05.02:282][  0]BlueprintLog: New page: Editor Load
[2018.01.18-18.05.02:796][  0]LocalizationService: Info Localization service is disabled
[2018.01.18-18.05.03:178][  0]LogConsoleResponse:Display: 
[2018.01.18-18.05.03:295][  0]LogCook:Display: Max memory allowance for cook 16384mb min free memory 0mb
[2018.01.18-18.05.03:295][  0]LogCook:Display: Mobile HDR setting 1
[2018.01.18-18.05.03:522][  0]LogFileCache: Scanning file cache for directory 'C:/Users/David/Documents/GitHub/FuturoImperfecto/PRUEBAS/MechHackAndSlash/Content/' took 0.01s
[2018.01.18-18.05.03:850][  0]SourceControl: Info Source control is disabled
[2018.01.18-18.05.03:850][  0]Cmd: MAP LOAD FILE="C:/Users/David/Documents/GitHub/FuturoImperfecto/PRUEBAS/MechHackAndSlash/Content/ThirdPersonBP/Maps/ThirdPersonExampleMap.umap" TEMPLATE=0 SHOWPROGRESS=1 FEATURELEVEL=3
[2018.01.18-18.05.03:851][  0]LightingResults: New page: Lighting Build
[2018.01.18-18.05.03:874][  0]MapCheck: New page: Map Check
[2018.01.18-18.05.03:874][  0]LightingResults: New page: Lighting Build
[2018.01.18-18.05.06:272][  0]LogAIModule: Creating AISystem for world ThirdPersonExampleMap
[2018.01.18-18.05.06:421][  0]LogEditorServer: Finished looking for orphan Actors (0.000 secs)
[2018.01.18-18.05.06:459][  0]Cmd: MAP CHECKDEP NOCLEARLOG
[2018.01.18-18.05.06:517][  0]MapCheck: Info Map check complete: 0 Error(s), 0 Warning(s), took 57.753ms to complete.
[2018.01.18-18.05.06:517][  0]LogFileHelpers: Loading map 'ThirdPersonExampleMap' took 2.666
[2018.01.18-18.05.06:616][  0]LogCollectionManager: Loaded 0 collections in 0.000886 seconds
[2018.01.18-18.05.06:673][  0]LogFileCache: Scanning file cache for directory 'C:/Users/David/Documents/GitHub/FuturoImperfecto/PRUEBAS/MechHackAndSlash/Saved/Collections/' took 0.01s
[2018.01.18-18.05.06:673][  0]LogFileCache: Scanning file cache for directory 'C:/Users/David/Documents/GitHub/FuturoImperfecto/PRUEBAS/MechHackAndSlash/Content/Developers/David/Collections/' took 0.01s
[2018.01.18-18.05.06:673][  0]LogFileCache: Scanning file cache for directory 'C:/Users/David/Documents/GitHub/FuturoImperfecto/PRUEBAS/MechHackAndSlash/Content/Collections/' took 0.01s
[2018.01.18-18.05.06:673][  0]LogCollectionManager: Rebuilt the GUID cache for 0 collections in 0.000001 seconds
[2018.01.18-18.05.06:681][  0]LogContentBrowser: Native class hierarchy populated in 0.0077 seconds. Added 2329 classes and 491 folders.
[2018.01.18-18.05.06:717][  0]LogContentBrowser: Native class hierarchy updated for 'WidgetCarousel' in 0.0004 seconds. Added 0 classes and 0 folders.
[2018.01.18-18.05.06:743][  0]LogContentBrowser: Native class hierarchy updated for 'AddContentDialog' in 0.0004 seconds. Added 0 classes and 0 folders.
[2018.01.18-18.05.06:767][  0]LogContentBrowser: Native class hierarchy updated for 'SceneOutliner' in 0.0005 seconds. Added 1 classes and 2 folders.
[2018.01.18-18.05.06:796][  0]LogContentBrowser: Native class hierarchy updated for 'WorldBrowser' in 0.0005 seconds. Added 1 classes and 3 folders.
[2018.01.18-18.05.06:879][  0]LogCrashTracker: Crashtracker disabled due to settings.
[2018.01.18-18.05.06:882][  0]LogSlate: Took 0.000127 seconds to synchronously load lazily loaded font '../../../Engine/Content/Slate/Fonts/Roboto-Regular.ttf' (155K)
[2018.01.18-18.05.06:883][  0]LogSlate: Took 0.000181 seconds to synchronously load lazily loaded font '../../../Engine/Content/Slate/Fonts/Roboto-Bold.ttf' (160K)
[2018.01.18-18.05.06:887][  0]LogSlate: Took 0.000154 seconds to synchronously load lazily loaded font '../../../Engine/Content/Editor/Slate/Fonts/FontAwesome.ttf' (139K)
[2018.01.18-18.05.06:960][  0]LogRenderer: Reallocating scene render targets to support 1204x576 NumSamples 1 (Frame:1).
[2018.01.18-18.05.07:160][  0]LogUObjectGlobals:Warning: Failed to find object 'Class None.'
[2018.01.18-18.05.07:207][  0]LogContentBrowser: Native class hierarchy updated for 'HierarchicalLODOutliner' in 0.0005 seconds. Added 1 classes and 2 folders.
[2018.01.18-18.05.07:207][  0]LogLoad: (Engine Initialization) Total time: 13.55 seconds
[2018.01.18-18.05.07:207][  0]LogLoad: (Engine Initialization) Total Blueprint compile time: 0.87 seconds
[2018.01.18-18.05.07:207][  0]LogExternalProfiler: Found external profiler: VSPerf
[2018.01.18-18.05.07:207][  0]LogExternalProfiler: Using external profiler: VSPerf
[2018.01.18-18.05.07:217][  0]LogOcInput: OculusInput pre-init called
[2018.01.18-18.05.07:217][  0]LogHMD: Starting GearVRController plugin
[2018.01.18-18.05.07:242][  0]LogAssetRegistry: Asset discovery search completed in 8.7474 seconds
[2018.01.18-18.05.07:243][  0]LogCollectionManager: Rebuilt the object cache for 0 collections in 0.000001 seconds (found 0 objects)
[2018.01.18-18.05.07:243][  0]LogCollectionManager: Fixed up redirectors for 0 collections in 0.000020 seconds (updated 0 objects)
[2018.01.18-18.05.07:246][  0]LogContentStreaming: Texture pool size now 1000 MB
[2018.01.18-18.05.07:300][  0]LogSlate: Took 0.000150 seconds to synchronously load lazily loaded font '../../../Engine/Content/Slate/Fonts/Roboto-Light.ttf' (159K)
[2018.01.18-18.05.08:249][100]LogSlate: Took 0.000217 seconds to synchronously load lazily loaded font '../../../Engine/Content/Slate/Fonts/Roboto-Light.ttf' (159K)
[2018.01.18-18.05.11:789][503]LogSlate: Took 0.000113 seconds to synchronously load lazily loaded font '../../../Engine/Content/Slate/Fonts/Roboto-Light.ttf' (159K)
[2018.01.18-18.05.12:080][503]LogContentBrowser: Native class hierarchy updated for 'BlueprintGraph' in 0.0008 seconds. Added 112 classes and 0 folders.
[2018.01.18-18.05.13:121][503]LogSlate: Took 0.000153 seconds to synchronously load lazily loaded font '../../../Engine/Content/Editor/Slate/Fonts/Roboto-BoldCondensed.ttf' (158K)
[2018.01.18-18.05.13:593][504]LogSlate: Took 0.000146 seconds to synchronously load lazily loaded font '../../../Engine/Content/Editor/Slate/Fonts/Roboto-Italic.ttf' (157K)
[2018.01.18-18.07.09:000][557]LogRenderer: Reallocating scene render targets to support 1204x636 NumSamples 1 (Frame:1).
[2018.01.18-18.07.27:934][153]Cmd: OBJ SAVEPACKAGE PACKAGE="/Game/Warrior/Warrior_BP" FILE="C:/Users/David/Documents/GitHub/FuturoImperfecto/PRUEBAS/MechHackAndSlash/Content/Warrior/Warrior_BP.uasset" SILENT=true
[2018.01.18-18.07.29:041][153]LogSavePackage: Save=1089.82ms
[2018.01.18-18.07.29:041][153]LogSavePackage: Moving 'C:/Users/David/Documents/GitHub/FuturoImperfecto/PRUEBAS/MechHackAndSlash/Saved/Warrior_BPA798823542A9D8E5AFC28F8675509226.tmp' to 'C:/Users/David/Documents/GitHub/FuturoImperfecto/PRUEBAS/MechHackAndSlash/Content/Warrior/Warrior_BP.uasset'
[2018.01.18-18.07.29:044][153]LogSavePackage:Display: Finished SavePackage C:/Users/David/Documents/GitHub/FuturoImperfecto/PRUEBAS/MechHackAndSlash/Content/Warrior/Warrior_BP.uasset
[2018.01.18-18.07.50:854][358]LogSlate:Warning: Prevented a slow task dialog from being summoned while a context menu was open
[2018.01.18-18.07.56:800][727]LogBlueprint:Warning: Reparenting blueprint Blueprint /Game/ThirdPersonBP/Blueprints/hijo.hijo from ThirdPersonCharacter_C to Enemigo_C...
[2018.01.18-18.07.56:812][727]LogBlueprint:Warning: [hijo] 'atraido' variable not found. Base class was probably changed.
[2018.01.18-18.07.56:812][727]LogBlueprint:Warning: [hijo] 'atraido' variable not found. Base class was probably changed.
[2018.01.18-18.07.56:812][727]LogBlueprint:Warning: [hijo] 'atraido' variable not found. Base class was probably changed.
[2018.01.18-18.07.56:812][727]LogBlueprint:Warning: [hijo] 'atraido' variable not found. Base class was probably changed.
[2018.01.18-18.07.56:812][727]BlueprintLog: New page: Compile hijo
[2018.01.18-18.08.10:561][878]LogSlate:Warning: Prevented a slow task dialog from being summoned while a context menu was open
[2018.01.18-18.08.13:858][168]LogBlueprint:Warning: Reparenting blueprint Blueprint /Game/Boss/BlueBoosDummy.BlueBoosDummy from Character to Enemigo_C...
[2018.01.18-18.08.13:895][168]LogBlueprint:Warning: Blueprint BlueBoosDummyCaca (child of/implements BlueBoosDummy) has a member variable with a conflicting name (atacando_0). Changing to atacando_0_0.
[2018.01.18-18.08.13:911][168]LogBlueprint:Warning: Blueprint BlueBoosDummyCaca (child of/implements BlueBoosDummy) has a member variable with a conflicting name (Vivo_0). Changing to Vivo_0_0.
[2018.01.18-18.08.13:925][168]LogBlueprint:Warning: Blueprint BlueBoosDummyCaca (child of/implements BlueBoosDummy) has a member variable with a conflicting name (Vida_0). Changing to Vida_0_0.
[2018.01.18-18.08.13:940][168]LogBlueprint:Warning: Blueprint BlueBoosDummyCaca (child of/implements BlueBoosDummy) has a member variable with a conflicting name (MinDmg_0). Changing to MinDmg_0_0.
[2018.01.18-18.08.13:954][168]LogBlueprint:Warning: Blueprint BlueBoosDummyCaca (child of/implements BlueBoosDummy) has a member variable with a conflicting name (MaxDmg_0). Changing to MaxDmg_0_0.
[2018.01.18-18.08.13:969][168]LogBlueprint:Warning: Blueprint BlueBoosDummyCaca (child of/implements BlueBoosDummy) has a member variable with a conflicting name (damage_0). Changing to damage_0_0.
[2018.01.18-18.08.13:983][168]LogBlueprint:Warning: Blueprint BlueBoosDummyCaca (child of/implements BlueBoosDummy) has a member variable with a conflicting name (golpeado_0). Changing to golpeado_0_0.
[2018.01.18-18.08.13:998][168]LogBlueprint:Warning: Blueprint BlueBoosDummyCaca (child of/implements BlueBoosDummy) has a member variable with a conflicting name (armadura_0). Changing to armadura_0_0.
[2018.01.18-18.08.14:012][168]LogBlueprint:Warning: Blueprint BlueBoosDummyCaca (child of/implements BlueBoosDummy) has a member variable with a conflicting name (estaFijado_0). Changing to estaFijado_0_0.
[2018.01.18-18.08.17:355][168]LogCrashTracker: 


[2018.01.18-18.08.17:355][168]LogCrashTracker: 


[2018.01.18-18.08.17:355][168]LogWindows:Error: === Critical error: ===
[2018.01.18-18.08.17:355][168]LogWindows:Error: 
[2018.01.18-18.08.17:355][168]LogWindows:Error: Fatal error!
[2018.01.18-18.08.17:355][168]LogWindows:Error: 
[2018.01.18-18.08.17:355][168]LogWindows:Error: Unhandled Exception: EXCEPTION_ACCESS_VIOLATION reading address 0xffffffff
[2018.01.18-18.08.17:355][168]LogWindows:Error: 
[2018.01.18-18.08.17:355][168]LogWindows:Error: UE4Editor-CoreUObject.dll!UObjectBaseUtility::IsA() [d:\build\++ue4+release-4.16+compile\sync\engine\source\runtime\coreuobject\private\uobject\uobjectbaseutility.cpp:278]
[2018.01.18-18.08.17:355][168]LogWindows:Error: UE4Editor-CoreUObject.dll!UObjectProperty::SerializeItem() [d:\build\++ue4+release-4.16+compile\sync\engine\source\runtime\coreuobject\private\uobject\propertyobject.cpp:62]
[2018.01.18-18.08.17:355][168]LogWindows:Error: UE4Editor-CoreUObject.dll!FPropertyTag::SerializeTaggedProperty() [d:\build\++ue4+release-4.16+compile\sync\engine\source\runtime\coreuobject\private\uobject\propertytag.cpp:185]
[2018.01.18-18.08.17:355][168]LogWindows:Error: UE4Editor-CoreUObject.dll!UStruct::SerializeTaggedProperties() [d:\build\++ue4+release-4.16+compile\sync\engine\source\runtime\coreuobject\private\uobject\class.cpp:1069]
[2018.01.18-18.08.17:355][168]LogWindows:Error: UE4Editor-CoreUObject.dll!UObject::SerializeScriptProperties() [d:\build\++ue4+release-4.16+compile\sync\engine\source\runtime\coreuobject\private\uobject\obj.cpp:1239]
[2018.01.18-18.08.17:355][168]LogWindows:Error: UE4Editor-CoreUObject.dll!UObject::Serialize() [d:\build\++ue4+release-4.16+compile\sync\engine\source\runtime\coreuobject\private\uobject\obj.cpp:1173]
[2018.01.18-18.08.17:355][168]LogWindows:Error: UE4Editor-Engine.dll!UEngine::CopyPropertiesForUnrelatedObjects() [d:\build\++ue4+release-4.16+compile\sync\engine\source\runtime\engine\private\unrealengine.cpp:11699]
[2018.01.18-18.08.17:355][168]LogWindows:Error: UE4Editor-KismetCompiler.dll!FKismetCompilerContext::CompileFunctions() [d:\build\++ue4+release-4.16+compile\sync\engine\source\editor\kismetcompiler\private\kismetcompiler.cpp:3952]
[2018.01.18-18.08.17:355][168]LogWindows:Error: UE4Editor-KismetCompiler.dll!FKismet2CompilerModule::CompileBlueprintInner() [d:\build\++ue4+release-4.16+compile\sync\engine\source\editor\kismetcompiler\private\kismetcompilermodule.cpp:131]
[2018.01.18-18.08.17:355][168]LogWindows:Error: UE4Editor-KismetCompiler.dll!FKismet2CompilerModule::CompileBlueprint() [d:\build\++ue4+release-4.16+compile\sync\engine\source\editor\kismetcompiler\private\kismetcompilermodule.cpp:231]
[2018.01.18-18.08.17:355][168]LogWindows:Error: UE4Editor-UnrealEd.dll!`FBlueprintEditorUtils::MarkBlueprintAsStructurallyModified'::`2'::FRefreshHelper::SkeletalRecompileChildren() [d:\build\++ue4+release-4.16+compile\sync\engine\source\editor\unrealed\private\kismet2\blueprinteditorutils.cpp:2022]
[2018.01.18-18.08.17:355][168]LogWindows:Error: UE4Editor-UnrealEd.dll!FBlueprintEditorUtils::MarkBlueprintAsStructurallyModified() [d:\build\++ue4+release-4.16+compile\sync\engine\source\editor\unrealed\private\kismet2\blueprinteditorutils.cpp:2080]
[2018.01.18-18.08.17:355][168]LogWindows:Error: UE4Editor-UnrealEd.dll!FBlueprintEditorUtils::RefreshAllNodes() [d:\build\++ue4+release-4.16+compile\sync\engine\source\editor\unrealed\private\kismet2\blueprinteditorutils.cpp:534]
[2018.01.18-18.08.17:355][168]LogWindows:Error: UE4Editor-Kismet.dll!FBlueprintEditor::ReparentBlueprint_NewParentChosen() [d:\build\++ue4+release-4.16+compile\sync\engine\source\editor\kismet\private\blueprinteditor.cpp:2779]
[2018.01.18-18.08.17:355][168]LogWindows:Error: UE4Editor-Kismet.dll!TBaseSPMethodDelegateInstance<0,FBlueprintEditor,0,TTypeWrapper<void> __cdecl(UClass * __ptr64)>::Execute() [d:\build\++ue4+release-4.16+compile\sync\engine\source\runtime\core\public\delegates\delegateinstancesimpl.h:327]
[2018.01.18-18.08.17:355][168]LogWindows:Error: UE4Editor-Kismet.dll!TBaseSPMethodDelegateInstance<0,FBlueprintEditor,0,void __cdecl(UClass * __ptr64)>::ExecuteIfSafe() [d:\build\++ue4+release-4.16+compile\sync\engine\source\runtime\core\public\delegates\delegateinstancesimpl.h:434]
[2018.01.18-18.08.17:355][168]LogWindows:Error: UE4Editor-ClassViewer.dll!SClassViewer::OnClassViewerSelectionChanged() [d:\build\++ue4+release-4.16+compile\sync\engine\source\editor\classviewer\private\sclassviewer.cpp:2428]
[2018.01.18-18.08.17:355][168]LogWindows:Error: UE4Editor-ClassViewer.dll!TBaseSPMethodDelegateInstance<0,SClassViewer,0,TTypeWrapper<void> __cdecl(TSharedPtr<FClassViewerNode,0>,enum ESelectInfo::Type)>::Execute() [d:\build\++ue4+release-4.16+compile\sync\engine\source\runtime\core\public\delegates\delegateinstancesimpl.h:327]
[2018.01.18-18.08.17:355][168]LogWindows:Error: UE4Editor-ClassViewer.dll!TBaseSPMethodDelegateInstance<0,SClassViewer,0,void __cdecl(TSharedPtr<FClassViewerNode,0>,enum ESelectInfo::Type)>::ExecuteIfSafe() [d:\build\++ue4+release-4.16+compile\sync\engine\source\runtime\core\public\delegates\delegateinstancesimpl.h:434]
[2018.01.18-18.08.17:355][168]LogWindows:Error: UE4Editor-ClassViewer.dll!TBaseDelegate<void,TSharedPtr<FClassViewerNode,0>,enum ESelectInfo::Type>::ExecuteIfBound() [d:\build\++ue4+release-4.16+compile\sync\engine\source\runtime\core\public\delegates\delegatesignatureimpl.inl:624]
[2018.01.18-18.08.17:355][168]LogWindows:Error: UE4Editor-ClassViewer.dll!SListView<TSharedPtr<FClassViewerNode,0> >::Private_SignalSelectionChanged() [d:\build\++ue4+release-4.16+compile\sync\engine\source\runtime\slate\public\widgets\views\slistview.h:735]
[2018.01.18-18.08.17:355][168]LogWindows:Error: UE4Editor-ClassViewer.dll!STableRow<TSharedPtr<FString,0> >::OnMouseButtonUp() [d:\build\++ue4+release-4.16+compile\sync\engine\source\runtime\slate\public\widgets\views\stablerow.h:476]
[2018.01.18-18.08.17:355][168]LogWindows:Error: UE4Editor-Slate.dll!<lambda_8d0e9a1da76abd0a756a3a9d775f5ed1>::operator()() [d:\build\++ue4+release-4.16+compile\sync\engine\source\runtime\slate\private\framework\application\slateapplication.cpp:5049]
[2018.01.18-18.08.17:355][168]LogWindows:Error: UE4Editor-Slate.dll!FEventRouter::Route<FReply,FEventRouter::FToLeafmostPolicy,FPointerEvent,<lambda_8d0e9a1da76abd0a756a3a9d775f5ed1> >() [d:\build\++ue4+release-4.16+compile\sync\engine\source\runtime\slate\private\framework\application\slateapplication.cpp:239]
[2018.01.18-18.08.17:355][168]LogWindows:Error: UE4Editor-Slate.dll!FSlateApplication::RoutePointerUpEvent() [d:\build\++ue4+release-4.16+compile\sync\engine\source\runtime\slate\private\framework\application\slateapplication.cpp:5038]
[2018.01.18-18.08.17:355][168]LogWindows:Error: UE4Editor-Slate.dll!FSlateApplication::ProcessMouseButtonUpEvent() [d:\build\++ue4+release-4.16+compile\sync\engine\source\runtime\slate\private\framework\application\slateapplication.cpp:5515]
[2018.01.18-18.08.17:355][168]LogWindows:Error: UE4Editor-Slate.dll!FSlateApplication::OnMouseUp() [d:\build\++ue4+release-4.16+compile\sync\engine\source\runtime\slate\private\framework\application\slateapplication.cpp:5495]
[2018.01.18-18.08.17:355][168]LogWindows:Error: UE4Editor-Core.dll!FWindowsApplication::ProcessDeferredMessage() [d:\build\++ue4+release-4.16+compile\sync\engine\source\runtime\core\private\windows\windowsapplication.cpp:1704]
[2018.01.18-18.08.17:355][168]LogWindows:Error: UE4Editor-Core.dll!FWindowsApplication::DeferMessage() [d:\build\++ue4+release-4.16+compile\sync\engine\source\runtime\core\private\windows\windowsapplication.cpp:2127]
[2018.01.18-18.08.17:355][168]LogWindows:Error: UE4Editor-Core.dll!FWindowsApplication::ProcessMessage() [d:\build\++ue4+release-4.16+compile\sync\engine\source\runtime\core\private\windows\windowsapplication.cpp:867]
[2018.01.18-18.08.17:355][168]LogWindows:Error: UE4Editor-Core.dll!FWindowsApplication::AppWndProc() [d:\build\++ue4+release-4.16+compile\sync\engine\source\runtime\core\private\windows\windowsapplication.cpp:714]
[2018.01.18-18.08.17:355][168]LogWindows:Error: USER32.dll!0x000000000FAF24FD
[2018.01.18-18.08.17:355][168]LogWindows:Error: USER32.dll!0x000000000FAF2357
[2018.01.18-18.08.17:355][168]LogWindows:Error: UE4Editor-Core.dll!FWindowsPlatformMisc::PumpMessages() [d:\build\++ue4+release-4.16+compile\sync\engine\source\runtime\core\private\windows\windowsplatformmisc.cpp:1009]
[2018.01.18-18.08.17:355][168]LogWindows:Error: UE4Editor.exe!FEngineLoop::Tick() [d:\build\++ue4+release-4.16+compile\sync\engine\source\runtime\launch\private\launchengineloop.cpp:3058]
[2018.01.18-18.08.17:355][168]LogWindows:Error: UE4Editor.exe!GuardedMain() [d:\build\++ue4+release-4.16+compile\sync\engine\source\runtime\launch\private\launch.cpp:166]
[2018.01.18-18.08.17:355][168]LogWindows:Error: UE4Editor.exe!GuardedMainWrapper() [d:\build\++ue4+release-4.16+compile\sync\engine\source\runtime\launch\private\windows\launchwindows.cpp:134]
[2018.01.18-18.08.17:355][168]LogWindows:Error: UE4Editor.exe!WinMain() [d:\build\++ue4+release-4.16+compile\sync\engine\source\runtime\launch\private\windows\launchwindows.cpp:210]
[2018.01.18-18.08.17:355][168]LogWindows:Error: UE4Editor.exe!__scrt_common_main_seh() [f:\dd\vctools\crt\vcstartup\src\startup\exe_common.inl:253]
[2018.01.18-18.08.17:355][168]LogWindows:Error: KERNEL32.DLL!0x000000000EEC13D2
[2018.01.18-18.08.17:355][168]LogWindows:Error: ntdll.dll!0x00000000101654F4
[2018.01.18-18.08.17:355][168]LogWindows:Error: ntdll.dll!0x00000000101654F4
[2018.01.18-18.08.17:355][168]LogWindows:Error: 
[2018.01.18-18.08.17:368][168]LogExit: Executing StaticShutdownAfterError
[2018.01.18-18.08.17:375][168]LogWindows: FPlatformMisc::RequestExit(1)
[2018.01.18-18.08.17:375][168]Log file closed, 01/18/18 19:08:17
