Log file open, 10/31/17 17:35:19
LogInit:Display: Running engine for game: MechHackAndSlash
LogPlatformFile: Not using cached read wrapper
LogInit:Display: RandInit(-1055578914) SRandInit(-1055578914).
LogTaskGraph: Started task graph with 5 named threads and 8 total threads with 1 sets of task threads.
LogStats: Stats thread started at 0.079308
LogInit: Using libcurl 7.47.1
LogInit:  - built for x86_64-pc-win32
LogInit:  - supports SSL with OpenSSL/1.0.2g
LogInit:  - supports HTTP deflate (compression) using libz 1.2.8
LogInit:  - other features:
LogInit:      CURL_VERSION_SSL
LogInit:      CURL_VERSION_LIBZ
LogInit:      CURL_VERSION_IPV6
LogInit:      CURL_VERSION_ASYNCHDNS
LogInit:      CURL_VERSION_LARGEFILE
LogInit:      CURL_VERSION_IDN
LogInit:  CurlRequestOptions (configurable via config and command line):
LogInit:  - bVerifyPeer = false  - Libcurl will NOT verify peer certificate
LogInit:  - bUseHttpProxy = false  - Libcurl will NOT use HTTP proxy
LogInit:  - bDontReuseConnections = false  - Libcurl will reuse connections
LogInit:  - CertBundlePath = nullptr  - Libcurl will use whatever was configured at build time.
LogInit: Build: ++UE4+Release-4.16-CL-3514769
LogInit: Engine Version: 4.16.2-3514769+++UE4+Release-4.16
LogInit: Compatible Engine Version: 4.16.0-3452394+++UE4+Release-4.16
LogInit: Net CL: 3452394
LogDevObjectVersion: Number of dev versions registered: 16
LogDevObjectVersion:   Dev-Blueprints (B0D832E4-1F89-4F0D-ACCF-7EB736FD4AA2): 9
LogDevObjectVersion:   Dev-Build (E1C64328-A22C-4D53-A36C-8E866417BD8C): 0
LogDevObjectVersion:   Dev-Core (375EC13C-06E4-48FB-B500-84F0262A717E): 2
LogDevObjectVersion:   Dev-Editor (E4B068ED-F494-42E9-A231-DA0B2E46BB41): 17
LogDevObjectVersion:   Dev-Framework (CFFC743F-43B0-4480-9391-14DF171D2073): 23
LogDevObjectVersion:   Dev-Mobile (B02B49B5-BB20-44E9-A304-32B752E40360): 0
LogDevObjectVersion:   Dev-Networking (A4E4105C-59A1-49B5-A7C5-40C4547EDFEE): 0
LogDevObjectVersion:   Dev-Online (39C831C9-5AE6-47DC-9A44-9C173E1C8E7C): 0
LogDevObjectVersion:   Dev-Physics (78F01B33-EBEA-4F98-B9B4-84EACCB95AA2): 0
LogDevObjectVersion:   Dev-Platform (6631380F-2D4D-43E0-8009-CF276956A95A): 0
LogDevObjectVersion:   Dev-Rendering (12F88B9F-8875-4AFC-A67C-D90C383ABD29): 15
LogDevObjectVersion:   Dev-Sequencer (7B5AE74C-D270-4C10-A958-57980B212A5A): 4
LogDevObjectVersion:   Dev-VR (D7296918-1DD6-4BDD-9DE2-64A83CC13884): 0
LogDevObjectVersion:   Dev-LoadTimes (C2A15278-BFE7-4AFE-6C17-90FF531DF755): 1
LogDevObjectVersion:   Private-Geometry (6EACA3D4-40EC-4CC1-B786-8BED09428FC5): 1
LogDevObjectVersion:   Dev-AnimPhys (29E575DD-E0A3-4627-9D10-D276232CDCEA): 3
LogInit: Compiled (64-bit): Jun 29 2017 02:03:24
LogInit: Compiled with Visual C++: 19.00.24215.01
LogInit: Build Configuration: Development
LogInit: Branch Name: ++UE4+Release-4.16
LogInit: Command line: 
LogInit: Base directory: D:/Program Files (x86)/Epic Games/UE_4.16/Engine/Binaries/Win64/
LogInit: Installed Engine Build: 1
LogInit: Presizing for max 8388607 objects, including 0 objects not considered by GC, pre-allocating 0 bytes for permanent pool.
LogInit: Object subsystem initialized
[2017.10.31-16.35.20:215][  0]LogInit: Selected Device Profile: [Windows]
[2017.10.31-16.35.20:215][  0]LogInit: Applying CVar settings loaded from the selected device profile: [Windows]
[2017.10.31-16.35.20:225][  0]LogInit: Computer: DAVIDMASTERRACE
[2017.10.31-16.35.20:225][  0]LogInit: User: David
[2017.10.31-16.35.20:225][  0]LogInit: CPU Page size=4096, Cores=4
[2017.10.31-16.35.20:225][  0]LogInit: High frequency timer resolution =3.417963 MHz
[2017.10.31-16.35.20:225][  0]LogMemory: Memory total: Physical=15.9GB (16GB approx)
[2017.10.31-16.35.20:225][  0]LogMemory: Platform Memory Stats for Windows
[2017.10.31-16.35.20:225][  0]LogMemory: Process Physical Memory: 270.66 MB used, 270.66 MB peak
[2017.10.31-16.35.20:225][  0]LogMemory: Process Virtual Memory: 266.47 MB used, 266.47 MB peak
[2017.10.31-16.35.20:225][  0]LogMemory: Physical Memory: 4311.08 MB used,  12015.36 MB free, 16326.44 MB total
[2017.10.31-16.35.20:225][  0]LogMemory: Virtual Memory: 622.99 MB used,  12015.36 MB free, 134217728.00 MB total
[2017.10.31-16.35.20:266][  0]LogInit: Overriding language with editor language configuration option (en).
[2017.10.31-16.35.20:266][  0]LogInit: Overriding locale with editor locale configuration option (en).
[2017.10.31-16.35.20:995][  0]LogD3D11RHI: D3D11 adapters:
[2017.10.31-16.35.21:019][  0]LogD3D11RHI:    0. 'NVIDIA GeForce GTX 970' (Feature Level 11_0)
[2017.10.31-16.35.21:019][  0]LogD3D11RHI:       3975/0/8163 MB DedicatedVideo/DedicatedSystem/SharedSystem, Outputs:1, VendorId:0x10de
[2017.10.31-16.35.21:020][  0]LogD3D11RHI:    1. 'Microsoft Basic Render Driver' (Feature Level 11_0)
[2017.10.31-16.35.21:020][  0]LogD3D11RHI:       0/0/256 MB DedicatedVideo/DedicatedSystem/SharedSystem, Outputs:0, VendorId:0x1414
[2017.10.31-16.35.21:020][  0]LogD3D11RHI: Chosen D3D11 Adapter: 0
[2017.10.31-16.35.21:022][  0]LogD3D11RHI: Creating new Direct3DDevice
[2017.10.31-16.35.21:022][  0]LogD3D11RHI:     GPU DeviceId: 0x13c2 (for the marketing name, search the web for "GPU Device Id")
[2017.10.31-16.35.21:022][  0]LogWindows: EnumDisplayDevices:
[2017.10.31-16.35.21:022][  0]LogWindows:    0. 'NVIDIA GeForce GTX 970' (P:1 D:1)
[2017.10.31-16.35.21:022][  0]LogWindows:    1. 'NVIDIA GeForce GTX 970' (P:0 D:0)
[2017.10.31-16.35.21:022][  0]LogWindows:    2. 'NVIDIA GeForce GTX 970' (P:0 D:0)
[2017.10.31-16.35.21:022][  0]LogWindows:    3. 'NVIDIA GeForce GTX 970' (P:0 D:0)
[2017.10.31-16.35.21:022][  0]LogWindows: DebugString: FoundDriverCount:4 
[2017.10.31-16.35.21:022][  0]LogD3D11RHI:     Adapter Name: NVIDIA GeForce GTX 970
[2017.10.31-16.35.21:022][  0]LogD3D11RHI:   Driver Version: 385.41 (internal:22.21.13.8541, unified:385.41)
[2017.10.31-16.35.21:022][  0]LogD3D11RHI:      Driver Date: 8-21-2017
[2017.10.31-16.35.21:022][  0]LogRHI: Texture pool is 1361 MB (70% of 1945 MB)
[2017.10.31-16.35.21:030][  0]LogD3D11RHI: Async texture creation enabled
[2017.10.31-16.35.21:046][  0]LogD3D11RHI: GPU Timing Frequency: 1000.000000 (Debug: 2 2)
[2017.10.31-16.35.21:090][  0]LogShaderCompilers: Guid format shader working directory is -27 characters bigger than the processId version (C:/Users/David/Documents/GitHub/FuturoImperfecto/PRUEBAS/MechHackAndSlash/Intermediate/Shaders/WorkingDirectory/5260/).
[2017.10.31-16.35.21:090][  0]LogShaderCompilers: Cleaned the shader compiler working directory 'C:/Users/David/AppData/Local/Temp/UnrealShaderWorkingDir/A1FF84B7405540CD03F2AAB6F963B5A4/'.
[2017.10.31-16.35.21:090][  0]LogShaderCompilers:Display: Using Local Shader Compiler.
[2017.10.31-16.35.22:050][  0]LogTemp:Display: Loaded TP AllDesktopTargetPlatform
[2017.10.31-16.35.22:080][  0]LogTemp:Display: Loaded TP MacClientTargetPlatform
[2017.10.31-16.35.22:110][  0]LogTemp:Display: Loaded TP MacNoEditorTargetPlatform
[2017.10.31-16.35.22:140][  0]LogTemp:Display: Loaded TP MacServerTargetPlatform
[2017.10.31-16.35.22:170][  0]LogTemp:Display: Loaded TP MacTargetPlatform
[2017.10.31-16.35.22:201][  0]LogTemp:Display: Loaded TP WindowsClientTargetPlatform
[2017.10.31-16.35.22:231][  0]LogTemp:Display: Loaded TP WindowsNoEditorTargetPlatform
[2017.10.31-16.35.22:261][  0]LogTemp:Display: Loaded TP WindowsServerTargetPlatform
[2017.10.31-16.35.22:285][  0]LogTemp:Display: Loaded TP WindowsTargetPlatform
[2017.10.31-16.35.22:315][  0]LogTemp:Display: Loaded TP AndroidTargetPlatform
[2017.10.31-16.35.22:344][  0]LogTemp:Display: Loaded TP Android_ASTCTargetPlatform
[2017.10.31-16.35.22:374][  0]LogTemp:Display: Loaded TP Android_ATCTargetPlatform
[2017.10.31-16.35.22:404][  0]LogTemp:Display: Loaded TP Android_DXTTargetPlatform
[2017.10.31-16.35.22:434][  0]LogTemp:Display: Loaded TP Android_ETC1TargetPlatform
[2017.10.31-16.35.22:464][  0]LogTemp:Display: Loaded TP Android_ETC2TargetPlatform
[2017.10.31-16.35.22:523][  0]LogTemp:Display: Loaded TP Android_MultiTargetPlatform
[2017.10.31-16.35.22:523][  0]LogTemp:Display: Loaded TP Android_PVRTCTargetPlatform
[2017.10.31-16.35.22:543][  0]LogTemp:Display: Loaded TP HTML5TargetPlatform
[2017.10.31-16.35.22:607][  0]LogTemp:Display: Loaded TP IOSTargetPlatform
[2017.10.31-16.35.22:626][  0]LogTemp:Display: Loaded TP TVOSTargetPlatform
[2017.10.31-16.35.22:656][  0]LogTemp:Display: Loaded TP LinuxClientTargetPlatform
[2017.10.31-16.35.22:685][  0]LogTemp:Display: Loaded TP LinuxNoEditorTargetPlatform
[2017.10.31-16.35.22:714][  0]LogTemp:Display: Loaded TP LinuxServerTargetPlatform
[2017.10.31-16.35.22:745][  0]LogTemp:Display: Loaded TP LinuxTargetPlatform
[2017.10.31-16.35.22:745][  0]LogTargetPlatformManager:Display: Building Assets For Windows
[2017.10.31-16.35.23:014][  0]LogDerivedDataCache:Display: Max Cache Size: 512 MB
[2017.10.31-16.35.23:092][  0]LogDerivedDataCache: Loaded boot cache 0.08s 90MB C:/Users/David/AppData/Local/UnrealEngine/4.16/DerivedDataCache/Boot.ddc.
[2017.10.31-16.35.23:092][  0]LogDerivedDataCache:Display: Loaded Boot cache: C:/Users/David/AppData/Local/UnrealEngine/4.16/DerivedDataCache/Boot.ddc
[2017.10.31-16.35.23:092][  0]LogDerivedDataCache: FDerivedDataBackendGraph:  Pak pak cache file C:/Users/David/Documents/GitHub/FuturoImperfecto/PRUEBAS/MechHackAndSlash/DerivedDataCache/DDC.ddp not found, will not use a pak cache.
[2017.10.31-16.35.23:092][  0]LogDerivedDataCache: Unable to find inner node Pak for hierarchical cache Hierarchy.
[2017.10.31-16.35.23:092][  0]LogDerivedDataCache: FDerivedDataBackendGraph:  CompressedPak pak cache file C:/Users/David/Documents/GitHub/FuturoImperfecto/PRUEBAS/MechHackAndSlash/DerivedDataCache/Compressed.ddp not found, will not use a pak cache.
[2017.10.31-16.35.23:092][  0]LogDerivedDataCache: Unable to find inner node CompressedPak for hierarchical cache Hierarchy.
[2017.10.31-16.35.23:108][  0]LogDerivedDataCache:Display: Pak cache opened for reading ../../../Engine/DerivedDataCache/Compressed.ddp.
[2017.10.31-16.35.23:120][  0]LogDerivedDataCache: Using Local data cache path C:/Users/David/AppData/Local/UnrealEngine/Common/DerivedDataCache: Writable
[2017.10.31-16.35.23:128][  0]LogMaterial: Verifying Global Shaders for PCD3D_SM5
[2017.10.31-16.35.23:128][  0]LogSlate: Using Freetype 2.6.0
[2017.10.31-16.35.23:129][  0]LogSlate: SlateFontCache - WITH_FREETYPE: 1, WITH_HARFBUZZ: 1
[2017.10.31-16.35.23:129][  0]LogSlate: SlateFontCache - WITH_FREETYPE: 1, WITH_HARFBUZZ: 1
[2017.10.31-16.35.23:386][  0]LogInit: Selected Device Profile: [Windows]
[2017.10.31-16.35.23:443][  0]LogContentStreaming: Texture pool size is 0.00 MB
[2017.10.31-16.35.23:555][  0]LogMeshUtilities: Using QuadricMeshReduction for automatic static mesh reduction
[2017.10.31-16.35.23:579][  0]LogSimplygon: Simplygon DLL not present - disabling.
[2017.10.31-16.35.23:604][  0]LogMeshUtilities: Using SimplygonSwarm for distributed automatic mesh merging
[2017.10.31-16.35.23:604][  0]LogMeshUtilities: No automatic skeletal mesh reduction module available
[2017.10.31-16.35.23:604][  0]LogMeshUtilities: No automatic mesh merging module available
[2017.10.31-16.35.23:977][  0]LogNetVersion: MechHackAndSlash , NetCL: 3452394, EngineNetVer: 2, GameNetVer: 0 (Checksum: 86869316)
[2017.10.31-16.35.24:027][  0]LogAssetRegistry: FAssetRegistry took 0.0260 seconds to start up
[2017.10.31-16.35.24:051][  0]LogPackageLocalizationCache: Processed 4 localized package path(s) for 1 prioritized culture(s) in 0.011875 seconds
[2017.10.31-16.35.24:055][  0]LogUObjectArray: 34194 objects as part of root set at end of initial load.
[2017.10.31-16.35.24:056][  0]LogUObjectAllocator: 7260416 out of 0 bytes used by permanent object pool.
[2017.10.31-16.35.24:056][  0]LogUObjectArray: CloseDisregardForGC: 0/0 objects in disregard for GC pool
[2017.10.31-16.35.24:089][  0]LogInit: WinSock: version 1.1 (2.2), MaxSocks=32767, MaxUdp=65467
[2017.10.31-16.35.25:635][  0]LogTcpMessaging: Initializing TcpMessaging bridge
[2017.10.31-16.35.25:663][  0]LogUdpMessaging: Initializing bridge on interface 0.0.0.0:0 to multicast group 230.0.0.1:6666.
[2017.10.31-16.35.25:973][  0]LogMaterial: Uniform references updated for custom material expression Custom.
[2017.10.31-16.35.26:202][  0]SourceControl: Info Source control is disabled
[2017.10.31-16.35.26:223][  0]SourceControl: Info Source control is disabled
[2017.10.31-16.35.26:248][  0]SourceControl: Info Source control is disabled
[2017.10.31-16.35.26:272][  0]SourceControl: Info Source control is disabled
[2017.10.31-16.35.26:653][  0]LogAndroidPermission: UAndroidPermissionCallbackProxy::GetInstance
[2017.10.31-16.35.26:974][  0]LogEngine: Initializing Engine...
[2017.10.31-16.35.26:974][  0]LogHMD: Failed to initialize OpenVR with code 110
[2017.10.31-16.35.27:130][  0]LogStats: UGameplayTagsManager::ConstructGameplayTagTree: Construct from data asset -  0.000 s
[2017.10.31-16.35.27:130][  0]LogStats: UGameplayTagsManager::ConstructGameplayTagTree: GameplayTagTreeChangedEvent.Broadcast -  0.000 s
[2017.10.31-16.35.27:201][  0]LogAIModule: Creating AISystem for world Untitled
[2017.10.31-16.35.27:223][  0]LogInit: XAudio2 using 'Speakers (Realtek High Definition Audio)' : 2 channels at 48 kHz using 32 bits per sample (channel mask 0x3)
[2017.10.31-16.35.27:229][  0]LogInit: FAudioDevice initialized.
[2017.10.31-16.35.27:263][  0]LogDerivedDataCache: Saved boot cache 0.03s 90MB C:/Users/David/AppData/Local/UnrealEngine/4.16/DerivedDataCache/Boot.ddc.
[2017.10.31-16.35.27:272][  0]LogInit: Texture streaming: Enabled
[2017.10.31-16.35.27:324][  0]LogEngineSessionManager: EngineSessionManager initialized
[2017.10.31-16.35.27:324][  0]LogEngineSessionManager: EngineSessionManager sent abnormal shutdown report. Type=Crashed, SessionId={453B5C91-414C-4A21-BD6C-07A36489F7CF}
[2017.10.31-16.35.27:437][  0]LogInit: Transaction tracking system initialized
[2017.10.31-16.35.27:597][  0]BlueprintLog: New page: Editor Load
[2017.10.31-16.35.28:081][  0]LocalizationService: Info Localization service is disabled
[2017.10.31-16.35.28:440][  0]LogConsoleResponse:Display: 
[2017.10.31-16.35.28:539][  0]LogCook:Display: Max memory allowance for cook 16384mb min free memory 0mb
[2017.10.31-16.35.28:539][  0]LogCook:Display: Mobile HDR setting 1
[2017.10.31-16.35.28:814][  0]LogFileCache: Scanning file cache for directory 'C:/Users/David/Documents/GitHub/FuturoImperfecto/PRUEBAS/MechHackAndSlash/Content/' took 0.01s
[2017.10.31-16.35.29:080][  0]SourceControl: Info Source control is disabled
[2017.10.31-16.35.29:080][  0]Cmd: MAP LOAD FILE="C:/Users/David/Documents/GitHub/FuturoImperfecto/PRUEBAS/MechHackAndSlash/Content/ThirdPersonBP/Maps/ThirdPersonExampleMap.umap" TEMPLATE=0 SHOWPROGRESS=1 FEATURELEVEL=3
[2017.10.31-16.35.29:080][  0]LightingResults: New page: Lighting Build
[2017.10.31-16.35.29:101][  0]MapCheck: New page: Map Check
[2017.10.31-16.35.29:101][  0]LightingResults: New page: Lighting Build
[2017.10.31-16.35.29:776][  0]LogAIModule: Creating AISystem for world ThirdPersonExampleMap
[2017.10.31-16.35.29:802][  0]LogEditorServer: Finished looking for orphan Actors (0.000 secs)
[2017.10.31-16.35.29:817][  0]Cmd: MAP CHECKDEP NOCLEARLOG
[2017.10.31-16.35.29:856][  0]MapCheck: Info Map check complete: 0 Error(s), 0 Warning(s), took 38.664ms to complete.
[2017.10.31-16.35.29:856][  0]LogFileHelpers: Loading map 'ThirdPersonExampleMap' took 0.776
[2017.10.31-16.35.29:955][  0]LogCollectionManager: Loaded 0 collections in 0.000939 seconds
[2017.10.31-16.35.30:012][  0]LogFileCache: Scanning file cache for directory 'C:/Users/David/Documents/GitHub/FuturoImperfecto/PRUEBAS/MechHackAndSlash/Saved/Collections/' took 0.01s
[2017.10.31-16.35.30:012][  0]LogFileCache: Scanning file cache for directory 'C:/Users/David/Documents/GitHub/FuturoImperfecto/PRUEBAS/MechHackAndSlash/Content/Developers/David/Collections/' took 0.01s
[2017.10.31-16.35.30:012][  0]LogFileCache: Scanning file cache for directory 'C:/Users/David/Documents/GitHub/FuturoImperfecto/PRUEBAS/MechHackAndSlash/Content/Collections/' took 0.01s
[2017.10.31-16.35.30:012][  0]LogCollectionManager: Rebuilt the GUID cache for 0 collections in 0.000001 seconds
[2017.10.31-16.35.30:020][  0]LogContentBrowser: Native class hierarchy populated in 0.0076 seconds. Added 2329 classes and 491 folders.
[2017.10.31-16.35.30:054][  0]LogContentBrowser: Native class hierarchy updated for 'WidgetCarousel' in 0.0004 seconds. Added 0 classes and 0 folders.
[2017.10.31-16.35.30:080][  0]LogContentBrowser: Native class hierarchy updated for 'AddContentDialog' in 0.0005 seconds. Added 0 classes and 0 folders.
[2017.10.31-16.35.30:103][  0]LogContentBrowser: Native class hierarchy updated for 'SceneOutliner' in 0.0005 seconds. Added 1 classes and 2 folders.
[2017.10.31-16.35.30:131][  0]LogContentBrowser: Native class hierarchy updated for 'WorldBrowser' in 0.0005 seconds. Added 1 classes and 3 folders.
[2017.10.31-16.35.30:199][  0]LogCrashTracker: Crashtracker disabled due to settings.
[2017.10.31-16.35.30:202][  0]LogSlate: Took 0.000180 seconds to synchronously load lazily loaded font '../../../Engine/Content/Slate/Fonts/Roboto-Regular.ttf' (155K)
[2017.10.31-16.35.30:204][  0]LogSlate: Took 0.000137 seconds to synchronously load lazily loaded font '../../../Engine/Content/Slate/Fonts/Roboto-Bold.ttf' (160K)
[2017.10.31-16.35.30:208][  0]LogSlate: Took 0.000161 seconds to synchronously load lazily loaded font '../../../Engine/Content/Editor/Slate/Fonts/FontAwesome.ttf' (139K)
[2017.10.31-16.35.30:281][  0]LogRenderer: Reallocating scene render targets to support 1204x576 NumSamples 1 (Frame:1).
[2017.10.31-16.35.30:412][  0]LogUObjectGlobals:Warning: Failed to find object 'Class None.'
[2017.10.31-16.35.30:458][  0]LogContentBrowser: Native class hierarchy updated for 'HierarchicalLODOutliner' in 0.0006 seconds. Added 1 classes and 2 folders.
[2017.10.31-16.35.30:458][  0]LogLoad: (Engine Initialization) Total time: 11.21 seconds
[2017.10.31-16.35.30:458][  0]LogLoad: (Engine Initialization) Total Blueprint compile time: 0.19 seconds
[2017.10.31-16.35.30:458][  0]LogExternalProfiler: Found external profiler: VSPerf
[2017.10.31-16.35.30:458][  0]LogExternalProfiler: Using external profiler: VSPerf
[2017.10.31-16.35.30:799][  0]LogOcInput: OculusInput pre-init called
[2017.10.31-16.35.30:799][  0]LogHMD: Starting GearVRController plugin
[2017.10.31-16.35.30:833][  0]LogContentStreaming: Texture pool size now 1000 MB
[2017.10.31-16.35.30:936][  0]LogSlate: Took 0.000212 seconds to synchronously load lazily loaded font '../../../Engine/Content/Slate/Fonts/Roboto-Light.ttf' (159K)
[2017.10.31-16.35.31:819][  3]LogAssetRegistry: Asset discovery search completed in 7.8142 seconds
[2017.10.31-16.35.31:825][  3]LogCollectionManager: Rebuilt the object cache for 0 collections in 0.000001 seconds (found 0 objects)
[2017.10.31-16.35.31:825][  3]LogCollectionManager: Fixed up redirectors for 0 collections in 0.000092 seconds (updated 0 objects)
[2017.10.31-16.35.31:859][  3]LogSlate: Took 0.000317 seconds to synchronously load lazily loaded font '../../../Engine/Content/Slate/Fonts/Roboto-Light.ttf' (159K)
[2017.10.31-16.35.40:291][670]LogSlate: Took 0.000145 seconds to synchronously load lazily loaded font '../../../Engine/Content/Slate/Fonts/Roboto-Light.ttf' (159K)
[2017.10.31-16.35.40:562][670]LogContentBrowser: Native class hierarchy updated for 'BlueprintGraph' in 0.0008 seconds. Added 112 classes and 0 folders.
[2017.10.31-16.35.41:027][670]LogSlate: Took 0.000110 seconds to synchronously load lazily loaded font '../../../Engine/Content/Slate/Fonts/Roboto-Regular.ttf' (155K)
[2017.10.31-16.35.41:074][670]LogSlate: Took 0.000143 seconds to synchronously load lazily loaded font '../../../Engine/Content/Editor/Slate/Fonts/Roboto-BoldCondensed.ttf' (158K)
[2017.10.31-16.35.41:344][671]LogSlate: Took 0.000147 seconds to synchronously load lazily loaded font '../../../Engine/Content/Editor/Slate/Fonts/Roboto-Italic.ttf' (157K)
[2017.10.31-16.35.47:309][215]LogContentBrowser: Native class hierarchy updated for 'SkeletonEditor' in 0.0005 seconds. Added 1 classes and 2 folders.
[2017.10.31-16.35.47:409][215]LogActorComponent: RegisterComponentWithWorld: (/Engine/Transient.World_8:PersistentLevel.Actor_0.DebugSkelMeshComponent_0) Already registered. Aborting.
[2017.10.31-16.35.47:589][215]LogSkeletalMesh: USkeletalMeshComponent::InitArticulated : Bodies already created (/Engine/Transient.World_8:PersistentLevel.Actor_0.DebugSkelMeshComponent_0) - call TermArticulated first.
[2017.10.31-16.35.47:829][215]LogContentBrowser: Native class hierarchy updated for 'ClothingSystemEditorInterface' in 0.0005 seconds. Added 1 classes and 0 folders.
[2017.10.31-16.35.47:872][215]LogContentBrowser:Verbose: The majority of assets in the view are of type: AnimSequence
[2017.10.31-16.36.10:869][670]LogActorComponent: RegisterComponentWithWorld: (/Engine/Transient.World_11:PersistentLevel.Actor_1.DebugSkelMeshComponent_2) Already registered. Aborting.
[2017.10.31-16.36.10:895][670]LogSkeletalMesh: USkeletalMeshComponent::InitArticulated : Bodies already created (/Engine/Transient.World_11:PersistentLevel.Actor_1.DebugSkelMeshComponent_2) - call TermArticulated first.
[2017.10.31-16.36.11:126][670]LogContentBrowser:Verbose: The majority of assets in the view are of type: AnimSequence
[2017.10.31-16.36.21:363][732]LogSavePackage: Save=12.82ms
[2017.10.31-16.36.21:363][732]LogSavePackage: Moving 'C:/Users/David/Documents/GitHub/FuturoImperfecto/PRUEBAS/MechHackAndSlash/Saved/sword_and_shield_run_mixamo_com550BA8EC4A6F51BC71A36D86AB9C5197.tmp' to 'C:/Users/David/Documents/GitHub/FuturoImperfecto/PRUEBAS/MechHackAndSlash/Content/Warrior/Animations/sword_and_shield_run_mixamo_com.uasset'
[2017.10.31-16.36.21:367][732]LogSavePackage:Display: Finished SavePackage C:/Users/David/Documents/GitHub/FuturoImperfecto/PRUEBAS/MechHackAndSlash/Content/Warrior/Animations/sword_and_shield_run_mixamo_com.uasset
[2017.10.31-16.36.28:632][475]Cmd: TRANSACTION UNDO
[2017.10.31-16.36.28:632][475]LogEditorTransaction: Undo Delete Animation Markers
[2017.10.31-16.36.28:797][475]LogActorComponent: RegisterComponentWithWorld: (/Engine/Transient.World_8:PersistentLevel.Actor_0.DebugSkelMeshComponent_0) Already registered. Aborting.
[2017.10.31-16.36.28:800][475]LogActorComponent: RegisterComponentWithWorld: (/Engine/Transient.World_11:PersistentLevel.Actor_1.DebugSkelMeshComponent_2) Already registered. Aborting.
[2017.10.31-16.36.29:331][490]Cmd: TRANSACTION UNDO
[2017.10.31-16.36.29:331][490]LogEditorTransaction: Undo Delete Animation Markers
[2017.10.31-16.36.29:494][490]LogActorComponent: RegisterComponentWithWorld: (/Engine/Transient.World_8:PersistentLevel.Actor_0.DebugSkelMeshComponent_0) Already registered. Aborting.
[2017.10.31-16.36.29:496][490]LogActorComponent: RegisterComponentWithWorld: (/Engine/Transient.World_11:PersistentLevel.Actor_1.DebugSkelMeshComponent_2) Already registered. Aborting.
[2017.10.31-16.36.29:962][529]Cmd: TRANSACTION UNDO
[2017.10.31-16.36.29:963][529]LogEditorTransaction: Undo Delete Animation Markers
[2017.10.31-16.36.30:126][529]LogActorComponent: RegisterComponentWithWorld: (/Engine/Transient.World_8:PersistentLevel.Actor_0.DebugSkelMeshComponent_0) Already registered. Aborting.
[2017.10.31-16.36.30:129][529]LogActorComponent: RegisterComponentWithWorld: (/Engine/Transient.World_11:PersistentLevel.Actor_1.DebugSkelMeshComponent_2) Already registered. Aborting.
[2017.10.31-16.36.53:606][789]Cmd: TRANSACTION REDO
[2017.10.31-16.36.53:606][789]LogEditorTransaction: Redo Delete Animation Markers
[2017.10.31-16.36.53:768][789]LogActorComponent: RegisterComponentWithWorld: (/Engine/Transient.World_8:PersistentLevel.Actor_0.DebugSkelMeshComponent_0) Already registered. Aborting.
[2017.10.31-16.36.53:770][789]LogActorComponent: RegisterComponentWithWorld: (/Engine/Transient.World_11:PersistentLevel.Actor_1.DebugSkelMeshComponent_2) Already registered. Aborting.
[2017.10.31-16.36.53:923][794]Cmd: TRANSACTION REDO
[2017.10.31-16.36.53:923][794]LogEditorTransaction: Redo Delete Animation Markers
[2017.10.31-16.36.54:087][794]LogActorComponent: RegisterComponentWithWorld: (/Engine/Transient.World_8:PersistentLevel.Actor_0.DebugSkelMeshComponent_0) Already registered. Aborting.
[2017.10.31-16.36.54:090][794]LogActorComponent: RegisterComponentWithWorld: (/Engine/Transient.World_11:PersistentLevel.Actor_1.DebugSkelMeshComponent_2) Already registered. Aborting.
[2017.10.31-16.36.54:207][804]Cmd: TRANSACTION REDO
[2017.10.31-16.36.54:207][804]LogEditorTransaction: Redo Delete Animation Markers
[2017.10.31-16.36.54:372][804]LogActorComponent: RegisterComponentWithWorld: (/Engine/Transient.World_8:PersistentLevel.Actor_0.DebugSkelMeshComponent_0) Already registered. Aborting.
[2017.10.31-16.36.54:375][804]LogActorComponent: RegisterComponentWithWorld: (/Engine/Transient.World_11:PersistentLevel.Actor_1.DebugSkelMeshComponent_2) Already registered. Aborting.
[2017.10.31-16.36.56:073][951]LogSavePackage: Save=12.40ms
[2017.10.31-16.36.56:073][951]LogSavePackage: Moving 'C:/Users/David/Documents/GitHub/FuturoImperfecto/PRUEBAS/MechHackAndSlash/Saved/sword_and_shield_run_mixamo_com5FD8C235487B29E7D9D5A2AA73813956.tmp' to 'C:/Users/David/Documents/GitHub/FuturoImperfecto/PRUEBAS/MechHackAndSlash/Content/Warrior/Animations/sword_and_shield_run_mixamo_com.uasset'
[2017.10.31-16.36.56:075][951]LogSavePackage:Display: Finished SavePackage C:/Users/David/Documents/GitHub/FuturoImperfecto/PRUEBAS/MechHackAndSlash/Content/Warrior/Animations/sword_and_shield_run_mixamo_com.uasset
[2017.10.31-16.37.04:196][506]LogActorComponent: RegisterComponentWithWorld: (/Engine/Transient.World_13:PersistentLevel.Actor_2.DebugSkelMeshComponent_4) Already registered. Aborting.
[2017.10.31-16.37.04:218][506]LogSkeletalMesh: USkeletalMeshComponent::InitArticulated : Bodies already created (/Engine/Transient.World_13:PersistentLevel.Actor_2.DebugSkelMeshComponent_4) - call TermArticulated first.
[2017.10.31-16.37.04:441][506]LogContentBrowser:Verbose: The majority of assets in the view are of type: AnimSequence
[2017.10.31-16.37.05:832][647]LogAnimationCompression: Building Anim DDC data for AnimSequence /Game/Warrior/Animations/sword_and_shield_power_up_mixamo_com.sword_and_shield_power_up_mixamo_com
[2017.10.31-16.37.05:872][648]LogAnimationCompression: Building Anim DDC data for AnimSequence /Game/Warrior/Animations/sword_and_shield_power_up_Take_001.sword_and_shield_power_up_Take_001
[2017.10.31-16.37.12:264][314]Cmd: OBJ SAVEPACKAGE PACKAGE="/Game/Warrior/Warrior_BlendSpace" FILE="C:/Users/David/Documents/GitHub/FuturoImperfecto/PRUEBAS/MechHackAndSlash/Content/Warrior/Warrior_BlendSpace.uasset" SILENT=true
[2017.10.31-16.37.12:288][314]LogSavePackage: Save=11.04ms
[2017.10.31-16.37.12:288][314]LogSavePackage: Moving 'C:/Users/David/Documents/GitHub/FuturoImperfecto/PRUEBAS/MechHackAndSlash/Saved/Warrior_BlendSpace285B70B048F780B0091266A398452AC0.tmp' to 'C:/Users/David/Documents/GitHub/FuturoImperfecto/PRUEBAS/MechHackAndSlash/Content/Warrior/Warrior_BlendSpace.uasset'
[2017.10.31-16.37.12:290][314]LogSavePackage:Display: Finished SavePackage C:/Users/David/Documents/GitHub/FuturoImperfecto/PRUEBAS/MechHackAndSlash/Content/Warrior/Warrior_BlendSpace.uasset
[2017.10.31-16.37.28:256][ 11]LogSavePackage: Save=11.94ms
[2017.10.31-16.37.28:256][ 11]LogSavePackage: Moving 'C:/Users/David/Documents/GitHub/FuturoImperfecto/PRUEBAS/MechHackAndSlash/Saved/W_Ataque1D8AD6AA145EFF68AACC7E8A1E7B9F722.tmp' to 'C:/Users/David/Documents/GitHub/FuturoImperfecto/PRUEBAS/MechHackAndSlash/Content/Warrior/AnimationMontage/W_Ataque1.uasset'
[2017.10.31-16.37.28:258][ 11]LogSavePackage:Display: Finished SavePackage C:/Users/David/Documents/GitHub/FuturoImperfecto/PRUEBAS/MechHackAndSlash/Content/Warrior/AnimationMontage/W_Ataque1.uasset
[2017.10.31-16.37.32:336][429]LogWindows: Windows GetLastError: La operación se completó correctamente. (0)
[2017.10.31-16.37.35:193][429]LogCrashTracker: 


[2017.10.31-16.37.35:193][429]LogCrashTracker: 


[2017.10.31-16.37.35:193][429]LogWindows:Error: === Critical error: ===
[2017.10.31-16.37.35:193][429]LogWindows:Error: 
[2017.10.31-16.37.35:193][429]LogWindows:Error: Assertion failed: IsValid() [File:D:\Build\++UE4+Release-4.16+Compile\Sync\Engine\Source\Runtime\SlateCore\Public\Layout/WidgetPath.h] [Line: 245] 
[2017.10.31-16.37.35:193][429]LogWindows:Error: 
[2017.10.31-16.37.35:193][429]LogWindows:Error: 
[2017.10.31-16.37.35:193][429]LogWindows:Error: 
[2017.10.31-16.37.35:193][429]LogWindows:Error: KERNELBASE.dll!0x000000005D7C95FC
[2017.10.31-16.37.35:193][429]LogWindows:Error: UE4Editor-Core.dll!FOutputDeviceWindowsError::Serialize() [d:\build\++ue4+release-4.16+compile\sync\engine\source\runtime\core\private\windows\windowsplatformoutputdevices.cpp:120]
[2017.10.31-16.37.35:193][429]LogWindows:Error: UE4Editor-Core.dll!FOutputDevice::Logf__VA() [d:\build\++ue4+release-4.16+compile\sync\engine\source\runtime\core\private\misc\outputdevice.cpp:70]
[2017.10.31-16.37.35:193][429]LogWindows:Error: UE4Editor-Core.dll!FDebug::AssertFailed() [d:\build\++ue4+release-4.16+compile\sync\engine\source\runtime\core\private\misc\assertionmacros.cpp:349]
[2017.10.31-16.37.35:193][429]LogWindows:Error: UE4Editor-SlateCore.dll!FWeakWidgetPath::GetLastWidget() [d:\build\++ue4+release-4.16+compile\sync\engine\source\runtime\slatecore\public\layout\widgetpath.h:246]
[2017.10.31-16.37.35:193][429]LogWindows:Error: UE4Editor-Slate.dll!FSlateApplication::RoutePointerMoveEvent() [d:\build\++ue4+release-4.16+compile\sync\engine\source\runtime\slate\private\framework\application\slateapplication.cpp:5152]
[2017.10.31-16.37.35:193][429]LogWindows:Error: UE4Editor-Slate.dll!FSlateApplication::ProcessMouseMoveEvent() [d:\build\++ue4+release-4.16+compile\sync\engine\source\runtime\slate\private\framework\application\slateapplication.cpp:5713]
[2017.10.31-16.37.35:193][429]LogWindows:Error: UE4Editor-Slate.dll!FSlateApplication::OnMouseMove() [d:\build\++ue4+release-4.16+compile\sync\engine\source\runtime\slate\private\framework\application\slateapplication.cpp:5647]
[2017.10.31-16.37.35:193][429]LogWindows:Error: UE4Editor-Core.dll!FWindowsApplication::ProcessDeferredMessage() [d:\build\++ue4+release-4.16+compile\sync\engine\source\runtime\core\private\windows\windowsapplication.cpp:1742]
[2017.10.31-16.37.35:193][429]LogWindows:Error: UE4Editor-Core.dll!FWindowsApplication::DeferMessage() [d:\build\++ue4+release-4.16+compile\sync\engine\source\runtime\core\private\windows\windowsapplication.cpp:2127]
[2017.10.31-16.37.35:193][429]LogWindows:Error: UE4Editor-Core.dll!FWindowsApplication::ProcessMessage() [d:\build\++ue4+release-4.16+compile\sync\engine\source\runtime\core\private\windows\windowsapplication.cpp:867]
[2017.10.31-16.37.35:193][429]LogWindows:Error: UE4Editor-Core.dll!FWindowsApplication::AppWndProc() [d:\build\++ue4+release-4.16+compile\sync\engine\source\runtime\core\private\windows\windowsapplication.cpp:714]
[2017.10.31-16.37.35:193][429]LogWindows:Error: USER32.dll!0x000000005DB324FD
[2017.10.31-16.37.35:193][429]LogWindows:Error: USER32.dll!0x000000005DB32357
[2017.10.31-16.37.35:193][429]LogWindows:Error: UE4Editor-Core.dll!FWindowsPlatformMisc::PumpMessages() [d:\build\++ue4+release-4.16+compile\sync\engine\source\runtime\core\private\windows\windowsplatformmisc.cpp:1009]
[2017.10.31-16.37.35:193][429]LogWindows:Error: UE4Editor.exe!FEngineLoop::Tick() [d:\build\++ue4+release-4.16+compile\sync\engine\source\runtime\launch\private\launchengineloop.cpp:3058]
[2017.10.31-16.37.35:193][429]LogWindows:Error: UE4Editor.exe!GuardedMain() [d:\build\++ue4+release-4.16+compile\sync\engine\source\runtime\launch\private\launch.cpp:166]
[2017.10.31-16.37.35:193][429]LogWindows:Error: UE4Editor.exe!GuardedMainWrapper() [d:\build\++ue4+release-4.16+compile\sync\engine\source\runtime\launch\private\windows\launchwindows.cpp:134]
[2017.10.31-16.37.35:193][429]LogWindows:Error: UE4Editor.exe!WinMain() [d:\build\++ue4+release-4.16+compile\sync\engine\source\runtime\launch\private\windows\launchwindows.cpp:210]
[2017.10.31-16.37.35:193][429]LogWindows:Error: UE4Editor.exe!__scrt_common_main_seh() [f:\dd\vctools\crt\vcstartup\src\startup\exe_common.inl:253]
[2017.10.31-16.37.35:193][429]LogWindows:Error: KERNEL32.DLL!0x000000005FF913D2
[2017.10.31-16.37.35:193][429]LogWindows:Error: ntdll.dll!0x00000000603954F4
[2017.10.31-16.37.35:193][429]LogWindows:Error: ntdll.dll!0x00000000603954F4
[2017.10.31-16.37.35:193][429]LogWindows:Error: 
[2017.10.31-16.37.35:204][429]LogExit: Executing StaticShutdownAfterError
[2017.10.31-16.37.35:210][429]LogWindows: FPlatformMisc::RequestExit(1)
[2017.10.31-16.37.35:210][429]Log file closed, 10/31/17 17:37:35
