Log file open, 03/14/18 15:19:34
LogInit:Display: Running engine for game: MechHackAndSlash
LogPlatformFile: Not using cached read wrapper
LogInit:Display: RandInit(-1295205051) SRandInit(-1295205051).
LogTaskGraph: Started task graph with 5 named threads and 8 total threads with 1 sets of task threads.
LogStats: Stats thread started at 0.096571
LogInit: Using libcurl 7.47.1
LogInit:  - built for x86_64-pc-win32
LogInit:  - supports SSL with OpenSSL/1.0.2g
LogInit:  - supports HTTP deflate (compression) using libz 1.2.8
LogInit:  - other features:
LogInit:      CURL_VERSION_SSL
LogInit:      CURL_VERSION_LIBZ
LogInit:      CURL_VERSION_IPV6
LogInit:      CURL_VERSION_ASYNCHDNS
LogInit:      CURL_VERSION_LARGEFILE
LogInit:      CURL_VERSION_IDN
LogInit:  CurlRequestOptions (configurable via config and command line):
LogInit:  - bVerifyPeer = false  - Libcurl will NOT verify peer certificate
LogInit:  - bUseHttpProxy = false  - Libcurl will NOT use HTTP proxy
LogInit:  - bDontReuseConnections = false  - Libcurl will reuse connections
LogInit:  - CertBundlePath = nullptr  - Libcurl will use whatever was configured at build time.
LogInit: Build: ++UE4+Release-4.16-CL-3514769
LogInit: Engine Version: 4.16.2-3514769+++UE4+Release-4.16
LogInit: Compatible Engine Version: 4.16.0-3452394+++UE4+Release-4.16
LogInit: Net CL: 3452394
LogDevObjectVersion: Number of dev versions registered: 16
LogDevObjectVersion:   Dev-Blueprints (B0D832E4-1F89-4F0D-ACCF-7EB736FD4AA2): 9
LogDevObjectVersion:   Dev-Build (E1C64328-A22C-4D53-A36C-8E866417BD8C): 0
LogDevObjectVersion:   Dev-Core (375EC13C-06E4-48FB-B500-84F0262A717E): 2
LogDevObjectVersion:   Dev-Editor (E4B068ED-F494-42E9-A231-DA0B2E46BB41): 17
LogDevObjectVersion:   Dev-Framework (CFFC743F-43B0-4480-9391-14DF171D2073): 23
LogDevObjectVersion:   Dev-Mobile (B02B49B5-BB20-44E9-A304-32B752E40360): 0
LogDevObjectVersion:   Dev-Networking (A4E4105C-59A1-49B5-A7C5-40C4547EDFEE): 0
LogDevObjectVersion:   Dev-Online (39C831C9-5AE6-47DC-9A44-9C173E1C8E7C): 0
LogDevObjectVersion:   Dev-Physics (78F01B33-EBEA-4F98-B9B4-84EACCB95AA2): 0
LogDevObjectVersion:   Dev-Platform (6631380F-2D4D-43E0-8009-CF276956A95A): 0
LogDevObjectVersion:   Dev-Rendering (12F88B9F-8875-4AFC-A67C-D90C383ABD29): 15
LogDevObjectVersion:   Dev-Sequencer (7B5AE74C-D270-4C10-A958-57980B212A5A): 4
LogDevObjectVersion:   Dev-VR (D7296918-1DD6-4BDD-9DE2-64A83CC13884): 0
LogDevObjectVersion:   Dev-LoadTimes (C2A15278-BFE7-4AFE-6C17-90FF531DF755): 1
LogDevObjectVersion:   Private-Geometry (6EACA3D4-40EC-4CC1-B786-8BED09428FC5): 1
LogDevObjectVersion:   Dev-AnimPhys (29E575DD-E0A3-4627-9D10-D276232CDCEA): 3
LogInit: Compiled (64-bit): Jun 29 2017 02:03:24
LogInit: Compiled with Visual C++: 19.00.24215.01
LogInit: Build Configuration: Development
LogInit: Branch Name: ++UE4+Release-4.16
LogInit: Command line: 
LogInit: Base directory: D:/Program Files (x86)/Epic Games/UE_4.16/Engine/Binaries/Win64/
LogInit: Installed Engine Build: 1
LogInit: Presizing for max 8388607 objects, including 0 objects not considered by GC, pre-allocating 0 bytes for permanent pool.
LogInit: Object subsystem initialized
[2018.03.14-14.19.34:799][  0]LogInit: Selected Device Profile: [Windows]
[2018.03.14-14.19.34:799][  0]LogInit: Applying CVar settings loaded from the selected device profile: [Windows]
[2018.03.14-14.19.34:824][  0]LogInit: Computer: DAVIDMASTERRACE
[2018.03.14-14.19.34:824][  0]LogInit: User: David
[2018.03.14-14.19.34:824][  0]LogInit: CPU Page size=4096, Cores=4
[2018.03.14-14.19.34:824][  0]LogInit: High frequency timer resolution =3.417966 MHz
[2018.03.14-14.19.34:824][  0]LogMemory: Memory total: Physical=15.9GB (16GB approx)
[2018.03.14-14.19.34:824][  0]LogMemory: Platform Memory Stats for Windows
[2018.03.14-14.19.34:824][  0]LogMemory: Process Physical Memory: 273.50 MB used, 273.50 MB peak
[2018.03.14-14.19.34:824][  0]LogMemory: Process Virtual Memory: 261.61 MB used, 261.61 MB peak
[2018.03.14-14.19.34:824][  0]LogMemory: Physical Memory: 6388.45 MB used,  9937.98 MB free, 16326.44 MB total
[2018.03.14-14.19.34:824][  0]LogMemory: Virtual Memory: 618.06 MB used,  9937.98 MB free, 134217728.00 MB total
[2018.03.14-14.19.34:974][  0]LogInit: Overriding language with editor language configuration option (en).
[2018.03.14-14.19.34:974][  0]LogInit: Overriding locale with editor locale configuration option (en).
[2018.03.14-14.19.37:286][  0]LogD3D11RHI: D3D11 adapters:
[2018.03.14-14.19.37:310][  0]LogD3D11RHI:    0. 'NVIDIA GeForce GTX 970' (Feature Level 11_0)
[2018.03.14-14.19.37:310][  0]LogD3D11RHI:       3975/0/8163 MB DedicatedVideo/DedicatedSystem/SharedSystem, Outputs:1, VendorId:0x10de
[2018.03.14-14.19.37:311][  0]LogD3D11RHI:    1. 'Microsoft Basic Render Driver' (Feature Level 11_0)
[2018.03.14-14.19.37:311][  0]LogD3D11RHI:       0/0/256 MB DedicatedVideo/DedicatedSystem/SharedSystem, Outputs:0, VendorId:0x1414
[2018.03.14-14.19.37:311][  0]LogD3D11RHI: Chosen D3D11 Adapter: 0
[2018.03.14-14.19.37:314][  0]LogD3D11RHI: Creating new Direct3DDevice
[2018.03.14-14.19.37:314][  0]LogD3D11RHI:     GPU DeviceId: 0x13c2 (for the marketing name, search the web for "GPU Device Id")
[2018.03.14-14.19.37:314][  0]LogWindows: EnumDisplayDevices:
[2018.03.14-14.19.37:314][  0]LogWindows:    0. 'NVIDIA GeForce GTX 970' (P:1 D:1)
[2018.03.14-14.19.37:314][  0]LogWindows:    1. 'NVIDIA GeForce GTX 970' (P:0 D:0)
[2018.03.14-14.19.37:314][  0]LogWindows:    2. 'NVIDIA GeForce GTX 970' (P:0 D:0)
[2018.03.14-14.19.37:314][  0]LogWindows:    3. 'NVIDIA GeForce GTX 970' (P:0 D:0)
[2018.03.14-14.19.37:314][  0]LogWindows: DebugString: FoundDriverCount:4 
[2018.03.14-14.19.37:314][  0]LogD3D11RHI:     Adapter Name: NVIDIA GeForce GTX 970
[2018.03.14-14.19.37:314][  0]LogD3D11RHI:   Driver Version: 388.13 (internal:23.21.13.8813, unified:388.13)
[2018.03.14-14.19.37:314][  0]LogD3D11RHI:      Driver Date: 10-27-2017
[2018.03.14-14.19.37:314][  0]LogRHI: Texture pool is 1361 MB (70% of 1945 MB)
[2018.03.14-14.19.37:323][  0]LogD3D11RHI: Async texture creation enabled
[2018.03.14-14.19.37:339][  0]LogD3D11RHI: GPU Timing Frequency: 1000.000000 (Debug: 2 2)
[2018.03.14-14.19.37:383][  0]LogShaderCompilers: Guid format shader working directory is -27 characters bigger than the processId version (C:/Users/David/Documents/GitHub/FuturoImperfecto/PRUEBAS/MechHackAndSlash/Intermediate/Shaders/WorkingDirectory/6940/).
[2018.03.14-14.19.37:383][  0]LogShaderCompilers: Cleaned the shader compiler working directory 'C:/Users/David/AppData/Local/Temp/UnrealShaderWorkingDir/882BE5BE43EB77F5BDCA3D9D671297DB/'.
[2018.03.14-14.19.37:383][  0]LogShaderCompilers:Display: Using Local Shader Compiler.
[2018.03.14-14.19.39:217][  0]LogTemp:Display: Loaded TP AllDesktopTargetPlatform
[2018.03.14-14.19.39:247][  0]LogTemp:Display: Loaded TP MacClientTargetPlatform
[2018.03.14-14.19.39:279][  0]LogTemp:Display: Loaded TP MacNoEditorTargetPlatform
[2018.03.14-14.19.39:310][  0]LogTemp:Display: Loaded TP MacServerTargetPlatform
[2018.03.14-14.19.39:345][  0]LogTemp:Display: Loaded TP MacTargetPlatform
[2018.03.14-14.19.39:377][  0]LogTemp:Display: Loaded TP WindowsClientTargetPlatform
[2018.03.14-14.19.39:408][  0]LogTemp:Display: Loaded TP WindowsNoEditorTargetPlatform
[2018.03.14-14.19.39:439][  0]LogTemp:Display: Loaded TP WindowsServerTargetPlatform
[2018.03.14-14.19.39:465][  0]LogTemp:Display: Loaded TP WindowsTargetPlatform
[2018.03.14-14.19.39:498][  0]LogTemp:Display: Loaded TP AndroidTargetPlatform
[2018.03.14-14.19.39:529][  0]LogTemp:Display: Loaded TP Android_ASTCTargetPlatform
[2018.03.14-14.19.39:559][  0]LogTemp:Display: Loaded TP Android_ATCTargetPlatform
[2018.03.14-14.19.39:590][  0]LogTemp:Display: Loaded TP Android_DXTTargetPlatform
[2018.03.14-14.19.39:620][  0]LogTemp:Display: Loaded TP Android_ETC1TargetPlatform
[2018.03.14-14.19.39:651][  0]LogTemp:Display: Loaded TP Android_ETC2TargetPlatform
[2018.03.14-14.19.39:713][  0]LogTemp:Display: Loaded TP Android_MultiTargetPlatform
[2018.03.14-14.19.39:713][  0]LogTemp:Display: Loaded TP Android_PVRTCTargetPlatform
[2018.03.14-14.19.39:734][  0]LogTemp:Display: Loaded TP HTML5TargetPlatform
[2018.03.14-14.19.39:817][  0]LogTemp:Display: Loaded TP IOSTargetPlatform
[2018.03.14-14.19.39:837][  0]LogTemp:Display: Loaded TP TVOSTargetPlatform
[2018.03.14-14.19.39:868][  0]LogTemp:Display: Loaded TP LinuxClientTargetPlatform
[2018.03.14-14.19.39:898][  0]LogTemp:Display: Loaded TP LinuxNoEditorTargetPlatform
[2018.03.14-14.19.39:929][  0]LogTemp:Display: Loaded TP LinuxServerTargetPlatform
[2018.03.14-14.19.39:963][  0]LogTemp:Display: Loaded TP LinuxTargetPlatform
[2018.03.14-14.19.39:963][  0]LogTargetPlatformManager:Display: Building Assets For Windows
[2018.03.14-14.19.40:426][  0]LogDerivedDataCache:Display: Max Cache Size: 512 MB
[2018.03.14-14.19.40:512][  0]LogDerivedDataCache: Loaded boot cache 0.09s 90MB C:/Users/David/AppData/Local/UnrealEngine/4.16/DerivedDataCache/Boot.ddc.
[2018.03.14-14.19.40:512][  0]LogDerivedDataCache:Display: Loaded Boot cache: C:/Users/David/AppData/Local/UnrealEngine/4.16/DerivedDataCache/Boot.ddc
[2018.03.14-14.19.40:512][  0]LogDerivedDataCache: FDerivedDataBackendGraph:  Pak pak cache file C:/Users/David/Documents/GitHub/FuturoImperfecto/PRUEBAS/MechHackAndSlash/DerivedDataCache/DDC.ddp not found, will not use a pak cache.
[2018.03.14-14.19.40:513][  0]LogDerivedDataCache: Unable to find inner node Pak for hierarchical cache Hierarchy.
[2018.03.14-14.19.40:513][  0]LogDerivedDataCache: FDerivedDataBackendGraph:  CompressedPak pak cache file C:/Users/David/Documents/GitHub/FuturoImperfecto/PRUEBAS/MechHackAndSlash/DerivedDataCache/Compressed.ddp not found, will not use a pak cache.
[2018.03.14-14.19.40:513][  0]LogDerivedDataCache: Unable to find inner node CompressedPak for hierarchical cache Hierarchy.
[2018.03.14-14.19.40:532][  0]LogDerivedDataCache:Display: Pak cache opened for reading ../../../Engine/DerivedDataCache/Compressed.ddp.
[2018.03.14-14.19.40:543][  0]LogDerivedDataCache: Using Local data cache path C:/Users/David/AppData/Local/UnrealEngine/Common/DerivedDataCache: Writable
[2018.03.14-14.19.40:552][  0]LogMaterial: Verifying Global Shaders for PCD3D_SM5
[2018.03.14-14.19.40:552][  0]LogSlate: Using Freetype 2.6.0
[2018.03.14-14.19.40:560][  0]LogSlate: SlateFontCache - WITH_FREETYPE: 1, WITH_HARFBUZZ: 1
[2018.03.14-14.19.40:560][  0]LogSlate: SlateFontCache - WITH_FREETYPE: 1, WITH_HARFBUZZ: 1
[2018.03.14-14.19.42:232][  0]LogInit: Selected Device Profile: [Windows]
[2018.03.14-14.19.42:334][  0]LogContentStreaming: Texture pool size is 0.00 MB
[2018.03.14-14.19.42:484][  0]LogMeshUtilities: Using QuadricMeshReduction for automatic static mesh reduction
[2018.03.14-14.19.42:516][  0]LogSimplygon: Simplygon DLL not present - disabling.
[2018.03.14-14.19.42:543][  0]LogMeshUtilities: Using SimplygonSwarm for distributed automatic mesh merging
[2018.03.14-14.19.42:543][  0]LogMeshUtilities: No automatic skeletal mesh reduction module available
[2018.03.14-14.19.42:543][  0]LogMeshUtilities: No automatic mesh merging module available
[2018.03.14-14.19.43:345][  0]LogNetVersion: MechHackAndSlash , NetCL: 3452394, EngineNetVer: 2, GameNetVer: 0 (Checksum: 86869316)
[2018.03.14-14.19.43:410][  0]LogAssetRegistry: FAssetRegistry took 0.0259 seconds to start up
[2018.03.14-14.19.43:440][  0]LogPackageLocalizationCache: Processed 4 localized package path(s) for 1 prioritized culture(s) in 0.017658 seconds
[2018.03.14-14.19.43:445][  0]LogUObjectArray: 34194 objects as part of root set at end of initial load.
[2018.03.14-14.19.43:445][  0]LogUObjectAllocator: 7260416 out of 0 bytes used by permanent object pool.
[2018.03.14-14.19.43:445][  0]LogUObjectArray: CloseDisregardForGC: 0/0 objects in disregard for GC pool
[2018.03.14-14.19.43:480][  0]LogInit: WinSock: version 1.1 (2.2), MaxSocks=32767, MaxUdp=65467
[2018.03.14-14.19.46:540][  0]LogTcpMessaging: Initializing TcpMessaging bridge
[2018.03.14-14.19.46:568][  0]LogUdpMessaging: Initializing bridge on interface 0.0.0.0:0 to multicast group 230.0.0.1:6666.
[2018.03.14-14.19.47:000][  0]LogMaterial: Uniform references updated for custom material expression Custom.
[2018.03.14-14.19.47:319][  0]SourceControl: Info Source control is disabled
[2018.03.14-14.19.47:448][  0]SourceControl: Info Source control is disabled
[2018.03.14-14.19.47:475][  0]SourceControl: Info Source control is disabled
[2018.03.14-14.19.47:502][  0]SourceControl: Info Source control is disabled
[2018.03.14-14.19.47:938][  0]LogAndroidPermission: UAndroidPermissionCallbackProxy::GetInstance
[2018.03.14-14.19.48:313][  0]LogEngine: Initializing Engine...
[2018.03.14-14.19.48:313][  0]LogHMD: Failed to initialize OpenVR with code 110
[2018.03.14-14.19.48:596][  0]LogStats: UGameplayTagsManager::ConstructGameplayTagTree: Construct from data asset -  0.000 s
[2018.03.14-14.19.48:596][  0]LogStats: UGameplayTagsManager::ConstructGameplayTagTree: GameplayTagTreeChangedEvent.Broadcast -  0.000 s
[2018.03.14-14.19.48:667][  0]LogAIModule: Creating AISystem for world Untitled
[2018.03.14-14.19.48:688][  0]LogInit: XAudio2 using 'Speakers (Realtek High Definition Audio)' : 2 channels at 48 kHz using 32 bits per sample (channel mask 0x3)
[2018.03.14-14.19.48:694][  0]LogInit: FAudioDevice initialized.
[2018.03.14-14.19.48:730][  0]LogDerivedDataCache: Saved boot cache 0.04s 90MB C:/Users/David/AppData/Local/UnrealEngine/4.16/DerivedDataCache/Boot.ddc.
[2018.03.14-14.19.48:741][  0]LogInit: Texture streaming: Enabled
[2018.03.14-14.19.48:794][  0]LogEngineSessionManager: EngineSessionManager initialized
[2018.03.14-14.19.48:922][  0]LogInit: Transaction tracking system initialized
[2018.03.14-14.19.49:093][  0]BlueprintLog: New page: Editor Load
[2018.03.14-14.19.49:616][  0]LocalizationService: Info Localization service is disabled
[2018.03.14-14.19.50:011][  0]LogConsoleResponse:Display: 
[2018.03.14-14.19.50:263][  0]LogCook:Display: Max memory allowance for cook 16384mb min free memory 0mb
[2018.03.14-14.19.50:263][  0]LogCook:Display: Mobile HDR setting 1
[2018.03.14-14.19.50:852][  0]LogFileCache: Scanning file cache for directory 'C:/Users/David/Documents/GitHub/FuturoImperfecto/PRUEBAS/MechHackAndSlash/Content/' took 0.02s
[2018.03.14-14.19.50:881][  0]SourceControl: Info Source control is disabled
[2018.03.14-14.19.50:881][  0]Cmd: MAP LOAD FILE="C:/Users/David/Documents/GitHub/FuturoImperfecto/PRUEBAS/MechHackAndSlash/Content/ThirdPersonBP/Maps/ThirdPersonExampleMap.umap" TEMPLATE=0 SHOWPROGRESS=1 FEATURELEVEL=3
[2018.03.14-14.19.50:886][  0]LightingResults: New page: Lighting Build
[2018.03.14-14.19.50:910][  0]MapCheck: New page: Map Check
[2018.03.14-14.19.50:910][  0]LightingResults: New page: Lighting Build
[2018.03.14-14.19.51:159][  0]LogBlueprint:Error: [Compiler BTServiceStateMachine] Error Could not find a function named "ResetInterfaz" in 'Enemigo_C'.
Make sure 'Enemigo_C' has been compiled for  Reset Interfaz
[2018.03.14-14.19.51:159][  0]LogBlueprint:Error: [Compiler BTServiceStateMachine] Error Could not find a function named "ResetInterfaz" in 'Enemigo_C'.
Make sure 'Enemigo_C' has been compiled for  Reset Interfaz
[2018.03.14-14.19.51:164][  0]LogBlueprint:Warning: [Compiler BTServiceStateMachine] Warning [0018.76] Compile of BTServiceStateMachine failed. 2 Fatal Issue(s) 0 Warning(s) [in 7 ms] (/Game/Enemigos/IA/Patrol/BTServiceStateMachine.BTServiceStateMachine)
[2018.03.14-14.19.51:164][  0]LogBlueprint:Warning: [Compiler BTServiceStateMachine] Warning [0018.76] Compile of BTServiceStateMachine failed. 2 Fatal Issue(s) 1 Warning(s) [in 0 ms] (/Game/Enemigos/IA/Patrol/BTServiceStateMachine.BTServiceStateMachine)
[2018.03.14-14.19.51:164][  0]LogBlueprint:Warning: [Compiler BTServiceStateMachine] Warning [0018.76] Compile of BTServiceStateMachine failed. 2 Fatal Issue(s) 2 Warning(s) [in 0 ms] (/Game/Enemigos/IA/Patrol/BTServiceStateMachine.BTServiceStateMachine)
[2018.03.14-14.19.56:431][  0]LogAIModule: Creating AISystem for world ThirdPersonExampleMap
[2018.03.14-14.19.58:602][  0]LogEditorServer: Finished looking for orphan Actors (0.000 secs)
[2018.03.14-14.19.58:679][  0]Cmd: MAP CHECKDEP NOCLEARLOG
[2018.03.14-14.19.58:742][  0]MapCheck: Info Map check complete: 0 Error(s), 0 Warning(s), took 62.611ms to complete.
[2018.03.14-14.19.58:742][  0]LogFileHelpers: Loading map 'ThirdPersonExampleMap' took 7.861
[2018.03.14-14.19.59:181][  0]LogCollectionManager: Loaded 0 collections in 0.002324 seconds
[2018.03.14-14.19.59:386][  0]LogFileCache: Scanning file cache for directory 'C:/Users/David/Documents/GitHub/FuturoImperfecto/PRUEBAS/MechHackAndSlash/Saved/Collections/' took 0.01s
[2018.03.14-14.19.59:386][  0]LogFileCache: Scanning file cache for directory 'C:/Users/David/Documents/GitHub/FuturoImperfecto/PRUEBAS/MechHackAndSlash/Content/Developers/David/Collections/' took 0.01s
[2018.03.14-14.19.59:386][  0]LogFileCache: Scanning file cache for directory 'C:/Users/David/Documents/GitHub/FuturoImperfecto/PRUEBAS/MechHackAndSlash/Content/Collections/' took 0.01s
[2018.03.14-14.19.59:386][  0]LogCollectionManager: Rebuilt the GUID cache for 0 collections in 0.000006 seconds
[2018.03.14-14.19.59:416][  0]LogContentBrowser: Native class hierarchy populated in 0.0279 seconds. Added 2336 classes and 493 folders.
[2018.03.14-14.19.59:527][  0]LogContentBrowser: Native class hierarchy updated for 'WidgetCarousel' in 0.0004 seconds. Added 0 classes and 0 folders.
[2018.03.14-14.20.00:683][  0]LogContentBrowser: Native class hierarchy updated for 'AddContentDialog' in 0.0019 seconds. Added 0 classes and 0 folders.
[2018.03.14-14.20.00:818][  0]LogContentBrowser: Native class hierarchy updated for 'SceneOutliner' in 0.0008 seconds. Added 1 classes and 2 folders.
[2018.03.14-14.20.00:932][  0]LogContentBrowser: Native class hierarchy updated for 'WorldBrowser' in 0.0019 seconds. Added 1 classes and 3 folders.
[2018.03.14-14.20.01:622][  0]LogCrashTracker: Crashtracker disabled due to settings.
[2018.03.14-14.20.01:659][  0]LogSlate: Took 0.005169 seconds to synchronously load lazily loaded font '../../../Engine/Content/Slate/Fonts/Roboto-Regular.ttf' (155K)
[2018.03.14-14.20.01:668][  0]LogSlate: Took 0.005667 seconds to synchronously load lazily loaded font '../../../Engine/Content/Slate/Fonts/Roboto-Bold.ttf' (160K)
[2018.03.14-14.20.01:719][  0]LogSlate: Took 0.018666 seconds to synchronously load lazily loaded font '../../../Engine/Content/Editor/Slate/Fonts/FontAwesome.ttf' (139K)
[2018.03.14-14.20.02:138][  0]LogRenderer: Reallocating scene render targets to support 1204x572 NumSamples 1 (Frame:1).
[2018.03.14-14.20.02:471][  0]LogUObjectGlobals:Warning: Failed to find object 'Class None.'
[2018.03.14-14.20.02:558][  0]LogContentBrowser: Native class hierarchy updated for 'HierarchicalLODOutliner' in 0.0006 seconds. Added 1 classes and 2 folders.
[2018.03.14-14.20.02:559][  0]LogLoad: (Engine Initialization) Total time: 30.15 seconds
[2018.03.14-14.20.02:559][  0]LogLoad: (Engine Initialization) Total Blueprint compile time: 1.20 seconds
[2018.03.14-14.20.02:559][  0]LogExternalProfiler: Found external profiler: VSPerf
[2018.03.14-14.20.02:559][  0]LogExternalProfiler: Using external profiler: VSPerf
[2018.03.14-14.20.02:898][  0]LogOcInput: OculusInput pre-init called
[2018.03.14-14.20.02:898][  0]LogHMD: Starting GearVRController plugin
[2018.03.14-14.20.02:998][  0]LogContentStreaming: Texture pool size now 1000 MB
[2018.03.14-14.20.03:199][  0]LogSlate: Took 0.015173 seconds to synchronously load lazily loaded font '../../../Engine/Content/Slate/Fonts/Roboto-Light.ttf' (159K)
[2018.03.14-14.20.03:495][  1]LogSlate: Took 0.000399 seconds to synchronously load lazily loaded font '../../../Engine/Content/Slate/Fonts/Roboto-Light.ttf' (159K)
[2018.03.14-14.20.04:017][  2]LogAssetRegistry: Asset discovery search completed in 20.6303 seconds
[2018.03.14-14.20.04:018][  2]LogCollectionManager: Rebuilt the object cache for 0 collections in 0.000000 seconds (found 0 objects)
[2018.03.14-14.20.04:018][  2]LogCollectionManager: Fixed up redirectors for 0 collections in 0.000021 seconds (updated 0 objects)
[2018.03.14-14.20.04:366][  3]LogSlate: Took 0.000682 seconds to synchronously load lazily loaded font '../../../Engine/Content/Slate/Fonts/Roboto-Light.ttf' (159K)
[2018.03.14-14.20.08:789][ 14]LogContentBrowser: Native class hierarchy updated for 'BlueprintGraph' in 0.0015 seconds. Added 112 classes and 0 folders.
[2018.03.14-14.22.14:539][592]LogSlate: Took 0.016338 seconds to synchronously load lazily loaded font '../../../Engine/Content/Editor/Slate/Fonts/Roboto-BoldCondensed.ttf' (158K)
[2018.03.14-14.22.14:863][593]LogSlate: Took 0.014704 seconds to synchronously load lazily loaded font '../../../Engine/Content/Editor/Slate/Fonts/Roboto-Italic.ttf' (157K)
[2018.03.14-14.22.18:688][961]LogTemp: Repeting last play command: Selected Viewport
[2018.03.14-14.22.18:781][961]LogBlueprintUserMessages: Early PlayInEditor Detection: Level '/Game/ThirdPersonBP/Maps/ThirdPersonExampleMap.ThirdPersonExampleMap:PersistentLevel' has LevelScriptBlueprint '/Game/ThirdPersonBP/Maps/ThirdPersonExampleMap.ThirdPersonExampleMap:PersistentLevel.ThirdPersonExampleMap' with GeneratedClass '/Game/ThirdPersonBP/Maps/ThirdPersonExampleMap.ThirdPersonExampleMap_C' with ClassGeneratedBy '/Game/ThirdPersonBP/Maps/ThirdPersonExampleMap.ThirdPersonExampleMap:PersistentLevel.ThirdPersonExampleMap'
[2018.03.14-14.22.18:782][961]LogBlueprintUserMessages: Early PlayInEditor Detection: Level '/Game/Niveles/BlueLevel.BlueLevel:PersistentLevel' has LevelScriptBlueprint '/Game/Niveles/BlueLevel.BlueLevel:PersistentLevel.BlueLevel' with GeneratedClass '/Game/Niveles/BlueLevel.BlueLevel_C' with ClassGeneratedBy '/Game/Niveles/BlueLevel.BlueLevel:PersistentLevel.BlueLevel'
[2018.03.14-14.22.18:782][961]LogBlueprintUserMessages: Early PlayInEditor Detection: Level '/Game/Niveles/RedLevel.RedLevel:PersistentLevel' has LevelScriptBlueprint '/Game/Niveles/RedLevel.RedLevel:PersistentLevel.RedLevel' with GeneratedClass '/Game/Niveles/RedLevel.RedLevel_C' with ClassGeneratedBy '/Game/Niveles/RedLevel.RedLevel:PersistentLevel.RedLevel'
[2018.03.14-14.22.18:797][961]LogPlayLevel: PlayLevel: No blueprints needed recompiling
[2018.03.14-14.22.54:926][542]BlueprintLog: New page: Compile BTServiceStateMachine
[2018.03.14-14.22.55:760][573]LogSavePackage: Save=101.31ms
[2018.03.14-14.22.55:760][573]LogSavePackage: Moving 'C:/Users/David/Documents/GitHub/FuturoImperfecto/PRUEBAS/MechHackAndSlash/Saved/BTServiceStateMachine3A5F397A44193DD585E7C1AD4A14F500.tmp' to 'C:/Users/David/Documents/GitHub/FuturoImperfecto/PRUEBAS/MechHackAndSlash/Content/Enemigos/IA/Patrol/BTServiceStateMachine.uasset'
[2018.03.14-14.22.55:764][573]LogSavePackage:Display: Finished SavePackage C:/Users/David/Documents/GitHub/FuturoImperfecto/PRUEBAS/MechHackAndSlash/Content/Enemigos/IA/Patrol/BTServiceStateMachine.uasset
[2018.03.14-14.23.37:969][910]LogEditorTransaction: Undo Move Nodes
[2018.03.14-14.23.38:476][947]LogEditorTransaction: Undo Break Pin Links
[2018.03.14-14.23.41:203][250]LogEditorTransaction: Undo Break Pin Links
[2018.03.14-14.23.41:573][283]LogEditorTransaction: Undo Break Pin Links
[2018.03.14-14.23.41:948][317]LogEditorTransaction: Undo Break Pin Links
[2018.03.14-14.23.43:808][496]BlueprintLog: New page: Compile BTTask_MoveModeAttack
[2018.03.14-14.23.44:391][531]LogSavePackage: Save=54.48ms
[2018.03.14-14.23.44:391][531]LogSavePackage: Moving 'C:/Users/David/Documents/GitHub/FuturoImperfecto/PRUEBAS/MechHackAndSlash/Saved/BTTask_MoveModeAttack0C016CB4465606923C615DA624D8A30D.tmp' to 'C:/Users/David/Documents/GitHub/FuturoImperfecto/PRUEBAS/MechHackAndSlash/Content/Enemigos/IA/Patrol/BTTask_MoveModeAttack.uasset'
[2018.03.14-14.23.44:393][531]LogSavePackage:Display: Finished SavePackage C:/Users/David/Documents/GitHub/FuturoImperfecto/PRUEBAS/MechHackAndSlash/Content/Enemigos/IA/Patrol/BTTask_MoveModeAttack.uasset
[2018.03.14-14.25.57:949][565]BlueprintLog: New page: Compile BTTask_MoveModeAttack
[2018.03.14-14.29.59:383][ 95]LogEditorTransaction: Undo Delete current selection
[2018.03.14-14.30.17:044][128]BlueprintLog: New page: Compile BTTask_MoveModeAttack
[2018.03.14-14.30.52:993][ 72]LogEditorViewport: Clicking on Actor (LMB): EnemigoManiqui_C (ThirdPersonCharacter)
[2018.03.14-14.31.25:278][602]LogSavePackage: Save=62.42ms
[2018.03.14-14.31.25:278][602]LogSavePackage: Moving 'C:/Users/David/Documents/GitHub/FuturoImperfecto/PRUEBAS/MechHackAndSlash/Saved/BTTask_MoveModeAttack151CDA18417619FB049D1BA567EB31EE.tmp' to 'C:/Users/David/Documents/GitHub/FuturoImperfecto/PRUEBAS/MechHackAndSlash/Content/Enemigos/IA/Patrol/BTTask_MoveModeAttack.uasset'
[2018.03.14-14.31.25:280][602]LogSavePackage:Display: Finished SavePackage C:/Users/David/Documents/GitHub/FuturoImperfecto/PRUEBAS/MechHackAndSlash/Content/Enemigos/IA/Patrol/BTTask_MoveModeAttack.uasset
[2018.03.14-14.31.25:417][602]LogSpawn:Warning: UWorld::DestroyActor: World has no context! World: BlueLevel, Actor: /Game/Niveles/BlueLevel.BlueLevel:PersistentLevel.BlueLevel_C_1
[2018.03.14-14.31.26:185][602]LogSavePackage: Save=784.84ms
[2018.03.14-14.31.26:185][602]LogSavePackage: Moving 'C:/Users/David/Documents/GitHub/FuturoImperfecto/PRUEBAS/MechHackAndSlash/Saved/BlueLevelEC95DD8642B15D56E0426793CD194824.tmp' to 'C:/Users/David/Documents/GitHub/FuturoImperfecto/PRUEBAS/MechHackAndSlash/Content/Niveles/BlueLevel.umap'
[2018.03.14-14.31.26:190][602]LogSavePackage:Display: Finished SavePackage C:/Users/David/Documents/GitHub/FuturoImperfecto/PRUEBAS/MechHackAndSlash/Content/Niveles/BlueLevel.umap
[2018.03.14-14.31.26:190][602]LogFileHelpers: Saving map 'BlueLevel' took 0.905
[2018.03.14-14.31.26:293][602]LogSpawn:Warning: UWorld::DestroyActor: World has no context! World: RedLevel, Actor: /Game/Niveles/RedLevel.RedLevel:PersistentLevel.RedLevel_C_1
[2018.03.14-14.31.26:616][602]LogSavePackage: Save=338.22ms
[2018.03.14-14.31.26:616][602]LogSavePackage: Moving 'C:/Users/David/Documents/GitHub/FuturoImperfecto/PRUEBAS/MechHackAndSlash/Saved/RedLevel9E83F7BB48000A0EFA11BC9E8108A328.tmp' to 'C:/Users/David/Documents/GitHub/FuturoImperfecto/PRUEBAS/MechHackAndSlash/Content/Niveles/RedLevel.umap'
[2018.03.14-14.31.26:618][602]LogSavePackage:Display: Finished SavePackage C:/Users/David/Documents/GitHub/FuturoImperfecto/PRUEBAS/MechHackAndSlash/Content/Niveles/RedLevel.umap
[2018.03.14-14.31.26:619][602]LogFileHelpers: Saving map 'RedLevel' took 0.425
[2018.03.14-14.34.04:107][142]LogSlate: Took 0.017705 seconds to synchronously load lazily loaded font '../../../Engine/Content/Editor/Slate/Fonts/Roboto-BoldCondensedItalic.ttf' (160K)
[2018.03.14-14.48.19:178][ 25]BlueprintLog: New page: Compile Enemigo
[2018.03.14-14.49.37:859][378]LogEditorTransaction: Undo Collapses selected nodes into a single node
[2018.03.14-14.49.41:191][680]BlueprintLog: New page: Collapse to Function
[2018.03.14-14.49.42:845][828]LogEditorTransaction: Undo Collapses selected nodes into a single node
[2018.03.14-14.49.50:592][546]BlueprintLog: New page: Collapse to Function
[2018.03.14-14.49.55:159][959]LogEditorTransaction: Undo Move Node
[2018.03.14-14.49.56:057][ 28]LogEditorTransaction: Undo Collapses selected nodes into a single node
[2018.03.14-14.51.33:324][903]LogEditorTransaction: Undo Move Nodes
[2018.03.14-14.51.33:618][924]LogEditorTransaction: Undo Rename Node
[2018.03.14-14.51.34:087][960]LogEditorTransaction: Undo Collapses selected nodes into a single node
[2018.03.14-14.53.33:335][500]BlueprintLog: New page: Compile BTTask_MoveModeAttack
[2018.03.14-14.55.47:189][740]Cmd: OBJ SAVEPACKAGE PACKAGE="/Game/Enemigos/Boss/BlueBoosDummy" FILE="C:/Users/David/Documents/GitHub/FuturoImperfecto/PRUEBAS/MechHackAndSlash/Content/Enemigos/Boss/BlueBoosDummy.uasset" SILENT=true
[2018.03.14-14.55.47:664][740]LogSavePackage: Save=468.69ms
[2018.03.14-14.55.47:664][740]LogSavePackage: Moving 'C:/Users/David/Documents/GitHub/FuturoImperfecto/PRUEBAS/MechHackAndSlash/Saved/BlueBoosDummy4A90A3E64EE61AC08463DDA43C1B9AF1.tmp' to 'C:/Users/David/Documents/GitHub/FuturoImperfecto/PRUEBAS/MechHackAndSlash/Content/Enemigos/Boss/BlueBoosDummy.uasset'
[2018.03.14-14.55.47:666][740]LogSavePackage:Display: Finished SavePackage C:/Users/David/Documents/GitHub/FuturoImperfecto/PRUEBAS/MechHackAndSlash/Content/Enemigos/Boss/BlueBoosDummy.uasset
[2018.03.14-14.55.48:200][773]BlueprintLog: New page: Compile BlueBoosDummy
[2018.03.14-14.56.58:342][163]LogEditorTransaction: Undo Delete current selection
[2018.03.14-14.57.11:442][ 61]BlueprintLog: New page: Compile Enemigo
[2018.03.14-14.57.28:767][105]LogEditorTransaction: Undo Move Node
[2018.03.14-14.57.29:929][155]LogEditorTransaction: Undo Add Node
[2018.03.14-14.57.37:057][471]Cmd: OBJ SAVEPACKAGE PACKAGE="/Game/Enemigos/Boss/BlueBoos" FILE="C:/Users/David/Documents/GitHub/FuturoImperfecto/PRUEBAS/MechHackAndSlash/Content/Enemigos/Boss/BlueBoos.uasset" SILENT=true
[2018.03.14-14.57.37:396][471]LogSavePackage: Save=332.57ms
[2018.03.14-14.57.37:396][471]LogSavePackage: Moving 'C:/Users/David/Documents/GitHub/FuturoImperfecto/PRUEBAS/MechHackAndSlash/Saved/BlueBoos8EFA5ABE4198D6B8DD09DBB6666D199B.tmp' to 'C:/Users/David/Documents/GitHub/FuturoImperfecto/PRUEBAS/MechHackAndSlash/Content/Enemigos/Boss/BlueBoos.uasset'
[2018.03.14-14.57.37:398][471]LogSavePackage:Display: Finished SavePackage C:/Users/David/Documents/GitHub/FuturoImperfecto/PRUEBAS/MechHackAndSlash/Content/Enemigos/Boss/BlueBoos.uasset
[2018.03.14-14.57.37:410][471]Cmd: OBJ SAVEPACKAGE PACKAGE="/Game/Enemigos/Boss/BlueBoosDummy" FILE="C:/Users/David/Documents/GitHub/FuturoImperfecto/PRUEBAS/MechHackAndSlash/Content/Enemigos/Boss/BlueBoosDummy.uasset" SILENT=true
[2018.03.14-14.57.37:866][471]LogSavePackage: Save=453.27ms
[2018.03.14-14.57.37:866][471]LogSavePackage: Moving 'C:/Users/David/Documents/GitHub/FuturoImperfecto/PRUEBAS/MechHackAndSlash/Saved/BlueBoosDummy43EAA691486882F87D97E7ACE1D477B4.tmp' to 'C:/Users/David/Documents/GitHub/FuturoImperfecto/PRUEBAS/MechHackAndSlash/Content/Enemigos/Boss/BlueBoosDummy.uasset'
[2018.03.14-14.57.37:869][471]LogSavePackage:Display: Finished SavePackage C:/Users/David/Documents/GitHub/FuturoImperfecto/PRUEBAS/MechHackAndSlash/Content/Enemigos/Boss/BlueBoosDummy.uasset
[2018.03.14-14.57.37:934][471]LogSavePackage: Save=26.53ms
[2018.03.14-14.57.37:934][471]LogSavePackage: Moving 'C:/Users/David/Documents/GitHub/FuturoImperfecto/PRUEBAS/MechHackAndSlash/Saved/BlueBoosDummyCaca98A9F8F84F650C418C032F8E4AED246C.tmp' to 'C:/Users/David/Documents/GitHub/FuturoImperfecto/PRUEBAS/MechHackAndSlash/Content/Enemigos/Boss/BlueBoosDummyCaca.uasset'
[2018.03.14-14.57.37:936][471]LogSavePackage:Display: Finished SavePackage C:/Users/David/Documents/GitHub/FuturoImperfecto/PRUEBAS/MechHackAndSlash/Content/Enemigos/Boss/BlueBoosDummyCaca.uasset
[2018.03.14-14.57.37:938][471]Cmd: OBJ SAVEPACKAGE PACKAGE="/Game/Enemigos/Enemigo" FILE="C:/Users/David/Documents/GitHub/FuturoImperfecto/PRUEBAS/MechHackAndSlash/Content/Enemigos/Enemigo.uasset" SILENT=true
[2018.03.14-14.57.38:037][471]LogSavePackage: Save=93.67ms
[2018.03.14-14.57.38:037][471]LogSavePackage: Moving 'C:/Users/David/Documents/GitHub/FuturoImperfecto/PRUEBAS/MechHackAndSlash/Saved/Enemigo82F0FC6946BD74290CC6568A1C0198BC.tmp' to 'C:/Users/David/Documents/GitHub/FuturoImperfecto/PRUEBAS/MechHackAndSlash/Content/Enemigos/Enemigo.uasset'
[2018.03.14-14.57.38:039][471]LogSavePackage:Display: Finished SavePackage C:/Users/David/Documents/GitHub/FuturoImperfecto/PRUEBAS/MechHackAndSlash/Content/Enemigos/Enemigo.uasset
[2018.03.14-14.57.38:074][471]Cmd: OBJ SAVEPACKAGE PACKAGE="/Game/Enemigos/EnemigoManiqui" FILE="C:/Users/David/Documents/GitHub/FuturoImperfecto/PRUEBAS/MechHackAndSlash/Content/Enemigos/EnemigoManiqui.uasset" SILENT=true
[2018.03.14-14.57.38:133][471]LogSavePackage: Save=52.90ms
[2018.03.14-14.57.38:133][471]LogSavePackage: Moving 'C:/Users/David/Documents/GitHub/FuturoImperfecto/PRUEBAS/MechHackAndSlash/Saved/EnemigoManiquiF5AB0E764B4FD2C5ECBF908CD21702F0.tmp' to 'C:/Users/David/Documents/GitHub/FuturoImperfecto/PRUEBAS/MechHackAndSlash/Content/Enemigos/EnemigoManiqui.uasset'
[2018.03.14-14.57.38:135][471]LogSavePackage:Display: Finished SavePackage C:/Users/David/Documents/GitHub/FuturoImperfecto/PRUEBAS/MechHackAndSlash/Content/Enemigos/EnemigoManiqui.uasset
[2018.03.14-14.57.38:221][471]LogSavePackage: Save=77.75ms
[2018.03.14-14.57.38:221][471]LogSavePackage: Moving 'C:/Users/David/Documents/GitHub/FuturoImperfecto/PRUEBAS/MechHackAndSlash/Saved/BTTask_MoveModeAttackDD73722D4BC8F16523472CAC5A9E220D.tmp' to 'C:/Users/David/Documents/GitHub/FuturoImperfecto/PRUEBAS/MechHackAndSlash/Content/Enemigos/IA/Patrol/BTTask_MoveModeAttack.uasset'
[2018.03.14-14.57.38:223][471]LogSavePackage:Display: Finished SavePackage C:/Users/David/Documents/GitHub/FuturoImperfecto/PRUEBAS/MechHackAndSlash/Content/Enemigos/IA/Patrol/BTTask_MoveModeAttack.uasset
[2018.03.14-14.57.38:359][471]LogSpawn:Warning: UWorld::DestroyActor: World has no context! World: BlueLevel, Actor: /Game/Niveles/BlueLevel.BlueLevel:PersistentLevel.BlueLevel_C_0
[2018.03.14-14.57.39:129][471]LogSavePackage: Save=786.46ms
[2018.03.14-14.57.39:129][471]LogSavePackage: Moving 'C:/Users/David/Documents/GitHub/FuturoImperfecto/PRUEBAS/MechHackAndSlash/Saved/BlueLevelF10060DA442E99B656F5E6BBD10B65A3.tmp' to 'C:/Users/David/Documents/GitHub/FuturoImperfecto/PRUEBAS/MechHackAndSlash/Content/Niveles/BlueLevel.umap'
[2018.03.14-14.57.39:134][471]LogSavePackage:Display: Finished SavePackage C:/Users/David/Documents/GitHub/FuturoImperfecto/PRUEBAS/MechHackAndSlash/Content/Niveles/BlueLevel.umap
[2018.03.14-14.57.39:135][471]LogFileHelpers: Saving map 'BlueLevel' took 0.909
[2018.03.14-14.57.39:239][471]LogSpawn:Warning: UWorld::DestroyActor: World has no context! World: RedLevel, Actor: /Game/Niveles/RedLevel.RedLevel:PersistentLevel.RedLevel_C_0
[2018.03.14-14.57.39:572][471]LogSavePackage: Save=348.98ms
[2018.03.14-14.57.39:572][471]LogSavePackage: Moving 'C:/Users/David/Documents/GitHub/FuturoImperfecto/PRUEBAS/MechHackAndSlash/Saved/RedLevel03FAE1BE498B116147AB46A107BF5587.tmp' to 'C:/Users/David/Documents/GitHub/FuturoImperfecto/PRUEBAS/MechHackAndSlash/Content/Niveles/RedLevel.umap'
[2018.03.14-14.57.39:574][471]LogSavePackage:Display: Finished SavePackage C:/Users/David/Documents/GitHub/FuturoImperfecto/PRUEBAS/MechHackAndSlash/Content/Niveles/RedLevel.umap
[2018.03.14-14.57.39:574][471]LogFileHelpers: Saving map 'RedLevel' took 0.438
[2018.03.14-14.57.40:197][471]LogSavePackage: Save=528.68ms
[2018.03.14-14.57.40:197][471]LogSavePackage: Moving 'C:/Users/David/Documents/GitHub/FuturoImperfecto/PRUEBAS/MechHackAndSlash/Saved/ThirdPersonExampleMapA1C86FD641EF4A5FF8E35E80312EE683.tmp' to 'C:/Users/David/Documents/GitHub/FuturoImperfecto/PRUEBAS/MechHackAndSlash/Content/ThirdPersonBP/Maps/ThirdPersonExampleMap.umap'
[2018.03.14-14.57.40:200][471]LogSavePackage:Display: Finished SavePackage C:/Users/David/Documents/GitHub/FuturoImperfecto/PRUEBAS/MechHackAndSlash/Content/ThirdPersonBP/Maps/ThirdPersonExampleMap.umap
[2018.03.14-14.57.40:254][471]LogFileHelpers: Saving map 'ThirdPersonExampleMap' took 0.677
[2018.03.14-15.01.54:270][584]BlueprintLog: New page: Compile BTTask_MoveModeAttack
[2018.03.14-15.01.55:496][670]LogSavePackage: Save=82.70ms
[2018.03.14-15.01.55:496][670]LogSavePackage: Moving 'C:/Users/David/Documents/GitHub/FuturoImperfecto/PRUEBAS/MechHackAndSlash/Saved/BTTask_MoveModeAttack7A469B7D4B33835CCBC61D842993F1DE.tmp' to 'C:/Users/David/Documents/GitHub/FuturoImperfecto/PRUEBAS/MechHackAndSlash/Content/Enemigos/IA/Patrol/BTTask_MoveModeAttack.uasset'
[2018.03.14-15.01.55:498][670]LogSavePackage:Display: Finished SavePackage C:/Users/David/Documents/GitHub/FuturoImperfecto/PRUEBAS/MechHackAndSlash/Content/Enemigos/IA/Patrol/BTTask_MoveModeAttack.uasset
[2018.03.14-15.02.52:882][ 95]LogEditorTransaction: Undo Move Node
[2018.03.14-15.02.53:541][141]LogEditorTransaction: Undo Add Node
[2018.03.14-15.04.22:739][355]LogEditorTransaction: Undo Create Pin Link
[2018.03.14-15.04.23:246][386]LogEditorTransaction: Undo Create Pin Link
[2018.03.14-15.04.23:597][413]LogEditorTransaction: Undo Create Pin Link
[2018.03.14-15.08.05:609][401]BlueprintLog: New page: Compile BTTask_MoveModeAttack
[2018.03.14-15.08.06:224][430]LogSavePackage: Save=91.67ms
[2018.03.14-15.08.06:224][430]LogSavePackage: Moving 'C:/Users/David/Documents/GitHub/FuturoImperfecto/PRUEBAS/MechHackAndSlash/Saved/BTTask_MoveModeAttack771B422140E5ABC7268066ABBD00340F.tmp' to 'C:/Users/David/Documents/GitHub/FuturoImperfecto/PRUEBAS/MechHackAndSlash/Content/Enemigos/IA/Patrol/BTTask_MoveModeAttack.uasset'
[2018.03.14-15.08.06:226][430]LogSavePackage:Display: Finished SavePackage C:/Users/David/Documents/GitHub/FuturoImperfecto/PRUEBAS/MechHackAndSlash/Content/Enemigos/IA/Patrol/BTTask_MoveModeAttack.uasset
[2018.03.14-15.09.47:315][486]LogEditorTransaction: Undo Paste clipboard contents
[2018.03.14-15.11.39:916][143]LogEditorTransaction: Undo Create Pin Link
[2018.03.14-15.12.24:362][410]LogEditorTransaction: Undo Paste clipboard contents
[2018.03.14-15.13.06:190][315]LogEditorTransaction: Undo Paste clipboard contents
[2018.03.14-15.13.28:566][139]BlueprintLog: New page: Compile BTTask_MoveModeAttack
[2018.03.14-15.13.29:311][177]LogSavePackage: Save=97.31ms
[2018.03.14-15.13.29:311][177]LogSavePackage: Moving 'C:/Users/David/Documents/GitHub/FuturoImperfecto/PRUEBAS/MechHackAndSlash/Saved/BTTask_MoveModeAttack81EF255C4E1A2883FC7CEABB4448239C.tmp' to 'C:/Users/David/Documents/GitHub/FuturoImperfecto/PRUEBAS/MechHackAndSlash/Content/Enemigos/IA/Patrol/BTTask_MoveModeAttack.uasset'
[2018.03.14-15.13.29:313][177]LogSavePackage:Display: Finished SavePackage C:/Users/David/Documents/GitHub/FuturoImperfecto/PRUEBAS/MechHackAndSlash/Content/Enemigos/IA/Patrol/BTTask_MoveModeAttack.uasset
[2018.03.14-15.16.01:566][433]LogActorComponent: UnregisterComponent: (/Engine/Transient.EditorFloorComp) Not registered. Aborting.
[2018.03.14-15.16.01:624][433]LogWindowsTextInputMethodSystem:Display: IME system now deactivated.
[2018.03.14-15.16.01:900][434]Cmd: QUIT_EDITOR
[2018.03.14-15.16.01:926][434]LogExit: Preparing to exit.
[2018.03.14-15.16.02:998][434]LogExit: Editor shut down
[2018.03.14-15.16.03:001][434]LogExit: Transaction tracking system shut down
[2018.03.14-15.16.03:121][434]LogObj: Freed 0b from 0 cluster array pools.
[2018.03.14-15.16.03:121][434]LogExit: Object subsystem successfully closed.
[2018.03.14-15.16.03:142][434]LogD3D11RHI: Shutdown
[2018.03.14-15.16.03:142][434]LogD3D11RHI: CleanupD3DDevice
[2018.03.14-15.16.03:235][434]LogD3D11RHI: ~FD3D11DynamicRHI
[2018.03.14-15.16.03:271][434]LogModuleManager: Shutting down and abandoning module BlueprintGraph (532)
[2018.03.14-15.16.03:271][434]LogModuleManager: Shutting down and abandoning module BlueprintProfiler (530)
[2018.03.14-15.16.03:306][434]LogModuleManager: Shutting down and abandoning module HierarchicalLODOutliner (528)
[2018.03.14-15.16.03:306][434]LogModuleManager: Shutting down and abandoning module CrashTracker (526)
[2018.03.14-15.16.03:306][434]LogModuleManager: Shutting down and abandoning module WorldBrowser (524)
[2018.03.14-15.16.03:306][434]LogModuleManager: Shutting down and abandoning module SceneOutliner (522)
[2018.03.14-15.16.03:306][434]LogModuleManager: Shutting down and abandoning module AddContentDialog (520)
[2018.03.14-15.16.03:320][434]LogDirectoryWatcher: A directory notification for 'D:/Program Files (x86)/Epic Games/UE_4.16/FeaturePacks/' was aborted.
[2018.03.14-15.16.03:321][434]LogModuleManager: Shutting down and abandoning module WidgetCarousel (519)
[2018.03.14-15.16.03:321][434]LogModuleManager: Shutting down and abandoning module EditorWidgets (516)
[2018.03.14-15.16.03:321][434]LogModuleManager: Shutting down and abandoning module CollectionManager (514)
[2018.03.14-15.16.03:321][434]LogDirectoryWatcher: A directory notification for 'C:/Users/David/Documents/GitHub/FuturoImperfecto/PRUEBAS/MechHackAndSlash/Content/Collections/' was aborted.
[2018.03.14-15.16.03:321][434]LogDirectoryWatcher: A directory notification for 'C:/Users/David/Documents/GitHub/FuturoImperfecto/PRUEBAS/MechHackAndSlash/Content/Developers/David/Collections/' was aborted.
[2018.03.14-15.16.03:321][434]LogDirectoryWatcher: A directory notification for 'C:/Users/David/Documents/GitHub/FuturoImperfecto/PRUEBAS/MechHackAndSlash/Saved/Collections/' was aborted.
[2018.03.14-15.16.03:321][434]LogModuleManager: Shutting down and abandoning module StatsViewer (512)
[2018.03.14-15.16.03:321][434]LogModuleManager: Shutting down and abandoning module FoliageEdit (510)
[2018.03.14-15.16.03:321][434]LogModuleManager: Shutting down and abandoning module LandscapeEditor (508)
[2018.03.14-15.16.03:321][434]LogModuleManager: Shutting down and abandoning module MeshPaintMode (506)
[2018.03.14-15.16.03:321][434]LogModuleManager: Shutting down and abandoning module SceneDepthPickerMode (504)
[2018.03.14-15.16.03:321][434]LogModuleManager: Shutting down and abandoning module ActorPickerMode (502)
[2018.03.14-15.16.03:321][434]LogModuleManager: Shutting down and abandoning module GeometryMode (500)
[2018.03.14-15.16.03:321][434]LogModuleManager: Shutting down and abandoning module TextureAlignMode (498)
[2018.03.14-15.16.03:321][434]LogModuleManager: Shutting down and abandoning module BspMode (496)
[2018.03.14-15.16.03:321][434]LogModuleManager: Shutting down and abandoning module HardwareSurvey (494)
[2018.03.14-15.16.03:321][434]LogModuleManager: Shutting down and abandoning module SequenceRecorderSections (492)
[2018.03.14-15.16.03:321][434]LogModuleManager: Shutting down and abandoning module AutomationWorker (490)
[2018.03.14-15.16.03:321][434]LogModuleManager: Shutting down and abandoning module MatineeToLevelSequence (488)
[2018.03.14-15.16.03:321][434]LogModuleManager: Shutting down and abandoning module LevelSequenceEditor (486)
[2018.03.14-15.16.03:322][434]LogModuleManager: Shutting down and abandoning module PlacementMode (485)
[2018.03.14-15.16.03:322][434]LogModuleManager: Shutting down and abandoning module WmfMediaFactory (482)
[2018.03.14-15.16.03:322][434]LogModuleManager: Shutting down and abandoning module WmfMediaEditor (480)
[2018.03.14-15.16.03:322][434]LogModuleManager: Shutting down and abandoning module AvfMediaFactory (478)
[2018.03.14-15.16.03:322][434]LogModuleManager: Shutting down and abandoning module AvfMediaEditor (476)
[2018.03.14-15.16.03:322][434]LogModuleManager: Shutting down and abandoning module AndroidMediaFactory (474)
[2018.03.14-15.16.03:322][434]LogModuleManager: Shutting down and abandoning module Media (473)
[2018.03.14-15.16.03:322][434]LogModuleManager: Shutting down and abandoning module AndroidMediaEditor (470)
[2018.03.14-15.16.03:322][434]LogModuleManager: Shutting down and abandoning module CharacterAI (468)
[2018.03.14-15.16.03:322][434]LogModuleManager: Shutting down and abandoning module AudioCapture (466)
[2018.03.14-15.16.03:322][434]LogModuleManager: Shutting down and abandoning module SequenceRecorder (465)
[2018.03.14-15.16.03:322][434]LogModuleManager: Shutting down and abandoning module SmartSnapping (462)
[2018.03.14-15.16.03:322][434]LogModuleManager: Shutting down and abandoning module SessionServices (460)
[2018.03.14-15.16.03:322][434]LogModuleManager: Shutting down and abandoning module ViewportSnapping (458)
[2018.03.14-15.16.03:322][434]LogModuleManager: Shutting down and abandoning module ViewportInteraction (456)
[2018.03.14-15.16.03:322][434]LogModuleManager: Shutting down and abandoning module ClothPainter (454)
[2018.03.14-15.16.03:322][434]LogModuleManager: Shutting down and abandoning module LogVisualizer (452)
[2018.03.14-15.16.03:322][434]LogModuleManager: Shutting down and abandoning module IntroTutorials (450)
[2018.03.14-15.16.03:322][434]LogModuleManager: Shutting down and abandoning module GameProjectGeneration (449)
[2018.03.14-15.16.03:322][434]LogModuleManager: Shutting down and abandoning module EditorLiveStreaming (446)
[2018.03.14-15.16.03:322][434]LogModuleManager: Shutting down and abandoning module IOSPlatformEditor (444)
[2018.03.14-15.16.03:322][434]LogModuleManager: Shutting down and abandoning module HTML5PlatformEditor (442)
[2018.03.14-15.16.03:322][434]LogModuleManager: Shutting down and abandoning module AndroidPlatformEditor (440)
[2018.03.14-15.16.03:322][434]LogModuleManager: Shutting down and abandoning module AndroidDeviceDetection (439)
[2018.03.14-15.16.04:044][434]LogModuleManager: Shutting down and abandoning module IOSRuntimeSettings (436)
[2018.03.14-15.16.04:044][434]LogModuleManager: Shutting down and abandoning module AndroidRuntimeSettings (434)
[2018.03.14-15.16.04:044][434]LogModuleManager: Shutting down and abandoning module InputBindingEditor (432)
[2018.03.14-15.16.04:044][434]LogModuleManager: Shutting down and abandoning module MergeActors (430)
[2018.03.14-15.16.04:044][434]LogModuleManager: Shutting down and abandoning module SizeMap (428)
[2018.03.14-15.16.04:044][434]LogModuleManager: Shutting down and abandoning module TreeMap (426)
[2018.03.14-15.16.04:044][434]LogModuleManager: Shutting down and abandoning module ReferenceViewer (424)
[2018.03.14-15.16.04:044][434]LogModuleManager: Shutting down and abandoning module LocalizationDashboard (422)
[2018.03.14-15.16.04:045][434]LogModuleManager: Shutting down and abandoning module LocalizationService (421)
[2018.03.14-15.16.04:045][434]LogModuleManager: Shutting down and abandoning module HardwareTargeting (418)
[2018.03.14-15.16.04:045][434]LogModuleManager: Shutting down and abandoning module DeviceProfileEditor (416)
[2018.03.14-15.16.04:045][434]LogModuleManager: Shutting down and abandoning module UndoHistory (414)
[2018.03.14-15.16.04:045][434]LogModuleManager: Shutting down and abandoning module UserFeedback (412)
[2018.03.14-15.16.04:045][434]LogModuleManager: Shutting down and abandoning module XmlParser (410)
[2018.03.14-15.16.04:045][434]LogModuleManager: Shutting down and abandoning module Blutility (408)
[2018.03.14-15.16.04:045][434]LogModuleManager: Shutting down and abandoning module ProjectSettingsViewer (406)
[2018.03.14-15.16.04:045][434]LogModuleManager: Shutting down and abandoning module ProjectTargetPlatformEditor (405)
[2018.03.14-15.16.04:045][434]LogModuleManager: Shutting down and abandoning module EditorSettingsViewer (402)
[2018.03.14-15.16.04:045][434]LogModuleManager: Shutting down and abandoning module SettingsEditor (400)
[2018.03.14-15.16.04:045][434]LogModuleManager: Shutting down and abandoning module ProjectLauncher (398)
[2018.03.14-15.16.04:045][434]LogModuleManager: Shutting down and abandoning module SessionFrontend (396)
[2018.03.14-15.16.04:045][434]LogModuleManager: Shutting down and abandoning module ProfilerClient (394)
[2018.03.14-15.16.04:045][434]LogModuleManager: Shutting down and abandoning module DeviceManager (392)
[2018.03.14-15.16.04:045][434]LogModuleManager: Shutting down and abandoning module TargetDeviceServices (391)
[2018.03.14-15.16.04:089][434]LogModuleManager: Shutting down and abandoning module AutomationController (388)
[2018.03.14-15.16.04:089][434]LogModuleManager: Shutting down and abandoning module AutomationWindow (386)
[2018.03.14-15.16.04:089][434]LogModuleManager: Shutting down and abandoning module Layers (384)
[2018.03.14-15.16.04:089][434]LogModuleManager: Shutting down and abandoning module ComponentVisualizers (382)
[2018.03.14-15.16.04:089][434]LogModuleManager: Shutting down and abandoning module DetailCustomizations (380)
[2018.03.14-15.16.04:089][434]LogModuleManager: Shutting down and abandoning module PackagesDialog (378)
[2018.03.14-15.16.04:089][434]LogModuleManager: Shutting down and abandoning module Persona (376)
[2018.03.14-15.16.04:089][434]LogModuleManager: Shutting down and abandoning module AdvancedPreviewScene (375)
[2018.03.14-15.16.04:089][434]LogModuleManager: Shutting down and abandoning module AnimGraph (373)
[2018.03.14-15.16.04:089][434]LogModuleManager: Shutting down and abandoning module Kismet (370)
[2018.03.14-15.16.04:113][434]LogModuleManager: Shutting down and abandoning module ClassViewer (368)
[2018.03.14-15.16.04:113][434]LogModuleManager: Shutting down and abandoning module Toolbox (366)
[2018.03.14-15.16.04:113][434]LogModuleManager: Shutting down and abandoning module ModuleUI (364)
[2018.03.14-15.16.04:113][434]LogModuleManager: Shutting down and abandoning module MovieSceneTools (362)
[2018.03.14-15.16.04:113][434]LogModuleManager: Shutting down and abandoning module OutputLog (360)
[2018.03.14-15.16.04:113][434]LogModuleManager: Shutting down and abandoning module GammaUI (358)
[2018.03.14-15.16.04:113][434]LogModuleManager: Shutting down and abandoning module Documentation (356)
[2018.03.14-15.16.04:113][434]LogModuleManager: Shutting down and abandoning module MovieSceneTracks (354)
[2018.03.14-15.16.04:113][434]LogModuleManager: Shutting down and abandoning module MovieScene (352)
[2018.03.14-15.16.04:113][434]LogModuleManager: Shutting down and abandoning module Niagara (350)
[2018.03.14-15.16.04:113][434]LogModuleManager: Shutting down and abandoning module NiagaraEditor (349)
[2018.03.14-15.16.04:114][434]LogModuleManager: Shutting down and abandoning module StreamingPauseRendering (346)
[2018.03.14-15.16.04:114][434]LogModuleManager: Shutting down and abandoning module AnalyticsET (344)
[2018.03.14-15.16.04:114][434]LogModuleManager: Shutting down and abandoning module PortalServices (342)
[2018.03.14-15.16.04:114][434]LogModuleManager: Shutting down and abandoning module PortalRpc (340)
[2018.03.14-15.16.04:114][434]LogModuleManager: Shutting down and abandoning module MessagingRpc (338)
[2018.03.14-15.16.04:114][434]LogModuleManager: Shutting down and abandoning module AIModule (336)
[2018.03.14-15.16.04:114][434]LogModuleManager: Shutting down and abandoning module GameplayDebugger (335)
[2018.03.14-15.16.04:114][434]LogModuleManager: Shutting down and abandoning module AITestSuite (333)
[2018.03.14-15.16.04:114][434]LogModuleManager: Shutting down and abandoning module ProfilerService (330)
[2018.03.14-15.16.04:166][434]LogModuleManager: Shutting down and abandoning module TaskGraph (328)
[2018.03.14-15.16.04:166][434]LogModuleManager: Shutting down and abandoning module SteamVRController (326)
[2018.03.14-15.16.04:166][434]LogModuleManager: Shutting down and abandoning module SteamVR (324)
[2018.03.14-15.16.04:166][434]LogModuleManager: Shutting down and abandoning module ProceduralMeshComponentEditor (322)
[2018.03.14-15.16.04:166][434]LogModuleManager: Shutting down and abandoning module ProceduralMeshComponent (320)
[2018.03.14-15.16.04:166][434]LogModuleManager: Shutting down and abandoning module OculusLibrary (318)
[2018.03.14-15.16.04:166][434]LogModuleManager: Shutting down and abandoning module OculusInput (316)
[2018.03.14-15.16.04:166][434]LogModuleManager: Shutting down and abandoning module MobilePatchingUtils (314)
[2018.03.14-15.16.04:166][434]LogModuleManager: Shutting down and abandoning module CustomMeshComponent (312)
[2018.03.14-15.16.04:166][434]LogModuleManager: Shutting down and abandoning module CableComponent (310)
[2018.03.14-15.16.04:166][434]LogModuleManager: Shutting down and abandoning module ArchVisCharacter (308)
[2018.03.14-15.16.04:167][434]LogModuleManager: Shutting down and abandoning module AndroidPermission (306)
[2018.03.14-15.16.04:167][434]LogModuleManager: Shutting down and abandoning module MediaPlayerEditor (302)
[2018.03.14-15.16.04:167][434]LogModuleManager: Shutting down and abandoning module HTML5Networking (300)
[2018.03.14-15.16.04:167][434]LogModuleManager: Shutting down and abandoning module AlembicImporter (298)
[2018.03.14-15.16.04:167][434]LogModuleManager: Shutting down and abandoning module AlembicLibrary (297)
[2018.03.14-15.16.04:167][434]LogModuleManager: Shutting down and abandoning module GeometryCache (296)
[2018.03.14-15.16.04:167][434]LogModuleManager: Shutting down and abandoning module GeometryCacheEd (295)
[2018.03.14-15.16.04:167][434]LogModuleManager: Shutting down and abandoning module SuperSearchEditor (290)
[2018.03.14-15.16.04:167][434]LogModuleManager: Shutting down and abandoning module SuperSearch (289)
[2018.03.14-15.16.04:167][434]LogModuleManager: Shutting down and abandoning module SpeedTreeImporter (286)
[2018.03.14-15.16.04:167][434]LogModuleManager: Shutting down and abandoning module PluginBrowser (284)
[2018.03.14-15.16.04:167][434]LogModuleManager: Shutting down and abandoning module MobileLauncherProfileWizard (282)
[2018.03.14-15.16.04:167][434]LogModuleManager: Shutting down and abandoning module VisualStudioSourceCodeAccess (280)
[2018.03.14-15.16.04:167][434]LogModuleManager: Shutting down and abandoning module DesktopPlatform (279)
[2018.03.14-15.16.04:167][434]LogModuleManager: Shutting down and abandoning module UObjectPlugin (276)
[2018.03.14-15.16.04:167][434]LogModuleManager: Shutting down and abandoning module SubversionSourceControl (274)
[2018.03.14-15.16.04:167][434]LogModuleManager: Shutting down and abandoning module PerforceSourceControl (272)
[2018.03.14-15.16.04:167][434]LogModuleManager: Shutting down and abandoning module GitSourceControl (270)
[2018.03.14-15.16.04:167][434]LogModuleManager: Shutting down and abandoning module SourceControl (269)
[2018.03.14-15.16.04:167][434]LogModuleManager: Shutting down and abandoning module LightPropagationVolumeEditor (266)
[2018.03.14-15.16.04:167][434]LogModuleManager: Shutting down and abandoning module PaperTiledImporter (264)
[2018.03.14-15.16.04:167][434]LogModuleManager: Shutting down and abandoning module PaperSpriteSheetImporter (262)
[2018.03.14-15.16.04:167][434]LogModuleManager: Shutting down and abandoning module Paper2DEditor (260)
[2018.03.14-15.16.04:167][434]LogModuleManager: Shutting down and abandoning module MeshPaint (259)
[2018.03.14-15.16.04:167][434]LogModuleManager: Shutting down and abandoning module LevelEditor (257)
[2018.03.14-15.16.04:168][434]LogModuleManager: Shutting down and abandoning module PixelInspectorModule (256)
[2018.03.14-15.16.04:169][434]LogModuleManager: Shutting down and abandoning module MainFrame (254)
[2018.03.14-15.16.04:169][434]LogModuleManager: Shutting down and abandoning module HotReload (253)
[2018.03.14-15.16.04:169][434]LogModuleManager: Shutting down and abandoning module PhysXVehiclesEditor (248)
[2018.03.14-15.16.04:169][434]LogModuleManager: Shutting down and abandoning module PhysXVehicles (246)
[2018.03.14-15.16.04:169][434]LogModuleManager: Shutting down and abandoning module LocationServicesBPLibrary (244)
[2018.03.14-15.16.04:169][434]LogModuleManager: Shutting down and abandoning module ImmediatePhysicsEditor (242)
[2018.03.14-15.16.04:169][434]LogModuleManager: Shutting down and abandoning module ImmediatePhysics (240)
[2018.03.14-15.16.04:169][434]LogModuleManager: Shutting down and abandoning module UdpMessaging (238)
[2018.03.14-15.16.04:270][434]LogModuleManager: Shutting down and abandoning module TcpMessaging (236)
[2018.03.14-15.16.04:370][434]LogModuleManager: Shutting down and abandoning module GameplayTagsEditor (234)
[2018.03.14-15.16.04:370][434]LogModuleManager: Shutting down and abandoning module FacialAnimationEditor (232)
[2018.03.14-15.16.04:370][434]LogModuleManager: Shutting down and abandoning module FacialAnimation (230)
[2018.03.14-15.16.04:370][434]LogModuleManager: Shutting down and abandoning module AssetManagerEditor (228)
[2018.03.14-15.16.04:370][434]LogModuleManager: Shutting down and abandoning module GraphEditor (227)
[2018.03.14-15.16.04:370][434]LogModuleManager: Shutting down and abandoning module ContentBrowser (225)
[2018.03.14-15.16.04:371][434]LogModuleManager: Shutting down and abandoning module LightPropagationVolumeRuntime (222)
[2018.03.14-15.16.04:371][434]LogModuleManager: Shutting down and abandoning module Paper2D (220)
[2018.03.14-15.16.04:371][434]LogModuleManager: Shutting down and abandoning module WindowsMoviePlayer (218)
[2018.03.14-15.16.04:371][434]LogModuleManager: Shutting down and abandoning module WmfMedia (216)
[2018.03.14-15.16.04:371][434]LogModuleManager: Shutting down and abandoning module ClothingSystemEditor (214)
[2018.03.14-15.16.04:371][434]LogModuleManager: Shutting down and abandoning module ClothingSystemRuntime (212)
[2018.03.14-15.16.04:371][434]LogModuleManager: Shutting down and abandoning module MediaAssets (210)
[2018.03.14-15.16.04:371][434]LogModuleManager: Shutting down and abandoning module GameLiveStreaming (208)
[2018.03.14-15.16.04:371][434]LogModuleManager: Shutting down and abandoning module EnvironmentQueryEditor (206)
[2018.03.14-15.16.04:371][434]LogModuleManager: Shutting down and abandoning module VREditor (204)
[2018.03.14-15.16.04:371][434]LogModuleManager: Shutting down and abandoning module StringTableEditor (202)
[2018.03.14-15.16.04:371][434]LogModuleManager: Shutting down and abandoning module GameplayTasksEditor (200)
[2018.03.14-15.16.04:371][434]LogModuleManager: Shutting down and abandoning module BehaviorTreeEditor (198)
[2018.03.14-15.16.04:371][434]LogModuleManager: Shutting down and abandoning module FunctionalTesting (196)
[2018.03.14-15.16.04:371][434]LogModuleManager: Shutting down and abandoning module CollisionAnalyzer (194)
[2018.03.14-15.16.04:371][434]LogModuleManager: Shutting down and abandoning module UMG (192)
[2018.03.14-15.16.04:371][434]LogModuleManager: Shutting down and abandoning module UMGEditor (191)
[2018.03.14-15.16.04:371][434]LogModuleManager: Shutting down and abandoning module Sequencer (190)
[2018.03.14-15.16.04:371][434]LogModuleManager: Shutting down and abandoning module AssetTools (188)
[2018.03.14-15.16.04:371][434]LogModuleManager: Shutting down and abandoning module MessageLog (187)
[2018.03.14-15.16.04:371][434]LogModuleManager: Shutting down and abandoning module WorkspaceMenuStructure (186)
[2018.03.14-15.16.04:371][434]LogModuleManager: Shutting down and abandoning module SlateReflector (180)
[2018.03.14-15.16.04:371][434]LogModuleManager: Shutting down and abandoning module Slate (178)
[2018.03.14-15.16.04:371][434]LogModuleManager: Shutting down and abandoning module EditorStyle (176)
[2018.03.14-15.16.04:373][434]LogModuleManager: Shutting down and abandoning module SourceCodeAccess (174)
[2018.03.14-15.16.04:373][434]LogModuleManager: Shutting down and abandoning module HeadMountedDisplay (172)
[2018.03.14-15.16.04:373][434]LogModuleManager: Shutting down and abandoning module XAudio2 (170)
[2018.03.14-15.16.04:373][434]LogModuleManager: Shutting down and abandoning module Networking (168)
[2018.03.14-15.16.04:373][434]LogModuleManager: Shutting down and abandoning module Core (164)
[2018.03.14-15.16.04:373][434]LogModuleManager: Shutting down and abandoning module AssetRegistry (162)
[2018.03.14-15.16.04:500][434]LogDirectoryWatcher: A directory notification for '../../../Engine/Content/' was aborted.
[2018.03.14-15.16.04:500][434]LogDirectoryWatcher: A directory notification for 'C:/Users/David/Documents/GitHub/FuturoImperfecto/PRUEBAS/MechHackAndSlash/Content/' was aborted.
[2018.03.14-15.16.04:500][434]LogDirectoryWatcher: A directory notification for '../../../Engine/Plugins/2D/Paper2D/Content/' was aborted.
[2018.03.14-15.16.04:500][434]LogDirectoryWatcher: A directory notification for '../../../Engine/Plugins/Runtime/GearVR/Content/' was aborted.
[2018.03.14-15.16.04:506][434]LogModuleManager: Shutting down and abandoning module DirectoryWatcher (161)
[2018.03.14-15.16.04:506][434]LogModuleManager: Shutting down and abandoning module KismetCompiler (158)
[2018.03.14-15.16.04:506][434]LogModuleManager: Shutting down and abandoning module LevelSequence (156)
[2018.03.14-15.16.04:507][434]LogModuleManager: Shutting down and abandoning module PhysXFormats (154)
[2018.03.14-15.16.04:507][434]LogModuleManager: Shutting down and abandoning module MeshUtilities (152)
[2018.03.14-15.16.04:507][434]LogModuleManager: Shutting down and abandoning module SimplygonSwarm (151)
[2018.03.14-15.16.04:507][434]LogModuleManager: Shutting down and abandoning module SimplygonMeshReduction (149)
[2018.03.14-15.16.04:507][434]LogModuleManager: Shutting down and abandoning module QuadricMeshReduction (147)
[2018.03.14-15.16.04:507][434]LogModuleManager: Shutting down and abandoning module DerivedDataCache (144)
[2018.03.14-15.16.04:605][434]LogDerivedDataCache: Shutdown
[2018.03.14-15.16.04:605][434]LogModuleManager: Shutting down and abandoning module TargetPlatform (142)
[2018.03.14-15.16.04:605][434]LogModuleManager: Shutting down and abandoning module VulkanShaderFormat (141)
[2018.03.14-15.16.04:605][434]LogModuleManager: Shutting down and abandoning module ShaderFormatVectorVM (139)
[2018.03.14-15.16.04:605][434]LogModuleManager: Shutting down and abandoning module ShaderFormatOpenGL (137)
[2018.03.14-15.16.04:605][434]LogModuleManager: Shutting down and abandoning module ShaderFormatD3D (135)
[2018.03.14-15.16.04:605][434]LogModuleManager: Shutting down and abandoning module MetalShaderFormat (133)
[2018.03.14-15.16.04:605][434]LogModuleManager: Shutting down and abandoning module TextureFormatUncompressed (131)
[2018.03.14-15.16.04:605][434]LogModuleManager: Shutting down and abandoning module TextureFormatPVR (129)
[2018.03.14-15.16.04:605][434]LogModuleManager: Shutting down and abandoning module TextureFormatDXT (127)
[2018.03.14-15.16.04:605][434]LogModuleManager: Shutting down and abandoning module TextureFormatIntelISPCTexComp (125)
[2018.03.14-15.16.04:605][434]LogModuleManager: Shutting down and abandoning module TextureFormatASTC (123)
[2018.03.14-15.16.04:605][434]LogModuleManager: Shutting down and abandoning module ImageWrapper (122)
[2018.03.14-15.16.04:605][434]LogModuleManager: Shutting down and abandoning module TextureFormatAndroid (119)
[2018.03.14-15.16.04:605][434]LogModuleManager: Shutting down and abandoning module AudioFormatOpus (117)
[2018.03.14-15.16.04:605][434]LogModuleManager: Shutting down and abandoning module AudioFormatOgg (115)
[2018.03.14-15.16.04:605][434]LogModuleManager: Shutting down and abandoning module AudioFormatADPCM (113)
[2018.03.14-15.16.04:605][434]LogModuleManager: Shutting down and abandoning module LinuxTargetPlatform (111)
[2018.03.14-15.16.04:605][434]LogModuleManager: Shutting down and abandoning module LinuxServerTargetPlatform (109)
[2018.03.14-15.16.04:605][434]LogModuleManager: Shutting down and abandoning module LinuxNoEditorTargetPlatform (107)
[2018.03.14-15.16.04:605][434]LogModuleManager: Shutting down and abandoning module LinuxClientTargetPlatform (105)
[2018.03.14-15.16.04:605][434]LogModuleManager: Shutting down and abandoning module TVOSTargetPlatform (103)
[2018.03.14-15.16.04:605][434]LogModuleManager: Shutting down and abandoning module Messaging (101)
[2018.03.14-15.16.04:605][434]LogModuleManager: Shutting down and abandoning module IOSTargetPlatform (99)
[2018.03.14-15.16.04:605][434]LogModuleManager: Shutting down and abandoning module HTML5TargetPlatform (97)
[2018.03.14-15.16.04:605][434]LogModuleManager: Shutting down and abandoning module Android_PVRTCTargetPlatform (95)
[2018.03.14-15.16.04:605][434]LogModuleManager: Shutting down and abandoning module Android_MultiTargetPlatform (93)
[2018.03.14-15.16.04:605][434]LogModuleManager: Shutting down and abandoning module Android_ETC2TargetPlatform (91)
[2018.03.14-15.16.04:605][434]LogModuleManager: Shutting down and abandoning module Android_ETC1TargetPlatform (89)
[2018.03.14-15.16.04:605][434]LogModuleManager: Shutting down and abandoning module Android_DXTTargetPlatform (87)
[2018.03.14-15.16.04:605][434]LogModuleManager: Shutting down and abandoning module Android_ATCTargetPlatform (85)
[2018.03.14-15.16.04:605][434]LogModuleManager: Shutting down and abandoning module Android_ASTCTargetPlatform (83)
[2018.03.14-15.16.04:605][434]LogModuleManager: Shutting down and abandoning module AndroidTargetPlatform (81)
[2018.03.14-15.16.04:606][434]LogModuleManager: Shutting down and abandoning module WindowsTargetPlatform (79)
[2018.03.14-15.16.04:606][434]LogModuleManager: Shutting down and abandoning module WindowsServerTargetPlatform (77)
[2018.03.14-15.16.04:606][434]LogModuleManager: Shutting down and abandoning module WindowsNoEditorTargetPlatform (75)
[2018.03.14-15.16.04:606][434]LogModuleManager: Shutting down and abandoning module WindowsClientTargetPlatform (73)
[2018.03.14-15.16.04:606][434]LogModuleManager: Shutting down and abandoning module MacTargetPlatform (71)
[2018.03.14-15.16.04:606][434]LogModuleManager: Shutting down and abandoning module MacServerTargetPlatform (69)
[2018.03.14-15.16.04:606][434]LogModuleManager: Shutting down and abandoning module MacNoEditorTargetPlatform (67)
[2018.03.14-15.16.04:606][434]LogModuleManager: Shutting down and abandoning module MacClientTargetPlatform (65)
[2018.03.14-15.16.04:606][434]LogModuleManager: Shutting down and abandoning module AllDesktopTargetPlatform (63)
[2018.03.14-15.16.04:606][434]LogModuleManager: Shutting down and abandoning module InputCore (60)
[2018.03.14-15.16.04:606][434]LogModuleManager: Shutting down and abandoning module Settings (58)
[2018.03.14-15.16.04:606][434]LogModuleManager: Shutting down and abandoning module OculusRift (56)
[2018.03.14-15.16.04:606][434]LogModuleManager: Shutting down and abandoning module GearVRController (54)
[2018.03.14-15.16.04:606][434]LogModuleManager: Shutting down and abandoning module GearVR (52)
[2018.03.14-15.16.04:606][434]LogModuleManager: Shutting down and abandoning module ExampleDeviceProfileSelector (50)
[2018.03.14-15.16.04:606][434]LogModuleManager: Shutting down and abandoning module OnlineBlueprintSupport (48)
[2018.03.14-15.16.04:606][434]LogModuleManager: Shutting down and abandoning module OnlineSubsystem (44)
[2018.03.14-15.16.04:606][434]LogOnline:Display: Unloading online subsystem: NULL
[2018.03.14-15.16.04:606][434]LogModuleManager: Shutting down and abandoning module XMPP (43)
[2018.03.14-15.16.04:606][434]LogModuleManager: Shutting down and abandoning module HTTP (41)
[2018.03.14-15.16.04:606][434]LogHttp:Display: Http module shutting down, but needs to wait on 2 outstanding Http requests:
[2018.03.14-15.16.04:606][434]LogHttp:Display: 	verb=[POST] url=[https://datarouter.ol.epicgames.com/datarouter/api/v1/public/data?SessionID=%7BE19FE993-4015-01E1-3760-3C809FEC4F53%7D&AppID=UEEditor.Rocket.Release&AppVersion=4.16.2-3514769%2B%2B%2BUE4%2BRelease-4.16&UserID=eedd91be406e0cd25ea0748277e6e73c%7C7a211806f70b4509a5be2640357744fc%7Caa6de738-987c-4c76-bb80-6cc1d099ea00&AppEnvironment=datacollector-binary&UploadType=eteventstream] status=Processing
[2018.03.14-15.16.04:606][434]LogHttp:Display: 	verb=[POST] url=[https://datarouter.ol.epicgames.com/datarouter/api/v1/public/data?SessionID=%7BE19FE993-4015-01E1-3760-3C809FEC4F53%7D&AppID=UEEditor.Rocket.Release&AppVersion=4.16.2-3514769%2B%2B%2BUE4%2BRelease-4.16&UserID=eedd91be406e0cd25ea0748277e6e73c%7C7a211806f70b4509a5be2640357744fc%7Caa6de738-987c-4c76-bb80-6cc1d099ea00&AppEnvironment=datacollector-binary&UploadType=eteventstream] status=Processing
[2018.03.14-15.16.04:637][434]LogModuleManager: Shutting down and abandoning module SSL (40)
[2018.03.14-15.16.04:638][434]LogModuleManager: Shutting down and abandoning module HTTPChunkInstaller (36)
[2018.03.14-15.16.04:638][434]LogModuleManager: Shutting down and abandoning module AnimationModifiers (34)
[2018.03.14-15.16.04:638][434]LogModuleManager: Shutting down and abandoning module PropertyEditor (33)
[2018.03.14-15.16.04:638][434]LogModuleManager: Shutting down and abandoning module AudioEditor (30)
[2018.03.14-15.16.04:638][434]LogModuleManager: Shutting down and abandoning module TextureCompressor (28)
[2018.03.14-15.16.04:638][434]LogModuleManager: Shutting down and abandoning module ShaderCore (26)
[2018.03.14-15.16.04:638][434]LogModuleManager: Shutting down and abandoning module Landscape (24)
[2018.03.14-15.16.04:638][434]LogModuleManager: Shutting down and abandoning module SlateRHIRenderer (22)
[2018.03.14-15.16.04:640][434]LogModuleManager: Shutting down and abandoning module OpenGLDrv (20)
[2018.03.14-15.16.04:640][434]LogModuleManager: Shutting down and abandoning module D3D11RHI (18)
[2018.03.14-15.16.04:640][434]LogModuleManager: Shutting down and abandoning module AnimGraphRuntime (16)
[2018.03.14-15.16.04:640][434]LogModuleManager: Shutting down and abandoning module Renderer (14)
[2018.03.14-15.16.04:640][434]LogModuleManager: Shutting down and abandoning module Engine (12)
[2018.03.14-15.16.04:640][434]LogModuleManager: Shutting down and abandoning module CoreUObject (10)
[2018.03.14-15.16.04:640][434]LogModuleManager: Shutting down and abandoning module NetworkFile (8)
[2018.03.14-15.16.04:640][434]LogModuleManager: Shutting down and abandoning module StreamingFile (6)
[2018.03.14-15.16.04:640][434]LogModuleManager: Shutting down and abandoning module SandboxFile (4)
[2018.03.14-15.16.04:640][434]LogModuleManager: Shutting down and abandoning module PakFile (2)
[2018.03.14-15.16.04:642][434]LogExit: Exiting.
[2018.03.14-15.16.04:682][434]Log file closed, 03/14/18 16:16:04
