Log file open, 04/30/18 18:18:24
LogInit:Display: Running engine for game: MechHackAndSlash
LogPlatformFile: Not using cached read wrapper
LogInit:Display: RandInit(-394970795) SRandInit(-394970795).
LogTaskGraph: Started task graph with 5 named threads and 8 total threads with 1 sets of task threads.
LogStats: Stats thread started at 0.082720
LogInit: Using libcurl 7.47.1
LogInit:  - built for x86_64-pc-win32
LogInit:  - supports SSL with OpenSSL/1.0.2g
LogInit:  - supports HTTP deflate (compression) using libz 1.2.8
LogInit:  - other features:
LogInit:      CURL_VERSION_SSL
LogInit:      CURL_VERSION_LIBZ
LogInit:      CURL_VERSION_IPV6
LogInit:      CURL_VERSION_ASYNCHDNS
LogInit:      CURL_VERSION_LARGEFILE
LogInit:      CURL_VERSION_IDN
LogInit:  CurlRequestOptions (configurable via config and command line):
LogInit:  - bVerifyPeer = false  - Libcurl will NOT verify peer certificate
LogInit:  - bUseHttpProxy = false  - Libcurl will NOT use HTTP proxy
LogInit:  - bDontReuseConnections = false  - Libcurl will reuse connections
LogInit:  - CertBundlePath = nullptr  - Libcurl will use whatever was configured at build time.
LogInit: Build: ++UE4+Release-4.16-CL-3561208
LogInit: Engine Version: 4.16.3-3561208+++UE4+Release-4.16
LogInit: Compatible Engine Version: 4.16.0-3452394+++UE4+Release-4.16
LogInit: Net CL: 3452394
LogDevObjectVersion: Number of dev versions registered: 16
LogDevObjectVersion:   Dev-Blueprints (B0D832E4-1F89-4F0D-ACCF-7EB736FD4AA2): 9
LogDevObjectVersion:   Dev-Build (E1C64328-A22C-4D53-A36C-8E866417BD8C): 0
LogDevObjectVersion:   Dev-Core (375EC13C-06E4-48FB-B500-84F0262A717E): 2
LogDevObjectVersion:   Dev-Editor (E4B068ED-F494-42E9-A231-DA0B2E46BB41): 17
LogDevObjectVersion:   Dev-Framework (CFFC743F-43B0-4480-9391-14DF171D2073): 23
LogDevObjectVersion:   Dev-Mobile (B02B49B5-BB20-44E9-A304-32B752E40360): 0
LogDevObjectVersion:   Dev-Networking (A4E4105C-59A1-49B5-A7C5-40C4547EDFEE): 0
LogDevObjectVersion:   Dev-Online (39C831C9-5AE6-47DC-9A44-9C173E1C8E7C): 0
LogDevObjectVersion:   Dev-Physics (78F01B33-EBEA-4F98-B9B4-84EACCB95AA2): 0
LogDevObjectVersion:   Dev-Platform (6631380F-2D4D-43E0-8009-CF276956A95A): 0
LogDevObjectVersion:   Dev-Rendering (12F88B9F-8875-4AFC-A67C-D90C383ABD29): 15
LogDevObjectVersion:   Dev-Sequencer (7B5AE74C-D270-4C10-A958-57980B212A5A): 4
LogDevObjectVersion:   Dev-VR (D7296918-1DD6-4BDD-9DE2-64A83CC13884): 0
LogDevObjectVersion:   Dev-LoadTimes (C2A15278-BFE7-4AFE-6C17-90FF531DF755): 1
LogDevObjectVersion:   Private-Geometry (6EACA3D4-40EC-4CC1-B786-8BED09428FC5): 1
LogDevObjectVersion:   Dev-AnimPhys (29E575DD-E0A3-4627-9D10-D276232CDCEA): 3
LogInit: Compiled (64-bit): Jul 28 2017 11:49:47
LogInit: Compiled with Visual C++: 19.00.24215.01
LogInit: Build Configuration: Development
LogInit: Branch Name: ++UE4+Release-4.16
LogInit: Command line: 
LogInit: Base directory: D:/Program Files (x86)/Epic Games/UE_4.16/Engine/Binaries/Win64/
LogInit: Installed Engine Build: 1
LogInit: Presizing for max 8388607 objects, including 0 objects not considered by GC, pre-allocating 0 bytes for permanent pool.
LogInit: Object subsystem initialized
[2018.04.30-16.18.24:849][  0]LogInit: Selected Device Profile: [Windows]
[2018.04.30-16.18.24:849][  0]LogInit: Applying CVar settings loaded from the selected device profile: [Windows]
[2018.04.30-16.18.24:869][  0]LogInit: Computer: DAVIDMASTERRACE
[2018.04.30-16.18.24:869][  0]LogInit: User: David
[2018.04.30-16.18.24:869][  0]LogInit: CPU Page size=4096, Cores=4
[2018.04.30-16.18.24:869][  0]LogInit: High frequency timer resolution =3.417965 MHz
[2018.04.30-16.18.24:870][  0]LogMemory: Memory total: Physical=15.9GB (16GB approx)
[2018.04.30-16.18.24:870][  0]LogMemory: Platform Memory Stats for Windows
[2018.04.30-16.18.24:870][  0]LogMemory: Process Physical Memory: 273.93 MB used, 273.93 MB peak
[2018.04.30-16.18.24:870][  0]LogMemory: Process Virtual Memory: 262.69 MB used, 262.69 MB peak
[2018.04.30-16.18.24:870][  0]LogMemory: Physical Memory: 5252.91 MB used,  11073.52 MB free, 16326.44 MB total
[2018.04.30-16.18.24:870][  0]LogMemory: Virtual Memory: 619.07 MB used,  11073.52 MB free, 134217728.00 MB total
[2018.04.30-16.18.24:934][  0]LogInit: Overriding language with editor language configuration option (en).
[2018.04.30-16.18.24:934][  0]LogInit: Overriding locale with editor locale configuration option (en).
[2018.04.30-16.18.25:676][  0]LogD3D11RHI: D3D11 adapters:
[2018.04.30-16.18.25:701][  0]LogD3D11RHI:    0. 'NVIDIA GeForce GTX 970' (Feature Level 11_0)
[2018.04.30-16.18.25:701][  0]LogD3D11RHI:       3975/0/8163 MB DedicatedVideo/DedicatedSystem/SharedSystem, Outputs:1, VendorId:0x10de
[2018.04.30-16.18.25:702][  0]LogD3D11RHI:    1. 'Microsoft Basic Render Driver' (Feature Level 11_0)
[2018.04.30-16.18.25:702][  0]LogD3D11RHI:       0/0/256 MB DedicatedVideo/DedicatedSystem/SharedSystem, Outputs:0, VendorId:0x1414
[2018.04.30-16.18.25:702][  0]LogD3D11RHI: Chosen D3D11 Adapter: 0
[2018.04.30-16.18.25:705][  0]LogD3D11RHI: Creating new Direct3DDevice
[2018.04.30-16.18.25:705][  0]LogD3D11RHI:     GPU DeviceId: 0x13c2 (for the marketing name, search the web for "GPU Device Id")
[2018.04.30-16.18.25:705][  0]LogWindows: EnumDisplayDevices:
[2018.04.30-16.18.25:705][  0]LogWindows:    0. 'NVIDIA GeForce GTX 970' (P:1 D:1)
[2018.04.30-16.18.25:705][  0]LogWindows:    1. 'NVIDIA GeForce GTX 970' (P:0 D:0)
[2018.04.30-16.18.25:705][  0]LogWindows:    2. 'NVIDIA GeForce GTX 970' (P:0 D:0)
[2018.04.30-16.18.25:705][  0]LogWindows:    3. 'NVIDIA GeForce GTX 970' (P:0 D:0)
[2018.04.30-16.18.25:706][  0]LogWindows: DebugString: FoundDriverCount:4 
[2018.04.30-16.18.25:706][  0]LogD3D11RHI:     Adapter Name: NVIDIA GeForce GTX 970
[2018.04.30-16.18.25:706][  0]LogD3D11RHI:   Driver Version: 388.13 (internal:23.21.13.8813, unified:388.13)
[2018.04.30-16.18.25:706][  0]LogD3D11RHI:      Driver Date: 10-27-2017
[2018.04.30-16.18.25:706][  0]LogRHI: Texture pool is 1361 MB (70% of 1945 MB)
[2018.04.30-16.18.25:717][  0]LogD3D11RHI: Async texture creation enabled
[2018.04.30-16.18.25:780][  0]LogD3D11RHI: GPU Timing Frequency: 1000.000000 (Debug: 2 2)
[2018.04.30-16.18.25:824][  0]LogShaderCompilers: Guid format shader working directory is -27 characters bigger than the processId version (C:/Users/David/Documents/GitHub/FuturoImperfecto/PRUEBAS/MechHackAndSlash/Intermediate/Shaders/WorkingDirectory/6424/).
[2018.04.30-16.18.25:824][  0]LogShaderCompilers: Cleaned the shader compiler working directory 'C:/Users/David/AppData/Local/Temp/UnrealShaderWorkingDir/EEA5EBCF402B21CE77BFBE84ADA70F06/'.
[2018.04.30-16.18.25:824][  0]LogShaderCompilers:Display: Using Local Shader Compiler.
[2018.04.30-16.18.26:712][  0]LogTemp:Display: Loaded TP AllDesktopTargetPlatform
[2018.04.30-16.18.26:743][  0]LogTemp:Display: Loaded TP MacClientTargetPlatform
[2018.04.30-16.18.26:775][  0]LogTemp:Display: Loaded TP MacNoEditorTargetPlatform
[2018.04.30-16.18.26:805][  0]LogTemp:Display: Loaded TP MacServerTargetPlatform
[2018.04.30-16.18.26:837][  0]LogTemp:Display: Loaded TP MacTargetPlatform
[2018.04.30-16.18.26:868][  0]LogTemp:Display: Loaded TP WindowsClientTargetPlatform
[2018.04.30-16.18.26:898][  0]LogTemp:Display: Loaded TP WindowsNoEditorTargetPlatform
[2018.04.30-16.18.26:930][  0]LogTemp:Display: Loaded TP WindowsServerTargetPlatform
[2018.04.30-16.18.26:956][  0]LogTemp:Display: Loaded TP WindowsTargetPlatform
[2018.04.30-16.18.26:986][  0]LogTemp:Display: Loaded TP AndroidTargetPlatform
[2018.04.30-16.18.27:016][  0]LogTemp:Display: Loaded TP Android_ASTCTargetPlatform
[2018.04.30-16.18.27:046][  0]LogTemp:Display: Loaded TP Android_ATCTargetPlatform
[2018.04.30-16.18.27:076][  0]LogTemp:Display: Loaded TP Android_DXTTargetPlatform
[2018.04.30-16.18.27:107][  0]LogTemp:Display: Loaded TP Android_ETC1TargetPlatform
[2018.04.30-16.18.27:137][  0]LogTemp:Display: Loaded TP Android_ETC2TargetPlatform
[2018.04.30-16.18.27:197][  0]LogTemp:Display: Loaded TP Android_MultiTargetPlatform
[2018.04.30-16.18.27:197][  0]LogTemp:Display: Loaded TP Android_PVRTCTargetPlatform
[2018.04.30-16.18.27:219][  0]LogTemp:Display: Loaded TP HTML5TargetPlatform
[2018.04.30-16.18.27:282][  0]LogTemp:Display: Loaded TP IOSTargetPlatform
[2018.04.30-16.18.27:301][  0]LogTemp:Display: Loaded TP TVOSTargetPlatform
[2018.04.30-16.18.27:332][  0]LogTemp:Display: Loaded TP LinuxClientTargetPlatform
[2018.04.30-16.18.27:361][  0]LogTemp:Display: Loaded TP LinuxNoEditorTargetPlatform
[2018.04.30-16.18.27:393][  0]LogTemp:Display: Loaded TP LinuxServerTargetPlatform
[2018.04.30-16.18.27:423][  0]LogTemp:Display: Loaded TP LinuxTargetPlatform
[2018.04.30-16.18.27:423][  0]LogTargetPlatformManager:Display: Building Assets For Windows
[2018.04.30-16.18.27:692][  0]LogDerivedDataCache:Display: Max Cache Size: 512 MB
[2018.04.30-16.18.27:777][  0]LogDerivedDataCache: Loaded boot cache 0.09s 91MB C:/Users/David/AppData/Local/UnrealEngine/4.16/DerivedDataCache/Boot.ddc.
[2018.04.30-16.18.27:777][  0]LogDerivedDataCache:Display: Loaded Boot cache: C:/Users/David/AppData/Local/UnrealEngine/4.16/DerivedDataCache/Boot.ddc
[2018.04.30-16.18.27:777][  0]LogDerivedDataCache: FDerivedDataBackendGraph:  Pak pak cache file C:/Users/David/Documents/GitHub/FuturoImperfecto/PRUEBAS/MechHackAndSlash/DerivedDataCache/DDC.ddp not found, will not use a pak cache.
[2018.04.30-16.18.27:777][  0]LogDerivedDataCache: Unable to find inner node Pak for hierarchical cache Hierarchy.
[2018.04.30-16.18.27:777][  0]LogDerivedDataCache: FDerivedDataBackendGraph:  CompressedPak pak cache file C:/Users/David/Documents/GitHub/FuturoImperfecto/PRUEBAS/MechHackAndSlash/DerivedDataCache/Compressed.ddp not found, will not use a pak cache.
[2018.04.30-16.18.27:777][  0]LogDerivedDataCache: Unable to find inner node CompressedPak for hierarchical cache Hierarchy.
[2018.04.30-16.18.27:793][  0]LogDerivedDataCache:Display: Pak cache opened for reading ../../../Engine/DerivedDataCache/Compressed.ddp.
[2018.04.30-16.18.27:805][  0]LogDerivedDataCache: Using Local data cache path C:/Users/David/AppData/Local/UnrealEngine/Common/DerivedDataCache: Writable
[2018.04.30-16.18.27:814][  0]LogMaterial: Verifying Global Shaders for PCD3D_SM5
[2018.04.30-16.18.27:814][  0]LogSlate: Using Freetype 2.6.0
[2018.04.30-16.18.27:814][  0]LogSlate: SlateFontCache - WITH_FREETYPE: 1, WITH_HARFBUZZ: 1
[2018.04.30-16.18.27:814][  0]LogSlate: SlateFontCache - WITH_FREETYPE: 1, WITH_HARFBUZZ: 1
[2018.04.30-16.18.28:071][  0]LogInit: Selected Device Profile: [Windows]
[2018.04.30-16.18.28:134][  0]LogContentStreaming: Texture pool size is 0.00 MB
[2018.04.30-16.18.28:245][  0]LogMeshUtilities: Using QuadricMeshReduction for automatic static mesh reduction
[2018.04.30-16.18.28:268][  0]LogSimplygon: Simplygon DLL not present - disabling.
[2018.04.30-16.18.28:294][  0]LogMeshUtilities: Using SimplygonSwarm for distributed automatic mesh merging
[2018.04.30-16.18.28:294][  0]LogMeshUtilities: No automatic skeletal mesh reduction module available
[2018.04.30-16.18.28:294][  0]LogMeshUtilities: No automatic mesh merging module available
[2018.04.30-16.18.28:675][  0]LogNetVersion: MechHackAndSlash , NetCL: 3452394, EngineNetVer: 2, GameNetVer: 0 (Checksum: 86869316)
[2018.04.30-16.18.28:724][  0]LogAssetRegistry: FAssetRegistry took 0.0258 seconds to start up
[2018.04.30-16.18.28:750][  0]LogPackageLocalizationCache: Processed 4 localized package path(s) for 1 prioritized culture(s) in 0.014769 seconds
[2018.04.30-16.18.28:756][  0]LogUObjectArray: 34194 objects as part of root set at end of initial load.
[2018.04.30-16.18.28:756][  0]LogUObjectAllocator: 7260416 out of 0 bytes used by permanent object pool.
[2018.04.30-16.18.28:756][  0]LogUObjectArray: CloseDisregardForGC: 0/0 objects in disregard for GC pool
[2018.04.30-16.18.28:790][  0]LogInit: WinSock: version 1.1 (2.2), MaxSocks=32767, MaxUdp=65467
[2018.04.30-16.18.30:390][  0]LogTcpMessaging: Initializing TcpMessaging bridge
[2018.04.30-16.18.30:417][  0]LogUdpMessaging: Initializing bridge on interface 0.0.0.0:0 to multicast group 230.0.0.1:6666.
[2018.04.30-16.18.30:766][  0]LogMaterial: Uniform references updated for custom material expression Custom.
[2018.04.30-16.18.30:996][  0]SourceControl: Info Source control is disabled
[2018.04.30-16.18.31:021][  0]SourceControl: Info Source control is disabled
[2018.04.30-16.18.31:047][  0]SourceControl: Info Source control is disabled
[2018.04.30-16.18.31:075][  0]SourceControl: Info Source control is disabled
[2018.04.30-16.18.31:464][  0]LogAndroidPermission: UAndroidPermissionCallbackProxy::GetInstance
[2018.04.30-16.18.31:795][  0]LogEngine: Initializing Engine...
[2018.04.30-16.18.31:796][  0]LogHMD: Failed to initialize OpenVR with code 110
[2018.04.30-16.18.31:956][  0]LogStats: UGameplayTagsManager::ConstructGameplayTagTree: Construct from data asset -  0.000 s
[2018.04.30-16.18.31:956][  0]LogStats: UGameplayTagsManager::ConstructGameplayTagTree: GameplayTagTreeChangedEvent.Broadcast -  0.000 s
[2018.04.30-16.18.32:028][  0]LogAIModule: Creating AISystem for world Untitled
[2018.04.30-16.18.32:050][  0]LogInit: XAudio2 using 'Speakers (Realtek High Definition Audio)' : 2 channels at 48 kHz using 32 bits per sample (channel mask 0x3)
[2018.04.30-16.18.32:066][  0]LogInit: FAudioDevice initialized.
[2018.04.30-16.18.32:101][  0]LogDerivedDataCache: Saved boot cache 0.04s 91MB C:/Users/David/AppData/Local/UnrealEngine/4.16/DerivedDataCache/Boot.ddc.
[2018.04.30-16.18.32:113][  0]LogInit: Texture streaming: Enabled
[2018.04.30-16.18.32:166][  0]LogEngineSessionManager: EngineSessionManager initialized
[2018.04.30-16.18.32:166][  0]LogEngineSessionManager: EngineSessionManager sent abnormal shutdown report. Type=Crashed, SessionId={93EC54D3-4DE6-6F6D-20C2-C1A2EBE7BE43}
[2018.04.30-16.18.32:285][  0]LogInit: Transaction tracking system initialized
[2018.04.30-16.18.32:453][  0]BlueprintLog: New page: Editor Load
[2018.04.30-16.18.32:957][  0]LocalizationService: Info Localization service is disabled
[2018.04.30-16.18.33:333][  0]LogConsoleResponse:Display: 
[2018.04.30-16.18.33:434][  0]LogCook:Display: Max memory allowance for cook 16384mb min free memory 0mb
[2018.04.30-16.18.33:434][  0]LogCook:Display: Mobile HDR setting 1
[2018.04.30-16.18.33:708][  0]LogFileCache: Scanning file cache for directory 'C:/Users/David/Documents/GitHub/FuturoImperfecto/PRUEBAS/MechHackAndSlash/Content/' took 0.02s
[2018.04.30-16.18.33:984][  0]SourceControl: Info Source control is disabled
[2018.04.30-16.18.33:984][  0]Cmd: MAP LOAD FILE="C:/Users/David/Documents/GitHub/FuturoImperfecto/PRUEBAS/MechHackAndSlash/Content/ThirdPersonBP/Maps/ThirdPersonExampleMap.umap" TEMPLATE=0 SHOWPROGRESS=1 FEATURELEVEL=3
[2018.04.30-16.18.33:984][  0]LogEditorServer:Warning: Can't find file 'C:/Users/David/Documents/GitHub/FuturoImperfecto/PRUEBAS/MechHackAndSlash/Content/ThirdPersonBP/Maps/ThirdPersonExampleMap.umap'
[2018.04.30-16.18.33:984][  0]Cmd: MAP CHECKDEP NOCLEARLOG
[2018.04.30-16.18.34:013][  0]MapCheck: Info Map check complete: 0 Error(s), 0 Warning(s), took 28.022ms to complete.
[2018.04.30-16.18.34:013][  0]LogFileHelpers: Loading map 'ThirdPersonExampleMap' took 0.028
[2018.04.30-16.18.34:161][  0]LogCollectionManager: Loaded 0 collections in 0.001296 seconds
[2018.04.30-16.18.34:220][  0]LogFileCache: Scanning file cache for directory 'C:/Users/David/Documents/GitHub/FuturoImperfecto/PRUEBAS/MechHackAndSlash/Saved/Collections/' took 0.01s
[2018.04.30-16.18.34:220][  0]LogFileCache: Scanning file cache for directory 'C:/Users/David/Documents/GitHub/FuturoImperfecto/PRUEBAS/MechHackAndSlash/Content/Developers/David/Collections/' took 0.01s
[2018.04.30-16.18.34:220][  0]LogFileCache: Scanning file cache for directory 'C:/Users/David/Documents/GitHub/FuturoImperfecto/PRUEBAS/MechHackAndSlash/Content/Collections/' took 0.01s
[2018.04.30-16.18.34:220][  0]LogCollectionManager: Rebuilt the GUID cache for 0 collections in 0.000001 seconds
[2018.04.30-16.18.34:227][  0]LogContentBrowser: Native class hierarchy populated in 0.0071 seconds. Added 2336 classes and 493 folders.
[2018.04.30-16.18.34:262][  0]LogContentBrowser: Native class hierarchy updated for 'WidgetCarousel' in 0.0004 seconds. Added 0 classes and 0 folders.
[2018.04.30-16.18.34:290][  0]LogContentBrowser: Native class hierarchy updated for 'AddContentDialog' in 0.0005 seconds. Added 0 classes and 0 folders.
[2018.04.30-16.18.34:315][  0]LogContentBrowser: Native class hierarchy updated for 'SceneOutliner' in 0.0004 seconds. Added 1 classes and 2 folders.
[2018.04.30-16.18.34:342][  0]LogContentBrowser: Native class hierarchy updated for 'WorldBrowser' in 0.0004 seconds. Added 1 classes and 3 folders.
[2018.04.30-16.18.34:399][  0]LogCrashTracker: Crashtracker disabled due to settings.
[2018.04.30-16.18.34:403][  0]LogUObjectGlobals:Warning: Failed to find object 'Class None.'
[2018.04.30-16.18.34:450][  0]LogContentBrowser: Native class hierarchy updated for 'HierarchicalLODOutliner' in 0.0005 seconds. Added 1 classes and 2 folders.
[2018.04.30-16.18.34:451][  0]LogLoad: (Engine Initialization) Total time: 10.76 seconds
[2018.04.30-16.18.34:451][  0]LogLoad: (Engine Initialization) Total Blueprint compile time: 0.03 seconds
[2018.04.30-16.18.34:451][  0]LogExternalProfiler: Found external profiler: VSPerf
[2018.04.30-16.18.34:451][  0]LogExternalProfiler: Using external profiler: VSPerf
[2018.04.30-16.18.34:459][  0]LogOcInput: OculusInput pre-init called
[2018.04.30-16.18.34:460][  0]LogHMD: Starting GearVRController plugin
[2018.04.30-16.18.34:477][  0]LogContentStreaming: Texture pool size now 1000 MB
[2018.04.30-16.18.34:478][  0]LogSlate: Took 0.000181 seconds to synchronously load lazily loaded font '../../../Engine/Content/Slate/Fonts/Roboto-Regular.ttf' (155K)
[2018.04.30-16.18.34:480][  0]LogSlate: Took 0.000125 seconds to synchronously load lazily loaded font '../../../Engine/Content/Slate/Fonts/Roboto-Bold.ttf' (160K)
[2018.04.30-16.18.34:484][  0]LogSlate: Took 0.000123 seconds to synchronously load lazily loaded font '../../../Engine/Content/Editor/Slate/Fonts/FontAwesome.ttf' (139K)
[2018.04.30-16.18.34:562][  0]LogSlate: Took 0.000176 seconds to synchronously load lazily loaded font '../../../Engine/Content/Slate/Fonts/Roboto-Light.ttf' (159K)
[2018.04.30-16.18.34:600][  1]LogRenderer: Reallocating scene render targets to support 1196x560 NumSamples 1 (Frame:1).
[2018.04.30-16.18.34:600][  1]LogAssetRegistry: Asset discovery search completed in 5.8982 seconds
[2018.04.30-16.18.34:602][  1]LogCollectionManager: Rebuilt the object cache for 0 collections in 0.000000 seconds (found 0 objects)
[2018.04.30-16.18.34:602][  1]LogCollectionManager: Fixed up redirectors for 0 collections in 0.000024 seconds (updated 0 objects)
[2018.04.30-16.18.35:500][ 93]LogSlate: Took 0.000161 seconds to synchronously load lazily loaded font '../../../Engine/Content/Slate/Fonts/Roboto-Light.ttf' (159K)
[2018.04.30-16.18.40:595][678]LogSlate: Took 0.000116 seconds to synchronously load lazily loaded font '../../../Engine/Content/Slate/Fonts/Roboto-Light.ttf' (159K)
[2018.04.30-16.18.40:888][678]LogClass:Warning: Enum '/Game/GrassBlueprint/Enumerator/WindAssets.WindAssets' was upgraded to use FText to store its display name data. Please re-save this asset to avoid issues with localization and determinstic cooking.
[2018.04.30-16.18.40:937][678]LogContentBrowser: Native class hierarchy updated for 'BlueprintGraph' in 0.0007 seconds. Added 112 classes and 0 folders.
[2018.04.30-16.18.41:446][678]LogLinker:Warning: Can't resolve asset name
[2018.04.30-16.18.41:461][678]LogMaterial: Missing cached shader map for material Material_0, compiling. 
[2018.04.30-16.18.41:543][678]LogContentBrowser:Verbose: The majority of assets in the view are of type: FileMediaSource
[2018.04.30-16.18.43:602][909]LogSlate: Took 0.000170 seconds to synchronously load lazily loaded font '../../../Engine/Content/Editor/Slate/Fonts/Roboto-BoldCondensed.ttf' (158K)
[2018.04.30-16.18.57:331][391]LogSlate: Took 0.000130 seconds to synchronously load lazily loaded font '../../../Engine/Content/Slate/Fonts/Roboto-Regular.ttf' (155K)
[2018.04.30-16.18.58:783][391]LogAIModule: Creating AISystem for world ThirdPersonExampleMap
[2018.04.30-16.18.58:958][391]Cmd: MAP LOAD FILE="C:/Users/David/Documents/GitHub/FuturoImperfecto/PRUEBAS/MechHackAndSlash/Content/Niveles/ThirdPersonExampleMap.umap" TEMPLATE=0 SHOWPROGRESS=1 FEATURELEVEL=3
[2018.04.30-16.18.58:958][391]LightingResults: New page: Lighting Build
[2018.04.30-16.18.58:981][391]LogContentBrowser: Native class hierarchy updated for 'StatsViewer' in 0.0004 seconds. Added 5 classes and 0 folders.
[2018.04.30-16.18.58:981][391]LoadErrors: New page: Loading map: ThirdPersonExampleMap.umap
[2018.04.30-16.18.58:982][391]MapCheck: New page: Map Check
[2018.04.30-16.18.58:982][391]LightingResults: New page: Lighting Build
[2018.04.30-16.19.02:293][391]LogEditorServer: Finished looking for orphan Actors (0.000 secs)
[2018.04.30-16.19.02:420][391]Cmd: MAP CHECKDEP NOCLEARLOG
[2018.04.30-16.19.02:500][391]MapCheck: Info Map check complete: 0 Error(s), 0 Warning(s), took 80.128ms to complete.
[2018.04.30-16.19.02:500][391]LogFileHelpers: Loading map 'ThirdPersonExampleMap' took 3.542
[2018.04.30-16.19.10:270][187]LogSlate: Took 0.000158 seconds to synchronously load lazily loaded font '../../../Engine/Content/Editor/Slate/Fonts/Roboto-Italic.ttf' (157K)
[2018.04.30-16.19.47:327][868]BlueprintLog: New page: Compile ThirdPersonExampleMap
[2018.04.30-16.19.48:778][906]LogSavePackage: Save=656.18ms
[2018.04.30-16.19.48:778][906]LogSavePackage: Moving 'C:/Users/David/Documents/GitHub/FuturoImperfecto/PRUEBAS/MechHackAndSlash/Saved/ThirdPersonExampleMap8C6E82D746917F8251EB7BBD7BB39E05.tmp' to 'C:/Users/David/Documents/GitHub/FuturoImperfecto/PRUEBAS/MechHackAndSlash/Content/Niveles/ThirdPersonExampleMap.umap'
[2018.04.30-16.19.48:781][906]LogSavePackage:Display: Finished SavePackage C:/Users/David/Documents/GitHub/FuturoImperfecto/PRUEBAS/MechHackAndSlash/Content/Niveles/ThirdPersonExampleMap.umap
[2018.04.30-16.19.48:854][906]LogFileHelpers: Saving map 'ThirdPersonExampleMap' took 0.845
[2018.04.30-16.20.02:410][486]Cmd: OBJ SAVEPACKAGE PACKAGE="/Game/Movies/MenuPrincipal" FILE="C:/Users/David/Documents/GitHub/FuturoImperfecto/PRUEBAS/MechHackAndSlash/Content/Movies/MenuPrincipal.uasset" SILENT=true
[2018.04.30-16.20.02:417][486]LogSavePackage: Save=4.13ms
[2018.04.30-16.20.02:417][486]LogSavePackage: Moving 'C:/Users/David/Documents/GitHub/FuturoImperfecto/PRUEBAS/MechHackAndSlash/Saved/MenuPrincipal67283812481C77768923C0A2C9CE06E6.tmp' to 'C:/Users/David/Documents/GitHub/FuturoImperfecto/PRUEBAS/MechHackAndSlash/Content/Movies/MenuPrincipal.uasset'
[2018.04.30-16.20.02:420][486]LogSavePackage:Display: Finished SavePackage C:/Users/David/Documents/GitHub/FuturoImperfecto/PRUEBAS/MechHackAndSlash/Content/Movies/MenuPrincipal.uasset
[2018.04.30-16.20.33:911][137]LogSlate: Took 0.002291 seconds to synchronously load lazily loaded font '../../../Engine/Content/Slate/Fonts/DroidSansFallback.ttf' (3848K)
[2018.04.30-16.24.46:315][345]LogEditorTransaction: Undo Edit Min Desired Width
[2018.04.30-16.24.47:623][416]BlueprintLog: New page: Compile MenuPrincipal
[2018.04.30-16.24.47:788][416]BlueprintEditorCompileResults: Info Fast Template Successfully Created.
[2018.04.30-16.24.48:108][435]Cmd: OBJ SAVEPACKAGE PACKAGE="/Game/Menus/MenuPrincipal" FILE="C:/Users/David/Documents/GitHub/FuturoImperfecto/PRUEBAS/MechHackAndSlash/Content/Menus/MenuPrincipal.uasset" SILENT=true
[2018.04.30-16.24.48:135][435]LogSavePackage: Save=24.21ms
[2018.04.30-16.24.48:135][435]LogSavePackage: Moving 'C:/Users/David/Documents/GitHub/FuturoImperfecto/PRUEBAS/MechHackAndSlash/Saved/MenuPrincipal5011D91B42F1EFB200FC399EBAFD2061.tmp' to 'C:/Users/David/Documents/GitHub/FuturoImperfecto/PRUEBAS/MechHackAndSlash/Content/Menus/MenuPrincipal.uasset'
[2018.04.30-16.24.48:139][435]LogSavePackage:Display: Finished SavePackage C:/Users/David/Documents/GitHub/FuturoImperfecto/PRUEBAS/MechHackAndSlash/Content/Menus/MenuPrincipal.uasset
[2018.04.30-16.25.09:422][477]BlueprintLog: New page: Compile MenuPrincipal
[2018.04.30-16.25.09:566][477]BlueprintEditorCompileResults: Info Fast Template Successfully Created.
[2018.04.30-16.25.09:840][489]Cmd: OBJ SAVEPACKAGE PACKAGE="/Game/Menus/MenuPrincipal" FILE="C:/Users/David/Documents/GitHub/FuturoImperfecto/PRUEBAS/MechHackAndSlash/Content/Menus/MenuPrincipal.uasset" SILENT=true
[2018.04.30-16.25.09:870][489]LogSavePackage: Save=24.08ms
[2018.04.30-16.25.09:870][489]LogSavePackage: Moving 'C:/Users/David/Documents/GitHub/FuturoImperfecto/PRUEBAS/MechHackAndSlash/Saved/MenuPrincipal7922AF834DACB3FF5AEC52B61E4A4ECA.tmp' to 'C:/Users/David/Documents/GitHub/FuturoImperfecto/PRUEBAS/MechHackAndSlash/Content/Menus/MenuPrincipal.uasset'
[2018.04.30-16.25.09:872][489]LogSavePackage:Display: Finished SavePackage C:/Users/David/Documents/GitHub/FuturoImperfecto/PRUEBAS/MechHackAndSlash/Content/Menus/MenuPrincipal.uasset
[2018.04.30-16.25.16:074][831]LogTemp: Repeting last play command: Selected Viewport
[2018.04.30-16.25.16:168][831]LogBlueprintUserMessages: Early PlayInEditor Detection: Level '/Game/Niveles/ThirdPersonExampleMap.ThirdPersonExampleMap:PersistentLevel' has LevelScriptBlueprint '/Game/Niveles/ThirdPersonExampleMap.ThirdPersonExampleMap:PersistentLevel.ThirdPersonExampleMap' with GeneratedClass '/Game/Niveles/ThirdPersonExampleMap.ThirdPersonExampleMap_C' with ClassGeneratedBy '/Game/Niveles/ThirdPersonExampleMap.ThirdPersonExampleMap:PersistentLevel.ThirdPersonExampleMap'
[2018.04.30-16.25.16:168][831]LogBlueprintUserMessages: Early PlayInEditor Detection: Level '/Game/Niveles/BlueLevel.BlueLevel:PersistentLevel' has LevelScriptBlueprint '/Game/Niveles/BlueLevel.BlueLevel:PersistentLevel.BlueLevel' with GeneratedClass '/Game/Niveles/BlueLevel.BlueLevel_C' with ClassGeneratedBy '/Game/Niveles/BlueLevel.BlueLevel:PersistentLevel.BlueLevel'
[2018.04.30-16.25.16:168][831]LogBlueprintUserMessages: Early PlayInEditor Detection: Level '/Game/Niveles/RedLevel.RedLevel:PersistentLevel' has LevelScriptBlueprint '/Game/Niveles/RedLevel.RedLevel:PersistentLevel.RedLevel' with GeneratedClass '/Game/Niveles/RedLevel.RedLevel_C' with ClassGeneratedBy '/Game/Niveles/RedLevel.RedLevel:PersistentLevel.RedLevel'
[2018.04.30-16.25.16:168][831]LogBlueprintUserMessages: Early PlayInEditor Detection: Level '/Game/Niveles/LevelTuto.LevelTuto:PersistentLevel' has LevelScriptBlueprint '/Game/Niveles/LevelTuto.LevelTuto:PersistentLevel.LevelTuto' with GeneratedClass '/Game/Niveles/LevelTuto.LevelTuto_C' with ClassGeneratedBy '/Game/Niveles/LevelTuto.LevelTuto:PersistentLevel.LevelTuto'
[2018.04.30-16.25.16:176][831]LogPlayLevel: PlayLevel: No blueprints needed recompiling
[2018.04.30-16.25.16:176][831]PIE: New page: PIE session: ThirdPersonExampleMap (Apr 30, 2018, 8:25:16 PM)
[2018.04.30-16.25.16:177][831]LogPlayLevel: Creating play world package: /Game/Niveles/UEDPIE_0_ThirdPersonExampleMap
[2018.04.30-16.25.16:203][831]LogPlayLevel: PIE: StaticDuplicateObject took: (0.025747s)
[2018.04.30-16.25.16:203][831]LogAIModule: Creating AISystem for world ThirdPersonExampleMap
[2018.04.30-16.25.16:204][831]LogPlayLevel: PIE: World Init took: (0.001037s)
[2018.04.30-16.25.16:204][831]LogPlayLevel: PIE: Created PIE world by copying editor world from /Game/Niveles/ThirdPersonExampleMap.ThirdPersonExampleMap to /Game/Niveles/UEDPIE_0_ThirdPersonExampleMap.ThirdPersonExampleMap (0.027090s)
[2018.04.30-16.25.16:241][831]LogInit: XAudio2 using 'Speakers (Realtek High Definition Audio)' : 2 channels at 48 kHz using 32 bits per sample (channel mask 0x3)
[2018.04.30-16.25.16:247][831]LogInit: FAudioDevice initialized.
[2018.04.30-16.25.16:287][831]LogLoad: Game class is 'ThirdPersonGameMode_C'
[2018.04.30-16.25.16:292][831]LogWorld: Bringing World /Game/Niveles/UEDPIE_0_ThirdPersonExampleMap.ThirdPersonExampleMap up for play (max tick rate 0) at 2018.04.30-18.25.16
[2018.04.30-16.25.16:292][831]LogWorld: Bringing up level for play took: 0.001506
[2018.04.30-16.25.16:316][831]LogContentBrowser: Native class hierarchy updated for 'MovieSceneCapture' in 0.0005 seconds. Added 11 classes and 0 folders.
[2018.04.30-16.25.16:317][831]LogLevel: ActivateLevel /Game/Niveles/UEDPIE_0_BlueLevel 0 0 0
[2018.04.30-16.25.16:317][831]PIE: Info Play in editor start time for /Game/Niveles/UEDPIE_0_ThirdPersonExampleMap 0.308
[2018.04.30-16.25.16:317][831]LogBlueprintUserMessages: Late PlayInEditor Detection: Level '/Game/Niveles/ThirdPersonExampleMap.ThirdPersonExampleMap:PersistentLevel' has LevelScriptBlueprint '/Game/Niveles/ThirdPersonExampleMap.ThirdPersonExampleMap:PersistentLevel.ThirdPersonExampleMap' with GeneratedClass '/Game/Niveles/ThirdPersonExampleMap.ThirdPersonExampleMap_C' with ClassGeneratedBy '/Game/Niveles/ThirdPersonExampleMap.ThirdPersonExampleMap:PersistentLevel.ThirdPersonExampleMap'
[2018.04.30-16.25.16:317][831]LogBlueprintUserMessages: Late PlayInEditor Detection: Level '/Game/Niveles/BlueLevel.BlueLevel:PersistentLevel' has LevelScriptBlueprint '/Game/Niveles/BlueLevel.BlueLevel:PersistentLevel.BlueLevel' with GeneratedClass '/Game/Niveles/BlueLevel.BlueLevel_C' with ClassGeneratedBy '/Game/Niveles/BlueLevel.BlueLevel:PersistentLevel.BlueLevel'
[2018.04.30-16.25.16:317][831]LogBlueprintUserMessages: Late PlayInEditor Detection: Level '/Game/Niveles/RedLevel.RedLevel:PersistentLevel' has LevelScriptBlueprint '/Game/Niveles/RedLevel.RedLevel:PersistentLevel.RedLevel' with GeneratedClass '/Game/Niveles/RedLevel.RedLevel_C' with ClassGeneratedBy '/Game/Niveles/RedLevel.RedLevel:PersistentLevel.RedLevel'
[2018.04.30-16.25.16:317][831]LogBlueprintUserMessages: Late PlayInEditor Detection: Level '/Game/Niveles/LevelTuto.LevelTuto:PersistentLevel' has LevelScriptBlueprint '/Game/Niveles/LevelTuto.LevelTuto:PersistentLevel.LevelTuto' with GeneratedClass '/Game/Niveles/LevelTuto.LevelTuto_C' with ClassGeneratedBy '/Game/Niveles/LevelTuto.LevelTuto:PersistentLevel.LevelTuto'
[2018.04.30-16.25.16:319][831]LogLevel: ActivateLevel /Game/Niveles/UEDPIE_0_RedLevel 0 0 0
[2018.04.30-16.25.16:357][832]LogLevel: ActivateLevel /Game/Niveles/UEDPIE_0_LevelTuto 0 0 0
[2018.04.30-16.25.19:026][152]LogBlueprintUserMessages: Early EndPlayMap Detection: Level '/Game/Niveles/ThirdPersonExampleMap.ThirdPersonExampleMap:PersistentLevel' has LevelScriptBlueprint '/Game/Niveles/ThirdPersonExampleMap.ThirdPersonExampleMap:PersistentLevel.ThirdPersonExampleMap' with GeneratedClass '/Game/Niveles/ThirdPersonExampleMap.ThirdPersonExampleMap_C' with ClassGeneratedBy '/Game/Niveles/ThirdPersonExampleMap.ThirdPersonExampleMap:PersistentLevel.ThirdPersonExampleMap'
[2018.04.30-16.25.19:026][152]LogBlueprintUserMessages: Early EndPlayMap Detection: Level '/Game/Niveles/BlueLevel.BlueLevel:PersistentLevel' has LevelScriptBlueprint '/Game/Niveles/BlueLevel.BlueLevel:PersistentLevel.BlueLevel' with GeneratedClass '/Game/Niveles/BlueLevel.BlueLevel_C' with ClassGeneratedBy '/Game/Niveles/BlueLevel.BlueLevel:PersistentLevel.BlueLevel'
[2018.04.30-16.25.19:026][152]LogBlueprintUserMessages: Early EndPlayMap Detection: Level '/Game/Niveles/RedLevel.RedLevel:PersistentLevel' has LevelScriptBlueprint '/Game/Niveles/RedLevel.RedLevel:PersistentLevel.RedLevel' with GeneratedClass '/Game/Niveles/RedLevel.RedLevel_C' with ClassGeneratedBy '/Game/Niveles/RedLevel.RedLevel:PersistentLevel.RedLevel'
[2018.04.30-16.25.19:026][152]LogBlueprintUserMessages: Early EndPlayMap Detection: Level '/Game/Niveles/LevelTuto.LevelTuto:PersistentLevel' has LevelScriptBlueprint '/Game/Niveles/LevelTuto.LevelTuto:PersistentLevel.LevelTuto' with GeneratedClass '/Game/Niveles/LevelTuto.LevelTuto_C' with ClassGeneratedBy '/Game/Niveles/LevelTuto.LevelTuto:PersistentLevel.LevelTuto'
[2018.04.30-16.25.19:063][152]LogBlueprintUserMessages: Late EndPlayMap Detection: Level '/Game/Niveles/ThirdPersonExampleMap.ThirdPersonExampleMap:PersistentLevel' has LevelScriptBlueprint '/Game/Niveles/ThirdPersonExampleMap.ThirdPersonExampleMap:PersistentLevel.ThirdPersonExampleMap' with GeneratedClass '/Game/Niveles/ThirdPersonExampleMap.ThirdPersonExampleMap_C' with ClassGeneratedBy '/Game/Niveles/ThirdPersonExampleMap.ThirdPersonExampleMap:PersistentLevel.ThirdPersonExampleMap'
[2018.04.30-16.25.19:063][152]LogBlueprintUserMessages: Late EndPlayMap Detection: Level '/Game/Niveles/BlueLevel.BlueLevel:PersistentLevel' has LevelScriptBlueprint '/Game/Niveles/BlueLevel.BlueLevel:PersistentLevel.BlueLevel' with GeneratedClass '/Game/Niveles/BlueLevel.BlueLevel_C' with ClassGeneratedBy '/Game/Niveles/BlueLevel.BlueLevel:PersistentLevel.BlueLevel'
[2018.04.30-16.25.19:063][152]LogBlueprintUserMessages: Late EndPlayMap Detection: Level '/Game/Niveles/RedLevel.RedLevel:PersistentLevel' has LevelScriptBlueprint '/Game/Niveles/RedLevel.RedLevel:PersistentLevel.RedLevel' with GeneratedClass '/Game/Niveles/RedLevel.RedLevel_C' with ClassGeneratedBy '/Game/Niveles/RedLevel.RedLevel:PersistentLevel.RedLevel'
[2018.04.30-16.25.19:063][152]LogBlueprintUserMessages: Late EndPlayMap Detection: Level '/Game/Niveles/LevelTuto.LevelTuto:PersistentLevel' has LevelScriptBlueprint '/Game/Niveles/LevelTuto.LevelTuto:PersistentLevel.LevelTuto' with GeneratedClass '/Game/Niveles/LevelTuto.LevelTuto_C' with ClassGeneratedBy '/Game/Niveles/LevelTuto.LevelTuto:PersistentLevel.LevelTuto'
[2018.04.30-16.26.17:398][329]LogSpawn:Warning: UWorld::DestroyActor: World has no context! World: BlueLevel, Actor: /Game/Niveles/BlueLevel.BlueLevel:PersistentLevel.BlueLevel_C_0
[2018.04.30-16.26.17:948][329]LogSavePackage: Save=567.62ms
[2018.04.30-16.26.17:948][329]LogSavePackage: Moving 'C:/Users/David/Documents/GitHub/FuturoImperfecto/PRUEBAS/MechHackAndSlash/Saved/BlueLevelFC2768184A068278BBFE7D99B627AB24.tmp' to 'C:/Users/David/Documents/GitHub/FuturoImperfecto/PRUEBAS/MechHackAndSlash/Content/Niveles/BlueLevel.umap'
[2018.04.30-16.26.17:951][329]LogSavePackage:Display: Finished SavePackage C:/Users/David/Documents/GitHub/FuturoImperfecto/PRUEBAS/MechHackAndSlash/Content/Niveles/BlueLevel.umap
[2018.04.30-16.26.17:952][329]LogFileHelpers: Saving map 'BlueLevel' took 0.711
[2018.04.30-16.26.24:125][957]Cmd: OBJ SAVEPACKAGE PACKAGE="/Game/Movies/MenuPrincipal" FILE="C:/Users/David/Documents/GitHub/FuturoImperfecto/PRUEBAS/MechHackAndSlash/Content/Movies/MenuPrincipal.uasset" SILENT=true
[2018.04.30-16.26.24:131][957]LogSavePackage: Save=3.84ms
[2018.04.30-16.26.24:131][957]LogSavePackage: Moving 'C:/Users/David/Documents/GitHub/FuturoImperfecto/PRUEBAS/MechHackAndSlash/Saved/MenuPrincipal08351ACA4CBA5EAAC75E00BEE0DF545A.tmp' to 'C:/Users/David/Documents/GitHub/FuturoImperfecto/PRUEBAS/MechHackAndSlash/Content/Movies/MenuPrincipal.uasset'
[2018.04.30-16.26.24:132][957]LogSavePackage:Display: Finished SavePackage C:/Users/David/Documents/GitHub/FuturoImperfecto/PRUEBAS/MechHackAndSlash/Content/Movies/MenuPrincipal.uasset
[2018.04.30-16.27.37:659][368]LogSlate: Only BGRA pngs, bmps or icos are supported in by External Image Picker
[2018.04.30-16.27.37:689][369]LogTemp: Executing iPhonePackager certificates Engine -bundlename com.YourCompany.MechHackAndSlash
[2018.04.30-16.27.37:689][369]LogTemp: CWD: D:\Program Files (x86)\Epic Games\UE_4.16\Engine\Binaries\DotNET\IOS
[2018.04.30-16.27.37:689][369]LogTemp: Initial Dir: D:\Program Files (x86)\Epic Games\UE_4.16
[2018.04.30-16.27.37:689][369]LogTemp: Env CWD: D:\Program Files (x86)\Epic Games\UE_4.16\Engine\Binaries\DotNET\IOS
[2018.04.30-16.27.37:689][369]LogTemp: BranchPath = DAVIDMASTERRACE/D/Program Files (x86)/Epic Games/UE_4.16/Engine/Binaries --- GameBranchPath = DAVIDMASTERRACE/D/Program Files (x86)/Epic Games/UE_4.16/Engine/Binaries
[2018.04.30-16.27.37:689][369]LogTemp: IPP ERROR: Could not find provision directory 'C:\Users\David\AppData\Local/Apple Computer/MobileDevice/Provisioning Profiles/'.
[2018.04.30-16.29.47:587][736]BlueprintLog: New page: Compile ThirdPersonExampleMap
[2018.04.30-16.29.48:898][771]LogSavePackage: Save=667.05ms
[2018.04.30-16.29.48:898][771]LogSavePackage: Moving 'C:/Users/David/Documents/GitHub/FuturoImperfecto/PRUEBAS/MechHackAndSlash/Saved/ThirdPersonExampleMap457397BE4D2D98A5FAB38C8D367E1A29.tmp' to 'C:/Users/David/Documents/GitHub/FuturoImperfecto/PRUEBAS/MechHackAndSlash/Content/Niveles/ThirdPersonExampleMap.umap'
[2018.04.30-16.29.48:901][771]LogSavePackage:Display: Finished SavePackage C:/Users/David/Documents/GitHub/FuturoImperfecto/PRUEBAS/MechHackAndSlash/Content/Niveles/ThirdPersonExampleMap.umap
[2018.04.30-16.29.48:971][771]LogFileHelpers: Saving map 'ThirdPersonExampleMap' took 0.849
[2018.04.30-16.29.50:552][931]LogTemp: Repeting last play command: Selected Viewport
[2018.04.30-16.29.50:597][931]LogBlueprintUserMessages: Early PlayInEditor Detection: Level '/Game/Niveles/ThirdPersonExampleMap.ThirdPersonExampleMap:PersistentLevel' has LevelScriptBlueprint '/Game/Niveles/ThirdPersonExampleMap.ThirdPersonExampleMap:PersistentLevel.ThirdPersonExampleMap' with GeneratedClass '/Game/Niveles/ThirdPersonExampleMap.ThirdPersonExampleMap_C' with ClassGeneratedBy '/Game/Niveles/ThirdPersonExampleMap.ThirdPersonExampleMap:PersistentLevel.ThirdPersonExampleMap'
[2018.04.30-16.29.50:597][931]LogBlueprintUserMessages: Early PlayInEditor Detection: Level '/Game/Niveles/BlueLevel.BlueLevel:PersistentLevel' has LevelScriptBlueprint '/Game/Niveles/BlueLevel.BlueLevel:PersistentLevel.BlueLevel' with GeneratedClass '/Game/Niveles/BlueLevel.BlueLevel_C' with ClassGeneratedBy '/Game/Niveles/BlueLevel.BlueLevel:PersistentLevel.BlueLevel'
[2018.04.30-16.29.50:597][931]LogBlueprintUserMessages: Early PlayInEditor Detection: Level '/Game/Niveles/RedLevel.RedLevel:PersistentLevel' has LevelScriptBlueprint '/Game/Niveles/RedLevel.RedLevel:PersistentLevel.RedLevel' with GeneratedClass '/Game/Niveles/RedLevel.RedLevel_C' with ClassGeneratedBy '/Game/Niveles/RedLevel.RedLevel:PersistentLevel.RedLevel'
[2018.04.30-16.29.50:597][931]LogBlueprintUserMessages: Early PlayInEditor Detection: Level '/Game/Niveles/LevelTuto.LevelTuto:PersistentLevel' has LevelScriptBlueprint '/Game/Niveles/LevelTuto.LevelTuto:PersistentLevel.LevelTuto' with GeneratedClass '/Game/Niveles/LevelTuto.LevelTuto_C' with ClassGeneratedBy '/Game/Niveles/LevelTuto.LevelTuto:PersistentLevel.LevelTuto'
[2018.04.30-16.29.50:597][931]LogPlayLevel: PlayLevel: No blueprints needed recompiling
[2018.04.30-16.29.50:597][931]PIE: New page: PIE session: ThirdPersonExampleMap (Apr 30, 2018, 8:29:50 PM)
[2018.04.30-16.29.50:597][931]LogPlayLevel: Creating play world package: /Game/Niveles/UEDPIE_0_ThirdPersonExampleMap
[2018.04.30-16.29.50:623][931]LogPlayLevel: PIE: StaticDuplicateObject took: (0.025658s)
[2018.04.30-16.29.50:624][931]LogAIModule: Creating AISystem for world ThirdPersonExampleMap
[2018.04.30-16.29.50:624][931]LogPlayLevel: PIE: World Init took: (0.001110s)
[2018.04.30-16.29.50:624][931]LogPlayLevel: PIE: Created PIE world by copying editor world from /Game/Niveles/ThirdPersonExampleMap.ThirdPersonExampleMap to /Game/Niveles/UEDPIE_0_ThirdPersonExampleMap.ThirdPersonExampleMap (0.027067s)
[2018.04.30-16.29.50:661][931]LogInit: XAudio2 using 'Speakers (Realtek High Definition Audio)' : 2 channels at 48 kHz using 32 bits per sample (channel mask 0x3)
[2018.04.30-16.29.50:667][931]LogInit: FAudioDevice initialized.
[2018.04.30-16.29.50:697][931]LogLoad: Game class is 'ThirdPersonGameMode_C'
[2018.04.30-16.29.50:702][931]LogWorld: Bringing World /Game/Niveles/UEDPIE_0_ThirdPersonExampleMap.ThirdPersonExampleMap up for play (max tick rate 0) at 2018.04.30-18.29.50
[2018.04.30-16.29.50:702][931]LogWorld: Bringing up level for play took: 0.001796
[2018.04.30-16.29.50:704][931]LogLevel: ActivateLevel /Game/Niveles/UEDPIE_0_BlueLevel 0 0 0
[2018.04.30-16.29.50:704][931]PIE: Info Play in editor start time for /Game/Niveles/UEDPIE_0_ThirdPersonExampleMap 0.695
[2018.04.30-16.29.50:705][931]LogBlueprintUserMessages: Late PlayInEditor Detection: Level '/Game/Niveles/ThirdPersonExampleMap.ThirdPersonExampleMap:PersistentLevel' has LevelScriptBlueprint '/Game/Niveles/ThirdPersonExampleMap.ThirdPersonExampleMap:PersistentLevel.ThirdPersonExampleMap' with GeneratedClass '/Game/Niveles/ThirdPersonExampleMap.ThirdPersonExampleMap_C' with ClassGeneratedBy '/Game/Niveles/ThirdPersonExampleMap.ThirdPersonExampleMap:PersistentLevel.ThirdPersonExampleMap'
[2018.04.30-16.29.50:705][931]LogBlueprintUserMessages: Late PlayInEditor Detection: Level '/Game/Niveles/BlueLevel.BlueLevel:PersistentLevel' has LevelScriptBlueprint '/Game/Niveles/BlueLevel.BlueLevel:PersistentLevel.BlueLevel' with GeneratedClass '/Game/Niveles/BlueLevel.BlueLevel_C' with ClassGeneratedBy '/Game/Niveles/BlueLevel.BlueLevel:PersistentLevel.BlueLevel'
[2018.04.30-16.29.50:705][931]LogBlueprintUserMessages: Late PlayInEditor Detection: Level '/Game/Niveles/RedLevel.RedLevel:PersistentLevel' has LevelScriptBlueprint '/Game/Niveles/RedLevel.RedLevel:PersistentLevel.RedLevel' with GeneratedClass '/Game/Niveles/RedLevel.RedLevel_C' with ClassGeneratedBy '/Game/Niveles/RedLevel.RedLevel:PersistentLevel.RedLevel'
[2018.04.30-16.29.50:705][931]LogBlueprintUserMessages: Late PlayInEditor Detection: Level '/Game/Niveles/LevelTuto.LevelTuto:PersistentLevel' has LevelScriptBlueprint '/Game/Niveles/LevelTuto.LevelTuto:PersistentLevel.LevelTuto' with GeneratedClass '/Game/Niveles/LevelTuto.LevelTuto_C' with ClassGeneratedBy '/Game/Niveles/LevelTuto.LevelTuto:PersistentLevel.LevelTuto'
[2018.04.30-16.29.50:706][931]LogLevel: ActivateLevel /Game/Niveles/UEDPIE_0_RedLevel 0 0 0
[2018.04.30-16.29.50:757][932]LogLevel: ActivateLevel /Game/Niveles/UEDPIE_0_LevelTuto 0 0 0
[2018.04.30-16.29.55:224][465]LogBlueprintUserMessages: Early EndPlayMap Detection: Level '/Game/Niveles/ThirdPersonExampleMap.ThirdPersonExampleMap:PersistentLevel' has LevelScriptBlueprint '/Game/Niveles/ThirdPersonExampleMap.ThirdPersonExampleMap:PersistentLevel.ThirdPersonExampleMap' with GeneratedClass '/Game/Niveles/ThirdPersonExampleMap.ThirdPersonExampleMap_C' with ClassGeneratedBy '/Game/Niveles/ThirdPersonExampleMap.ThirdPersonExampleMap:PersistentLevel.ThirdPersonExampleMap'
[2018.04.30-16.29.55:224][465]LogBlueprintUserMessages: Early EndPlayMap Detection: Level '/Game/Niveles/BlueLevel.BlueLevel:PersistentLevel' has LevelScriptBlueprint '/Game/Niveles/BlueLevel.BlueLevel:PersistentLevel.BlueLevel' with GeneratedClass '/Game/Niveles/BlueLevel.BlueLevel_C' with ClassGeneratedBy '/Game/Niveles/BlueLevel.BlueLevel:PersistentLevel.BlueLevel'
[2018.04.30-16.29.55:224][465]LogBlueprintUserMessages: Early EndPlayMap Detection: Level '/Game/Niveles/RedLevel.RedLevel:PersistentLevel' has LevelScriptBlueprint '/Game/Niveles/RedLevel.RedLevel:PersistentLevel.RedLevel' with GeneratedClass '/Game/Niveles/RedLevel.RedLevel_C' with ClassGeneratedBy '/Game/Niveles/RedLevel.RedLevel:PersistentLevel.RedLevel'
[2018.04.30-16.29.55:224][465]LogBlueprintUserMessages: Early EndPlayMap Detection: Level '/Game/Niveles/LevelTuto.LevelTuto:PersistentLevel' has LevelScriptBlueprint '/Game/Niveles/LevelTuto.LevelTuto:PersistentLevel.LevelTuto' with GeneratedClass '/Game/Niveles/LevelTuto.LevelTuto_C' with ClassGeneratedBy '/Game/Niveles/LevelTuto.LevelTuto:PersistentLevel.LevelTuto'
[2018.04.30-16.29.55:283][465]LogBlueprintUserMessages: Late EndPlayMap Detection: Level '/Game/Niveles/ThirdPersonExampleMap.ThirdPersonExampleMap:PersistentLevel' has LevelScriptBlueprint '/Game/Niveles/ThirdPersonExampleMap.ThirdPersonExampleMap:PersistentLevel.ThirdPersonExampleMap' with GeneratedClass '/Game/Niveles/ThirdPersonExampleMap.ThirdPersonExampleMap_C' with ClassGeneratedBy '/Game/Niveles/ThirdPersonExampleMap.ThirdPersonExampleMap:PersistentLevel.ThirdPersonExampleMap'
[2018.04.30-16.29.55:283][465]LogBlueprintUserMessages: Late EndPlayMap Detection: Level '/Game/Niveles/BlueLevel.BlueLevel:PersistentLevel' has LevelScriptBlueprint '/Game/Niveles/BlueLevel.BlueLevel:PersistentLevel.BlueLevel' with GeneratedClass '/Game/Niveles/BlueLevel.BlueLevel_C' with ClassGeneratedBy '/Game/Niveles/BlueLevel.BlueLevel:PersistentLevel.BlueLevel'
[2018.04.30-16.29.55:283][465]LogBlueprintUserMessages: Late EndPlayMap Detection: Level '/Game/Niveles/RedLevel.RedLevel:PersistentLevel' has LevelScriptBlueprint '/Game/Niveles/RedLevel.RedLevel:PersistentLevel.RedLevel' with GeneratedClass '/Game/Niveles/RedLevel.RedLevel_C' with ClassGeneratedBy '/Game/Niveles/RedLevel.RedLevel:PersistentLevel.RedLevel'
[2018.04.30-16.29.55:283][465]LogBlueprintUserMessages: Late EndPlayMap Detection: Level '/Game/Niveles/LevelTuto.LevelTuto:PersistentLevel' has LevelScriptBlueprint '/Game/Niveles/LevelTuto.LevelTuto:PersistentLevel.LevelTuto' with GeneratedClass '/Game/Niveles/LevelTuto.LevelTuto_C' with ClassGeneratedBy '/Game/Niveles/LevelTuto.LevelTuto:PersistentLevel.LevelTuto'
[2018.04.30-16.30.25:062][954]LogTemp: Repeting last play command: Selected Viewport
[2018.04.30-16.30.25:103][954]LogBlueprintUserMessages: Early PlayInEditor Detection: Level '/Game/Niveles/ThirdPersonExampleMap.ThirdPersonExampleMap:PersistentLevel' has LevelScriptBlueprint '/Game/Niveles/ThirdPersonExampleMap.ThirdPersonExampleMap:PersistentLevel.ThirdPersonExampleMap' with GeneratedClass '/Game/Niveles/ThirdPersonExampleMap.ThirdPersonExampleMap_C' with ClassGeneratedBy '/Game/Niveles/ThirdPersonExampleMap.ThirdPersonExampleMap:PersistentLevel.ThirdPersonExampleMap'
[2018.04.30-16.30.25:103][954]LogBlueprintUserMessages: Early PlayInEditor Detection: Level '/Game/Niveles/BlueLevel.BlueLevel:PersistentLevel' has LevelScriptBlueprint '/Game/Niveles/BlueLevel.BlueLevel:PersistentLevel.BlueLevel' with GeneratedClass '/Game/Niveles/BlueLevel.BlueLevel_C' with ClassGeneratedBy '/Game/Niveles/BlueLevel.BlueLevel:PersistentLevel.BlueLevel'
[2018.04.30-16.30.25:103][954]LogBlueprintUserMessages: Early PlayInEditor Detection: Level '/Game/Niveles/RedLevel.RedLevel:PersistentLevel' has LevelScriptBlueprint '/Game/Niveles/RedLevel.RedLevel:PersistentLevel.RedLevel' with GeneratedClass '/Game/Niveles/RedLevel.RedLevel_C' with ClassGeneratedBy '/Game/Niveles/RedLevel.RedLevel:PersistentLevel.RedLevel'
[2018.04.30-16.30.25:103][954]LogBlueprintUserMessages: Early PlayInEditor Detection: Level '/Game/Niveles/LevelTuto.LevelTuto:PersistentLevel' has LevelScriptBlueprint '/Game/Niveles/LevelTuto.LevelTuto:PersistentLevel.LevelTuto' with GeneratedClass '/Game/Niveles/LevelTuto.LevelTuto_C' with ClassGeneratedBy '/Game/Niveles/LevelTuto.LevelTuto:PersistentLevel.LevelTuto'
[2018.04.30-16.30.25:103][954]BlueprintLog: New page: Pre-Play auto-recompile
[2018.04.30-16.30.25:103][954]LogPlayLevel: [PlayLevel] Compiling MenuPrincipal before play...
[2018.04.30-16.30.25:268][954]LogPlayLevel: PlayLevel: Blueprint regeneration took 164 ms (1 blueprints)
[2018.04.30-16.30.25:268][954]PIE: New page: PIE session: ThirdPersonExampleMap (Apr 30, 2018, 8:30:25 PM)
[2018.04.30-16.30.25:268][954]LogPlayLevel: Creating play world package: /Game/Niveles/UEDPIE_0_ThirdPersonExampleMap
[2018.04.30-16.30.25:294][954]LogPlayLevel: PIE: StaticDuplicateObject took: (0.025455s)
[2018.04.30-16.30.25:294][954]LogAIModule: Creating AISystem for world ThirdPersonExampleMap
[2018.04.30-16.30.25:295][954]LogPlayLevel: PIE: World Init took: (0.000898s)
[2018.04.30-16.30.25:295][954]LogPlayLevel: PIE: Created PIE world by copying editor world from /Game/Niveles/ThirdPersonExampleMap.ThirdPersonExampleMap to /Game/Niveles/UEDPIE_0_ThirdPersonExampleMap.ThirdPersonExampleMap (0.026640s)
[2018.04.30-16.30.25:331][954]LogInit: XAudio2 using 'Speakers (Realtek High Definition Audio)' : 2 channels at 48 kHz using 32 bits per sample (channel mask 0x3)
[2018.04.30-16.30.25:336][954]LogInit: FAudioDevice initialized.
[2018.04.30-16.30.25:367][954]LogLoad: Game class is 'ThirdPersonGameMode_C'
[2018.04.30-16.30.25:372][954]LogWorld: Bringing World /Game/Niveles/UEDPIE_0_ThirdPersonExampleMap.ThirdPersonExampleMap up for play (max tick rate 0) at 2018.04.30-18.30.25
[2018.04.30-16.30.25:372][954]LogWorld: Bringing up level for play took: 0.001833
[2018.04.30-16.30.25:374][954]LogLevel: ActivateLevel /Game/Niveles/UEDPIE_0_BlueLevel 0 0 0
[2018.04.30-16.30.25:374][954]PIE: Info Play in editor start time for /Game/Niveles/UEDPIE_0_ThirdPersonExampleMap -0.634
[2018.04.30-16.30.25:374][954]LogBlueprintUserMessages: Late PlayInEditor Detection: Level '/Game/Niveles/ThirdPersonExampleMap.ThirdPersonExampleMap:PersistentLevel' has LevelScriptBlueprint '/Game/Niveles/ThirdPersonExampleMap.ThirdPersonExampleMap:PersistentLevel.ThirdPersonExampleMap' with GeneratedClass '/Game/Niveles/ThirdPersonExampleMap.ThirdPersonExampleMap_C' with ClassGeneratedBy '/Game/Niveles/ThirdPersonExampleMap.ThirdPersonExampleMap:PersistentLevel.ThirdPersonExampleMap'
[2018.04.30-16.30.25:374][954]LogBlueprintUserMessages: Late PlayInEditor Detection: Level '/Game/Niveles/BlueLevel.BlueLevel:PersistentLevel' has LevelScriptBlueprint '/Game/Niveles/BlueLevel.BlueLevel:PersistentLevel.BlueLevel' with GeneratedClass '/Game/Niveles/BlueLevel.BlueLevel_C' with ClassGeneratedBy '/Game/Niveles/BlueLevel.BlueLevel:PersistentLevel.BlueLevel'
[2018.04.30-16.30.25:374][954]LogBlueprintUserMessages: Late PlayInEditor Detection: Level '/Game/Niveles/RedLevel.RedLevel:PersistentLevel' has LevelScriptBlueprint '/Game/Niveles/RedLevel.RedLevel:PersistentLevel.RedLevel' with GeneratedClass '/Game/Niveles/RedLevel.RedLevel_C' with ClassGeneratedBy '/Game/Niveles/RedLevel.RedLevel:PersistentLevel.RedLevel'
[2018.04.30-16.30.25:374][954]LogBlueprintUserMessages: Late PlayInEditor Detection: Level '/Game/Niveles/LevelTuto.LevelTuto:PersistentLevel' has LevelScriptBlueprint '/Game/Niveles/LevelTuto.LevelTuto:PersistentLevel.LevelTuto' with GeneratedClass '/Game/Niveles/LevelTuto.LevelTuto_C' with ClassGeneratedBy '/Game/Niveles/LevelTuto.LevelTuto:PersistentLevel.LevelTuto'
[2018.04.30-16.30.25:376][954]LogLevel: ActivateLevel /Game/Niveles/UEDPIE_0_RedLevel 0 0 0
[2018.04.30-16.30.25:414][955]LogLevel: ActivateLevel /Game/Niveles/UEDPIE_0_LevelTuto 0 0 0
[2018.04.30-16.30.30:393][543]LogBlueprintUserMessages: Early EndPlayMap Detection: Level '/Game/Niveles/ThirdPersonExampleMap.ThirdPersonExampleMap:PersistentLevel' has LevelScriptBlueprint '/Game/Niveles/ThirdPersonExampleMap.ThirdPersonExampleMap:PersistentLevel.ThirdPersonExampleMap' with GeneratedClass '/Game/Niveles/ThirdPersonExampleMap.ThirdPersonExampleMap_C' with ClassGeneratedBy '/Game/Niveles/ThirdPersonExampleMap.ThirdPersonExampleMap:PersistentLevel.ThirdPersonExampleMap'
[2018.04.30-16.30.30:393][543]LogBlueprintUserMessages: Early EndPlayMap Detection: Level '/Game/Niveles/BlueLevel.BlueLevel:PersistentLevel' has LevelScriptBlueprint '/Game/Niveles/BlueLevel.BlueLevel:PersistentLevel.BlueLevel' with GeneratedClass '/Game/Niveles/BlueLevel.BlueLevel_C' with ClassGeneratedBy '/Game/Niveles/BlueLevel.BlueLevel:PersistentLevel.BlueLevel'
[2018.04.30-16.30.30:393][543]LogBlueprintUserMessages: Early EndPlayMap Detection: Level '/Game/Niveles/RedLevel.RedLevel:PersistentLevel' has LevelScriptBlueprint '/Game/Niveles/RedLevel.RedLevel:PersistentLevel.RedLevel' with GeneratedClass '/Game/Niveles/RedLevel.RedLevel_C' with ClassGeneratedBy '/Game/Niveles/RedLevel.RedLevel:PersistentLevel.RedLevel'
[2018.04.30-16.30.30:393][543]LogBlueprintUserMessages: Early EndPlayMap Detection: Level '/Game/Niveles/LevelTuto.LevelTuto:PersistentLevel' has LevelScriptBlueprint '/Game/Niveles/LevelTuto.LevelTuto:PersistentLevel.LevelTuto' with GeneratedClass '/Game/Niveles/LevelTuto.LevelTuto_C' with ClassGeneratedBy '/Game/Niveles/LevelTuto.LevelTuto:PersistentLevel.LevelTuto'
[2018.04.30-16.30.30:434][543]LogBlueprintUserMessages: Late EndPlayMap Detection: Level '/Game/Niveles/ThirdPersonExampleMap.ThirdPersonExampleMap:PersistentLevel' has LevelScriptBlueprint '/Game/Niveles/ThirdPersonExampleMap.ThirdPersonExampleMap:PersistentLevel.ThirdPersonExampleMap' with GeneratedClass '/Game/Niveles/ThirdPersonExampleMap.ThirdPersonExampleMap_C' with ClassGeneratedBy '/Game/Niveles/ThirdPersonExampleMap.ThirdPersonExampleMap:PersistentLevel.ThirdPersonExampleMap'
[2018.04.30-16.30.30:434][543]LogBlueprintUserMessages: Late EndPlayMap Detection: Level '/Game/Niveles/BlueLevel.BlueLevel:PersistentLevel' has LevelScriptBlueprint '/Game/Niveles/BlueLevel.BlueLevel:PersistentLevel.BlueLevel' with GeneratedClass '/Game/Niveles/BlueLevel.BlueLevel_C' with ClassGeneratedBy '/Game/Niveles/BlueLevel.BlueLevel:PersistentLevel.BlueLevel'
[2018.04.30-16.30.30:434][543]LogBlueprintUserMessages: Late EndPlayMap Detection: Level '/Game/Niveles/RedLevel.RedLevel:PersistentLevel' has LevelScriptBlueprint '/Game/Niveles/RedLevel.RedLevel:PersistentLevel.RedLevel' with GeneratedClass '/Game/Niveles/RedLevel.RedLevel_C' with ClassGeneratedBy '/Game/Niveles/RedLevel.RedLevel:PersistentLevel.RedLevel'
[2018.04.30-16.30.30:434][543]LogBlueprintUserMessages: Late EndPlayMap Detection: Level '/Game/Niveles/LevelTuto.LevelTuto:PersistentLevel' has LevelScriptBlueprint '/Game/Niveles/LevelTuto.LevelTuto:PersistentLevel.LevelTuto' with GeneratedClass '/Game/Niveles/LevelTuto.LevelTuto_C' with ClassGeneratedBy '/Game/Niveles/LevelTuto.LevelTuto:PersistentLevel.LevelTuto'
[2018.04.30-16.30.56:440][967]LogTemp: Repeting last play command: Selected Viewport
[2018.04.30-16.30.56:483][967]LogBlueprintUserMessages: Early PlayInEditor Detection: Level '/Game/Niveles/ThirdPersonExampleMap.ThirdPersonExampleMap:PersistentLevel' has LevelScriptBlueprint '/Game/Niveles/ThirdPersonExampleMap.ThirdPersonExampleMap:PersistentLevel.ThirdPersonExampleMap' with GeneratedClass '/Game/Niveles/ThirdPersonExampleMap.ThirdPersonExampleMap_C' with ClassGeneratedBy '/Game/Niveles/ThirdPersonExampleMap.ThirdPersonExampleMap:PersistentLevel.ThirdPersonExampleMap'
[2018.04.30-16.30.56:483][967]LogBlueprintUserMessages: Early PlayInEditor Detection: Level '/Game/Niveles/BlueLevel.BlueLevel:PersistentLevel' has LevelScriptBlueprint '/Game/Niveles/BlueLevel.BlueLevel:PersistentLevel.BlueLevel' with GeneratedClass '/Game/Niveles/BlueLevel.BlueLevel_C' with ClassGeneratedBy '/Game/Niveles/BlueLevel.BlueLevel:PersistentLevel.BlueLevel'
[2018.04.30-16.30.56:483][967]LogBlueprintUserMessages: Early PlayInEditor Detection: Level '/Game/Niveles/RedLevel.RedLevel:PersistentLevel' has LevelScriptBlueprint '/Game/Niveles/RedLevel.RedLevel:PersistentLevel.RedLevel' with GeneratedClass '/Game/Niveles/RedLevel.RedLevel_C' with ClassGeneratedBy '/Game/Niveles/RedLevel.RedLevel:PersistentLevel.RedLevel'
[2018.04.30-16.30.56:483][967]LogBlueprintUserMessages: Early PlayInEditor Detection: Level '/Game/Niveles/LevelTuto.LevelTuto:PersistentLevel' has LevelScriptBlueprint '/Game/Niveles/LevelTuto.LevelTuto:PersistentLevel.LevelTuto' with GeneratedClass '/Game/Niveles/LevelTuto.LevelTuto_C' with ClassGeneratedBy '/Game/Niveles/LevelTuto.LevelTuto:PersistentLevel.LevelTuto'
[2018.04.30-16.30.56:483][967]BlueprintLog: New page: Pre-Play auto-recompile
[2018.04.30-16.30.56:483][967]LogPlayLevel: [PlayLevel] Compiling MenuPrincipal before play...
[2018.04.30-16.30.56:636][967]LogPlayLevel: PlayLevel: Blueprint regeneration took 153 ms (1 blueprints)
[2018.04.30-16.30.56:637][967]PIE: New page: PIE session: ThirdPersonExampleMap (Apr 30, 2018, 8:30:56 PM)
[2018.04.30-16.30.56:637][967]LogPlayLevel: Creating play world package: /Game/Niveles/UEDPIE_0_ThirdPersonExampleMap
[2018.04.30-16.30.56:663][967]LogPlayLevel: PIE: StaticDuplicateObject took: (0.026249s)
[2018.04.30-16.30.56:664][967]LogAIModule: Creating AISystem for world ThirdPersonExampleMap
[2018.04.30-16.30.56:664][967]LogPlayLevel: PIE: World Init took: (0.000987s)
[2018.04.30-16.30.56:665][967]LogPlayLevel: PIE: Created PIE world by copying editor world from /Game/Niveles/ThirdPersonExampleMap.ThirdPersonExampleMap to /Game/Niveles/UEDPIE_0_ThirdPersonExampleMap.ThirdPersonExampleMap (0.027540s)
[2018.04.30-16.30.56:700][967]LogInit: XAudio2 using 'Speakers (Realtek High Definition Audio)' : 2 channels at 48 kHz using 32 bits per sample (channel mask 0x3)
[2018.04.30-16.30.56:706][967]LogInit: FAudioDevice initialized.
[2018.04.30-16.30.56:739][967]LogLoad: Game class is 'ThirdPersonGameMode_C'
[2018.04.30-16.30.56:744][967]LogWorld: Bringing World /Game/Niveles/UEDPIE_0_ThirdPersonExampleMap.ThirdPersonExampleMap up for play (max tick rate 0) at 2018.04.30-18.30.56
[2018.04.30-16.30.56:744][967]LogWorld: Bringing up level for play took: 0.001750
[2018.04.30-16.30.56:746][967]LogLevel: ActivateLevel /Game/Niveles/UEDPIE_0_BlueLevel 0 0 0
[2018.04.30-16.30.56:746][967]PIE: Info Play in editor start time for /Game/Niveles/UEDPIE_0_ThirdPersonExampleMap 0.738
[2018.04.30-16.30.56:746][967]LogBlueprintUserMessages: Late PlayInEditor Detection: Level '/Game/Niveles/ThirdPersonExampleMap.ThirdPersonExampleMap:PersistentLevel' has LevelScriptBlueprint '/Game/Niveles/ThirdPersonExampleMap.ThirdPersonExampleMap:PersistentLevel.ThirdPersonExampleMap' with GeneratedClass '/Game/Niveles/ThirdPersonExampleMap.ThirdPersonExampleMap_C' with ClassGeneratedBy '/Game/Niveles/ThirdPersonExampleMap.ThirdPersonExampleMap:PersistentLevel.ThirdPersonExampleMap'
[2018.04.30-16.30.56:747][967]LogBlueprintUserMessages: Late PlayInEditor Detection: Level '/Game/Niveles/BlueLevel.BlueLevel:PersistentLevel' has LevelScriptBlueprint '/Game/Niveles/BlueLevel.BlueLevel:PersistentLevel.BlueLevel' with GeneratedClass '/Game/Niveles/BlueLevel.BlueLevel_C' with ClassGeneratedBy '/Game/Niveles/BlueLevel.BlueLevel:PersistentLevel.BlueLevel'
[2018.04.30-16.30.56:747][967]LogBlueprintUserMessages: Late PlayInEditor Detection: Level '/Game/Niveles/RedLevel.RedLevel:PersistentLevel' has LevelScriptBlueprint '/Game/Niveles/RedLevel.RedLevel:PersistentLevel.RedLevel' with GeneratedClass '/Game/Niveles/RedLevel.RedLevel_C' with ClassGeneratedBy '/Game/Niveles/RedLevel.RedLevel:PersistentLevel.RedLevel'
[2018.04.30-16.30.56:747][967]LogBlueprintUserMessages: Late PlayInEditor Detection: Level '/Game/Niveles/LevelTuto.LevelTuto:PersistentLevel' has LevelScriptBlueprint '/Game/Niveles/LevelTuto.LevelTuto:PersistentLevel.LevelTuto' with GeneratedClass '/Game/Niveles/LevelTuto.LevelTuto_C' with ClassGeneratedBy '/Game/Niveles/LevelTuto.LevelTuto:PersistentLevel.LevelTuto'
[2018.04.30-16.30.56:748][967]LogLevel: ActivateLevel /Game/Niveles/UEDPIE_0_RedLevel 0 0 0
[2018.04.30-16.30.56:786][968]LogLevel: ActivateLevel /Game/Niveles/UEDPIE_0_LevelTuto 0 0 0
[2018.04.30-16.31.01:610][534]LogBlueprintUserMessages: Early EndPlayMap Detection: Level '/Game/Niveles/ThirdPersonExampleMap.ThirdPersonExampleMap:PersistentLevel' has LevelScriptBlueprint '/Game/Niveles/ThirdPersonExampleMap.ThirdPersonExampleMap:PersistentLevel.ThirdPersonExampleMap' with GeneratedClass '/Game/Niveles/ThirdPersonExampleMap.ThirdPersonExampleMap_C' with ClassGeneratedBy '/Game/Niveles/ThirdPersonExampleMap.ThirdPersonExampleMap:PersistentLevel.ThirdPersonExampleMap'
[2018.04.30-16.31.01:610][534]LogBlueprintUserMessages: Early EndPlayMap Detection: Level '/Game/Niveles/BlueLevel.BlueLevel:PersistentLevel' has LevelScriptBlueprint '/Game/Niveles/BlueLevel.BlueLevel:PersistentLevel.BlueLevel' with GeneratedClass '/Game/Niveles/BlueLevel.BlueLevel_C' with ClassGeneratedBy '/Game/Niveles/BlueLevel.BlueLevel:PersistentLevel.BlueLevel'
[2018.04.30-16.31.01:610][534]LogBlueprintUserMessages: Early EndPlayMap Detection: Level '/Game/Niveles/RedLevel.RedLevel:PersistentLevel' has LevelScriptBlueprint '/Game/Niveles/RedLevel.RedLevel:PersistentLevel.RedLevel' with GeneratedClass '/Game/Niveles/RedLevel.RedLevel_C' with ClassGeneratedBy '/Game/Niveles/RedLevel.RedLevel:PersistentLevel.RedLevel'
[2018.04.30-16.31.01:610][534]LogBlueprintUserMessages: Early EndPlayMap Detection: Level '/Game/Niveles/LevelTuto.LevelTuto:PersistentLevel' has LevelScriptBlueprint '/Game/Niveles/LevelTuto.LevelTuto:PersistentLevel.LevelTuto' with GeneratedClass '/Game/Niveles/LevelTuto.LevelTuto_C' with ClassGeneratedBy '/Game/Niveles/LevelTuto.LevelTuto:PersistentLevel.LevelTuto'
[2018.04.30-16.31.01:655][534]LogBlueprintUserMessages: Late EndPlayMap Detection: Level '/Game/Niveles/ThirdPersonExampleMap.ThirdPersonExampleMap:PersistentLevel' has LevelScriptBlueprint '/Game/Niveles/ThirdPersonExampleMap.ThirdPersonExampleMap:PersistentLevel.ThirdPersonExampleMap' with GeneratedClass '/Game/Niveles/ThirdPersonExampleMap.ThirdPersonExampleMap_C' with ClassGeneratedBy '/Game/Niveles/ThirdPersonExampleMap.ThirdPersonExampleMap:PersistentLevel.ThirdPersonExampleMap'
[2018.04.30-16.31.01:655][534]LogBlueprintUserMessages: Late EndPlayMap Detection: Level '/Game/Niveles/BlueLevel.BlueLevel:PersistentLevel' has LevelScriptBlueprint '/Game/Niveles/BlueLevel.BlueLevel:PersistentLevel.BlueLevel' with GeneratedClass '/Game/Niveles/BlueLevel.BlueLevel_C' with ClassGeneratedBy '/Game/Niveles/BlueLevel.BlueLevel:PersistentLevel.BlueLevel'
[2018.04.30-16.31.01:655][534]LogBlueprintUserMessages: Late EndPlayMap Detection: Level '/Game/Niveles/RedLevel.RedLevel:PersistentLevel' has LevelScriptBlueprint '/Game/Niveles/RedLevel.RedLevel:PersistentLevel.RedLevel' with GeneratedClass '/Game/Niveles/RedLevel.RedLevel_C' with ClassGeneratedBy '/Game/Niveles/RedLevel.RedLevel:PersistentLevel.RedLevel'
[2018.04.30-16.31.01:655][534]LogBlueprintUserMessages: Late EndPlayMap Detection: Level '/Game/Niveles/LevelTuto.LevelTuto:PersistentLevel' has LevelScriptBlueprint '/Game/Niveles/LevelTuto.LevelTuto:PersistentLevel.LevelTuto' with GeneratedClass '/Game/Niveles/LevelTuto.LevelTuto_C' with ClassGeneratedBy '/Game/Niveles/LevelTuto.LevelTuto:PersistentLevel.LevelTuto'
[2018.04.30-16.31.32:822][915]Cmd: OBJ SAVEPACKAGE PACKAGE="/Game/Menus/MenuPrincipal" FILE="C:/Users/David/Documents/GitHub/FuturoImperfecto/PRUEBAS/MechHackAndSlash/Content/Menus/MenuPrincipal.uasset" SILENT=true
[2018.04.30-16.31.32:855][915]LogSavePackage: Save=26.44ms
[2018.04.30-16.31.32:855][915]LogSavePackage: Moving 'C:/Users/David/Documents/GitHub/FuturoImperfecto/PRUEBAS/MechHackAndSlash/Saved/MenuPrincipalCB32CFCD49422A0DBEE6FA8CA3FB9690.tmp' to 'C:/Users/David/Documents/GitHub/FuturoImperfecto/PRUEBAS/MechHackAndSlash/Content/Menus/MenuPrincipal.uasset'
[2018.04.30-16.31.32:858][915]LogSavePackage:Display: Finished SavePackage C:/Users/David/Documents/GitHub/FuturoImperfecto/PRUEBAS/MechHackAndSlash/Content/Menus/MenuPrincipal.uasset
[2018.04.30-16.31.33:128][915]LogWindowsTextInputMethodSystem:Display: IME system now deactivated.
[2018.04.30-16.31.33:380][916]Cmd: QUIT_EDITOR
[2018.04.30-16.31.34:307][916]LogExit: Preparing to exit.
[2018.04.30-16.31.35:476][916]LogExit: Editor shut down
[2018.04.30-16.31.35:480][916]LogExit: Transaction tracking system shut down
[2018.04.30-16.31.35:607][916]LogObj: Freed 0b from 0 cluster array pools.
[2018.04.30-16.31.35:607][916]LogExit: Object subsystem successfully closed.
[2018.04.30-16.31.35:622][916]LogD3D11RHI: Shutdown
[2018.04.30-16.31.35:622][916]LogD3D11RHI: CleanupD3DDevice
[2018.04.30-16.31.35:728][916]LogD3D11RHI: ~FD3D11DynamicRHI
[2018.04.30-16.31.35:747][916]LogModuleManager: Shutting down and abandoning module ExternalImagePicker (538)
[2018.04.30-16.31.35:747][916]LogModuleManager: Shutting down and abandoning module MovieSceneCapture (536)
[2018.04.30-16.31.35:747][916]LogModuleManager: Shutting down and abandoning module StatsViewer (534)
[2018.04.30-16.31.35:747][916]LogModuleManager: Shutting down and abandoning module SequencerWidgets (532)
[2018.04.30-16.31.35:747][916]LogModuleManager: Shutting down and abandoning module BlueprintGraph (530)
[2018.04.30-16.31.35:747][916]LogModuleManager: Shutting down and abandoning module BlueprintProfiler (528)
[2018.04.30-16.31.35:755][916]LogModuleManager: Shutting down and abandoning module HierarchicalLODOutliner (526)
[2018.04.30-16.31.35:755][916]LogModuleManager: Shutting down and abandoning module CrashTracker (524)
[2018.04.30-16.31.35:755][916]LogModuleManager: Shutting down and abandoning module WorldBrowser (522)
[2018.04.30-16.31.35:755][916]LogModuleManager: Shutting down and abandoning module SceneOutliner (520)
[2018.04.30-16.31.35:755][916]LogModuleManager: Shutting down and abandoning module AddContentDialog (518)
[2018.04.30-16.31.35:767][916]LogDirectoryWatcher: A directory notification for 'D:/Program Files (x86)/Epic Games/UE_4.16/FeaturePacks/' was aborted.
[2018.04.30-16.31.35:768][916]LogModuleManager: Shutting down and abandoning module WidgetCarousel (517)
[2018.04.30-16.31.35:768][916]LogModuleManager: Shutting down and abandoning module EditorWidgets (514)
[2018.04.30-16.31.35:768][916]LogModuleManager: Shutting down and abandoning module CollectionManager (512)
[2018.04.30-16.31.35:768][916]LogDirectoryWatcher: A directory notification for 'C:/Users/David/Documents/GitHub/FuturoImperfecto/PRUEBAS/MechHackAndSlash/Content/Collections/' was aborted.
[2018.04.30-16.31.35:768][916]LogDirectoryWatcher: A directory notification for 'C:/Users/David/Documents/GitHub/FuturoImperfecto/PRUEBAS/MechHackAndSlash/Content/Developers/David/Collections/' was aborted.
[2018.04.30-16.31.35:769][916]LogDirectoryWatcher: A directory notification for 'C:/Users/David/Documents/GitHub/FuturoImperfecto/PRUEBAS/MechHackAndSlash/Saved/Collections/' was aborted.
[2018.04.30-16.31.35:769][916]LogModuleManager: Shutting down and abandoning module FoliageEdit (510)
[2018.04.30-16.31.35:769][916]LogModuleManager: Shutting down and abandoning module LandscapeEditor (508)
[2018.04.30-16.31.35:769][916]LogModuleManager: Shutting down and abandoning module MeshPaintMode (506)
[2018.04.30-16.31.35:769][916]LogModuleManager: Shutting down and abandoning module SceneDepthPickerMode (504)
[2018.04.30-16.31.35:769][916]LogModuleManager: Shutting down and abandoning module ActorPickerMode (502)
[2018.04.30-16.31.35:769][916]LogModuleManager: Shutting down and abandoning module GeometryMode (500)
[2018.04.30-16.31.35:769][916]LogModuleManager: Shutting down and abandoning module TextureAlignMode (498)
[2018.04.30-16.31.35:769][916]LogModuleManager: Shutting down and abandoning module BspMode (496)
[2018.04.30-16.31.35:769][916]LogModuleManager: Shutting down and abandoning module HardwareSurvey (494)
[2018.04.30-16.31.35:769][916]LogModuleManager: Shutting down and abandoning module SequenceRecorderSections (492)
[2018.04.30-16.31.35:769][916]LogModuleManager: Shutting down and abandoning module AutomationWorker (490)
[2018.04.30-16.31.35:769][916]LogModuleManager: Shutting down and abandoning module MatineeToLevelSequence (488)
[2018.04.30-16.31.35:769][916]LogModuleManager: Shutting down and abandoning module LevelSequenceEditor (486)
[2018.04.30-16.31.35:769][916]LogModuleManager: Shutting down and abandoning module PlacementMode (485)
[2018.04.30-16.31.35:769][916]LogModuleManager: Shutting down and abandoning module WmfMediaFactory (482)
[2018.04.30-16.31.35:769][916]LogModuleManager: Shutting down and abandoning module WmfMediaEditor (480)
[2018.04.30-16.31.35:769][916]LogModuleManager: Shutting down and abandoning module AvfMediaFactory (478)
[2018.04.30-16.31.35:769][916]LogModuleManager: Shutting down and abandoning module AvfMediaEditor (476)
[2018.04.30-16.31.35:769][916]LogModuleManager: Shutting down and abandoning module AndroidMediaFactory (474)
[2018.04.30-16.31.35:769][916]LogModuleManager: Shutting down and abandoning module Media (473)
[2018.04.30-16.31.35:769][916]LogModuleManager: Shutting down and abandoning module AndroidMediaEditor (470)
[2018.04.30-16.31.35:769][916]LogModuleManager: Shutting down and abandoning module CharacterAI (468)
[2018.04.30-16.31.35:769][916]LogModuleManager: Shutting down and abandoning module AudioCapture (466)
[2018.04.30-16.31.35:769][916]LogModuleManager: Shutting down and abandoning module SequenceRecorder (465)
[2018.04.30-16.31.35:769][916]LogModuleManager: Shutting down and abandoning module SmartSnapping (462)
[2018.04.30-16.31.35:769][916]LogModuleManager: Shutting down and abandoning module SessionServices (460)
[2018.04.30-16.31.35:769][916]LogModuleManager: Shutting down and abandoning module ViewportSnapping (458)
[2018.04.30-16.31.35:769][916]LogModuleManager: Shutting down and abandoning module ViewportInteraction (456)
[2018.04.30-16.31.35:769][916]LogModuleManager: Shutting down and abandoning module ClothPainter (454)
[2018.04.30-16.31.35:769][916]LogModuleManager: Shutting down and abandoning module LogVisualizer (452)
[2018.04.30-16.31.35:769][916]LogModuleManager: Shutting down and abandoning module IntroTutorials (450)
[2018.04.30-16.31.35:773][916]LogModuleManager: Shutting down and abandoning module GameProjectGeneration (449)
[2018.04.30-16.31.35:773][916]LogModuleManager: Shutting down and abandoning module EditorLiveStreaming (446)
[2018.04.30-16.31.35:773][916]LogModuleManager: Shutting down and abandoning module IOSPlatformEditor (444)
[2018.04.30-16.31.35:773][916]LogModuleManager: Shutting down and abandoning module HTML5PlatformEditor (442)
[2018.04.30-16.31.35:773][916]LogModuleManager: Shutting down and abandoning module AndroidPlatformEditor (440)
[2018.04.30-16.31.35:773][916]LogModuleManager: Shutting down and abandoning module AndroidDeviceDetection (439)
[2018.04.30-16.31.35:897][916]LogModuleManager: Shutting down and abandoning module IOSRuntimeSettings (436)
[2018.04.30-16.31.35:897][916]LogModuleManager: Shutting down and abandoning module AndroidRuntimeSettings (434)
[2018.04.30-16.31.35:897][916]LogModuleManager: Shutting down and abandoning module InputBindingEditor (432)
[2018.04.30-16.31.35:897][916]LogModuleManager: Shutting down and abandoning module MergeActors (430)
[2018.04.30-16.31.35:897][916]LogModuleManager: Shutting down and abandoning module SizeMap (428)
[2018.04.30-16.31.35:897][916]LogModuleManager: Shutting down and abandoning module TreeMap (426)
[2018.04.30-16.31.35:897][916]LogModuleManager: Shutting down and abandoning module ReferenceViewer (424)
[2018.04.30-16.31.35:897][916]LogModuleManager: Shutting down and abandoning module LocalizationDashboard (422)
[2018.04.30-16.31.35:897][916]LogModuleManager: Shutting down and abandoning module LocalizationService (421)
[2018.04.30-16.31.35:897][916]LogModuleManager: Shutting down and abandoning module HardwareTargeting (418)
[2018.04.30-16.31.35:897][916]LogModuleManager: Shutting down and abandoning module DeviceProfileEditor (416)
[2018.04.30-16.31.35:897][916]LogModuleManager: Shutting down and abandoning module UndoHistory (414)
[2018.04.30-16.31.35:897][916]LogModuleManager: Shutting down and abandoning module UserFeedback (412)
[2018.04.30-16.31.35:897][916]LogModuleManager: Shutting down and abandoning module XmlParser (410)
[2018.04.30-16.31.35:897][916]LogModuleManager: Shutting down and abandoning module Blutility (408)
[2018.04.30-16.31.35:897][916]LogModuleManager: Shutting down and abandoning module ProjectSettingsViewer (406)
[2018.04.30-16.31.35:897][916]LogModuleManager: Shutting down and abandoning module ProjectTargetPlatformEditor (405)
[2018.04.30-16.31.35:897][916]LogModuleManager: Shutting down and abandoning module EditorSettingsViewer (402)
[2018.04.30-16.31.35:897][916]LogModuleManager: Shutting down and abandoning module SettingsEditor (400)
[2018.04.30-16.31.35:897][916]LogModuleManager: Shutting down and abandoning module ProjectLauncher (398)
[2018.04.30-16.31.35:897][916]LogModuleManager: Shutting down and abandoning module SessionFrontend (396)
[2018.04.30-16.31.35:897][916]LogModuleManager: Shutting down and abandoning module ProfilerClient (394)
[2018.04.30-16.31.35:897][916]LogModuleManager: Shutting down and abandoning module DeviceManager (392)
[2018.04.30-16.31.35:897][916]LogModuleManager: Shutting down and abandoning module TargetDeviceServices (391)
[2018.04.30-16.31.35:942][916]LogModuleManager: Shutting down and abandoning module AutomationController (388)
[2018.04.30-16.31.35:942][916]LogModuleManager: Shutting down and abandoning module AutomationWindow (386)
[2018.04.30-16.31.35:942][916]LogModuleManager: Shutting down and abandoning module Layers (384)
[2018.04.30-16.31.35:942][916]LogModuleManager: Shutting down and abandoning module ComponentVisualizers (382)
[2018.04.30-16.31.35:942][916]LogModuleManager: Shutting down and abandoning module DetailCustomizations (380)
[2018.04.30-16.31.35:942][916]LogModuleManager: Shutting down and abandoning module PackagesDialog (378)
[2018.04.30-16.31.35:942][916]LogModuleManager: Shutting down and abandoning module Persona (376)
[2018.04.30-16.31.35:942][916]LogModuleManager: Shutting down and abandoning module AdvancedPreviewScene (375)
[2018.04.30-16.31.35:942][916]LogModuleManager: Shutting down and abandoning module AnimGraph (373)
[2018.04.30-16.31.35:942][916]LogModuleManager: Shutting down and abandoning module Kismet (370)
[2018.04.30-16.31.35:955][916]LogModuleManager: Shutting down and abandoning module ClassViewer (368)
[2018.04.30-16.31.35:955][916]LogModuleManager: Shutting down and abandoning module Toolbox (366)
[2018.04.30-16.31.35:955][916]LogModuleManager: Shutting down and abandoning module ModuleUI (364)
[2018.04.30-16.31.35:955][916]LogModuleManager: Shutting down and abandoning module MovieSceneTools (362)
[2018.04.30-16.31.35:955][916]LogModuleManager: Shutting down and abandoning module OutputLog (360)
[2018.04.30-16.31.35:955][916]LogModuleManager: Shutting down and abandoning module GammaUI (358)
[2018.04.30-16.31.35:955][916]LogModuleManager: Shutting down and abandoning module Documentation (356)
[2018.04.30-16.31.35:955][916]LogModuleManager: Shutting down and abandoning module MovieSceneTracks (354)
[2018.04.30-16.31.35:955][916]LogModuleManager: Shutting down and abandoning module MovieScene (352)
[2018.04.30-16.31.35:955][916]LogModuleManager: Shutting down and abandoning module Niagara (350)
[2018.04.30-16.31.35:955][916]LogModuleManager: Shutting down and abandoning module NiagaraEditor (349)
[2018.04.30-16.31.35:955][916]LogModuleManager: Shutting down and abandoning module StreamingPauseRendering (346)
[2018.04.30-16.31.35:955][916]LogModuleManager: Shutting down and abandoning module AnalyticsET (344)
[2018.04.30-16.31.35:955][916]LogModuleManager: Shutting down and abandoning module PortalServices (342)
[2018.04.30-16.31.35:955][916]LogModuleManager: Shutting down and abandoning module PortalRpc (340)
[2018.04.30-16.31.35:955][916]LogModuleManager: Shutting down and abandoning module MessagingRpc (338)
[2018.04.30-16.31.35:955][916]LogModuleManager: Shutting down and abandoning module AIModule (336)
[2018.04.30-16.31.35:955][916]LogModuleManager: Shutting down and abandoning module GameplayDebugger (335)
[2018.04.30-16.31.35:955][916]LogModuleManager: Shutting down and abandoning module AITestSuite (333)
[2018.04.30-16.31.35:955][916]LogModuleManager: Shutting down and abandoning module ProfilerService (330)
[2018.04.30-16.31.36:029][916]LogModuleManager: Shutting down and abandoning module TaskGraph (328)
[2018.04.30-16.31.36:029][916]LogModuleManager: Shutting down and abandoning module SteamVRController (326)
[2018.04.30-16.31.36:029][916]LogModuleManager: Shutting down and abandoning module SteamVR (324)
[2018.04.30-16.31.36:029][916]LogModuleManager: Shutting down and abandoning module ProceduralMeshComponentEditor (322)
[2018.04.30-16.31.36:029][916]LogModuleManager: Shutting down and abandoning module ProceduralMeshComponent (320)
[2018.04.30-16.31.36:029][916]LogModuleManager: Shutting down and abandoning module OculusLibrary (318)
[2018.04.30-16.31.36:029][916]LogModuleManager: Shutting down and abandoning module OculusInput (316)
[2018.04.30-16.31.36:029][916]LogModuleManager: Shutting down and abandoning module MobilePatchingUtils (314)
[2018.04.30-16.31.36:029][916]LogModuleManager: Shutting down and abandoning module CustomMeshComponent (312)
[2018.04.30-16.31.36:029][916]LogModuleManager: Shutting down and abandoning module CableComponent (310)
[2018.04.30-16.31.36:029][916]LogModuleManager: Shutting down and abandoning module ArchVisCharacter (308)
[2018.04.30-16.31.36:029][916]LogModuleManager: Shutting down and abandoning module AndroidPermission (306)
[2018.04.30-16.31.36:029][916]LogModuleManager: Shutting down and abandoning module MediaPlayerEditor (302)
[2018.04.30-16.31.36:029][916]LogModuleManager: Shutting down and abandoning module HTML5Networking (300)
[2018.04.30-16.31.36:029][916]LogModuleManager: Shutting down and abandoning module AlembicImporter (298)
[2018.04.30-16.31.36:029][916]LogModuleManager: Shutting down and abandoning module AlembicLibrary (297)
[2018.04.30-16.31.36:029][916]LogModuleManager: Shutting down and abandoning module GeometryCache (296)
[2018.04.30-16.31.36:029][916]LogModuleManager: Shutting down and abandoning module GeometryCacheEd (295)
[2018.04.30-16.31.36:029][916]LogModuleManager: Shutting down and abandoning module SuperSearchEditor (290)
[2018.04.30-16.31.36:029][916]LogModuleManager: Shutting down and abandoning module SuperSearch (289)
[2018.04.30-16.31.36:029][916]LogModuleManager: Shutting down and abandoning module SpeedTreeImporter (286)
[2018.04.30-16.31.36:029][916]LogModuleManager: Shutting down and abandoning module PluginBrowser (284)
[2018.04.30-16.31.36:030][916]LogModuleManager: Shutting down and abandoning module MobileLauncherProfileWizard (282)
[2018.04.30-16.31.36:030][916]LogModuleManager: Shutting down and abandoning module VisualStudioSourceCodeAccess (280)
[2018.04.30-16.31.36:030][916]LogModuleManager: Shutting down and abandoning module DesktopPlatform (279)
[2018.04.30-16.31.36:030][916]LogModuleManager: Shutting down and abandoning module UObjectPlugin (276)
[2018.04.30-16.31.36:030][916]LogModuleManager: Shutting down and abandoning module SubversionSourceControl (274)
[2018.04.30-16.31.36:030][916]LogModuleManager: Shutting down and abandoning module PerforceSourceControl (272)
[2018.04.30-16.31.36:030][916]LogModuleManager: Shutting down and abandoning module GitSourceControl (270)
[2018.04.30-16.31.36:030][916]LogModuleManager: Shutting down and abandoning module SourceControl (269)
[2018.04.30-16.31.36:030][916]LogModuleManager: Shutting down and abandoning module LightPropagationVolumeEditor (266)
[2018.04.30-16.31.36:030][916]LogModuleManager: Shutting down and abandoning module PaperTiledImporter (264)
[2018.04.30-16.31.36:030][916]LogModuleManager: Shutting down and abandoning module PaperSpriteSheetImporter (262)
[2018.04.30-16.31.36:030][916]LogModuleManager: Shutting down and abandoning module Paper2DEditor (260)
[2018.04.30-16.31.36:030][916]LogModuleManager: Shutting down and abandoning module MeshPaint (259)
[2018.04.30-16.31.36:030][916]LogModuleManager: Shutting down and abandoning module LevelEditor (257)
[2018.04.30-16.31.36:032][916]LogModuleManager: Shutting down and abandoning module PixelInspectorModule (256)
[2018.04.30-16.31.36:032][916]LogModuleManager: Shutting down and abandoning module MainFrame (254)
[2018.04.30-16.31.36:032][916]LogModuleManager: Shutting down and abandoning module HotReload (253)
[2018.04.30-16.31.36:033][916]LogModuleManager: Shutting down and abandoning module PhysXVehiclesEditor (248)
[2018.04.30-16.31.36:033][916]LogModuleManager: Shutting down and abandoning module PhysXVehicles (246)
[2018.04.30-16.31.36:033][916]LogModuleManager: Shutting down and abandoning module LocationServicesBPLibrary (244)
[2018.04.30-16.31.36:033][916]LogModuleManager: Shutting down and abandoning module ImmediatePhysicsEditor (242)
[2018.04.30-16.31.36:033][916]LogModuleManager: Shutting down and abandoning module ImmediatePhysics (240)
[2018.04.30-16.31.36:033][916]LogModuleManager: Shutting down and abandoning module UdpMessaging (238)
[2018.04.30-16.31.36:134][916]LogModuleManager: Shutting down and abandoning module TcpMessaging (236)
[2018.04.30-16.31.36:234][916]LogModuleManager: Shutting down and abandoning module GameplayTagsEditor (234)
[2018.04.30-16.31.36:234][916]LogModuleManager: Shutting down and abandoning module FacialAnimationEditor (232)
[2018.04.30-16.31.36:234][916]LogModuleManager: Shutting down and abandoning module FacialAnimation (230)
[2018.04.30-16.31.36:234][916]LogModuleManager: Shutting down and abandoning module AssetManagerEditor (228)
[2018.04.30-16.31.36:234][916]LogModuleManager: Shutting down and abandoning module GraphEditor (227)
[2018.04.30-16.31.36:234][916]LogModuleManager: Shutting down and abandoning module ContentBrowser (225)
[2018.04.30-16.31.36:237][916]LogModuleManager: Shutting down and abandoning module LightPropagationVolumeRuntime (222)
[2018.04.30-16.31.36:237][916]LogModuleManager: Shutting down and abandoning module Paper2D (220)
[2018.04.30-16.31.36:237][916]LogModuleManager: Shutting down and abandoning module WindowsMoviePlayer (218)
[2018.04.30-16.31.36:237][916]LogModuleManager: Shutting down and abandoning module WmfMedia (216)
[2018.04.30-16.31.36:239][916]LogModuleManager: Shutting down and abandoning module ClothingSystemEditor (214)
[2018.04.30-16.31.36:239][916]LogModuleManager: Shutting down and abandoning module ClothingSystemRuntime (212)
[2018.04.30-16.31.36:239][916]LogModuleManager: Shutting down and abandoning module MediaAssets (210)
[2018.04.30-16.31.36:239][916]LogModuleManager: Shutting down and abandoning module GameLiveStreaming (208)
[2018.04.30-16.31.36:239][916]LogModuleManager: Shutting down and abandoning module EnvironmentQueryEditor (206)
[2018.04.30-16.31.36:239][916]LogModuleManager: Shutting down and abandoning module VREditor (204)
[2018.04.30-16.31.36:239][916]LogModuleManager: Shutting down and abandoning module StringTableEditor (202)
[2018.04.30-16.31.36:239][916]LogModuleManager: Shutting down and abandoning module GameplayTasksEditor (200)
[2018.04.30-16.31.36:239][916]LogModuleManager: Shutting down and abandoning module BehaviorTreeEditor (198)
[2018.04.30-16.31.36:240][916]LogModuleManager: Shutting down and abandoning module FunctionalTesting (196)
[2018.04.30-16.31.36:240][916]LogModuleManager: Shutting down and abandoning module CollisionAnalyzer (194)
[2018.04.30-16.31.36:240][916]LogModuleManager: Shutting down and abandoning module UMG (192)
[2018.04.30-16.31.36:240][916]LogModuleManager: Shutting down and abandoning module UMGEditor (191)
[2018.04.30-16.31.36:240][916]LogModuleManager: Shutting down and abandoning module Sequencer (190)
[2018.04.30-16.31.36:240][916]LogModuleManager: Shutting down and abandoning module AssetTools (188)
[2018.04.30-16.31.36:241][916]LogModuleManager: Shutting down and abandoning module MessageLog (187)
[2018.04.30-16.31.36:241][916]LogModuleManager: Shutting down and abandoning module WorkspaceMenuStructure (186)
[2018.04.30-16.31.36:241][916]LogModuleManager: Shutting down and abandoning module SlateReflector (180)
[2018.04.30-16.31.36:241][916]LogModuleManager: Shutting down and abandoning module Slate (178)
[2018.04.30-16.31.36:241][916]LogModuleManager: Shutting down and abandoning module EditorStyle (176)
[2018.04.30-16.31.36:247][916]LogModuleManager: Shutting down and abandoning module SourceCodeAccess (174)
[2018.04.30-16.31.36:248][916]LogModuleManager: Shutting down and abandoning module HeadMountedDisplay (172)
[2018.04.30-16.31.36:248][916]LogModuleManager: Shutting down and abandoning module XAudio2 (170)
[2018.04.30-16.31.36:248][916]LogModuleManager: Shutting down and abandoning module Networking (168)
[2018.04.30-16.31.36:248][916]LogModuleManager: Shutting down and abandoning module Core (164)
[2018.04.30-16.31.36:248][916]LogModuleManager: Shutting down and abandoning module AssetRegistry (162)
[2018.04.30-16.31.36:511][916]LogDirectoryWatcher: A directory notification for '../../../Engine/Content/' was aborted.
[2018.04.30-16.31.36:511][916]LogDirectoryWatcher: A directory notification for 'C:/Users/David/Documents/GitHub/FuturoImperfecto/PRUEBAS/MechHackAndSlash/Content/' was aborted.
[2018.04.30-16.31.36:511][916]LogDirectoryWatcher: A directory notification for '../../../Engine/Plugins/2D/Paper2D/Content/' was aborted.
[2018.04.30-16.31.36:511][916]LogDirectoryWatcher: A directory notification for '../../../Engine/Plugins/Runtime/GearVR/Content/' was aborted.
[2018.04.30-16.31.36:515][916]LogModuleManager: Shutting down and abandoning module DirectoryWatcher (161)
[2018.04.30-16.31.36:515][916]LogModuleManager: Shutting down and abandoning module KismetCompiler (158)
[2018.04.30-16.31.36:515][916]LogModuleManager: Shutting down and abandoning module LevelSequence (156)
[2018.04.30-16.31.36:515][916]LogModuleManager: Shutting down and abandoning module PhysXFormats (154)
[2018.04.30-16.31.36:515][916]LogModuleManager: Shutting down and abandoning module MeshUtilities (152)
[2018.04.30-16.31.36:515][916]LogModuleManager: Shutting down and abandoning module SimplygonSwarm (151)
[2018.04.30-16.31.36:515][916]LogModuleManager: Shutting down and abandoning module SimplygonMeshReduction (149)
[2018.04.30-16.31.36:515][916]LogModuleManager: Shutting down and abandoning module QuadricMeshReduction (147)
[2018.04.30-16.31.36:515][916]LogModuleManager: Shutting down and abandoning module DerivedDataCache (144)
[2018.04.30-16.31.36:569][916]LogDerivedDataCache: Shutdown
[2018.04.30-16.31.36:569][916]LogModuleManager: Shutting down and abandoning module TargetPlatform (142)
[2018.04.30-16.31.36:569][916]LogModuleManager: Shutting down and abandoning module VulkanShaderFormat (141)
[2018.04.30-16.31.36:569][916]LogModuleManager: Shutting down and abandoning module ShaderFormatVectorVM (139)
[2018.04.30-16.31.36:569][916]LogModuleManager: Shutting down and abandoning module ShaderFormatOpenGL (137)
[2018.04.30-16.31.36:569][916]LogModuleManager: Shutting down and abandoning module ShaderFormatD3D (135)
[2018.04.30-16.31.36:569][916]LogModuleManager: Shutting down and abandoning module MetalShaderFormat (133)
[2018.04.30-16.31.36:569][916]LogModuleManager: Shutting down and abandoning module TextureFormatUncompressed (131)
[2018.04.30-16.31.36:569][916]LogModuleManager: Shutting down and abandoning module TextureFormatPVR (129)
[2018.04.30-16.31.36:569][916]LogModuleManager: Shutting down and abandoning module TextureFormatDXT (127)
[2018.04.30-16.31.36:569][916]LogModuleManager: Shutting down and abandoning module TextureFormatIntelISPCTexComp (125)
[2018.04.30-16.31.36:569][916]LogModuleManager: Shutting down and abandoning module TextureFormatASTC (123)
[2018.04.30-16.31.36:569][916]LogModuleManager: Shutting down and abandoning module ImageWrapper (122)
[2018.04.30-16.31.36:569][916]LogModuleManager: Shutting down and abandoning module TextureFormatAndroid (119)
[2018.04.30-16.31.36:569][916]LogModuleManager: Shutting down and abandoning module AudioFormatOpus (117)
[2018.04.30-16.31.36:569][916]LogModuleManager: Shutting down and abandoning module AudioFormatOgg (115)
[2018.04.30-16.31.36:569][916]LogModuleManager: Shutting down and abandoning module AudioFormatADPCM (113)
[2018.04.30-16.31.36:569][916]LogModuleManager: Shutting down and abandoning module LinuxTargetPlatform (111)
[2018.04.30-16.31.36:570][916]LogModuleManager: Shutting down and abandoning module LinuxServerTargetPlatform (109)
[2018.04.30-16.31.36:570][916]LogModuleManager: Shutting down and abandoning module LinuxNoEditorTargetPlatform (107)
[2018.04.30-16.31.36:570][916]LogModuleManager: Shutting down and abandoning module LinuxClientTargetPlatform (105)
[2018.04.30-16.31.36:570][916]LogModuleManager: Shutting down and abandoning module TVOSTargetPlatform (103)
[2018.04.30-16.31.36:570][916]LogModuleManager: Shutting down and abandoning module Messaging (101)
[2018.04.30-16.31.36:570][916]LogModuleManager: Shutting down and abandoning module IOSTargetPlatform (99)
[2018.04.30-16.31.36:570][916]LogModuleManager: Shutting down and abandoning module HTML5TargetPlatform (97)
[2018.04.30-16.31.36:570][916]LogModuleManager: Shutting down and abandoning module Android_PVRTCTargetPlatform (95)
[2018.04.30-16.31.36:570][916]LogModuleManager: Shutting down and abandoning module Android_MultiTargetPlatform (93)
[2018.04.30-16.31.36:570][916]LogModuleManager: Shutting down and abandoning module Android_ETC2TargetPlatform (91)
[2018.04.30-16.31.36:570][916]LogModuleManager: Shutting down and abandoning module Android_ETC1TargetPlatform (89)
[2018.04.30-16.31.36:570][916]LogModuleManager: Shutting down and abandoning module Android_DXTTargetPlatform (87)
[2018.04.30-16.31.36:570][916]LogModuleManager: Shutting down and abandoning module Android_ATCTargetPlatform (85)
[2018.04.30-16.31.36:570][916]LogModuleManager: Shutting down and abandoning module Android_ASTCTargetPlatform (83)
[2018.04.30-16.31.36:570][916]LogModuleManager: Shutting down and abandoning module AndroidTargetPlatform (81)
[2018.04.30-16.31.36:570][916]LogModuleManager: Shutting down and abandoning module WindowsTargetPlatform (79)
[2018.04.30-16.31.36:570][916]LogModuleManager: Shutting down and abandoning module WindowsServerTargetPlatform (77)
[2018.04.30-16.31.36:570][916]LogModuleManager: Shutting down and abandoning module WindowsNoEditorTargetPlatform (75)
[2018.04.30-16.31.36:570][916]LogModuleManager: Shutting down and abandoning module WindowsClientTargetPlatform (73)
[2018.04.30-16.31.36:570][916]LogModuleManager: Shutting down and abandoning module MacTargetPlatform (71)
[2018.04.30-16.31.36:570][916]LogModuleManager: Shutting down and abandoning module MacServerTargetPlatform (69)
[2018.04.30-16.31.36:570][916]LogModuleManager: Shutting down and abandoning module MacNoEditorTargetPlatform (67)
[2018.04.30-16.31.36:570][916]LogModuleManager: Shutting down and abandoning module MacClientTargetPlatform (65)
[2018.04.30-16.31.36:570][916]LogModuleManager: Shutting down and abandoning module AllDesktopTargetPlatform (63)
[2018.04.30-16.31.36:570][916]LogModuleManager: Shutting down and abandoning module InputCore (60)
[2018.04.30-16.31.36:570][916]LogModuleManager: Shutting down and abandoning module Settings (58)
[2018.04.30-16.31.36:571][916]LogModuleManager: Shutting down and abandoning module OculusRift (56)
[2018.04.30-16.31.36:571][916]LogModuleManager: Shutting down and abandoning module GearVRController (54)
[2018.04.30-16.31.36:571][916]LogModuleManager: Shutting down and abandoning module GearVR (52)
[2018.04.30-16.31.36:571][916]LogModuleManager: Shutting down and abandoning module ExampleDeviceProfileSelector (50)
[2018.04.30-16.31.36:571][916]LogModuleManager: Shutting down and abandoning module OnlineBlueprintSupport (48)
[2018.04.30-16.31.36:571][916]LogModuleManager: Shutting down and abandoning module OnlineSubsystem (44)
[2018.04.30-16.31.36:571][916]LogOnline:Display: Unloading online subsystem: NULL
[2018.04.30-16.31.36:571][916]LogModuleManager: Shutting down and abandoning module XMPP (43)
[2018.04.30-16.31.36:571][916]LogModuleManager: Shutting down and abandoning module HTTP (41)
[2018.04.30-16.31.36:571][916]LogHttp:Display: Http module shutting down, but needs to wait on 1 outstanding Http requests:
[2018.04.30-16.31.36:571][916]LogHttp:Display: 	verb=[POST] url=[https://datarouter.ol.epicgames.com/datarouter/api/v1/public/data?SessionID=%7BC2CFC7FF-483D-2658-FF44-F1BFF28CE34B%7D&AppID=UEEditor.Rocket.Release&AppVersion=4.16.3-3561208%2B%2B%2BUE4%2BRelease-4.16&UserID=eedd91be406e0cd25ea0748277e6e73c%7C7a211806f70b4509a5be2640357744fc%7Caa6de738-987c-4c76-bb80-6cc1d099ea00&AppEnvironment=datacollector-binary&UploadType=eteventstream] status=Processing
[2018.04.30-16.31.36:592][916]LogModuleManager: Shutting down and abandoning module SSL (40)
[2018.04.30-16.31.36:596][916]LogModuleManager: Shutting down and abandoning module HTTPChunkInstaller (36)
[2018.04.30-16.31.36:596][916]LogModuleManager: Shutting down and abandoning module AnimationModifiers (34)
[2018.04.30-16.31.36:596][916]LogModuleManager: Shutting down and abandoning module PropertyEditor (33)
[2018.04.30-16.31.36:596][916]LogModuleManager: Shutting down and abandoning module AudioEditor (30)
[2018.04.30-16.31.36:596][916]LogModuleManager: Shutting down and abandoning module TextureCompressor (28)
[2018.04.30-16.31.36:596][916]LogModuleManager: Shutting down and abandoning module ShaderCore (26)
[2018.04.30-16.31.36:596][916]LogModuleManager: Shutting down and abandoning module Landscape (24)
[2018.04.30-16.31.36:596][916]LogModuleManager: Shutting down and abandoning module SlateRHIRenderer (22)
[2018.04.30-16.31.36:602][916]LogModuleManager: Shutting down and abandoning module OpenGLDrv (20)
[2018.04.30-16.31.36:602][916]LogModuleManager: Shutting down and abandoning module D3D11RHI (18)
[2018.04.30-16.31.36:602][916]LogModuleManager: Shutting down and abandoning module AnimGraphRuntime (16)
[2018.04.30-16.31.36:602][916]LogModuleManager: Shutting down and abandoning module Renderer (14)
[2018.04.30-16.31.36:602][916]LogModuleManager: Shutting down and abandoning module Engine (12)
[2018.04.30-16.31.36:602][916]LogModuleManager: Shutting down and abandoning module CoreUObject (10)
[2018.04.30-16.31.36:602][916]LogModuleManager: Shutting down and abandoning module NetworkFile (8)
[2018.04.30-16.31.36:602][916]LogModuleManager: Shutting down and abandoning module StreamingFile (6)
[2018.04.30-16.31.36:602][916]LogModuleManager: Shutting down and abandoning module SandboxFile (4)
[2018.04.30-16.31.36:602][916]LogModuleManager: Shutting down and abandoning module PakFile (2)
[2018.04.30-16.31.36:606][916]LogExit: Exiting.
[2018.04.30-16.31.36:722][916]Log file closed, 04/30/18 18:31:36
