Log file open, 01/24/18 16:07:14
LogInit:Display: Running engine for game: MechHackAndSlash
LogPlatformFile: Not using cached read wrapper
LogInit:Display: RandInit(-1610193417) SRandInit(-1610193417).
LogTaskGraph: Started task graph with 5 named threads and 8 total threads with 1 sets of task threads.
LogStats: Stats thread started at 0.079244
LogInit: Using libcurl 7.47.1
LogInit:  - built for x86_64-pc-win32
LogInit:  - supports SSL with OpenSSL/1.0.2g
LogInit:  - supports HTTP deflate (compression) using libz 1.2.8
LogInit:  - other features:
LogInit:      CURL_VERSION_SSL
LogInit:      CURL_VERSION_LIBZ
LogInit:      CURL_VERSION_IPV6
LogInit:      CURL_VERSION_ASYNCHDNS
LogInit:      CURL_VERSION_LARGEFILE
LogInit:      CURL_VERSION_IDN
LogInit:  CurlRequestOptions (configurable via config and command line):
LogInit:  - bVerifyPeer = false  - Libcurl will NOT verify peer certificate
LogInit:  - bUseHttpProxy = false  - Libcurl will NOT use HTTP proxy
LogInit:  - bDontReuseConnections = false  - Libcurl will reuse connections
LogInit:  - CertBundlePath = nullptr  - Libcurl will use whatever was configured at build time.
LogInit: Build: ++UE4+Release-4.16-CL-3514769
LogInit: Engine Version: 4.16.2-3514769+++UE4+Release-4.16
LogInit: Compatible Engine Version: 4.16.0-3452394+++UE4+Release-4.16
LogInit: Net CL: 3452394
LogDevObjectVersion: Number of dev versions registered: 16
LogDevObjectVersion:   Dev-Blueprints (B0D832E4-1F89-4F0D-ACCF-7EB736FD4AA2): 9
LogDevObjectVersion:   Dev-Build (E1C64328-A22C-4D53-A36C-8E866417BD8C): 0
LogDevObjectVersion:   Dev-Core (375EC13C-06E4-48FB-B500-84F0262A717E): 2
LogDevObjectVersion:   Dev-Editor (E4B068ED-F494-42E9-A231-DA0B2E46BB41): 17
LogDevObjectVersion:   Dev-Framework (CFFC743F-43B0-4480-9391-14DF171D2073): 23
LogDevObjectVersion:   Dev-Mobile (B02B49B5-BB20-44E9-A304-32B752E40360): 0
LogDevObjectVersion:   Dev-Networking (A4E4105C-59A1-49B5-A7C5-40C4547EDFEE): 0
LogDevObjectVersion:   Dev-Online (39C831C9-5AE6-47DC-9A44-9C173E1C8E7C): 0
LogDevObjectVersion:   Dev-Physics (78F01B33-EBEA-4F98-B9B4-84EACCB95AA2): 0
LogDevObjectVersion:   Dev-Platform (6631380F-2D4D-43E0-8009-CF276956A95A): 0
LogDevObjectVersion:   Dev-Rendering (12F88B9F-8875-4AFC-A67C-D90C383ABD29): 15
LogDevObjectVersion:   Dev-Sequencer (7B5AE74C-D270-4C10-A958-57980B212A5A): 4
LogDevObjectVersion:   Dev-VR (D7296918-1DD6-4BDD-9DE2-64A83CC13884): 0
LogDevObjectVersion:   Dev-LoadTimes (C2A15278-BFE7-4AFE-6C17-90FF531DF755): 1
LogDevObjectVersion:   Private-Geometry (6EACA3D4-40EC-4CC1-B786-8BED09428FC5): 1
LogDevObjectVersion:   Dev-AnimPhys (29E575DD-E0A3-4627-9D10-D276232CDCEA): 3
LogInit: Compiled (64-bit): Jun 29 2017 02:03:24
LogInit: Compiled with Visual C++: 19.00.24215.01
LogInit: Build Configuration: Development
LogInit: Branch Name: ++UE4+Release-4.16
LogInit: Command line: 
LogInit: Base directory: D:/Program Files (x86)/Epic Games/UE_4.16/Engine/Binaries/Win64/
LogInit: Installed Engine Build: 1
LogInit: Presizing for max 8388607 objects, including 0 objects not considered by GC, pre-allocating 0 bytes for permanent pool.
LogInit: Object subsystem initialized
[2018.01.24-15.07.15:024][  0]LogInit: Selected Device Profile: [Windows]
[2018.01.24-15.07.15:024][  0]LogInit: Applying CVar settings loaded from the selected device profile: [Windows]
[2018.01.24-15.07.15:036][  0]LogInit: Computer: DAVIDMASTERRACE
[2018.01.24-15.07.15:036][  0]LogInit: User: David
[2018.01.24-15.07.15:036][  0]LogInit: CPU Page size=4096, Cores=4
[2018.01.24-15.07.15:036][  0]LogInit: High frequency timer resolution =3.417967 MHz
[2018.01.24-15.07.15:036][  0]LogMemory: Memory total: Physical=15.9GB (16GB approx)
[2018.01.24-15.07.15:036][  0]LogMemory: Platform Memory Stats for Windows
[2018.01.24-15.07.15:036][  0]LogMemory: Process Physical Memory: 272.41 MB used, 272.41 MB peak
[2018.01.24-15.07.15:036][  0]LogMemory: Process Virtual Memory: 274.52 MB used, 274.52 MB peak
[2018.01.24-15.07.15:036][  0]LogMemory: Physical Memory: 6096.41 MB used,  10230.03 MB free, 16326.44 MB total
[2018.01.24-15.07.15:036][  0]LogMemory: Virtual Memory: 631.00 MB used,  10230.03 MB free, 134217728.00 MB total
[2018.01.24-15.07.15:076][  0]LogInit: Overriding language with editor language configuration option (en).
[2018.01.24-15.07.15:076][  0]LogInit: Overriding locale with editor locale configuration option (en).
[2018.01.24-15.07.15:785][  0]LogD3D11RHI: D3D11 adapters:
[2018.01.24-15.07.15:807][  0]LogD3D11RHI:    0. 'NVIDIA GeForce GTX 970' (Feature Level 11_0)
[2018.01.24-15.07.15:807][  0]LogD3D11RHI:       3975/0/8163 MB DedicatedVideo/DedicatedSystem/SharedSystem, Outputs:1, VendorId:0x10de
[2018.01.24-15.07.15:808][  0]LogD3D11RHI:    1. 'Microsoft Basic Render Driver' (Feature Level 11_0)
[2018.01.24-15.07.15:808][  0]LogD3D11RHI:       0/0/256 MB DedicatedVideo/DedicatedSystem/SharedSystem, Outputs:0, VendorId:0x1414
[2018.01.24-15.07.15:808][  0]LogD3D11RHI: Chosen D3D11 Adapter: 0
[2018.01.24-15.07.15:810][  0]LogD3D11RHI: Creating new Direct3DDevice
[2018.01.24-15.07.15:810][  0]LogD3D11RHI:     GPU DeviceId: 0x13c2 (for the marketing name, search the web for "GPU Device Id")
[2018.01.24-15.07.15:810][  0]LogWindows: EnumDisplayDevices:
[2018.01.24-15.07.15:811][  0]LogWindows:    0. 'NVIDIA GeForce GTX 970' (P:1 D:1)
[2018.01.24-15.07.15:811][  0]LogWindows:    1. 'NVIDIA GeForce GTX 970' (P:0 D:0)
[2018.01.24-15.07.15:811][  0]LogWindows:    2. 'NVIDIA GeForce GTX 970' (P:0 D:0)
[2018.01.24-15.07.15:811][  0]LogWindows:    3. 'NVIDIA GeForce GTX 970' (P:0 D:0)
[2018.01.24-15.07.15:811][  0]LogWindows: DebugString: FoundDriverCount:4 
[2018.01.24-15.07.15:811][  0]LogD3D11RHI:     Adapter Name: NVIDIA GeForce GTX 970
[2018.01.24-15.07.15:811][  0]LogD3D11RHI:   Driver Version: 388.13 (internal:23.21.13.8813, unified:388.13)
[2018.01.24-15.07.15:811][  0]LogD3D11RHI:      Driver Date: 10-27-2017
[2018.01.24-15.07.15:811][  0]LogRHI: Texture pool is 1361 MB (70% of 1945 MB)
[2018.01.24-15.07.15:820][  0]LogD3D11RHI: Async texture creation enabled
[2018.01.24-15.07.15:836][  0]LogD3D11RHI: GPU Timing Frequency: 1000.000000 (Debug: 2 2)
[2018.01.24-15.07.15:880][  0]LogShaderCompilers: Guid format shader working directory is -27 characters bigger than the processId version (C:/Users/David/Documents/GitHub/FuturoImperfecto/PRUEBAS/MechHackAndSlash/Intermediate/Shaders/WorkingDirectory/1292/).
[2018.01.24-15.07.15:880][  0]LogShaderCompilers: Cleaned the shader compiler working directory 'C:/Users/David/AppData/Local/Temp/UnrealShaderWorkingDir/D6C2A4314F0D0E4AD15F0DB76287F099/'.
[2018.01.24-15.07.15:880][  0]LogShaderCompilers:Display: Using Local Shader Compiler.
[2018.01.24-15.07.16:711][  0]LogTemp:Display: Loaded TP AllDesktopTargetPlatform
[2018.01.24-15.07.16:741][  0]LogTemp:Display: Loaded TP MacClientTargetPlatform
[2018.01.24-15.07.16:772][  0]LogTemp:Display: Loaded TP MacNoEditorTargetPlatform
[2018.01.24-15.07.16:802][  0]LogTemp:Display: Loaded TP MacServerTargetPlatform
[2018.01.24-15.07.16:833][  0]LogTemp:Display: Loaded TP MacTargetPlatform
[2018.01.24-15.07.16:874][  0]LogTemp:Display: Loaded TP WindowsClientTargetPlatform
[2018.01.24-15.07.16:903][  0]LogTemp:Display: Loaded TP WindowsNoEditorTargetPlatform
[2018.01.24-15.07.16:934][  0]LogTemp:Display: Loaded TP WindowsServerTargetPlatform
[2018.01.24-15.07.16:977][  0]LogTemp:Display: Loaded TP WindowsTargetPlatform
[2018.01.24-15.07.17:006][  0]LogTemp:Display: Loaded TP AndroidTargetPlatform
[2018.01.24-15.07.17:035][  0]LogTemp:Display: Loaded TP Android_ASTCTargetPlatform
[2018.01.24-15.07.17:065][  0]LogTemp:Display: Loaded TP Android_ATCTargetPlatform
[2018.01.24-15.07.17:094][  0]LogTemp:Display: Loaded TP Android_DXTTargetPlatform
[2018.01.24-15.07.17:123][  0]LogTemp:Display: Loaded TP Android_ETC1TargetPlatform
[2018.01.24-15.07.17:153][  0]LogTemp:Display: Loaded TP Android_ETC2TargetPlatform
[2018.01.24-15.07.17:211][  0]LogTemp:Display: Loaded TP Android_MultiTargetPlatform
[2018.01.24-15.07.17:211][  0]LogTemp:Display: Loaded TP Android_PVRTCTargetPlatform
[2018.01.24-15.07.17:232][  0]LogTemp:Display: Loaded TP HTML5TargetPlatform
[2018.01.24-15.07.17:294][  0]LogTemp:Display: Loaded TP IOSTargetPlatform
[2018.01.24-15.07.17:313][  0]LogTemp:Display: Loaded TP TVOSTargetPlatform
[2018.01.24-15.07.17:342][  0]LogTemp:Display: Loaded TP LinuxClientTargetPlatform
[2018.01.24-15.07.17:379][  0]LogTemp:Display: Loaded TP LinuxNoEditorTargetPlatform
[2018.01.24-15.07.17:408][  0]LogTemp:Display: Loaded TP LinuxServerTargetPlatform
[2018.01.24-15.07.17:437][  0]LogTemp:Display: Loaded TP LinuxTargetPlatform
[2018.01.24-15.07.17:437][  0]LogTargetPlatformManager:Display: Building Assets For Windows
[2018.01.24-15.07.17:703][  0]LogDerivedDataCache:Display: Max Cache Size: 512 MB
[2018.01.24-15.07.17:786][  0]LogDerivedDataCache: Loaded boot cache 0.08s 90MB C:/Users/David/AppData/Local/UnrealEngine/4.16/DerivedDataCache/Boot.ddc.
[2018.01.24-15.07.17:786][  0]LogDerivedDataCache:Display: Loaded Boot cache: C:/Users/David/AppData/Local/UnrealEngine/4.16/DerivedDataCache/Boot.ddc
[2018.01.24-15.07.17:786][  0]LogDerivedDataCache: FDerivedDataBackendGraph:  Pak pak cache file C:/Users/David/Documents/GitHub/FuturoImperfecto/PRUEBAS/MechHackAndSlash/DerivedDataCache/DDC.ddp not found, will not use a pak cache.
[2018.01.24-15.07.17:786][  0]LogDerivedDataCache: Unable to find inner node Pak for hierarchical cache Hierarchy.
[2018.01.24-15.07.17:786][  0]LogDerivedDataCache: FDerivedDataBackendGraph:  CompressedPak pak cache file C:/Users/David/Documents/GitHub/FuturoImperfecto/PRUEBAS/MechHackAndSlash/DerivedDataCache/Compressed.ddp not found, will not use a pak cache.
[2018.01.24-15.07.17:786][  0]LogDerivedDataCache: Unable to find inner node CompressedPak for hierarchical cache Hierarchy.
[2018.01.24-15.07.17:801][  0]LogDerivedDataCache:Display: Pak cache opened for reading ../../../Engine/DerivedDataCache/Compressed.ddp.
[2018.01.24-15.07.17:814][  0]LogDerivedDataCache: Using Local data cache path C:/Users/David/AppData/Local/UnrealEngine/Common/DerivedDataCache: Writable
[2018.01.24-15.07.17:822][  0]LogMaterial: Verifying Global Shaders for PCD3D_SM5
[2018.01.24-15.07.17:822][  0]LogSlate: Using Freetype 2.6.0
[2018.01.24-15.07.17:823][  0]LogSlate: SlateFontCache - WITH_FREETYPE: 1, WITH_HARFBUZZ: 1
[2018.01.24-15.07.17:823][  0]LogSlate: SlateFontCache - WITH_FREETYPE: 1, WITH_HARFBUZZ: 1
[2018.01.24-15.07.18:075][  0]LogInit: Selected Device Profile: [Windows]
[2018.01.24-15.07.18:140][  0]LogContentStreaming: Texture pool size is 0.00 MB
[2018.01.24-15.07.18:251][  0]LogMeshUtilities: Using QuadricMeshReduction for automatic static mesh reduction
[2018.01.24-15.07.18:275][  0]LogSimplygon: Simplygon DLL not present - disabling.
[2018.01.24-15.07.18:300][  0]LogMeshUtilities: Using SimplygonSwarm for distributed automatic mesh merging
[2018.01.24-15.07.18:300][  0]LogMeshUtilities: No automatic skeletal mesh reduction module available
[2018.01.24-15.07.18:300][  0]LogMeshUtilities: No automatic mesh merging module available
[2018.01.24-15.07.18:681][  0]LogNetVersion: MechHackAndSlash , NetCL: 3452394, EngineNetVer: 2, GameNetVer: 0 (Checksum: 86869316)
[2018.01.24-15.07.18:730][  0]LogAssetRegistry: FAssetRegistry took 0.0253 seconds to start up
[2018.01.24-15.07.18:759][  0]LogPackageLocalizationCache: Processed 4 localized package path(s) for 1 prioritized culture(s) in 0.017395 seconds
[2018.01.24-15.07.18:764][  0]LogUObjectArray: 34194 objects as part of root set at end of initial load.
[2018.01.24-15.07.18:764][  0]LogUObjectAllocator: 7260424 out of 0 bytes used by permanent object pool.
[2018.01.24-15.07.18:764][  0]LogUObjectArray: CloseDisregardForGC: 0/0 objects in disregard for GC pool
[2018.01.24-15.07.18:797][  0]LogInit: WinSock: version 1.1 (2.2), MaxSocks=32767, MaxUdp=65467
[2018.01.24-15.07.20:334][  0]LogTcpMessaging: Initializing TcpMessaging bridge
[2018.01.24-15.07.20:360][  0]LogUdpMessaging: Initializing bridge on interface 0.0.0.0:0 to multicast group 230.0.0.1:6666.
[2018.01.24-15.07.20:713][  0]LogMaterial: Uniform references updated for custom material expression Custom.
[2018.01.24-15.07.20:942][  0]SourceControl: Info Source control is disabled
[2018.01.24-15.07.20:967][  0]SourceControl: Info Source control is disabled
[2018.01.24-15.07.20:993][  0]SourceControl: Info Source control is disabled
[2018.01.24-15.07.21:018][  0]SourceControl: Info Source control is disabled
[2018.01.24-15.07.21:386][  0]LogAndroidPermission: UAndroidPermissionCallbackProxy::GetInstance
[2018.01.24-15.07.21:710][  0]LogEngine: Initializing Engine...
[2018.01.24-15.07.21:711][  0]LogHMD: Failed to initialize OpenVR with code 110
[2018.01.24-15.07.21:867][  0]LogStats: UGameplayTagsManager::ConstructGameplayTagTree: Construct from data asset -  0.000 s
[2018.01.24-15.07.21:867][  0]LogStats: UGameplayTagsManager::ConstructGameplayTagTree: GameplayTagTreeChangedEvent.Broadcast -  0.000 s
[2018.01.24-15.07.21:937][  0]LogAIModule: Creating AISystem for world Untitled
[2018.01.24-15.07.21:958][  0]LogInit: XAudio2 using 'Speakers (Realtek High Definition Audio)' : 2 channels at 48 kHz using 32 bits per sample (channel mask 0x3)
[2018.01.24-15.07.21:974][  0]LogInit: FAudioDevice initialized.
[2018.01.24-15.07.22:009][  0]LogDerivedDataCache: Saved boot cache 0.03s 90MB C:/Users/David/AppData/Local/UnrealEngine/4.16/DerivedDataCache/Boot.ddc.
[2018.01.24-15.07.22:018][  0]LogInit: Texture streaming: Enabled
[2018.01.24-15.07.22:068][  0]LogEngineSessionManager: EngineSessionManager initialized
[2018.01.24-15.07.22:183][  0]LogInit: Transaction tracking system initialized
[2018.01.24-15.07.22:345][  0]BlueprintLog: New page: Editor Load
[2018.01.24-15.07.22:839][  0]LocalizationService: Info Localization service is disabled
[2018.01.24-15.07.23:204][  0]LogConsoleResponse:Display: 
[2018.01.24-15.07.23:331][  0]LogCook:Display: Max memory allowance for cook 16384mb min free memory 0mb
[2018.01.24-15.07.23:331][  0]LogCook:Display: Mobile HDR setting 1
[2018.01.24-15.07.23:548][  0]LogFileCache: Scanning file cache for directory 'C:/Users/David/Documents/GitHub/FuturoImperfecto/PRUEBAS/MechHackAndSlash/Content/' took 0.02s
[2018.01.24-15.07.23:868][  0]SourceControl: Info Source control is disabled
[2018.01.24-15.07.23:868][  0]Cmd: MAP LOAD FILE="C:/Users/David/Documents/GitHub/FuturoImperfecto/PRUEBAS/MechHackAndSlash/Content/ThirdPersonBP/Maps/ThirdPersonExampleMap.umap" TEMPLATE=0 SHOWPROGRESS=1 FEATURELEVEL=3
[2018.01.24-15.07.23:875][  0]LightingResults: New page: Lighting Build
[2018.01.24-15.07.23:897][  0]MapCheck: New page: Map Check
[2018.01.24-15.07.23:897][  0]LightingResults: New page: Lighting Build
[2018.01.24-15.07.28:781][  0]LogAIModule: Creating AISystem for world ThirdPersonExampleMap
[2018.01.24-15.07.30:393][  0]LogEditorServer: Finished looking for orphan Actors (0.000 secs)
[2018.01.24-15.07.30:454][  0]Cmd: MAP CHECKDEP NOCLEARLOG
[2018.01.24-15.07.30:508][  0]MapCheck: Info Map check complete: 0 Error(s), 0 Warning(s), took 54.008ms to complete.
[2018.01.24-15.07.30:508][  0]LogFileHelpers: Loading map 'ThirdPersonExampleMap' took 6.639
[2018.01.24-15.07.31:108][  0]LogCollectionManager: Loaded 0 collections in 0.004459 seconds
[2018.01.24-15.07.31:296][  0]LogFileCache: Scanning file cache for directory 'C:/Users/David/Documents/GitHub/FuturoImperfecto/PRUEBAS/MechHackAndSlash/Saved/Collections/' took 0.01s
[2018.01.24-15.07.31:296][  0]LogFileCache: Scanning file cache for directory 'C:/Users/David/Documents/GitHub/FuturoImperfecto/PRUEBAS/MechHackAndSlash/Content/Developers/David/Collections/' took 0.01s
[2018.01.24-15.07.31:296][  0]LogFileCache: Scanning file cache for directory 'C:/Users/David/Documents/GitHub/FuturoImperfecto/PRUEBAS/MechHackAndSlash/Content/Collections/' took 0.01s
[2018.01.24-15.07.31:296][  0]LogCollectionManager: Rebuilt the GUID cache for 0 collections in 0.000006 seconds
[2018.01.24-15.07.31:330][  0]LogContentBrowser: Native class hierarchy populated in 0.0318 seconds. Added 2329 classes and 491 folders.
[2018.01.24-15.07.31:463][  0]LogContentBrowser: Native class hierarchy updated for 'WidgetCarousel' in 0.0007 seconds. Added 0 classes and 0 folders.
[2018.01.24-15.07.32:545][  0]LogContentBrowser: Native class hierarchy updated for 'AddContentDialog' in 0.0005 seconds. Added 0 classes and 0 folders.
[2018.01.24-15.07.32:613][  0]LogContentBrowser: Native class hierarchy updated for 'SceneOutliner' in 0.0005 seconds. Added 1 classes and 2 folders.
[2018.01.24-15.07.32:739][  0]LogContentBrowser: Native class hierarchy updated for 'WorldBrowser' in 0.0007 seconds. Added 1 classes and 3 folders.
[2018.01.24-15.07.33:456][  0]LogCrashTracker: Crashtracker disabled due to settings.
[2018.01.24-15.07.33:495][  0]LogSlate: Took 0.000167 seconds to synchronously load lazily loaded font '../../../Engine/Content/Slate/Fonts/Roboto-Regular.ttf' (155K)
[2018.01.24-15.07.33:497][  0]LogSlate: Took 0.000135 seconds to synchronously load lazily loaded font '../../../Engine/Content/Slate/Fonts/Roboto-Bold.ttf' (160K)
[2018.01.24-15.07.33:528][  0]LogSlate: Took 0.017846 seconds to synchronously load lazily loaded font '../../../Engine/Content/Editor/Slate/Fonts/FontAwesome.ttf' (139K)
[2018.01.24-15.07.33:934][  0]LogRenderer: Reallocating scene render targets to support 1204x576 NumSamples 1 (Frame:1).
[2018.01.24-15.07.34:320][  0]LogUObjectGlobals:Warning: Failed to find object 'Class None.'
[2018.01.24-15.07.34:365][  0]LogContentBrowser: Native class hierarchy updated for 'HierarchicalLODOutliner' in 0.0005 seconds. Added 1 classes and 2 folders.
[2018.01.24-15.07.34:365][  0]LogLoad: (Engine Initialization) Total time: 20.58 seconds
[2018.01.24-15.07.34:365][  0]LogLoad: (Engine Initialization) Total Blueprint compile time: 0.88 seconds
[2018.01.24-15.07.34:365][  0]LogExternalProfiler: Found external profiler: VSPerf
[2018.01.24-15.07.34:365][  0]LogExternalProfiler: Using external profiler: VSPerf
[2018.01.24-15.07.34:383][  0]LogOcInput: OculusInput pre-init called
[2018.01.24-15.07.34:383][  0]LogHMD: Starting GearVRController plugin
[2018.01.24-15.07.34:443][  0]LogContentStreaming: Texture pool size now 1000 MB
[2018.01.24-15.07.34:566][  0]LogSlate: Took 0.018555 seconds to synchronously load lazily loaded font '../../../Engine/Content/Slate/Fonts/Roboto-Light.ttf' (159K)
[2018.01.24-15.07.34:630][  1]LogAssetRegistry: Asset discovery search completed in 15.9211 seconds
[2018.01.24-15.07.34:632][  1]LogCollectionManager: Rebuilt the object cache for 0 collections in 0.000000 seconds (found 0 objects)
[2018.01.24-15.07.34:632][  1]LogCollectionManager: Fixed up redirectors for 0 collections in 0.000023 seconds (updated 0 objects)
[2018.01.24-15.07.34:719][  1]LogSlate: Took 0.000316 seconds to synchronously load lazily loaded font '../../../Engine/Content/Slate/Fonts/Roboto-Light.ttf' (159K)
[2018.01.24-15.07.35:478][  7]LogSlate: Took 0.000218 seconds to synchronously load lazily loaded font '../../../Engine/Content/Slate/Fonts/Roboto-Light.ttf' (159K)
[2018.01.24-15.07.39:921][434]LogContentBrowser: Native class hierarchy updated for 'BlueprintGraph' in 0.0013 seconds. Added 112 classes and 0 folders.
[2018.01.24-15.07.41:217][434]LogSlate: Took 0.011617 seconds to synchronously load lazily loaded font '../../../Engine/Content/Editor/Slate/Fonts/Roboto-BoldCondensed.ttf' (158K)
[2018.01.24-15.07.42:659][435]LogSlate: Took 0.011049 seconds to synchronously load lazily loaded font '../../../Engine/Content/Editor/Slate/Fonts/Roboto-Italic.ttf' (157K)
[2018.01.24-15.08.44:594][977]Cmd: OBJ SAVEPACKAGE PACKAGE="/Game/Warrior/Warrior_BP" FILE="C:/Users/David/Documents/GitHub/FuturoImperfecto/PRUEBAS/MechHackAndSlash/Content/Warrior/Warrior_BP.uasset" SILENT=true
[2018.01.24-15.08.45:656][977]LogSavePackage: Save=1021.17ms
[2018.01.24-15.08.45:656][977]LogSavePackage: Moving 'C:/Users/David/Documents/GitHub/FuturoImperfecto/PRUEBAS/MechHackAndSlash/Saved/Warrior_BP812B17BC4B75A62CDBD2C6BE95FB9567.tmp' to 'C:/Users/David/Documents/GitHub/FuturoImperfecto/PRUEBAS/MechHackAndSlash/Content/Warrior/Warrior_BP.uasset'
[2018.01.24-15.08.45:660][977]LogSavePackage:Display: Finished SavePackage C:/Users/David/Documents/GitHub/FuturoImperfecto/PRUEBAS/MechHackAndSlash/Content/Warrior/Warrior_BP.uasset
[2018.01.24-15.08.46:126][ 10]BlueprintLog: New page: Compile Warrior_BP
[2018.01.24-15.13.16:096][903]Cmd: TRANSACTION UNDO
[2018.01.24-15.13.16:096][903]LogEditorTransaction: Undo Set Vector Property
[2018.01.24-15.13.16:723][958]Cmd: TRANSACTION UNDO
[2018.01.24-15.13.16:723][958]LogEditorTransaction: Undo Set Vector Property
[2018.01.24-15.15.59:499][772]BlueprintLog: New page: Compile Warrior_BP
[2018.01.24-15.16.01:168][782]Cmd: OBJ SAVEPACKAGE PACKAGE="/Game/Warrior/Warrior_BP" FILE="C:/Users/David/Documents/GitHub/FuturoImperfecto/PRUEBAS/MechHackAndSlash/Content/Warrior/Warrior_BP.uasset" SILENT=true
[2018.01.24-15.16.02:183][782]LogSavePackage: Save=1003.28ms
[2018.01.24-15.16.02:183][782]LogSavePackage: Moving 'C:/Users/David/Documents/GitHub/FuturoImperfecto/PRUEBAS/MechHackAndSlash/Saved/Warrior_BPCFB0E61B46CC7089ADD9A0B1402ACAD1.tmp' to 'C:/Users/David/Documents/GitHub/FuturoImperfecto/PRUEBAS/MechHackAndSlash/Content/Warrior/Warrior_BP.uasset'
[2018.01.24-15.16.02:186][782]LogSavePackage:Display: Finished SavePackage C:/Users/David/Documents/GitHub/FuturoImperfecto/PRUEBAS/MechHackAndSlash/Content/Warrior/Warrior_BP.uasset
[2018.01.24-15.16.03:170][868]LogSpawn:Warning: UWorld::DestroyActor: World has no context! World: BlueLevel, Actor: /Game/Niveles/BlueLevel.BlueLevel:PersistentLevel.BlueLevel_C_0
[2018.01.24-15.16.03:848][868]LogSavePackage: Save=684.49ms
[2018.01.24-15.16.03:848][868]LogSavePackage: Moving 'C:/Users/David/Documents/GitHub/FuturoImperfecto/PRUEBAS/MechHackAndSlash/Saved/BlueLevel0EB821E047915BE72F8AA1B9815B6636.tmp' to 'C:/Users/David/Documents/GitHub/FuturoImperfecto/PRUEBAS/MechHackAndSlash/Content/Niveles/BlueLevel.umap'
[2018.01.24-15.16.03:853][868]LogSavePackage:Display: Finished SavePackage C:/Users/David/Documents/GitHub/FuturoImperfecto/PRUEBAS/MechHackAndSlash/Content/Niveles/BlueLevel.umap
[2018.01.24-15.16.03:854][868]LogFileHelpers: Saving map 'BlueLevel' took 0.799
[2018.01.24-15.17.01:370][114]LogSpawn:Warning: UWorld::DestroyActor: World has no context! World: BlueLevel, Actor: /Game/Niveles/BlueLevel.BlueLevel:PersistentLevel.BlueLevel_C_1
[2018.01.24-15.17.02:057][114]LogSavePackage: Save=694.31ms
[2018.01.24-15.17.02:057][114]LogSavePackage: Moving 'C:/Users/David/Documents/GitHub/FuturoImperfecto/PRUEBAS/MechHackAndSlash/Saved/BlueLevel952F436C4D13346BBCF644B49C29C2A8.tmp' to 'C:/Users/David/Documents/GitHub/FuturoImperfecto/PRUEBAS/MechHackAndSlash/Content/Niveles/BlueLevel.umap'
[2018.01.24-15.17.02:062][114]LogSavePackage:Display: Finished SavePackage C:/Users/David/Documents/GitHub/FuturoImperfecto/PRUEBAS/MechHackAndSlash/Content/Niveles/BlueLevel.umap
[2018.01.24-15.17.02:063][114]LogFileHelpers: Saving map 'BlueLevel' took 0.774
[2018.01.24-15.17.11:772][211]LogEditorViewport: Clicking on Actor (LMB): BlueBoosDummy_C (BlueBoosDummy12)
[2018.01.24-15.17.33:107][660]BlueprintLog: New page: Compile BlueBoosDummy
[2018.01.24-15.17.38:590][994]Cmd: OBJ SAVEPACKAGE PACKAGE="/Game/Boss/BlueBoosDummy" FILE="C:/Users/David/Documents/GitHub/FuturoImperfecto/PRUEBAS/MechHackAndSlash/Content/Boss/BlueBoosDummy.uasset" SILENT=true
[2018.01.24-15.17.38:924][994]LogSavePackage: Save=326.21ms
[2018.01.24-15.17.38:924][994]LogSavePackage: Moving 'C:/Users/David/Documents/GitHub/FuturoImperfecto/PRUEBAS/MechHackAndSlash/Saved/BlueBoosDummyB8DF65074417ECAEC2DCC883F328C33B.tmp' to 'C:/Users/David/Documents/GitHub/FuturoImperfecto/PRUEBAS/MechHackAndSlash/Content/Boss/BlueBoosDummy.uasset'
[2018.01.24-15.17.38:926][994]LogSavePackage:Display: Finished SavePackage C:/Users/David/Documents/GitHub/FuturoImperfecto/PRUEBAS/MechHackAndSlash/Content/Boss/BlueBoosDummy.uasset
[2018.01.24-15.20.26:094][935]LogEditorViewport: Clicking on Actor (LMB): ThirdPersonCharacter_C (ThirdPersonCharacter2)
[2018.01.24-15.20.30:037][399]LogEditorViewport: Clicking Background
[2018.01.24-15.20.30:501][454]LogEditorViewport: Clicking on Actor (LMB): TriggerBox (TriggerBox6)
[2018.01.24-15.21.21:750][180]LogEditorViewport: Clicking on Actor (LMB): TriggerBox (TriggerBox5)
[2018.01.24-15.21.24:577][515]Cmd: DELETE
[2018.01.24-15.21.24:577][515]Cmd: ACTOR DELETE
[2018.01.24-15.21.24:640][515]LogEditorActor: Deleted Actor: TriggerBox
[2018.01.24-15.21.24:682][515]LogEditorActor: Deleted 1 Actors (0.055 secs)
[2018.01.24-15.21.46:602][ 47]Cmd: DELETE
[2018.01.24-15.21.46:602][ 47]Cmd: ACTOR DELETE
[2018.01.24-15.21.46:604][ 47]LogEditorActor: Deleted Actor: TriggerBox
[2018.01.24-15.21.46:620][ 47]LogEditorActor: Deleted 1 Actors (0.018 secs)
[2018.01.24-15.22.37:223][  1]LogSpawn:Warning: UWorld::DestroyActor: World has no context! World: BlueLevel, Actor: /Game/Niveles/BlueLevel.BlueLevel:PersistentLevel.BlueLevel_C_2
[2018.01.24-15.22.37:923][  1]LogSavePackage: Save=710.16ms
[2018.01.24-15.22.37:923][  1]LogSavePackage: Moving 'C:/Users/David/Documents/GitHub/FuturoImperfecto/PRUEBAS/MechHackAndSlash/Saved/BlueLevel765840CA498C620C674820988CB284F9.tmp' to 'C:/Users/David/Documents/GitHub/FuturoImperfecto/PRUEBAS/MechHackAndSlash/Content/Niveles/BlueLevel.umap'
[2018.01.24-15.22.37:930][  1]LogSavePackage:Display: Finished SavePackage C:/Users/David/Documents/GitHub/FuturoImperfecto/PRUEBAS/MechHackAndSlash/Content/Niveles/BlueLevel.umap
[2018.01.24-15.22.37:931][  1]LogFileHelpers: Saving map 'BlueLevel' took 0.829
[2018.01.24-15.22.43:180][425]LogTemp: Executing iPhonePackager certificates Engine -bundlename com.YourCompany.MechHackAndSlash
[2018.01.24-15.22.43:180][425]LogSlate: Only BGRA pngs, bmps or icos are supported in by External Image Picker
[2018.01.24-15.22.43:237][426]LogTemp: CWD: D:\Program Files (x86)\Epic Games\UE_4.16\Engine\Binaries\DotNET\IOS
[2018.01.24-15.22.43:237][426]LogTemp: Initial Dir: D:\Program Files (x86)\Epic Games\UE_4.16
[2018.01.24-15.22.43:237][426]LogTemp: Env CWD: D:\Program Files (x86)\Epic Games\UE_4.16\Engine\Binaries\DotNET\IOS
[2018.01.24-15.22.43:237][426]LogTemp: BranchPath = DAVIDMASTERRACE/D/Program Files (x86)/Epic Games/UE_4.16/Engine/Binaries --- GameBranchPath = DAVIDMASTERRACE/D/Program Files (x86)/Epic Games/UE_4.16/Engine/Binaries
[2018.01.24-15.22.43:237][426]LogTemp: IPP ERROR: Could not find provision directory 'C:\Users\David\AppData\Local/Apple Computer/MobileDevice/Provisioning Profiles/'.
[2018.01.24-15.26.32:589][657]LogSlate: Took 0.032445 seconds to synchronously load lazily loaded font '../../../Engine/Content/Slate/Fonts/DroidSansFallback.ttf' (3848K)
[2018.01.24-15.27.19:407][248]LogUObjectHash:Warning: Ambiguous search, could be VerticalBox /Game/Widgets/DebugControles.DebugControles:WidgetTree.VerticalBox_0 or VerticalBox /Game/Widgets/DebugControles.DebugControles_C:WidgetTree.VerticalBox_0
[2018.01.24-15.27.19:407][248]LogUObjectHash:Warning: Ambiguous search, could be VerticalBox /Game/Widgets/DebugControles.DebugControles:WidgetTree.VerticalBox_0 or VerticalBox /Engine/Transient.World_22:DebugControles_C_2.WidgetTree_18.VerticalBox_0
[2018.01.24-15.27.19:407][248]LogUObjectHash:Warning: Ambiguous search, could be VerticalBox /Game/Widgets/DebugControles.DebugControles:WidgetTree.VerticalBox_0 or VerticalBox /Engine/Transient.World_22:DebugControles_C_3.WidgetTree_19.VerticalBox_0
[2018.01.24-15.27.19:407][248]LogUObjectHash:Warning: Ambiguous search, could be VerticalBox /Game/Widgets/DebugControles.DebugControles:WidgetTree.VerticalBox_0 or VerticalBox /Engine/Transient.World_22:DebugControles_C_4.WidgetTree_20.VerticalBox_0
[2018.01.24-15.27.19:407][248]LogUObjectHash:Warning: Ambiguous search, could be VerticalBox /Game/Widgets/DebugControles.DebugControles:WidgetTree.VerticalBox_0 or VerticalBox /Engine/Transient.World_22:DebugControles_C_5.WidgetTree_21.VerticalBox_0
[2018.01.24-15.27.19:407][248]LogProperty:Warning: Illegal TEXT reference to a private object in external package (VerticalBoxSlot /Game/Widgets/DebugControles.DebugControles:WidgetTree.VerticalBox_0.VerticalBoxSlot_6) from referencer (TextBlock /Engine/UMG/Editor/Transient.TextBlock_507).  Import failed...
[2018.01.24-15.27.19:407][248]LogProperty:Warning: ObjectProperty /Script/UMG.Widget:Slot: unresolved reference to 'VerticalBoxSlot'VerticalBox_0.VerticalBoxSlot_6''
[2018.01.24-15.27.57:817][523]BlueprintLog: New page: Compile DebugControles
[2018.01.24-15.27.57:947][523]BlueprintEditorCompileResults: Info Fast Template Successfully Created.
[2018.01.24-15.27.58:451][551]Cmd: OBJ SAVEPACKAGE PACKAGE="/Game/Widgets/DebugControles" FILE="C:/Users/David/Documents/GitHub/FuturoImperfecto/PRUEBAS/MechHackAndSlash/Content/Widgets/DebugControles.uasset" SILENT=true
[2018.01.24-15.27.58:474][551]LogSavePackage: Save=16.93ms
[2018.01.24-15.27.58:474][551]LogSavePackage: Moving 'C:/Users/David/Documents/GitHub/FuturoImperfecto/PRUEBAS/MechHackAndSlash/Saved/DebugControles9F17E8A140A38BF3A52E5796EDBE13B3.tmp' to 'C:/Users/David/Documents/GitHub/FuturoImperfecto/PRUEBAS/MechHackAndSlash/Content/Widgets/DebugControles.uasset'
[2018.01.24-15.27.58:476][551]LogSavePackage:Display: Finished SavePackage C:/Users/David/Documents/GitHub/FuturoImperfecto/PRUEBAS/MechHackAndSlash/Content/Widgets/DebugControles.uasset
[2018.01.24-15.28.26:750][545]LogLinker: Can't find file '/Game/Widgets/Tuto1'
[2018.01.24-15.28.26:750][545]LogLinker: Can't find file '/Game/Widgets/Tuto1'
[2018.01.24-15.28.36:235][372]LogActorComponent: UnregisterComponent: (/Engine/Transient.EditorFloorComp) Not registered. Aborting.
[2018.01.24-15.30.19:286][847]LogSlate: Took 0.000183 seconds to synchronously load lazily loaded font '../../../Engine/Content/Slate/Fonts/Roboto-Regular.ttf' (155K)
[2018.01.24-15.30.19:292][847]LogSlate: Took 0.000162 seconds to synchronously load lazily loaded font '../../../Engine/Content/Slate/Fonts/Roboto-Bold.ttf' (160K)
[2018.01.24-15.30.19:295][847]LogSlate: Took 0.000113 seconds to synchronously load lazily loaded font '../../../Engine/Content/Editor/Slate/Fonts/FontAwesome.ttf' (139K)
[2018.01.24-15.30.19:297][847]LogSlate: Took 0.000131 seconds to synchronously load lazily loaded font '../../../Engine/Content/Slate/Fonts/Roboto-Light.ttf' (159K)
[2018.01.24-15.30.19:304][847]LogSlate: Took 0.000136 seconds to synchronously load lazily loaded font '../../../Engine/Content/Slate/Fonts/Roboto-Light.ttf' (159K)
[2018.01.24-15.30.19:311][847]LogSlate: Took 0.001505 seconds to synchronously load lazily loaded font '../../../Engine/Content/Slate/Fonts/DroidSansFallback.ttf' (3848K)
[2018.01.24-15.30.19:311][847]LogSlate: Took 0.000120 seconds to synchronously load lazily loaded font '../../../Engine/Content/Editor/Slate/Fonts/Roboto-BoldCondensed.ttf' (158K)
[2018.01.24-15.30.19:381][850]LogSlate: Took 0.000147 seconds to synchronously load lazily loaded font '../../../Engine/Content/Slate/Fonts/Roboto-Regular.ttf' (155K)
[2018.01.24-15.30.19:387][850]LogSlate: Took 0.000135 seconds to synchronously load lazily loaded font '../../../Engine/Content/Slate/Fonts/Roboto-Bold.ttf' (160K)
[2018.01.24-15.30.19:391][850]LogSlate: Took 0.000097 seconds to synchronously load lazily loaded font '../../../Engine/Content/Editor/Slate/Fonts/FontAwesome.ttf' (139K)
[2018.01.24-15.30.19:392][850]LogSlate: Took 0.000093 seconds to synchronously load lazily loaded font '../../../Engine/Content/Slate/Fonts/Roboto-Light.ttf' (159K)
[2018.01.24-15.30.19:399][850]LogSlate: Took 0.000135 seconds to synchronously load lazily loaded font '../../../Engine/Content/Slate/Fonts/Roboto-Light.ttf' (159K)
[2018.01.24-15.30.19:406][850]LogSlate: Took 0.001174 seconds to synchronously load lazily loaded font '../../../Engine/Content/Slate/Fonts/DroidSansFallback.ttf' (3848K)
[2018.01.24-15.30.19:407][850]LogSlate: Took 0.000095 seconds to synchronously load lazily loaded font '../../../Engine/Content/Editor/Slate/Fonts/Roboto-BoldCondensed.ttf' (158K)
[2018.01.24-15.30.19:572][859]LogSlate: Took 0.000145 seconds to synchronously load lazily loaded font '../../../Engine/Content/Slate/Fonts/Roboto-Regular.ttf' (155K)
[2018.01.24-15.30.19:578][859]LogSlate: Took 0.000143 seconds to synchronously load lazily loaded font '../../../Engine/Content/Slate/Fonts/Roboto-Bold.ttf' (160K)
[2018.01.24-15.30.19:582][859]LogSlate: Took 0.000124 seconds to synchronously load lazily loaded font '../../../Engine/Content/Editor/Slate/Fonts/FontAwesome.ttf' (139K)
[2018.01.24-15.30.19:583][859]LogSlate: Took 0.000119 seconds to synchronously load lazily loaded font '../../../Engine/Content/Slate/Fonts/Roboto-Light.ttf' (159K)
[2018.01.24-15.30.19:590][859]LogSlate: Took 0.000130 seconds to synchronously load lazily loaded font '../../../Engine/Content/Slate/Fonts/Roboto-Light.ttf' (159K)
[2018.01.24-15.30.19:597][859]LogSlate: Took 0.001186 seconds to synchronously load lazily loaded font '../../../Engine/Content/Slate/Fonts/DroidSansFallback.ttf' (3848K)
[2018.01.24-15.30.19:597][859]LogSlate: Took 0.000103 seconds to synchronously load lazily loaded font '../../../Engine/Content/Editor/Slate/Fonts/Roboto-BoldCondensed.ttf' (158K)
[2018.01.24-15.30.19:702][864]LogSlate: Took 0.000161 seconds to synchronously load lazily loaded font '../../../Engine/Content/Slate/Fonts/Roboto-Regular.ttf' (155K)
[2018.01.24-15.30.19:708][864]LogSlate: Took 0.000120 seconds to synchronously load lazily loaded font '../../../Engine/Content/Slate/Fonts/Roboto-Bold.ttf' (160K)
[2018.01.24-15.30.19:711][864]LogSlate: Took 0.000090 seconds to synchronously load lazily loaded font '../../../Engine/Content/Editor/Slate/Fonts/FontAwesome.ttf' (139K)
[2018.01.24-15.30.19:713][864]LogSlate: Took 0.000085 seconds to synchronously load lazily loaded font '../../../Engine/Content/Slate/Fonts/Roboto-Light.ttf' (159K)
[2018.01.24-15.30.19:719][864]LogSlate: Took 0.000127 seconds to synchronously load lazily loaded font '../../../Engine/Content/Slate/Fonts/Roboto-Light.ttf' (159K)
[2018.01.24-15.30.19:726][864]LogSlate: Took 0.001224 seconds to synchronously load lazily loaded font '../../../Engine/Content/Slate/Fonts/DroidSansFallback.ttf' (3848K)
[2018.01.24-15.30.19:727][864]LogSlate: Took 0.000106 seconds to synchronously load lazily loaded font '../../../Engine/Content/Editor/Slate/Fonts/Roboto-BoldCondensed.ttf' (158K)
[2018.01.24-15.30.19:850][870]LogSlate: Took 0.000145 seconds to synchronously load lazily loaded font '../../../Engine/Content/Slate/Fonts/Roboto-Regular.ttf' (155K)
[2018.01.24-15.30.19:856][870]LogSlate: Took 0.000126 seconds to synchronously load lazily loaded font '../../../Engine/Content/Slate/Fonts/Roboto-Bold.ttf' (160K)
[2018.01.24-15.30.19:859][870]LogSlate: Took 0.000099 seconds to synchronously load lazily loaded font '../../../Engine/Content/Editor/Slate/Fonts/FontAwesome.ttf' (139K)
[2018.01.24-15.30.19:861][870]LogSlate: Took 0.000087 seconds to synchronously load lazily loaded font '../../../Engine/Content/Slate/Fonts/Roboto-Light.ttf' (159K)
[2018.01.24-15.30.19:867][870]LogSlate: Took 0.000126 seconds to synchronously load lazily loaded font '../../../Engine/Content/Slate/Fonts/Roboto-Light.ttf' (159K)
[2018.01.24-15.30.19:874][870]LogSlate: Took 0.001188 seconds to synchronously load lazily loaded font '../../../Engine/Content/Slate/Fonts/DroidSansFallback.ttf' (3848K)
[2018.01.24-15.30.19:874][870]LogSlate: Took 0.000102 seconds to synchronously load lazily loaded font '../../../Engine/Content/Editor/Slate/Fonts/Roboto-BoldCondensed.ttf' (158K)
[2018.01.24-15.30.20:073][880]LogSlate: Took 0.000144 seconds to synchronously load lazily loaded font '../../../Engine/Content/Slate/Fonts/Roboto-Regular.ttf' (155K)
[2018.01.24-15.30.20:079][880]LogSlate: Took 0.000116 seconds to synchronously load lazily loaded font '../../../Engine/Content/Slate/Fonts/Roboto-Bold.ttf' (160K)
[2018.01.24-15.30.20:083][880]LogSlate: Took 0.000135 seconds to synchronously load lazily loaded font '../../../Engine/Content/Editor/Slate/Fonts/FontAwesome.ttf' (139K)
[2018.01.24-15.30.20:085][880]LogSlate: Took 0.000130 seconds to synchronously load lazily loaded font '../../../Engine/Content/Slate/Fonts/Roboto-Light.ttf' (159K)
[2018.01.24-15.30.20:091][880]LogSlate: Took 0.000122 seconds to synchronously load lazily loaded font '../../../Engine/Content/Slate/Fonts/Roboto-Light.ttf' (159K)
[2018.01.24-15.30.20:098][880]LogSlate: Took 0.001241 seconds to synchronously load lazily loaded font '../../../Engine/Content/Slate/Fonts/DroidSansFallback.ttf' (3848K)
[2018.01.24-15.30.20:098][880]LogSlate: Took 0.000099 seconds to synchronously load lazily loaded font '../../../Engine/Content/Editor/Slate/Fonts/Roboto-BoldCondensed.ttf' (158K)
[2018.01.24-15.30.47:287][505]Cmd: TRANSACTION UNDO
[2018.01.24-15.30.47:287][505]LogEditorTransaction: Undo Edit Padding
[2018.01.24-15.31.22:716][733]Cmd: TRANSACTION UNDO
[2018.01.24-15.31.22:716][733]LogEditorTransaction: Undo Edit Margin
[2018.01.24-15.31.40:256][860]BlueprintLog: New page: Compile Tuto1
[2018.01.24-15.31.40:380][860]BlueprintEditorCompileResults: Info Fast Template Successfully Created.
[2018.01.24-15.31.40:865][889]LogSlate: Took 0.000122 seconds to synchronously load lazily loaded font '../../../Engine/Content/Slate/Fonts/Roboto-Light.ttf' (159K)
[2018.01.24-15.31.40:882][889]Cmd: OBJ SAVEPACKAGE PACKAGE="/Game/Widgets/Tuto1" FILE="C:/Users/David/Documents/GitHub/FuturoImperfecto/PRUEBAS/MechHackAndSlash/Content/Widgets/Tuto1.uasset" SILENT=true
[2018.01.24-15.31.40:896][889]LogSavePackage: Save=11.11ms
[2018.01.24-15.31.40:896][889]LogSavePackage: Moving 'C:/Users/David/Documents/GitHub/FuturoImperfecto/PRUEBAS/MechHackAndSlash/Saved/Tuto112113880434DB00439A1629B9B24D26D.tmp' to 'C:/Users/David/Documents/GitHub/FuturoImperfecto/PRUEBAS/MechHackAndSlash/Content/Widgets/Tuto1.uasset'
[2018.01.24-15.31.40:897][889]LogSavePackage:Display: Finished SavePackage C:/Users/David/Documents/GitHub/FuturoImperfecto/PRUEBAS/MechHackAndSlash/Content/Widgets/Tuto1.uasset
[2018.01.24-15.31.59:132][579]LogLinker: Can't find file '/Game/Widgets/Tuto2'
[2018.01.24-15.31.59:132][579]LogLinker: Can't find file '/Game/Widgets/Tuto2'
[2018.01.24-15.32.20:527][124]LogLinker: Can't find file '/Game/Widgets/Aviso'
[2018.01.24-15.32.20:527][124]LogLinker: Can't find file '/Game/Widgets/Aviso'
[2018.01.24-15.34.10:967][864]LogSavePackage: Save=365.71ms
[2018.01.24-15.34.10:967][864]LogSavePackage: Moving 'C:/Users/David/Documents/GitHub/FuturoImperfecto/PRUEBAS/MechHackAndSlash/Saved/ThirdPersonExampleMap_Auto159C65E6141723A6495252D8703A55BAF.tmp' to 'C:/Users/David/Documents/GitHub/FuturoImperfecto/PRUEBAS/MechHackAndSlash/Saved/Autosaves/Game/ThirdPersonBP/Maps/ThirdPersonExampleMap_Auto1.umap'
[2018.01.24-15.34.10:968][864]LogSavePackage:Display: Finished SavePackage C:/Users/David/Documents/GitHub/FuturoImperfecto/PRUEBAS/MechHackAndSlash/Saved/Autosaves/Game/ThirdPersonBP/Maps/ThirdPersonExampleMap_Auto1.umap
[2018.01.24-15.34.10:986][864]LogSpawn:Warning: UWorld::DestroyActor: World has no context! World: RedLevel, Actor: /Game/Niveles/RedLevel.RedLevel:PersistentLevel.RedLevel_C_1
[2018.01.24-15.34.11:221][864]LogSavePackage: Save=238.92ms
[2018.01.24-15.34.11:221][864]LogSavePackage: Moving 'C:/Users/David/Documents/GitHub/FuturoImperfecto/PRUEBAS/MechHackAndSlash/Saved/RedLevel_Auto11CA969314BB5D22503C7ADA56592E664.tmp' to 'C:/Users/David/Documents/GitHub/FuturoImperfecto/PRUEBAS/MechHackAndSlash/Saved/Autosaves/Game/Niveles/RedLevel_Auto1.umap'
[2018.01.24-15.34.11:222][864]LogSavePackage:Display: Finished SavePackage C:/Users/David/Documents/GitHub/FuturoImperfecto/PRUEBAS/MechHackAndSlash/Saved/Autosaves/Game/Niveles/RedLevel_Auto1.umap
[2018.01.24-15.34.11:222][864]LogFileHelpers: Editor autosave (incl. sublevels) for '/Game/ThirdPersonBP/Maps/ThirdPersonExampleMap' took 0.699
[2018.01.24-15.34.11:222][864]LogFileHelpers: Editor autosave (incl. sublevels) for all levels took 0.699
[2018.01.24-15.34.11:226][864]OBJ SavePackage: Generating thumbnails for [0] asset(s) in package [/Game/Widgets/Tuto2] ([1] browsable assets)...
[2018.01.24-15.34.11:226][864]OBJ SavePackage: Finished generating thumbnails for package [/Game/Widgets/Tuto2]
[2018.01.24-15.34.11:236][864]LogSavePackage: Save=8.65ms
[2018.01.24-15.34.11:236][864]LogSavePackage: Moving 'C:/Users/David/Documents/GitHub/FuturoImperfecto/PRUEBAS/MechHackAndSlash/Saved/Tuto2_Auto1ED099DA64AF4628A46A2E5B0B635F054.tmp' to 'C:/Users/David/Documents/GitHub/FuturoImperfecto/PRUEBAS/MechHackAndSlash/Saved/Autosaves/Game/Widgets/Tuto2_Auto1.uasset'
[2018.01.24-15.34.11:237][864]LogSavePackage:Display: Finished SavePackage C:/Users/David/Documents/GitHub/FuturoImperfecto/PRUEBAS/MechHackAndSlash/Saved/Autosaves/Game/Widgets/Tuto2_Auto1.uasset
[2018.01.24-15.34.11:237][864]OBJ SavePackage: Generating thumbnails for [0] asset(s) in package [/Game/Widgets/Aviso] ([1] browsable assets)...
[2018.01.24-15.34.11:237][864]OBJ SavePackage: Finished generating thumbnails for package [/Game/Widgets/Aviso]
[2018.01.24-15.34.11:247][864]LogSavePackage: Save=9.33ms
[2018.01.24-15.34.11:247][864]LogSavePackage: Moving 'C:/Users/David/Documents/GitHub/FuturoImperfecto/PRUEBAS/MechHackAndSlash/Saved/Aviso_Auto15740C339464D4C9BF59E55A1FDC8C6C4.tmp' to 'C:/Users/David/Documents/GitHub/FuturoImperfecto/PRUEBAS/MechHackAndSlash/Saved/Autosaves/Game/Widgets/Aviso_Auto1.uasset'
[2018.01.24-15.34.11:248][864]LogSavePackage:Display: Finished SavePackage C:/Users/David/Documents/GitHub/FuturoImperfecto/PRUEBAS/MechHackAndSlash/Saved/Autosaves/Game/Widgets/Aviso_Auto1.uasset
[2018.01.24-15.34.11:248][864]LogFileHelpers: Auto-saving content packages took 0.025
[2018.01.24-15.36.21:591][650]BlueprintLog: New page: Compile Aviso
[2018.01.24-15.36.21:693][650]BlueprintEditorCompileResults: Info Fast Template Successfully Created.
[2018.01.24-15.36.22:348][703]Cmd: OBJ SAVEPACKAGE PACKAGE="/Game/Widgets/Aviso" FILE="C:/Users/David/Documents/GitHub/FuturoImperfecto/PRUEBAS/MechHackAndSlash/Content/Widgets/Aviso.uasset" SILENT=true
[2018.01.24-15.36.22:359][703]LogSavePackage: Save=9.84ms
[2018.01.24-15.36.22:359][703]LogSavePackage: Moving 'C:/Users/David/Documents/GitHub/FuturoImperfecto/PRUEBAS/MechHackAndSlash/Saved/Aviso18BDAC354726DA69D70BC98CACF159C2.tmp' to 'C:/Users/David/Documents/GitHub/FuturoImperfecto/PRUEBAS/MechHackAndSlash/Content/Widgets/Aviso.uasset'
[2018.01.24-15.36.22:364][703]LogSavePackage:Display: Finished SavePackage C:/Users/David/Documents/GitHub/FuturoImperfecto/PRUEBAS/MechHackAndSlash/Content/Widgets/Aviso.uasset
[2018.01.24-15.36.30:963][455]LogSlate: Took 0.000160 seconds to synchronously load lazily loaded font '../../../Engine/Content/Editor/Slate/Fonts/Roboto-Italic.ttf' (157K)
[2018.01.24-15.37.25:979][461]BlueprintLog: New page: Compile Tuto1
[2018.01.24-15.37.26:081][461]BlueprintEditorCompileResults: Info Fast Template Successfully Created.
[2018.01.24-15.37.27:663][580]Cmd: OBJ SAVEPACKAGE PACKAGE="/Game/Widgets/Tuto1" FILE="C:/Users/David/Documents/GitHub/FuturoImperfecto/PRUEBAS/MechHackAndSlash/Content/Widgets/Tuto1.uasset" SILENT=true
[2018.01.24-15.37.27:681][580]LogSavePackage: Save=10.54ms
[2018.01.24-15.37.27:681][580]LogSavePackage: Moving 'C:/Users/David/Documents/GitHub/FuturoImperfecto/PRUEBAS/MechHackAndSlash/Saved/Tuto1015E5AAB496279D04EA0A1AE83553677.tmp' to 'C:/Users/David/Documents/GitHub/FuturoImperfecto/PRUEBAS/MechHackAndSlash/Content/Widgets/Tuto1.uasset'
[2018.01.24-15.37.27:682][580]LogSavePackage:Display: Finished SavePackage C:/Users/David/Documents/GitHub/FuturoImperfecto/PRUEBAS/MechHackAndSlash/Content/Widgets/Tuto1.uasset
[2018.01.24-15.38.57:969][990]BlueprintLog: New page: Compile ThirdPersonExampleMap
[2018.01.24-15.38.59:244][ 45]LogSavePackage: Save=351.65ms
[2018.01.24-15.38.59:244][ 45]LogSavePackage: Moving 'C:/Users/David/Documents/GitHub/FuturoImperfecto/PRUEBAS/MechHackAndSlash/Saved/ThirdPersonExampleMapCED92039491D862A4ABF53913ABDC60C.tmp' to 'C:/Users/David/Documents/GitHub/FuturoImperfecto/PRUEBAS/MechHackAndSlash/Content/ThirdPersonBP/Maps/ThirdPersonExampleMap.umap'
[2018.01.24-15.38.59:249][ 45]LogSavePackage:Display: Finished SavePackage C:/Users/David/Documents/GitHub/FuturoImperfecto/PRUEBAS/MechHackAndSlash/Content/ThirdPersonBP/Maps/ThirdPersonExampleMap.umap
[2018.01.24-15.38.59:294][ 45]LogFileHelpers: Saving map 'ThirdPersonExampleMap' took 0.481
[2018.01.24-15.39.10:608][936]LogSavePackage: Save=352.67ms
[2018.01.24-15.39.10:608][936]LogSavePackage: Moving 'C:/Users/David/Documents/GitHub/FuturoImperfecto/PRUEBAS/MechHackAndSlash/Saved/ThirdPersonExampleMap2D75E27644C91822E7A99489AF92ED58.tmp' to 'C:/Users/David/Documents/GitHub/FuturoImperfecto/PRUEBAS/MechHackAndSlash/Content/ThirdPersonBP/Maps/ThirdPersonExampleMap.umap'
[2018.01.24-15.39.10:610][936]LogSavePackage:Display: Finished SavePackage C:/Users/David/Documents/GitHub/FuturoImperfecto/PRUEBAS/MechHackAndSlash/Content/ThirdPersonBP/Maps/ThirdPersonExampleMap.umap
[2018.01.24-15.39.10:654][936]LogFileHelpers: Saving map 'ThirdPersonExampleMap' took 0.492
[2018.01.24-15.39.17:730][495]LogSpawn:Warning: UWorld::DestroyActor: World has no context! World: RedLevel, Actor: /Game/Niveles/RedLevel.RedLevel:PersistentLevel.RedLevel_C_0
[2018.01.24-15.39.17:960][495]LogSavePackage: Save=234.86ms
[2018.01.24-15.39.17:961][495]LogSavePackage: Moving 'C:/Users/David/Documents/GitHub/FuturoImperfecto/PRUEBAS/MechHackAndSlash/Saved/RedLevel093B31884DEAE3AD0AEB5A8C39B62923.tmp' to 'C:/Users/David/Documents/GitHub/FuturoImperfecto/PRUEBAS/MechHackAndSlash/Content/Niveles/RedLevel.umap'
[2018.01.24-15.39.17:965][495]LogSavePackage:Display: Finished SavePackage C:/Users/David/Documents/GitHub/FuturoImperfecto/PRUEBAS/MechHackAndSlash/Content/Niveles/RedLevel.umap
[2018.01.24-15.39.17:965][495]LogFileHelpers: Saving map 'RedLevel' took 0.319
[2018.01.24-15.39.17:966][495]Cmd: OBJ SAVEPACKAGE PACKAGE="/Game/Widgets/Tuto2" FILE="C:/Users/David/Documents/GitHub/FuturoImperfecto/PRUEBAS/MechHackAndSlash/Content/Widgets/Tuto2.uasset" SILENT=true
[2018.01.24-15.39.17:978][495]LogSavePackage: Save=10.41ms
[2018.01.24-15.39.17:978][495]LogSavePackage: Moving 'C:/Users/David/Documents/GitHub/FuturoImperfecto/PRUEBAS/MechHackAndSlash/Saved/Tuto211C31AE5479B90C59A7920876B227A24.tmp' to 'C:/Users/David/Documents/GitHub/FuturoImperfecto/PRUEBAS/MechHackAndSlash/Content/Widgets/Tuto2.uasset'
[2018.01.24-15.39.17:980][495]LogSavePackage:Display: Finished SavePackage C:/Users/David/Documents/GitHub/FuturoImperfecto/PRUEBAS/MechHackAndSlash/Content/Widgets/Tuto2.uasset
[2018.01.24-15.40.22:595][526]Cmd: OBJ SAVEPACKAGE PACKAGE="/Game/Widgets/Menu" FILE="C:/Users/David/Documents/GitHub/FuturoImperfecto/PRUEBAS/MechHackAndSlash/Content/Widgets/Menu.uasset" SILENT=true
[2018.01.24-15.40.22:623][526]LogSavePackage: Save=21.46ms
[2018.01.24-15.40.22:623][526]LogSavePackage: Moving 'C:/Users/David/Documents/GitHub/FuturoImperfecto/PRUEBAS/MechHackAndSlash/Saved/MenuDF31D00F44173FAD419C62B4F8BD8EFC.tmp' to 'C:/Users/David/Documents/GitHub/FuturoImperfecto/PRUEBAS/MechHackAndSlash/Content/Widgets/Menu.uasset'
[2018.01.24-15.40.22:625][526]LogSavePackage:Display: Finished SavePackage C:/Users/David/Documents/GitHub/FuturoImperfecto/PRUEBAS/MechHackAndSlash/Content/Widgets/Menu.uasset
[2018.01.24-15.40.23:174][561]BlueprintLog: New page: Compile Menu
[2018.01.24-15.40.23:312][561]BlueprintEditorCompileResults: Info Fast Template Successfully Created.
[2018.01.24-15.41.37:645][983]Cmd: OBJ SAVEPACKAGE PACKAGE="/Game/Widgets/HUD_Warrior" FILE="C:/Users/David/Documents/GitHub/FuturoImperfecto/PRUEBAS/MechHackAndSlash/Content/Widgets/HUD_Warrior.uasset" SILENT=true
[2018.01.24-15.41.37:701][983]LogSavePackage: Save=49.45ms
[2018.01.24-15.41.37:701][983]LogSavePackage: Moving 'C:/Users/David/Documents/GitHub/FuturoImperfecto/PRUEBAS/MechHackAndSlash/Saved/HUD_Warrior0FFD644E47BC11461E5BADB9EB9CDA38.tmp' to 'C:/Users/David/Documents/GitHub/FuturoImperfecto/PRUEBAS/MechHackAndSlash/Content/Widgets/HUD_Warrior.uasset'
[2018.01.24-15.41.37:702][983]LogSavePackage:Display: Finished SavePackage C:/Users/David/Documents/GitHub/FuturoImperfecto/PRUEBAS/MechHackAndSlash/Content/Widgets/HUD_Warrior.uasset
[2018.01.24-15.41.38:362][ 38]BlueprintLog: New page: Compile HUD_Warrior
[2018.01.24-15.41.38:514][ 38]BlueprintEditorCompileResults: Info Fast Template Successfully Created.
[2018.01.24-15.41.52:869][417]LogRenderer: Reallocating scene render targets to support 1204x636 NumSamples 1 (Frame:1).
[2018.01.24-15.42.25:440][175]Cmd: OBJ SAVEPACKAGE PACKAGE="/Game/Warrior/Warrior_BP" FILE="C:/Users/David/Documents/GitHub/FuturoImperfecto/PRUEBAS/MechHackAndSlash/Content/Warrior/Warrior_BP.uasset" SILENT=true
[2018.01.24-15.42.26:442][175]LogSavePackage: Save=995.04ms
[2018.01.24-15.42.26:442][175]LogSavePackage: Moving 'C:/Users/David/Documents/GitHub/FuturoImperfecto/PRUEBAS/MechHackAndSlash/Saved/Warrior_BP5FB0747E460F831D327FBD8B68B96FEC.tmp' to 'C:/Users/David/Documents/GitHub/FuturoImperfecto/PRUEBAS/MechHackAndSlash/Content/Warrior/Warrior_BP.uasset'
[2018.01.24-15.42.26:444][175]LogSavePackage:Display: Finished SavePackage C:/Users/David/Documents/GitHub/FuturoImperfecto/PRUEBAS/MechHackAndSlash/Content/Warrior/Warrior_BP.uasset
[2018.01.24-15.42.26:785][195]BlueprintLog: New page: Compile Warrior_BP
[2018.01.24-15.44.18:027][982]Cmd: OBJ SAVEPACKAGE PACKAGE="/Game/Widgets/Tuto2" FILE="C:/Users/David/Documents/GitHub/FuturoImperfecto/PRUEBAS/MechHackAndSlash/Content/Widgets/Tuto2.uasset" SILENT=true
[2018.01.24-15.44.18:045][982]LogSavePackage: Save=9.95ms
[2018.01.24-15.44.18:045][982]LogSavePackage: Moving 'C:/Users/David/Documents/GitHub/FuturoImperfecto/PRUEBAS/MechHackAndSlash/Saved/Tuto2526B522046622B8515269B8893E11793.tmp' to 'C:/Users/David/Documents/GitHub/FuturoImperfecto/PRUEBAS/MechHackAndSlash/Content/Widgets/Tuto2.uasset'
[2018.01.24-15.44.18:047][982]LogSavePackage:Display: Finished SavePackage C:/Users/David/Documents/GitHub/FuturoImperfecto/PRUEBAS/MechHackAndSlash/Content/Widgets/Tuto2.uasset
[2018.01.24-15.44.22:012][228]BlueprintLog: New page: Compile Tuto2
[2018.01.24-15.44.22:139][228]BlueprintEditorCompileResults: Info Fast Template Successfully Created.
[2018.01.24-15.45.31:183][724]LogSlate:Warning: Prevented a slow task dialog from being summoned while a context menu was open
[2018.01.24-15.46.54:203][789]BlueprintLog: New page: Compile BlueLevel
[2018.01.24-15.46.54:945][837]LogSpawn:Warning: UWorld::DestroyActor: World has no context! World: BlueLevel, Actor: /Game/Niveles/BlueLevel.BlueLevel:PersistentLevel.BlueLevel_C_0
[2018.01.24-15.46.55:654][837]LogSavePackage: Save=720.80ms
[2018.01.24-15.46.55:654][837]LogSavePackage: Moving 'C:/Users/David/Documents/GitHub/FuturoImperfecto/PRUEBAS/MechHackAndSlash/Saved/BlueLevel68F9D0D843A6B1ACAD18E99DC8705FFC.tmp' to 'C:/Users/David/Documents/GitHub/FuturoImperfecto/PRUEBAS/MechHackAndSlash/Content/Niveles/BlueLevel.umap'
[2018.01.24-15.46.55:659][837]LogSavePackage:Display: Finished SavePackage C:/Users/David/Documents/GitHub/FuturoImperfecto/PRUEBAS/MechHackAndSlash/Content/Niveles/BlueLevel.umap
[2018.01.24-15.46.55:660][837]LogFileHelpers: Saving map 'BlueLevel' took 0.834
[2018.01.24-15.46.58:003][ 83]LogTemp: Repeting last play command: Selected Viewport
[2018.01.24-15.46.58:080][ 83]LogBlueprintUserMessages: Early PlayInEditor Detection: Level '/Game/ThirdPersonBP/Maps/ThirdPersonExampleMap.ThirdPersonExampleMap:PersistentLevel' has LevelScriptBlueprint '/Game/ThirdPersonBP/Maps/ThirdPersonExampleMap.ThirdPersonExampleMap:PersistentLevel.ThirdPersonExampleMap' with GeneratedClass '/Game/ThirdPersonBP/Maps/ThirdPersonExampleMap.ThirdPersonExampleMap_C' with ClassGeneratedBy '/Game/ThirdPersonBP/Maps/ThirdPersonExampleMap.ThirdPersonExampleMap:PersistentLevel.ThirdPersonExampleMap'
[2018.01.24-15.46.58:080][ 83]LogBlueprintUserMessages: Early PlayInEditor Detection: Level '/Game/Niveles/BlueLevel.BlueLevel:PersistentLevel' has LevelScriptBlueprint '/Game/Niveles/BlueLevel.BlueLevel:PersistentLevel.BlueLevel' with GeneratedClass '/Game/Niveles/BlueLevel.BlueLevel_C' with ClassGeneratedBy '/Game/Niveles/BlueLevel.BlueLevel:PersistentLevel.BlueLevel'
[2018.01.24-15.46.58:080][ 83]LogBlueprintUserMessages: Early PlayInEditor Detection: Level '/Game/Niveles/RedLevel.RedLevel:PersistentLevel' has LevelScriptBlueprint '/Game/Niveles/RedLevel.RedLevel:PersistentLevel.RedLevel' with GeneratedClass '/Game/Niveles/RedLevel.RedLevel_C' with ClassGeneratedBy '/Game/Niveles/RedLevel.RedLevel:PersistentLevel.RedLevel'
[2018.01.24-15.46.58:080][ 83]LogPlayLevel: PlayLevel: No blueprints needed recompiling
[2018.01.24-15.46.58:112][ 83]PIE: New page: PIE session: ThirdPersonExampleMap (Jan 24, 2018, 5:46:58 PM)
[2018.01.24-15.46.58:113][ 83]LogPlayLevel: Creating play world package: /Game/ThirdPersonBP/Maps/UEDPIE_0_ThirdPersonExampleMap
[2018.01.24-15.46.58:179][ 83]LogPlayLevel: PIE: StaticDuplicateObject took: (0.066387s)
[2018.01.24-15.46.58:180][ 83]LogAIModule: Creating AISystem for world ThirdPersonExampleMap
[2018.01.24-15.46.58:180][ 83]LogPlayLevel: PIE: World Init took: (0.000633s)
[2018.01.24-15.46.58:180][ 83]LogPlayLevel: PIE: Created PIE world by copying editor world from /Game/ThirdPersonBP/Maps/ThirdPersonExampleMap.ThirdPersonExampleMap to /Game/ThirdPersonBP/Maps/UEDPIE_0_ThirdPersonExampleMap.ThirdPersonExampleMap (0.067253s)
[2018.01.24-15.46.58:213][ 83]LogInit: XAudio2 using 'Speakers (Realtek High Definition Audio)' : 2 channels at 48 kHz using 32 bits per sample (channel mask 0x3)
[2018.01.24-15.46.58:219][ 83]LogInit: FAudioDevice initialized.
[2018.01.24-15.46.58:268][ 83]LogLoad: Game class is 'ThirdPersonGameMode_C'
[2018.01.24-15.46.58:274][ 83]LogWorld: Bringing World /Game/ThirdPersonBP/Maps/UEDPIE_0_ThirdPersonExampleMap.ThirdPersonExampleMap up for play (max tick rate 0) at 2018.01.24-16.46.58
[2018.01.24-15.46.58:310][ 83]LogWorld: Bringing up level for play took: 0.038754
[2018.01.24-15.46.58:405][ 83]LogContentBrowser: Native class hierarchy updated for 'MovieSceneCapture' in 0.0007 seconds. Added 11 classes and 0 folders.
[2018.01.24-15.46.58:434][ 83]LogLevel: ActivateLevel /Game/Niveles/UEDPIE_0_BlueLevel 0 0 0
[2018.01.24-15.46.58:434][ 83]PIE: Info Play in editor start time for /Game/ThirdPersonBP/Maps/UEDPIE_0_ThirdPersonExampleMap 1.224
[2018.01.24-15.46.58:435][ 83]LogBlueprintUserMessages: Late PlayInEditor Detection: Level '/Game/ThirdPersonBP/Maps/ThirdPersonExampleMap.ThirdPersonExampleMap:PersistentLevel' has LevelScriptBlueprint '/Game/ThirdPersonBP/Maps/ThirdPersonExampleMap.ThirdPersonExampleMap:PersistentLevel.ThirdPersonExampleMap' with GeneratedClass '/Game/ThirdPersonBP/Maps/ThirdPersonExampleMap.ThirdPersonExampleMap_C' with ClassGeneratedBy '/Game/ThirdPersonBP/Maps/ThirdPersonExampleMap.ThirdPersonExampleMap:PersistentLevel.ThirdPersonExampleMap'
[2018.01.24-15.46.58:435][ 83]LogBlueprintUserMessages: Late PlayInEditor Detection: Level '/Game/Niveles/BlueLevel.BlueLevel:PersistentLevel' has LevelScriptBlueprint '/Game/Niveles/BlueLevel.BlueLevel:PersistentLevel.BlueLevel' with GeneratedClass '/Game/Niveles/BlueLevel.BlueLevel_C' with ClassGeneratedBy '/Game/Niveles/BlueLevel.BlueLevel:PersistentLevel.BlueLevel'
[2018.01.24-15.46.58:435][ 83]LogBlueprintUserMessages: Late PlayInEditor Detection: Level '/Game/Niveles/RedLevel.RedLevel:PersistentLevel' has LevelScriptBlueprint '/Game/Niveles/RedLevel.RedLevel:PersistentLevel.RedLevel' with GeneratedClass '/Game/Niveles/RedLevel.RedLevel_C' with ClassGeneratedBy '/Game/Niveles/RedLevel.RedLevel:PersistentLevel.RedLevel'
[2018.01.24-15.46.58:447][ 83]LogLevel: ActivateLevel /Game/Niveles/UEDPIE_0_RedLevel 0 0 0
[2018.01.24-15.47.00:516][312]LogLevel: ActivateLevel /Game/Niveles/UEDPIE_0_BlueLevel 1 1 0
[2018.01.24-15.47.00:714][312]LogStreaming:Display: UWorld::AddToWorld: routing Initialize on actors for /Game/Niveles/UEDPIE_0_BlueLevel took (less than) 22.17 ms
[2018.01.24-15.47.00:738][314]LogLevel: ActivateLevel /Game/Niveles/UEDPIE_0_RedLevel 0 0 0
[2018.01.24-15.47.11:646][573]LogBlueprintUserMessages: Early EndPlayMap Detection: Level '/Game/ThirdPersonBP/Maps/ThirdPersonExampleMap.ThirdPersonExampleMap:PersistentLevel' has LevelScriptBlueprint '/Game/ThirdPersonBP/Maps/ThirdPersonExampleMap.ThirdPersonExampleMap:PersistentLevel.ThirdPersonExampleMap' with GeneratedClass '/Game/ThirdPersonBP/Maps/ThirdPersonExampleMap.ThirdPersonExampleMap_C' with ClassGeneratedBy '/Game/ThirdPersonBP/Maps/ThirdPersonExampleMap.ThirdPersonExampleMap:PersistentLevel.ThirdPersonExampleMap'
[2018.01.24-15.47.11:646][573]LogBlueprintUserMessages: Early EndPlayMap Detection: Level '/Game/Niveles/BlueLevel.BlueLevel:PersistentLevel' has LevelScriptBlueprint '/Game/Niveles/BlueLevel.BlueLevel:PersistentLevel.BlueLevel' with GeneratedClass '/Game/Niveles/BlueLevel.BlueLevel_C' with ClassGeneratedBy '/Game/Niveles/BlueLevel.BlueLevel:PersistentLevel.BlueLevel'
[2018.01.24-15.47.11:646][573]LogBlueprintUserMessages: Early EndPlayMap Detection: Level '/Game/Niveles/RedLevel.RedLevel:PersistentLevel' has LevelScriptBlueprint '/Game/Niveles/RedLevel.RedLevel:PersistentLevel.RedLevel' with GeneratedClass '/Game/Niveles/RedLevel.RedLevel_C' with ClassGeneratedBy '/Game/Niveles/RedLevel.RedLevel:PersistentLevel.RedLevel'
[2018.01.24-15.47.11:722][573]LogBlueprintUserMessages: Late EndPlayMap Detection: Level '/Game/ThirdPersonBP/Maps/ThirdPersonExampleMap.ThirdPersonExampleMap:PersistentLevel' has LevelScriptBlueprint '/Game/ThirdPersonBP/Maps/ThirdPersonExampleMap.ThirdPersonExampleMap:PersistentLevel.ThirdPersonExampleMap' with GeneratedClass '/Game/ThirdPersonBP/Maps/ThirdPersonExampleMap.ThirdPersonExampleMap_C' with ClassGeneratedBy '/Game/ThirdPersonBP/Maps/ThirdPersonExampleMap.ThirdPersonExampleMap:PersistentLevel.ThirdPersonExampleMap'
[2018.01.24-15.47.11:722][573]LogBlueprintUserMessages: Late EndPlayMap Detection: Level '/Game/Niveles/BlueLevel.BlueLevel:PersistentLevel' has LevelScriptBlueprint '/Game/Niveles/BlueLevel.BlueLevel:PersistentLevel.BlueLevel' with GeneratedClass '/Game/Niveles/BlueLevel.BlueLevel_C' with ClassGeneratedBy '/Game/Niveles/BlueLevel.BlueLevel:PersistentLevel.BlueLevel'
[2018.01.24-15.47.11:722][573]LogBlueprintUserMessages: Late EndPlayMap Detection: Level '/Game/Niveles/RedLevel.RedLevel:PersistentLevel' has LevelScriptBlueprint '/Game/Niveles/RedLevel.RedLevel:PersistentLevel.RedLevel' with GeneratedClass '/Game/Niveles/RedLevel.RedLevel_C' with ClassGeneratedBy '/Game/Niveles/RedLevel.RedLevel:PersistentLevel.RedLevel'
[2018.01.24-15.47.31:473][ 36]LogEditorTransaction: Undo Edit Left
[2018.01.24-15.47.41:807][610]BlueprintLog: New page: Compile Aviso
[2018.01.24-15.47.41:916][610]BlueprintEditorCompileResults: Info Fast Template Successfully Created.
[2018.01.24-15.47.42:525][658]Cmd: OBJ SAVEPACKAGE PACKAGE="/Game/Widgets/Aviso" FILE="C:/Users/David/Documents/GitHub/FuturoImperfecto/PRUEBAS/MechHackAndSlash/Content/Widgets/Aviso.uasset" SILENT=true
[2018.01.24-15.47.42:542][658]LogSavePackage: Save=9.71ms
[2018.01.24-15.47.42:542][658]LogSavePackage: Moving 'C:/Users/David/Documents/GitHub/FuturoImperfecto/PRUEBAS/MechHackAndSlash/Saved/Aviso6675CF214B66B87D52D1F5B51D829BCD.tmp' to 'C:/Users/David/Documents/GitHub/FuturoImperfecto/PRUEBAS/MechHackAndSlash/Content/Widgets/Aviso.uasset'
[2018.01.24-15.47.42:543][658]LogSavePackage:Display: Finished SavePackage C:/Users/David/Documents/GitHub/FuturoImperfecto/PRUEBAS/MechHackAndSlash/Content/Widgets/Aviso.uasset
[2018.01.24-15.48.32:423][284]BlueprintLog: New page: Compile BlueLevel
[2018.01.24-15.48.33:064][322]LogSpawn:Warning: UWorld::DestroyActor: World has no context! World: BlueLevel, Actor: /Game/Niveles/BlueLevel.BlueLevel:PersistentLevel.BlueLevel_C_0
[2018.01.24-15.48.33:777][322]LogSavePackage: Save=725.97ms
[2018.01.24-15.48.33:777][322]LogSavePackage: Moving 'C:/Users/David/Documents/GitHub/FuturoImperfecto/PRUEBAS/MechHackAndSlash/Saved/BlueLevel13588E3A4656C05F22E880A283B389E2.tmp' to 'C:/Users/David/Documents/GitHub/FuturoImperfecto/PRUEBAS/MechHackAndSlash/Content/Niveles/BlueLevel.umap'
[2018.01.24-15.48.33:782][322]LogSavePackage:Display: Finished SavePackage C:/Users/David/Documents/GitHub/FuturoImperfecto/PRUEBAS/MechHackAndSlash/Content/Niveles/BlueLevel.umap
[2018.01.24-15.48.33:783][322]LogFileHelpers: Saving map 'BlueLevel' took 0.807
[2018.01.24-15.49.16:422][872]LogUObjectArray:Warning: Invalid object index -572662307
[2018.01.24-15.49.57:830][872]LogStats: FPlatformStackWalk::StackWalkAndDump - 41.408 s
[2018.01.24-15.49.57:830][872]LogOutputDevice:Error: === Handled ensure: ===
[2018.01.24-15.49.57:830][872]LogOutputDevice:Error: 
[2018.01.24-15.49.57:830][872]LogOutputDevice:Error: Ensure condition failed: false [File:D:\Build\++UE4+Release-4.16+Compile\Sync\Engine\Source\Editor\UnrealEd\Private\Kismet2\KismetDebugUtilities.cpp] [Line: 1037]
[2018.01.24-15.49.57:830][872]LogOutputDevice:Error: Error: Invalid (but non-null) property associated with pin; cannot get variable value
[2018.01.24-15.49.57:830][872]LogOutputDevice:Error: Stack: 
[2018.01.24-15.49.57:830][872]LogOutputDevice:Error: UE4Editor-Core.dll!FWindowsPlatformStackWalk::StackWalkAndDump() [d:\build\++ue4+release-4.16+compile\sync\engine\source\runtime\core\private\windows\windowsplatformstackwalk.cpp:200]
[2018.01.24-15.49.57:830][872]LogOutputDevice:Error: UE4Editor-Core.dll!FDebug::EnsureFailed() [d:\build\++ue4+release-4.16+compile\sync\engine\source\runtime\core\private\misc\assertionmacros.cpp:233]
[2018.01.24-15.49.57:830][872]LogOutputDevice:Error: UE4Editor-Core.dll!FDebug::OptionallyLogFormattedEnsureMessageReturningFalse() [d:\build\++ue4+release-4.16+compile\sync\engine\source\runtime\core\private\misc\assertionmacros.cpp:360]
[2018.01.24-15.49.57:830][872]LogOutputDevice:Error: UE4Editor-UnrealEd.dll!FKismetDebugUtilities::GetWatchText() [d:\build\++ue4+release-4.16+compile\sync\engine\source\editor\unrealed\private\kismet2\kismetdebugutilities.cpp:1037]
[2018.01.24-15.49.57:830][872]LogOutputDevice:Error: UE4Editor-BlueprintGraph.dll!UK2Node::GetPinHoverText() [d:\build\++ue4+release-4.16+compile\sync\engine\source\editor\blueprintgraph\private\k2node.cpp:1251]
[2018.01.24-15.49.57:830][872]LogOutputDevice:Error: UE4Editor-GraphEditor.dll!SGraphPin::GetTooltipText() [d:\build\++ue4+release-4.16+compile\sync\engine\source\editor\grapheditor\private\sgraphpin.cpp:1085]
[2018.01.24-15.49.57:830][872]LogOutputDevice:Error: UE4Editor-GraphEditor.dll!TMemberFunctionCaller<SGraphPin,FText (__cdecl SGraphPin::*)(void)const __ptr64>::operator()<>() [d:\build\++ue4+release-4.16+compile\sync\engine\source\runtime\core\public\delegates\delegateinstanceinterface.h:165]
[2018.01.24-15.49.57:830][872]LogOutputDevice:Error: UE4Editor-GraphEditor.dll!UE4Tuple_Private::TTupleImpl<TIntegerSequence<unsigned int> >::ApplyAfter<TMemberFunctionCaller<SGraphPin,FText (__cdecl SGraphPin::*)(void)const __ptr64> >() [d:\build\++ue4+release-4.16+compile\sync\engine\source\runtime\core\public\templates\tuple.h:497]
[2018.01.24-15.49.57:830][872]LogOutputDevice:Error: UE4Editor-GraphEditor.dll!TBaseSPMethodDelegateInstance<1,SGraphPin,0,FText __cdecl(void)>::Execute() [d:\build\++ue4+release-4.16+compile\sync\engine\source\runtime\core\public\delegates\delegateinstancesimpl.h:327]
[2018.01.24-15.49.57:830][872]LogOutputDevice:Error: UE4Editor-Slate.dll!TBaseDelegate<FText>::Execute() [d:\build\++ue4+release-4.16+compile\sync\engine\source\runtime\core\public\delegates\delegatesignatureimpl.inl:537]
[2018.01.24-15.49.57:830][872]LogOutputDevice:Error: UE4Editor-Slate.dll!TAttribute<FText>::Get() [d:\build\++ue4+release-4.16+compile\sync\engine\source\runtime\core\public\misc\attribute.h:137]
[2018.01.24-15.49.57:830][872]LogOutputDevice:Error: UE4Editor-Slate.dll!SToolTip::IsEmpty() [d:\build\++ue4+release-4.16+compile\sync\engine\source\runtime\slate\private\widgets\stooltip.cpp:87]
[2018.01.24-15.49.57:830][872]LogOutputDevice:Error: UE4Editor-Slate.dll!FSlateApplication::UpdateToolTip() [d:\build\++ue4+release-4.16+compile\sync\engine\source\runtime\slate\private\framework\application\slateapplication.cpp:3444]
[2018.01.24-15.49.57:831][872]LogOutputDevice:Error: UE4Editor-Slate.dll!FSlateApplication::ProcessMouseMoveEvent() [d:\build\++ue4+release-4.16+compile\sync\engine\source\runtime\slate\private\framework\application\slateapplication.cpp:5697]
[2018.01.24-15.49.57:831][872]LogOutputDevice:Error: UE4Editor-Slate.dll!FSlateApplication::OnRawMouseMove() [d:\build\++ue4+release-4.16+compile\sync\engine\source\runtime\slate\private\framework\application\slateapplication.cpp:5676]
[2018.01.24-15.49.57:831][872]LogOutputDevice:Error: UE4Editor-Core.dll!FWindowsApplication::ProcessDeferredMessage() [d:\build\++ue4+release-4.16+compile\sync\engine\source\runtime\core\private\windows\windowsapplication.cpp:1725]
[2018.01.24-15.49.57:831][872]LogOutputDevice:Error: UE4Editor-Core.dll!FWindowsApplication::DeferMessage() [d:\build\++ue4+release-4.16+compile\sync\engine\source\runtime\core\private\windows\windowsapplication.cpp:2127]
[2018.01.24-15.49.57:831][872]LogOutputDevice:Error: UE4Editor-Core.dll!FWindowsApplication::ProcessMessage() [d:\build\++ue4+release-4.16+compile\sync\engine\source\runtime\core\private\windows\windowsapplication.cpp:915]
[2018.01.24-15.49.57:831][872]LogOutputDevice:Error: UE4Editor-Core.dll!FWindowsApplication::AppWndProc() [d:\build\++ue4+release-4.16+compile\sync\engine\source\runtime\core\private\windows\windowsapplication.cpp:714]
[2018.01.24-15.49.57:831][872]LogOutputDevice:Error: USER32.dll!0x000000005A4624FD
[2018.01.24-15.49.57:831][872]LogOutputDevice:Error: USER32.dll!0x000000005A462357
[2018.01.24-15.49.57:831][872]LogOutputDevice:Error: UE4Editor-Core.dll!FWindowsPlatformMisc::PumpMessages() [d:\build\++ue4+release-4.16+compile\sync\engine\source\runtime\core\private\windows\windowsplatformmisc.cpp:1009]
[2018.01.24-15.49.57:831][872]LogOutputDevice:Error: UE4Editor.exe!FEngineLoop::Tick() [d:\build\++ue4+release-4.16+compile\sync\engine\source\runtime\launch\private\launchengineloop.cpp:3058]
[2018.01.24-15.49.57:831][872]LogOutputDevice:Error: UE4Editor.exe!GuardedMain() [d:\build\++ue4+release-4.16+compile\sync\engine\source\runtime\launch\private\launch.cpp:166]
[2018.01.24-15.49.57:831][872]LogOutputDevice:Error: UE4Editor.exe!GuardedMainWrapper() [d:\build\++ue4+release-4.16+compile\sync\engine\source\runtime\launch\private\windows\launchwindows.cpp:134]
[2018.01.24-15.49.57:831][872]LogOutputDevice:Error: UE4Editor.exe!WinMain() [d:\build\++ue4+release-4.16+compile\sync\engine\source\runtime\launch\private\windows\launchwindows.cpp:210]
[2018.01.24-15.49.57:831][872]LogOutputDevice:Error: UE4Editor.exe!__scrt_common_main_seh() [f:\dd\vctools\crt\vcstartup\src\startup\exe_common.inl:253]
[2018.01.24-15.49.57:831][872]LogOutputDevice:Error: KERNEL32.DLL!0x00000000598013D2
[2018.01.24-15.49.57:831][872]LogOutputDevice:Error: ntdll.dll!0x000000005A7A54F4
[2018.01.24-15.49.57:831][872]LogOutputDevice:Error: 
[2018.01.24-15.49.57:832][872]LogStats:                SubmitErrorReport -  0.000 s
[2018.01.24-15.49.58:188][872]LogStats:                    SendNewReport -  0.357 s
[2018.01.24-15.49.58:188][872]LogStats:             FDebug::EnsureFailed - 41.767 s
[2018.01.24-15.49.58:189][872]LogUObjectArray:Warning: Invalid object index -572662307
[2018.01.24-15.50.15:746][349]LogUObjectArray:Warning: Invalid object index -572662307
[2018.01.24-15.50.15:747][349]LogUObjectArray:Warning: Invalid object index -572662307
[2018.01.24-15.50.26:247][295]BlueprintLog: New page: Compile ThirdPersonExampleMap
[2018.01.24-15.50.27:368][342]LogSavePackage: Save=359.64ms
[2018.01.24-15.50.27:368][342]LogSavePackage: Moving 'C:/Users/David/Documents/GitHub/FuturoImperfecto/PRUEBAS/MechHackAndSlash/Saved/ThirdPersonExampleMapD8F542FB476411F230C288B8A4358EE7.tmp' to 'C:/Users/David/Documents/GitHub/FuturoImperfecto/PRUEBAS/MechHackAndSlash/Content/ThirdPersonBP/Maps/ThirdPersonExampleMap.umap'
[2018.01.24-15.50.27:370][342]LogSavePackage:Display: Finished SavePackage C:/Users/David/Documents/GitHub/FuturoImperfecto/PRUEBAS/MechHackAndSlash/Content/ThirdPersonBP/Maps/ThirdPersonExampleMap.umap
[2018.01.24-15.50.27:419][342]LogFileHelpers: Saving map 'ThirdPersonExampleMap' took 0.495
[2018.01.24-15.50.33:104][913]LogWindowsTextInputMethodSystem:Display: IME system now deactivated.
[2018.01.24-15.50.33:293][914]Cmd: QUIT_EDITOR
[2018.01.24-15.50.33:315][914]LogExit: Preparing to exit.
[2018.01.24-15.50.34:102][914]LogExit: Editor shut down
[2018.01.24-15.50.34:105][914]LogExit: Transaction tracking system shut down
[2018.01.24-15.50.34:208][914]LogObj: Freed 0b from 0 cluster array pools.
[2018.01.24-15.50.34:208][914]LogExit: Object subsystem successfully closed.
[2018.01.24-15.50.34:234][914]LogD3D11RHI: Shutdown
[2018.01.24-15.50.34:234][914]LogD3D11RHI: CleanupD3DDevice
[2018.01.24-15.50.34:339][914]LogD3D11RHI: ~FD3D11DynamicRHI
[2018.01.24-15.50.34:356][914]LogModuleManager: Shutting down and abandoning module MovieSceneCapture (536)
[2018.01.24-15.50.34:356][914]LogModuleManager: Shutting down and abandoning module ExternalImagePicker (534)
[2018.01.24-15.50.34:356][914]LogModuleManager: Shutting down and abandoning module SequencerWidgets (532)
[2018.01.24-15.50.34:356][914]LogModuleManager: Shutting down and abandoning module BlueprintGraph (530)
[2018.01.24-15.50.34:356][914]LogModuleManager: Shutting down and abandoning module BlueprintProfiler (528)
[2018.01.24-15.50.34:357][914]LogModuleManager: Shutting down and abandoning module HierarchicalLODOutliner (526)
[2018.01.24-15.50.34:357][914]LogModuleManager: Shutting down and abandoning module CrashTracker (524)
[2018.01.24-15.50.34:357][914]LogModuleManager: Shutting down and abandoning module WorldBrowser (522)
[2018.01.24-15.50.34:357][914]LogModuleManager: Shutting down and abandoning module SceneOutliner (520)
[2018.01.24-15.50.34:357][914]LogModuleManager: Shutting down and abandoning module AddContentDialog (518)
[2018.01.24-15.50.34:368][914]LogDirectoryWatcher: A directory notification for 'D:/Program Files (x86)/Epic Games/UE_4.16/FeaturePacks/' was aborted.
[2018.01.24-15.50.34:369][914]LogModuleManager: Shutting down and abandoning module WidgetCarousel (517)
[2018.01.24-15.50.34:369][914]LogModuleManager: Shutting down and abandoning module EditorWidgets (514)
[2018.01.24-15.50.34:369][914]LogModuleManager: Shutting down and abandoning module CollectionManager (512)
[2018.01.24-15.50.34:369][914]LogDirectoryWatcher: A directory notification for 'C:/Users/David/Documents/GitHub/FuturoImperfecto/PRUEBAS/MechHackAndSlash/Content/Collections/' was aborted.
[2018.01.24-15.50.34:369][914]LogDirectoryWatcher: A directory notification for 'C:/Users/David/Documents/GitHub/FuturoImperfecto/PRUEBAS/MechHackAndSlash/Content/Developers/David/Collections/' was aborted.
[2018.01.24-15.50.34:369][914]LogDirectoryWatcher: A directory notification for 'C:/Users/David/Documents/GitHub/FuturoImperfecto/PRUEBAS/MechHackAndSlash/Saved/Collections/' was aborted.
[2018.01.24-15.50.34:369][914]LogModuleManager: Shutting down and abandoning module StatsViewer (510)
[2018.01.24-15.50.34:369][914]LogModuleManager: Shutting down and abandoning module FoliageEdit (508)
[2018.01.24-15.50.34:369][914]LogModuleManager: Shutting down and abandoning module LandscapeEditor (506)
[2018.01.24-15.50.34:369][914]LogModuleManager: Shutting down and abandoning module MeshPaintMode (504)
[2018.01.24-15.50.34:369][914]LogModuleManager: Shutting down and abandoning module SceneDepthPickerMode (502)
[2018.01.24-15.50.34:369][914]LogModuleManager: Shutting down and abandoning module ActorPickerMode (500)
[2018.01.24-15.50.34:369][914]LogModuleManager: Shutting down and abandoning module GeometryMode (498)
[2018.01.24-15.50.34:369][914]LogModuleManager: Shutting down and abandoning module TextureAlignMode (496)
[2018.01.24-15.50.34:369][914]LogModuleManager: Shutting down and abandoning module BspMode (494)
[2018.01.24-15.50.34:369][914]LogModuleManager: Shutting down and abandoning module HardwareSurvey (492)
[2018.01.24-15.50.34:369][914]LogModuleManager: Shutting down and abandoning module SequenceRecorderSections (490)
[2018.01.24-15.50.34:369][914]LogModuleManager: Shutting down and abandoning module AutomationWorker (488)
[2018.01.24-15.50.34:369][914]LogModuleManager: Shutting down and abandoning module MatineeToLevelSequence (486)
[2018.01.24-15.50.34:369][914]LogModuleManager: Shutting down and abandoning module LevelSequenceEditor (484)
[2018.01.24-15.50.34:369][914]LogModuleManager: Shutting down and abandoning module PlacementMode (483)
[2018.01.24-15.50.34:370][914]LogModuleManager: Shutting down and abandoning module WmfMediaFactory (480)
[2018.01.24-15.50.34:370][914]LogModuleManager: Shutting down and abandoning module WmfMediaEditor (478)
[2018.01.24-15.50.34:370][914]LogModuleManager: Shutting down and abandoning module AvfMediaFactory (476)
[2018.01.24-15.50.34:370][914]LogModuleManager: Shutting down and abandoning module AvfMediaEditor (474)
[2018.01.24-15.50.34:370][914]LogModuleManager: Shutting down and abandoning module AndroidMediaFactory (472)
[2018.01.24-15.50.34:370][914]LogModuleManager: Shutting down and abandoning module Media (471)
[2018.01.24-15.50.34:370][914]LogModuleManager: Shutting down and abandoning module AndroidMediaEditor (468)
[2018.01.24-15.50.34:370][914]LogModuleManager: Shutting down and abandoning module CharacterAI (466)
[2018.01.24-15.50.34:370][914]LogModuleManager: Shutting down and abandoning module AudioCapture (464)
[2018.01.24-15.50.34:370][914]LogModuleManager: Shutting down and abandoning module SequenceRecorder (463)
[2018.01.24-15.50.34:370][914]LogModuleManager: Shutting down and abandoning module SmartSnapping (460)
[2018.01.24-15.50.34:370][914]LogModuleManager: Shutting down and abandoning module SessionServices (458)
[2018.01.24-15.50.34:370][914]LogModuleManager: Shutting down and abandoning module ViewportSnapping (456)
[2018.01.24-15.50.34:370][914]LogModuleManager: Shutting down and abandoning module ViewportInteraction (454)
[2018.01.24-15.50.34:370][914]LogModuleManager: Shutting down and abandoning module ClothPainter (452)
[2018.01.24-15.50.34:370][914]LogModuleManager: Shutting down and abandoning module LogVisualizer (450)
[2018.01.24-15.50.34:370][914]LogModuleManager: Shutting down and abandoning module IntroTutorials (448)
[2018.01.24-15.50.34:370][914]LogModuleManager: Shutting down and abandoning module GameProjectGeneration (447)
[2018.01.24-15.50.34:370][914]LogModuleManager: Shutting down and abandoning module EditorLiveStreaming (444)
[2018.01.24-15.50.34:370][914]LogModuleManager: Shutting down and abandoning module IOSPlatformEditor (442)
[2018.01.24-15.50.34:370][914]LogModuleManager: Shutting down and abandoning module HTML5PlatformEditor (440)
[2018.01.24-15.50.34:370][914]LogModuleManager: Shutting down and abandoning module AndroidPlatformEditor (438)
[2018.01.24-15.50.34:370][914]LogModuleManager: Shutting down and abandoning module AndroidDeviceDetection (437)
[2018.01.24-15.50.34:502][914]LogModuleManager: Shutting down and abandoning module IOSRuntimeSettings (434)
[2018.01.24-15.50.34:502][914]LogModuleManager: Shutting down and abandoning module AndroidRuntimeSettings (432)
[2018.01.24-15.50.34:502][914]LogModuleManager: Shutting down and abandoning module InputBindingEditor (430)
[2018.01.24-15.50.34:502][914]LogModuleManager: Shutting down and abandoning module MergeActors (428)
[2018.01.24-15.50.34:502][914]LogModuleManager: Shutting down and abandoning module SizeMap (426)
[2018.01.24-15.50.34:502][914]LogModuleManager: Shutting down and abandoning module TreeMap (424)
[2018.01.24-15.50.34:502][914]LogModuleManager: Shutting down and abandoning module ReferenceViewer (422)
[2018.01.24-15.50.34:502][914]LogModuleManager: Shutting down and abandoning module LocalizationDashboard (420)
[2018.01.24-15.50.34:502][914]LogModuleManager: Shutting down and abandoning module LocalizationService (419)
[2018.01.24-15.50.34:502][914]LogModuleManager: Shutting down and abandoning module HardwareTargeting (416)
[2018.01.24-15.50.34:502][914]LogModuleManager: Shutting down and abandoning module DeviceProfileEditor (414)
[2018.01.24-15.50.34:502][914]LogModuleManager: Shutting down and abandoning module UndoHistory (412)
[2018.01.24-15.50.34:502][914]LogModuleManager: Shutting down and abandoning module UserFeedback (410)
[2018.01.24-15.50.34:502][914]LogModuleManager: Shutting down and abandoning module XmlParser (408)
[2018.01.24-15.50.34:502][914]LogModuleManager: Shutting down and abandoning module Blutility (406)
[2018.01.24-15.50.34:502][914]LogModuleManager: Shutting down and abandoning module ProjectSettingsViewer (404)
[2018.01.24-15.50.34:502][914]LogModuleManager: Shutting down and abandoning module ProjectTargetPlatformEditor (403)
[2018.01.24-15.50.34:503][914]LogModuleManager: Shutting down and abandoning module EditorSettingsViewer (400)
[2018.01.24-15.50.34:503][914]LogModuleManager: Shutting down and abandoning module SettingsEditor (398)
[2018.01.24-15.50.34:503][914]LogModuleManager: Shutting down and abandoning module ProjectLauncher (396)
[2018.01.24-15.50.34:503][914]LogModuleManager: Shutting down and abandoning module SessionFrontend (394)
[2018.01.24-15.50.34:503][914]LogModuleManager: Shutting down and abandoning module ProfilerClient (392)
[2018.01.24-15.50.34:503][914]LogModuleManager: Shutting down and abandoning module DeviceManager (390)
[2018.01.24-15.50.34:503][914]LogModuleManager: Shutting down and abandoning module TargetDeviceServices (389)
[2018.01.24-15.50.34:547][914]LogModuleManager: Shutting down and abandoning module AutomationController (386)
[2018.01.24-15.50.34:547][914]LogModuleManager: Shutting down and abandoning module AutomationWindow (384)
[2018.01.24-15.50.34:547][914]LogModuleManager: Shutting down and abandoning module Layers (382)
[2018.01.24-15.50.34:547][914]LogModuleManager: Shutting down and abandoning module ComponentVisualizers (380)
[2018.01.24-15.50.34:547][914]LogModuleManager: Shutting down and abandoning module DetailCustomizations (378)
[2018.01.24-15.50.34:547][914]LogModuleManager: Shutting down and abandoning module PackagesDialog (376)
[2018.01.24-15.50.34:547][914]LogModuleManager: Shutting down and abandoning module Persona (374)
[2018.01.24-15.50.34:547][914]LogModuleManager: Shutting down and abandoning module AdvancedPreviewScene (373)
[2018.01.24-15.50.34:547][914]LogModuleManager: Shutting down and abandoning module AnimGraph (371)
[2018.01.24-15.50.34:548][914]LogModuleManager: Shutting down and abandoning module Kismet (368)
[2018.01.24-15.50.34:578][914]LogModuleManager: Shutting down and abandoning module ClassViewer (366)
[2018.01.24-15.50.34:581][914]LogModuleManager: Shutting down and abandoning module Toolbox (364)
[2018.01.24-15.50.34:581][914]LogModuleManager: Shutting down and abandoning module ModuleUI (362)
[2018.01.24-15.50.34:581][914]LogModuleManager: Shutting down and abandoning module MovieSceneTools (360)
[2018.01.24-15.50.34:581][914]LogModuleManager: Shutting down and abandoning module OutputLog (358)
[2018.01.24-15.50.34:581][914]LogModuleManager: Shutting down and abandoning module GammaUI (356)
[2018.01.24-15.50.34:581][914]LogModuleManager: Shutting down and abandoning module Documentation (354)
[2018.01.24-15.50.34:581][914]LogModuleManager: Shutting down and abandoning module MovieSceneTracks (352)
[2018.01.24-15.50.34:581][914]LogModuleManager: Shutting down and abandoning module MovieScene (350)
[2018.01.24-15.50.34:581][914]LogModuleManager: Shutting down and abandoning module Niagara (348)
[2018.01.24-15.50.34:581][914]LogModuleManager: Shutting down and abandoning module NiagaraEditor (347)
[2018.01.24-15.50.34:582][914]LogModuleManager: Shutting down and abandoning module StreamingPauseRendering (344)
[2018.01.24-15.50.34:582][914]LogModuleManager: Shutting down and abandoning module AnalyticsET (342)
[2018.01.24-15.50.34:582][914]LogModuleManager: Shutting down and abandoning module PortalServices (340)
[2018.01.24-15.50.34:582][914]LogModuleManager: Shutting down and abandoning module PortalRpc (338)
[2018.01.24-15.50.34:582][914]LogModuleManager: Shutting down and abandoning module MessagingRpc (336)
[2018.01.24-15.50.34:582][914]LogModuleManager: Shutting down and abandoning module AIModule (334)
[2018.01.24-15.50.34:582][914]LogModuleManager: Shutting down and abandoning module GameplayDebugger (333)
[2018.01.24-15.50.34:582][914]LogModuleManager: Shutting down and abandoning module AITestSuite (331)
[2018.01.24-15.50.34:582][914]LogModuleManager: Shutting down and abandoning module ProfilerService (328)
[2018.01.24-15.50.34:631][914]LogModuleManager: Shutting down and abandoning module TaskGraph (326)
[2018.01.24-15.50.34:631][914]LogModuleManager: Shutting down and abandoning module SteamVRController (324)
[2018.01.24-15.50.34:631][914]LogModuleManager: Shutting down and abandoning module SteamVR (322)
[2018.01.24-15.50.34:631][914]LogModuleManager: Shutting down and abandoning module ProceduralMeshComponentEditor (320)
[2018.01.24-15.50.34:631][914]LogModuleManager: Shutting down and abandoning module ProceduralMeshComponent (318)
[2018.01.24-15.50.34:631][914]LogModuleManager: Shutting down and abandoning module OculusLibrary (316)
[2018.01.24-15.50.34:631][914]LogModuleManager: Shutting down and abandoning module OculusInput (314)
[2018.01.24-15.50.34:631][914]LogModuleManager: Shutting down and abandoning module MobilePatchingUtils (312)
[2018.01.24-15.50.34:631][914]LogModuleManager: Shutting down and abandoning module CustomMeshComponent (310)
[2018.01.24-15.50.34:631][914]LogModuleManager: Shutting down and abandoning module CableComponent (308)
[2018.01.24-15.50.34:631][914]LogModuleManager: Shutting down and abandoning module ArchVisCharacter (306)
[2018.01.24-15.50.34:631][914]LogModuleManager: Shutting down and abandoning module AndroidPermission (304)
[2018.01.24-15.50.34:631][914]LogModuleManager: Shutting down and abandoning module MediaPlayerEditor (300)
[2018.01.24-15.50.34:632][914]LogModuleManager: Shutting down and abandoning module HTML5Networking (298)
[2018.01.24-15.50.34:632][914]LogModuleManager: Shutting down and abandoning module AlembicImporter (296)
[2018.01.24-15.50.34:632][914]LogModuleManager: Shutting down and abandoning module AlembicLibrary (295)
[2018.01.24-15.50.34:632][914]LogModuleManager: Shutting down and abandoning module GeometryCache (294)
[2018.01.24-15.50.34:632][914]LogModuleManager: Shutting down and abandoning module GeometryCacheEd (293)
[2018.01.24-15.50.34:632][914]LogModuleManager: Shutting down and abandoning module SuperSearchEditor (288)
[2018.01.24-15.50.34:632][914]LogModuleManager: Shutting down and abandoning module SuperSearch (287)
[2018.01.24-15.50.34:632][914]LogModuleManager: Shutting down and abandoning module SpeedTreeImporter (284)
[2018.01.24-15.50.34:632][914]LogModuleManager: Shutting down and abandoning module PluginBrowser (282)
[2018.01.24-15.50.34:632][914]LogModuleManager: Shutting down and abandoning module MobileLauncherProfileWizard (280)
[2018.01.24-15.50.34:632][914]LogModuleManager: Shutting down and abandoning module VisualStudioSourceCodeAccess (278)
[2018.01.24-15.50.34:632][914]LogModuleManager: Shutting down and abandoning module DesktopPlatform (277)
[2018.01.24-15.50.34:632][914]LogModuleManager: Shutting down and abandoning module UObjectPlugin (274)
[2018.01.24-15.50.34:632][914]LogModuleManager: Shutting down and abandoning module SubversionSourceControl (272)
[2018.01.24-15.50.34:632][914]LogModuleManager: Shutting down and abandoning module PerforceSourceControl (270)
[2018.01.24-15.50.34:632][914]LogModuleManager: Shutting down and abandoning module GitSourceControl (268)
[2018.01.24-15.50.34:632][914]LogModuleManager: Shutting down and abandoning module SourceControl (267)
[2018.01.24-15.50.34:632][914]LogModuleManager: Shutting down and abandoning module LightPropagationVolumeEditor (264)
[2018.01.24-15.50.34:632][914]LogModuleManager: Shutting down and abandoning module PaperTiledImporter (262)
[2018.01.24-15.50.34:632][914]LogModuleManager: Shutting down and abandoning module PaperSpriteSheetImporter (260)
[2018.01.24-15.50.34:632][914]LogModuleManager: Shutting down and abandoning module Paper2DEditor (258)
[2018.01.24-15.50.34:632][914]LogModuleManager: Shutting down and abandoning module MeshPaint (257)
[2018.01.24-15.50.34:632][914]LogModuleManager: Shutting down and abandoning module LevelEditor (255)
[2018.01.24-15.50.34:633][914]LogModuleManager: Shutting down and abandoning module PixelInspectorModule (254)
[2018.01.24-15.50.34:633][914]LogModuleManager: Shutting down and abandoning module MainFrame (252)
[2018.01.24-15.50.34:633][914]LogModuleManager: Shutting down and abandoning module HotReload (251)
[2018.01.24-15.50.34:634][914]LogModuleManager: Shutting down and abandoning module PhysXVehiclesEditor (246)
[2018.01.24-15.50.34:634][914]LogModuleManager: Shutting down and abandoning module PhysXVehicles (244)
[2018.01.24-15.50.34:634][914]LogModuleManager: Shutting down and abandoning module LocationServicesBPLibrary (242)
[2018.01.24-15.50.34:634][914]LogModuleManager: Shutting down and abandoning module ImmediatePhysicsEditor (240)
[2018.01.24-15.50.34:634][914]LogModuleManager: Shutting down and abandoning module ImmediatePhysics (238)
[2018.01.24-15.50.34:634][914]LogModuleManager: Shutting down and abandoning module UdpMessaging (236)
[2018.01.24-15.50.34:735][914]LogModuleManager: Shutting down and abandoning module TcpMessaging (234)
[2018.01.24-15.50.34:837][914]LogModuleManager: Shutting down and abandoning module GameplayTagsEditor (232)
[2018.01.24-15.50.34:837][914]LogModuleManager: Shutting down and abandoning module FacialAnimationEditor (230)
[2018.01.24-15.50.34:837][914]LogModuleManager: Shutting down and abandoning module FacialAnimation (228)
[2018.01.24-15.50.34:837][914]LogModuleManager: Shutting down and abandoning module AssetManagerEditor (226)
[2018.01.24-15.50.34:837][914]LogModuleManager: Shutting down and abandoning module GraphEditor (225)
[2018.01.24-15.50.34:837][914]LogModuleManager: Shutting down and abandoning module ContentBrowser (223)
[2018.01.24-15.50.34:840][914]LogModuleManager: Shutting down and abandoning module LightPropagationVolumeRuntime (220)
[2018.01.24-15.50.34:840][914]LogModuleManager: Shutting down and abandoning module Paper2D (218)
[2018.01.24-15.50.34:840][914]LogModuleManager: Shutting down and abandoning module WindowsMoviePlayer (216)
[2018.01.24-15.50.34:840][914]LogModuleManager: Shutting down and abandoning module WmfMedia (214)
[2018.01.24-15.50.34:840][914]LogModuleManager: Shutting down and abandoning module ClothingSystemEditor (212)
[2018.01.24-15.50.34:840][914]LogModuleManager: Shutting down and abandoning module ClothingSystemRuntime (210)
[2018.01.24-15.50.34:840][914]LogModuleManager: Shutting down and abandoning module MediaAssets (208)
[2018.01.24-15.50.34:840][914]LogModuleManager: Shutting down and abandoning module GameLiveStreaming (206)
[2018.01.24-15.50.34:841][914]LogModuleManager: Shutting down and abandoning module VREditor (204)
[2018.01.24-15.50.34:841][914]LogModuleManager: Shutting down and abandoning module StringTableEditor (202)
[2018.01.24-15.50.34:841][914]LogModuleManager: Shutting down and abandoning module GameplayTasksEditor (200)
[2018.01.24-15.50.34:841][914]LogModuleManager: Shutting down and abandoning module BehaviorTreeEditor (198)
[2018.01.24-15.50.34:841][914]LogModuleManager: Shutting down and abandoning module FunctionalTesting (196)
[2018.01.24-15.50.34:841][914]LogModuleManager: Shutting down and abandoning module CollisionAnalyzer (194)
[2018.01.24-15.50.34:841][914]LogModuleManager: Shutting down and abandoning module UMG (192)
[2018.01.24-15.50.34:842][914]LogModuleManager: Shutting down and abandoning module UMGEditor (191)
[2018.01.24-15.50.34:842][914]LogModuleManager: Shutting down and abandoning module Sequencer (190)
[2018.01.24-15.50.34:842][914]LogModuleManager: Shutting down and abandoning module AssetTools (188)
[2018.01.24-15.50.34:843][914]LogModuleManager: Shutting down and abandoning module MessageLog (187)
[2018.01.24-15.50.34:843][914]LogModuleManager: Shutting down and abandoning module WorkspaceMenuStructure (186)
[2018.01.24-15.50.34:843][914]LogModuleManager: Shutting down and abandoning module SlateReflector (180)
[2018.01.24-15.50.34:843][914]LogModuleManager: Shutting down and abandoning module Slate (178)
[2018.01.24-15.50.34:843][914]LogModuleManager: Shutting down and abandoning module EditorStyle (176)
[2018.01.24-15.50.34:847][914]LogModuleManager: Shutting down and abandoning module SourceCodeAccess (174)
[2018.01.24-15.50.34:847][914]LogModuleManager: Shutting down and abandoning module HeadMountedDisplay (172)
[2018.01.24-15.50.34:847][914]LogModuleManager: Shutting down and abandoning module XAudio2 (170)
[2018.01.24-15.50.34:847][914]LogModuleManager: Shutting down and abandoning module Networking (168)
[2018.01.24-15.50.34:847][914]LogModuleManager: Shutting down and abandoning module Core (164)
[2018.01.24-15.50.34:847][914]LogModuleManager: Shutting down and abandoning module AssetRegistry (162)
[2018.01.24-15.50.35:115][914]LogDirectoryWatcher: A directory notification for '../../../Engine/Content/' was aborted.
[2018.01.24-15.50.35:115][914]LogDirectoryWatcher: A directory notification for 'C:/Users/David/Documents/GitHub/FuturoImperfecto/PRUEBAS/MechHackAndSlash/Content/' was aborted.
[2018.01.24-15.50.35:115][914]LogDirectoryWatcher: A directory notification for '../../../Engine/Plugins/2D/Paper2D/Content/' was aborted.
[2018.01.24-15.50.35:115][914]LogDirectoryWatcher: A directory notification for '../../../Engine/Plugins/Runtime/GearVR/Content/' was aborted.
[2018.01.24-15.50.35:121][914]LogModuleManager: Shutting down and abandoning module DirectoryWatcher (161)
[2018.01.24-15.50.35:122][914]LogModuleManager: Shutting down and abandoning module KismetCompiler (158)
[2018.01.24-15.50.35:122][914]LogModuleManager: Shutting down and abandoning module LevelSequence (156)
[2018.01.24-15.50.35:122][914]LogModuleManager: Shutting down and abandoning module PhysXFormats (154)
[2018.01.24-15.50.35:122][914]LogModuleManager: Shutting down and abandoning module MeshUtilities (152)
[2018.01.24-15.50.35:122][914]LogModuleManager: Shutting down and abandoning module SimplygonSwarm (151)
[2018.01.24-15.50.35:122][914]LogModuleManager: Shutting down and abandoning module SimplygonMeshReduction (149)
[2018.01.24-15.50.35:122][914]LogModuleManager: Shutting down and abandoning module QuadricMeshReduction (147)
[2018.01.24-15.50.35:123][914]LogModuleManager: Shutting down and abandoning module DerivedDataCache (144)
[2018.01.24-15.50.35:140][914]LogDerivedDataCache: Shutdown
[2018.01.24-15.50.35:140][914]LogModuleManager: Shutting down and abandoning module TargetPlatform (142)
[2018.01.24-15.50.35:140][914]LogModuleManager: Shutting down and abandoning module VulkanShaderFormat (141)
[2018.01.24-15.50.35:140][914]LogModuleManager: Shutting down and abandoning module ShaderFormatVectorVM (139)
[2018.01.24-15.50.35:140][914]LogModuleManager: Shutting down and abandoning module ShaderFormatOpenGL (137)
[2018.01.24-15.50.35:140][914]LogModuleManager: Shutting down and abandoning module ShaderFormatD3D (135)
[2018.01.24-15.50.35:140][914]LogModuleManager: Shutting down and abandoning module MetalShaderFormat (133)
[2018.01.24-15.50.35:140][914]LogModuleManager: Shutting down and abandoning module TextureFormatUncompressed (131)
[2018.01.24-15.50.35:140][914]LogModuleManager: Shutting down and abandoning module TextureFormatPVR (129)
[2018.01.24-15.50.35:140][914]LogModuleManager: Shutting down and abandoning module TextureFormatDXT (127)
[2018.01.24-15.50.35:140][914]LogModuleManager: Shutting down and abandoning module TextureFormatIntelISPCTexComp (125)
[2018.01.24-15.50.35:141][914]LogModuleManager: Shutting down and abandoning module TextureFormatASTC (123)
[2018.01.24-15.50.35:141][914]LogModuleManager: Shutting down and abandoning module ImageWrapper (122)
[2018.01.24-15.50.35:141][914]LogModuleManager: Shutting down and abandoning module TextureFormatAndroid (119)
[2018.01.24-15.50.35:141][914]LogModuleManager: Shutting down and abandoning module AudioFormatOpus (117)
[2018.01.24-15.50.35:141][914]LogModuleManager: Shutting down and abandoning module AudioFormatOgg (115)
[2018.01.24-15.50.35:141][914]LogModuleManager: Shutting down and abandoning module AudioFormatADPCM (113)
[2018.01.24-15.50.35:141][914]LogModuleManager: Shutting down and abandoning module LinuxTargetPlatform (111)
[2018.01.24-15.50.35:141][914]LogModuleManager: Shutting down and abandoning module LinuxServerTargetPlatform (109)
[2018.01.24-15.50.35:141][914]LogModuleManager: Shutting down and abandoning module LinuxNoEditorTargetPlatform (107)
[2018.01.24-15.50.35:141][914]LogModuleManager: Shutting down and abandoning module LinuxClientTargetPlatform (105)
[2018.01.24-15.50.35:141][914]LogModuleManager: Shutting down and abandoning module TVOSTargetPlatform (103)
[2018.01.24-15.50.35:141][914]LogModuleManager: Shutting down and abandoning module Messaging (101)
[2018.01.24-15.50.35:141][914]LogModuleManager: Shutting down and abandoning module IOSTargetPlatform (99)
[2018.01.24-15.50.35:141][914]LogModuleManager: Shutting down and abandoning module HTML5TargetPlatform (97)
[2018.01.24-15.50.35:141][914]LogModuleManager: Shutting down and abandoning module Android_PVRTCTargetPlatform (95)
[2018.01.24-15.50.35:141][914]LogModuleManager: Shutting down and abandoning module Android_MultiTargetPlatform (93)
[2018.01.24-15.50.35:141][914]LogModuleManager: Shutting down and abandoning module Android_ETC2TargetPlatform (91)
[2018.01.24-15.50.35:141][914]LogModuleManager: Shutting down and abandoning module Android_ETC1TargetPlatform (89)
[2018.01.24-15.50.35:141][914]LogModuleManager: Shutting down and abandoning module Android_DXTTargetPlatform (87)
[2018.01.24-15.50.35:141][914]LogModuleManager: Shutting down and abandoning module Android_ATCTargetPlatform (85)
[2018.01.24-15.50.35:141][914]LogModuleManager: Shutting down and abandoning module Android_ASTCTargetPlatform (83)
[2018.01.24-15.50.35:141][914]LogModuleManager: Shutting down and abandoning module AndroidTargetPlatform (81)
[2018.01.24-15.50.35:141][914]LogModuleManager: Shutting down and abandoning module WindowsTargetPlatform (79)
[2018.01.24-15.50.35:141][914]LogModuleManager: Shutting down and abandoning module WindowsServerTargetPlatform (77)
[2018.01.24-15.50.35:141][914]LogModuleManager: Shutting down and abandoning module WindowsNoEditorTargetPlatform (75)
[2018.01.24-15.50.35:141][914]LogModuleManager: Shutting down and abandoning module WindowsClientTargetPlatform (73)
[2018.01.24-15.50.35:141][914]LogModuleManager: Shutting down and abandoning module MacTargetPlatform (71)
[2018.01.24-15.50.35:141][914]LogModuleManager: Shutting down and abandoning module MacServerTargetPlatform (69)
[2018.01.24-15.50.35:141][914]LogModuleManager: Shutting down and abandoning module MacNoEditorTargetPlatform (67)
[2018.01.24-15.50.35:141][914]LogModuleManager: Shutting down and abandoning module MacClientTargetPlatform (65)
[2018.01.24-15.50.35:141][914]LogModuleManager: Shutting down and abandoning module AllDesktopTargetPlatform (63)
[2018.01.24-15.50.35:141][914]LogModuleManager: Shutting down and abandoning module InputCore (60)
[2018.01.24-15.50.35:141][914]LogModuleManager: Shutting down and abandoning module Settings (58)
[2018.01.24-15.50.35:141][914]LogModuleManager: Shutting down and abandoning module OculusRift (56)
[2018.01.24-15.50.35:141][914]LogModuleManager: Shutting down and abandoning module GearVRController (54)
[2018.01.24-15.50.35:141][914]LogModuleManager: Shutting down and abandoning module GearVR (52)
[2018.01.24-15.50.35:141][914]LogModuleManager: Shutting down and abandoning module ExampleDeviceProfileSelector (50)
[2018.01.24-15.50.35:141][914]LogModuleManager: Shutting down and abandoning module OnlineBlueprintSupport (48)
[2018.01.24-15.50.35:141][914]LogModuleManager: Shutting down and abandoning module OnlineSubsystem (44)
[2018.01.24-15.50.35:141][914]LogOnline:Display: Unloading online subsystem: NULL
[2018.01.24-15.50.35:141][914]LogModuleManager: Shutting down and abandoning module XMPP (43)
[2018.01.24-15.50.35:141][914]LogModuleManager: Shutting down and abandoning module HTTP (41)
[2018.01.24-15.50.35:142][914]LogHttp:Display: Http module shutting down, but needs to wait on 1 outstanding Http requests:
[2018.01.24-15.50.35:142][914]LogHttp:Display: 	verb=[POST] url=[https://datarouter.ol.epicgames.com/datarouter/api/v1/public/data?SessionID=%7B3E018785-4ACA-8CAB-8411-AFBCF7D99E4B%7D&AppID=UEEditor.Rocket.Release&AppVersion=4.16.2-3514769%2B%2B%2BUE4%2BRelease-4.16&UserID=eedd91be406e0cd25ea0748277e6e73c%7C7a211806f70b4509a5be2640357744fc%7Caa6de738-987c-4c76-bb80-6cc1d099ea00&AppEnvironment=datacollector-binary&UploadType=eteventstream] status=Processing
[2018.01.24-15.50.35:169][914]LogModuleManager: Shutting down and abandoning module SSL (40)
[2018.01.24-15.50.35:171][914]LogModuleManager: Shutting down and abandoning module HTTPChunkInstaller (36)
[2018.01.24-15.50.35:171][914]LogModuleManager: Shutting down and abandoning module AnimationModifiers (34)
[2018.01.24-15.50.35:171][914]LogModuleManager: Shutting down and abandoning module PropertyEditor (33)
[2018.01.24-15.50.35:171][914]LogModuleManager: Shutting down and abandoning module AudioEditor (30)
[2018.01.24-15.50.35:171][914]LogModuleManager: Shutting down and abandoning module TextureCompressor (28)
[2018.01.24-15.50.35:172][914]LogModuleManager: Shutting down and abandoning module ShaderCore (26)
[2018.01.24-15.50.35:172][914]LogModuleManager: Shutting down and abandoning module Landscape (24)
[2018.01.24-15.50.35:172][914]LogModuleManager: Shutting down and abandoning module SlateRHIRenderer (22)
[2018.01.24-15.50.35:178][914]LogModuleManager: Shutting down and abandoning module OpenGLDrv (20)
[2018.01.24-15.50.35:178][914]LogModuleManager: Shutting down and abandoning module D3D11RHI (18)
[2018.01.24-15.50.35:178][914]LogModuleManager: Shutting down and abandoning module AnimGraphRuntime (16)
[2018.01.24-15.50.35:178][914]LogModuleManager: Shutting down and abandoning module Renderer (14)
[2018.01.24-15.50.35:178][914]LogModuleManager: Shutting down and abandoning module Engine (12)
[2018.01.24-15.50.35:178][914]LogModuleManager: Shutting down and abandoning module CoreUObject (10)
[2018.01.24-15.50.35:178][914]LogModuleManager: Shutting down and abandoning module NetworkFile (8)
[2018.01.24-15.50.35:178][914]LogModuleManager: Shutting down and abandoning module StreamingFile (6)
[2018.01.24-15.50.35:178][914]LogModuleManager: Shutting down and abandoning module SandboxFile (4)
[2018.01.24-15.50.35:178][914]LogModuleManager: Shutting down and abandoning module PakFile (2)
[2018.01.24-15.50.35:183][914]LogExit: Exiting.
[2018.01.24-15.50.35:251][914]Log file closed, 01/24/18 16:50:35
