Log file open, 03/29/18 16:59:48
LogInit:Display: Running engine for game: MechHackAndSlash
LogPlatformFile: Not using cached read wrapper
LogInit:Display: RandInit(747176573) SRandInit(747176574).
LogTaskGraph: Started task graph with 5 named threads and 8 total threads with 1 sets of task threads.
LogStats: Stats thread started at 0.260596
LogInit: Using libcurl 7.47.1
LogInit:  - built for x86_64-pc-win32
LogInit:  - supports SSL with OpenSSL/1.0.2g
LogInit:  - supports HTTP deflate (compression) using libz 1.2.8
LogInit:  - other features:
LogInit:      CURL_VERSION_SSL
LogInit:      CURL_VERSION_LIBZ
LogInit:      CURL_VERSION_IPV6
LogInit:      CURL_VERSION_ASYNCHDNS
LogInit:      CURL_VERSION_LARGEFILE
LogInit:      CURL_VERSION_IDN
LogInit:  CurlRequestOptions (configurable via config and command line):
LogInit:  - bVerifyPeer = false  - Libcurl will NOT verify peer certificate
LogInit:  - bUseHttpProxy = false  - Libcurl will NOT use HTTP proxy
LogInit:  - bDontReuseConnections = false  - Libcurl will reuse connections
LogInit:  - CertBundlePath = nullptr  - Libcurl will use whatever was configured at build time.
LogInit: Build: ++UE4+Release-4.16-CL-3561208
LogInit: Engine Version: 4.16.3-3561208+++UE4+Release-4.16
LogInit: Compatible Engine Version: 4.16.0-3452394+++UE4+Release-4.16
LogInit: Net CL: 3452394
LogDevObjectVersion: Number of dev versions registered: 16
LogDevObjectVersion:   Dev-Blueprints (B0D832E4-1F89-4F0D-ACCF-7EB736FD4AA2): 9
LogDevObjectVersion:   Dev-Build (E1C64328-A22C-4D53-A36C-8E866417BD8C): 0
LogDevObjectVersion:   Dev-Core (375EC13C-06E4-48FB-B500-84F0262A717E): 2
LogDevObjectVersion:   Dev-Editor (E4B068ED-F494-42E9-A231-DA0B2E46BB41): 17
LogDevObjectVersion:   Dev-Framework (CFFC743F-43B0-4480-9391-14DF171D2073): 23
LogDevObjectVersion:   Dev-Mobile (B02B49B5-BB20-44E9-A304-32B752E40360): 0
LogDevObjectVersion:   Dev-Networking (A4E4105C-59A1-49B5-A7C5-40C4547EDFEE): 0
LogDevObjectVersion:   Dev-Online (39C831C9-5AE6-47DC-9A44-9C173E1C8E7C): 0
LogDevObjectVersion:   Dev-Physics (78F01B33-EBEA-4F98-B9B4-84EACCB95AA2): 0
LogDevObjectVersion:   Dev-Platform (6631380F-2D4D-43E0-8009-CF276956A95A): 0
LogDevObjectVersion:   Dev-Rendering (12F88B9F-8875-4AFC-A67C-D90C383ABD29): 15
LogDevObjectVersion:   Dev-Sequencer (7B5AE74C-D270-4C10-A958-57980B212A5A): 4
LogDevObjectVersion:   Dev-VR (D7296918-1DD6-4BDD-9DE2-64A83CC13884): 0
LogDevObjectVersion:   Dev-LoadTimes (C2A15278-BFE7-4AFE-6C17-90FF531DF755): 1
LogDevObjectVersion:   Private-Geometry (6EACA3D4-40EC-4CC1-B786-8BED09428FC5): 1
LogDevObjectVersion:   Dev-AnimPhys (29E575DD-E0A3-4627-9D10-D276232CDCEA): 3
LogInit: Compiled (64-bit): Jul 28 2017 11:49:47
LogInit: Compiled with Visual C++: 19.00.24215.01
LogInit: Build Configuration: Development
LogInit: Branch Name: ++UE4+Release-4.16
LogInit: Command line:  
LogInit: Base directory: D:/Program Files (x86)/Epic Games/UE_4.16/Engine/Binaries/Win64/
LogInit: Installed Engine Build: 1
LogInit: Presizing for max 8388607 objects, including 0 objects not considered by GC, pre-allocating 0 bytes for permanent pool.
LogInit: Object subsystem initialized
[2018.03.29-14.59.48:743][  0]LogInit: Selected Device Profile: [Windows]
[2018.03.29-14.59.48:743][  0]LogInit: Applying CVar settings loaded from the selected device profile: [Windows]
[2018.03.29-14.59.48:786][  0]LogInit: Computer: DAVIDMASTERRACE
[2018.03.29-14.59.48:786][  0]LogInit: User: David
[2018.03.29-14.59.48:786][  0]LogInit: CPU Page size=4096, Cores=4
[2018.03.29-14.59.48:786][  0]LogInit: High frequency timer resolution =3.417967 MHz
[2018.03.29-14.59.48:786][  0]LogMemory: Memory total: Physical=15.9GB (16GB approx)
[2018.03.29-14.59.48:786][  0]LogMemory: Platform Memory Stats for Windows
[2018.03.29-14.59.48:786][  0]LogMemory: Process Physical Memory: 272.07 MB used, 272.07 MB peak
[2018.03.29-14.59.48:786][  0]LogMemory: Process Virtual Memory: 262.60 MB used, 262.60 MB peak
[2018.03.29-14.59.48:786][  0]LogMemory: Physical Memory: 5621.61 MB used,  10704.82 MB free, 16326.44 MB total
[2018.03.29-14.59.48:786][  0]LogMemory: Virtual Memory: 619.06 MB used,  10704.82 MB free, 134217728.00 MB total
[2018.03.29-14.59.49:004][  0]LogInit: Overriding language with editor language configuration option (en).
[2018.03.29-14.59.49:004][  0]LogInit: Overriding locale with editor locale configuration option (en).
[2018.03.29-14.59.52:637][  0]LogD3D11RHI: D3D11 adapters:
[2018.03.29-14.59.52:662][  0]LogD3D11RHI:    0. 'NVIDIA GeForce GTX 970' (Feature Level 11_0)
[2018.03.29-14.59.52:662][  0]LogD3D11RHI:       3975/0/8163 MB DedicatedVideo/DedicatedSystem/SharedSystem, Outputs:1, VendorId:0x10de
[2018.03.29-14.59.52:662][  0]LogD3D11RHI:    1. 'Microsoft Basic Render Driver' (Feature Level 11_0)
[2018.03.29-14.59.52:662][  0]LogD3D11RHI:       0/0/256 MB DedicatedVideo/DedicatedSystem/SharedSystem, Outputs:0, VendorId:0x1414
[2018.03.29-14.59.52:662][  0]LogD3D11RHI: Chosen D3D11 Adapter: 0
[2018.03.29-14.59.52:666][  0]LogD3D11RHI: Creating new Direct3DDevice
[2018.03.29-14.59.52:666][  0]LogD3D11RHI:     GPU DeviceId: 0x13c2 (for the marketing name, search the web for "GPU Device Id")
[2018.03.29-14.59.52:666][  0]LogWindows: EnumDisplayDevices:
[2018.03.29-14.59.52:666][  0]LogWindows:    0. 'NVIDIA GeForce GTX 970' (P:1 D:1)
[2018.03.29-14.59.52:666][  0]LogWindows:    1. 'NVIDIA GeForce GTX 970' (P:0 D:0)
[2018.03.29-14.59.52:666][  0]LogWindows:    2. 'NVIDIA GeForce GTX 970' (P:0 D:0)
[2018.03.29-14.59.52:666][  0]LogWindows:    3. 'NVIDIA GeForce GTX 970' (P:0 D:0)
[2018.03.29-14.59.52:666][  0]LogWindows: DebugString: FoundDriverCount:4 
[2018.03.29-14.59.52:666][  0]LogD3D11RHI:     Adapter Name: NVIDIA GeForce GTX 970
[2018.03.29-14.59.52:666][  0]LogD3D11RHI:   Driver Version: 388.13 (internal:23.21.13.8813, unified:388.13)
[2018.03.29-14.59.52:666][  0]LogD3D11RHI:      Driver Date: 10-27-2017
[2018.03.29-14.59.52:666][  0]LogRHI: Texture pool is 1361 MB (70% of 1945 MB)
[2018.03.29-14.59.52:675][  0]LogD3D11RHI: Async texture creation enabled
[2018.03.29-14.59.52:691][  0]LogD3D11RHI: GPU Timing Frequency: 1000.000000 (Debug: 2 2)
[2018.03.29-14.59.52:735][  0]LogShaderCompilers: Guid format shader working directory is -27 characters bigger than the processId version (C:/Users/David/Documents/GitHub/FuturoImperfecto/PRUEBAS/MechHackAndSlash/Intermediate/Shaders/WorkingDirectory/6536/).
[2018.03.29-14.59.52:735][  0]LogShaderCompilers: Cleaned the shader compiler working directory 'C:/Users/David/AppData/Local/Temp/UnrealShaderWorkingDir/B288D5F74D7D7BF5497F129C7D222CA0/'.
[2018.03.29-14.59.52:735][  0]LogShaderCompilers:Display: Using Local Shader Compiler.
[2018.03.29-14.59.56:285][  0]LogTemp:Display: Loaded TP AllDesktopTargetPlatform
[2018.03.29-14.59.56:334][  0]LogTemp:Display: Loaded TP MacClientTargetPlatform
[2018.03.29-14.59.56:371][  0]LogTemp:Display: Loaded TP MacNoEditorTargetPlatform
[2018.03.29-14.59.56:405][  0]LogTemp:Display: Loaded TP MacServerTargetPlatform
[2018.03.29-14.59.56:468][  0]LogTemp:Display: Loaded TP MacTargetPlatform
[2018.03.29-14.59.56:511][  0]LogTemp:Display: Loaded TP WindowsClientTargetPlatform
[2018.03.29-14.59.56:554][  0]LogTemp:Display: Loaded TP WindowsNoEditorTargetPlatform
[2018.03.29-14.59.56:595][  0]LogTemp:Display: Loaded TP WindowsServerTargetPlatform
[2018.03.29-14.59.56:628][  0]LogTemp:Display: Loaded TP WindowsTargetPlatform
[2018.03.29-14.59.56:719][  0]LogTemp:Display: Loaded TP AndroidTargetPlatform
[2018.03.29-14.59.56:780][  0]LogTemp:Display: Loaded TP Android_ASTCTargetPlatform
[2018.03.29-14.59.56:822][  0]LogTemp:Display: Loaded TP Android_ATCTargetPlatform
[2018.03.29-14.59.56:864][  0]LogTemp:Display: Loaded TP Android_DXTTargetPlatform
[2018.03.29-14.59.56:908][  0]LogTemp:Display: Loaded TP Android_ETC1TargetPlatform
[2018.03.29-14.59.56:949][  0]LogTemp:Display: Loaded TP Android_ETC2TargetPlatform
[2018.03.29-14.59.57:037][  0]LogTemp:Display: Loaded TP Android_MultiTargetPlatform
[2018.03.29-14.59.57:037][  0]LogTemp:Display: Loaded TP Android_PVRTCTargetPlatform
[2018.03.29-14.59.57:083][  0]LogTemp:Display: Loaded TP HTML5TargetPlatform
[2018.03.29-14.59.57:205][  0]LogTemp:Display: Loaded TP IOSTargetPlatform
[2018.03.29-14.59.57:238][  0]LogTemp:Display: Loaded TP TVOSTargetPlatform
[2018.03.29-14.59.57:279][  0]LogTemp:Display: Loaded TP LinuxClientTargetPlatform
[2018.03.29-14.59.57:319][  0]LogTemp:Display: Loaded TP LinuxNoEditorTargetPlatform
[2018.03.29-14.59.57:364][  0]LogTemp:Display: Loaded TP LinuxServerTargetPlatform
[2018.03.29-14.59.57:420][  0]LogTemp:Display: Loaded TP LinuxTargetPlatform
[2018.03.29-14.59.57:420][  0]LogTargetPlatformManager:Display: Building Assets For Windows
[2018.03.29-14.59.58:137][  0]LogDerivedDataCache:Display: Max Cache Size: 512 MB
[2018.03.29-14.59.58:513][  0]LogDerivedDataCache: Loaded boot cache 0.38s 90MB C:/Users/David/AppData/Local/UnrealEngine/4.16/DerivedDataCache/Boot.ddc.
[2018.03.29-14.59.58:513][  0]LogDerivedDataCache:Display: Loaded Boot cache: C:/Users/David/AppData/Local/UnrealEngine/4.16/DerivedDataCache/Boot.ddc
[2018.03.29-14.59.58:514][  0]LogDerivedDataCache: FDerivedDataBackendGraph:  Pak pak cache file C:/Users/David/Documents/GitHub/FuturoImperfecto/PRUEBAS/MechHackAndSlash/DerivedDataCache/DDC.ddp not found, will not use a pak cache.
[2018.03.29-14.59.58:514][  0]LogDerivedDataCache: Unable to find inner node Pak for hierarchical cache Hierarchy.
[2018.03.29-14.59.58:514][  0]LogDerivedDataCache: FDerivedDataBackendGraph:  CompressedPak pak cache file C:/Users/David/Documents/GitHub/FuturoImperfecto/PRUEBAS/MechHackAndSlash/DerivedDataCache/Compressed.ddp not found, will not use a pak cache.
[2018.03.29-14.59.58:514][  0]LogDerivedDataCache: Unable to find inner node CompressedPak for hierarchical cache Hierarchy.
[2018.03.29-14.59.58:552][  0]LogDerivedDataCache:Display: Pak cache opened for reading ../../../Engine/DerivedDataCache/Compressed.ddp.
[2018.03.29-14.59.58:564][  0]LogDerivedDataCache: Using Local data cache path C:/Users/David/AppData/Local/UnrealEngine/Common/DerivedDataCache: Writable
[2018.03.29-14.59.58:572][  0]LogMaterial: Verifying Global Shaders for PCD3D_SM5
[2018.03.29-14.59.58:572][  0]LogSlate: Using Freetype 2.6.0
[2018.03.29-14.59.58:598][  0]LogSlate: SlateFontCache - WITH_FREETYPE: 1, WITH_HARFBUZZ: 1
[2018.03.29-14.59.58:598][  0]LogSlate: SlateFontCache - WITH_FREETYPE: 1, WITH_HARFBUZZ: 1
[2018.03.29-15.00.02:606][  0]LogInit: Selected Device Profile: [Windows]
[2018.03.29-15.00.02:671][  0]LogContentStreaming: Texture pool size is 0.00 MB
[2018.03.29-15.00.02:834][  0]LogMeshUtilities: Using QuadricMeshReduction for automatic static mesh reduction
[2018.03.29-15.00.02:886][  0]LogSimplygon: Simplygon DLL not present - disabling.
[2018.03.29-15.00.02:953][  0]LogMeshUtilities: Using SimplygonSwarm for distributed automatic mesh merging
[2018.03.29-15.00.02:953][  0]LogMeshUtilities: No automatic skeletal mesh reduction module available
[2018.03.29-15.00.02:953][  0]LogMeshUtilities: No automatic mesh merging module available
[2018.03.29-15.00.03:497][  0]LogNetVersion: MechHackAndSlash , NetCL: 3452394, EngineNetVer: 2, GameNetVer: 0 (Checksum: 86869316)
[2018.03.29-15.00.03:547][  0]LogAssetRegistry: FAssetRegistry took 0.0255 seconds to start up
[2018.03.29-15.00.03:577][  0]LogPackageLocalizationCache: Processed 4 localized package path(s) for 1 prioritized culture(s) in 0.018321 seconds
[2018.03.29-15.00.03:582][  0]LogUObjectArray: 34194 objects as part of root set at end of initial load.
[2018.03.29-15.00.03:582][  0]LogUObjectAllocator: 7260424 out of 0 bytes used by permanent object pool.
[2018.03.29-15.00.03:582][  0]LogUObjectArray: CloseDisregardForGC: 0/0 objects in disregard for GC pool
[2018.03.29-15.00.03:632][  0]LogInit: WinSock: version 1.1 (2.2), MaxSocks=32767, MaxUdp=65467
[2018.03.29-15.00.16:999][  0]LogTcpMessaging: Initializing TcpMessaging bridge
[2018.03.29-15.00.17:038][  0]LogUdpMessaging: Initializing bridge on interface 0.0.0.0:0 to multicast group 230.0.0.1:6666.
[2018.03.29-15.00.17:758][  0]LogMaterial: Uniform references updated for custom material expression Custom.
[2018.03.29-15.00.18:080][  0]SourceControl: Info Source control is disabled
[2018.03.29-15.00.18:256][  0]SourceControl: Info Source control is disabled
[2018.03.29-15.00.18:301][  0]SourceControl: Info Source control is disabled
[2018.03.29-15.00.18:344][  0]SourceControl: Info Source control is disabled
[2018.03.29-15.00.19:300][  0]LogAndroidPermission: UAndroidPermissionCallbackProxy::GetInstance
[2018.03.29-15.00.19:899][  0]LogEngine: Initializing Engine...
[2018.03.29-15.00.19:900][  0]LogHMD: Failed to initialize OpenVR with code 110
[2018.03.29-15.00.20:089][  0]LogStats: UGameplayTagsManager::ConstructGameplayTagTree: Construct from data asset -  0.000 s
[2018.03.29-15.00.20:089][  0]LogStats: UGameplayTagsManager::ConstructGameplayTagTree: GameplayTagTreeChangedEvent.Broadcast -  0.000 s
[2018.03.29-15.00.20:179][  0]LogAIModule: Creating AISystem for world Untitled
[2018.03.29-15.00.20:203][  0]LogInit: XAudio2 using 'Speakers (Realtek High Definition Audio)' : 2 channels at 48 kHz using 32 bits per sample (channel mask 0x3)
[2018.03.29-15.00.20:209][  0]LogInit: FAudioDevice initialized.
[2018.03.29-15.00.20:245][  0]LogDerivedDataCache: Saved boot cache 0.04s 90MB C:/Users/David/AppData/Local/UnrealEngine/4.16/DerivedDataCache/Boot.ddc.
[2018.03.29-15.00.20:254][  0]LogInit: Texture streaming: Enabled
[2018.03.29-15.00.20:339][  0]LogEngineSessionManager: EngineSessionManager initialized
[2018.03.29-15.00.20:542][  0]LogInit: Transaction tracking system initialized
[2018.03.29-15.00.20:762][  0]BlueprintLog: New page: Editor Load
[2018.03.29-15.00.21:597][  0]LocalizationService: Info Localization service is disabled
[2018.03.29-15.00.22:230][  0]LogConsoleResponse:Display: 
[2018.03.29-15.00.23:115][  0]LogCook:Display: Max memory allowance for cook 16384mb min free memory 0mb
[2018.03.29-15.00.23:115][  0]LogCook:Display: Mobile HDR setting 1
[2018.03.29-15.00.23:157][  0]LogFileCache: Scanning file cache for directory 'C:/Users/David/Documents/GitHub/FuturoImperfecto/PRUEBAS/MechHackAndSlash/Content/' took 0.05s
[2018.03.29-15.00.24:906][  0]SourceControl: Info Source control is disabled
[2018.03.29-15.00.24:906][  0]Cmd: MAP LOAD FILE="C:/Users/David/Documents/GitHub/FuturoImperfecto/PRUEBAS/MechHackAndSlash/Content/ThirdPersonBP/Maps/ThirdPersonExampleMap.umap" TEMPLATE=0 SHOWPROGRESS=1 FEATURELEVEL=3
[2018.03.29-15.00.24:907][  0]LightingResults: New page: Lighting Build
[2018.03.29-15.00.24:930][  0]MapCheck: New page: Map Check
[2018.03.29-15.00.24:930][  0]LightingResults: New page: Lighting Build
[2018.03.29-15.00.28:806][  0]LogAIModule: Creating AISystem for world ThirdPersonExampleMap
[2018.03.29-15.00.30:479][  0]LogEditorServer: Finished looking for orphan Actors (0.000 secs)
[2018.03.29-15.00.30:531][  0]Cmd: MAP CHECKDEP NOCLEARLOG
[2018.03.29-15.00.30:592][  0]MapCheck: Info Map check complete: 0 Error(s), 0 Warning(s), took 61.538ms to complete.
[2018.03.29-15.00.30:592][  0]LogFileHelpers: Loading map 'ThirdPersonExampleMap' took 5.687
[2018.03.29-15.00.30:778][  0]LogCollectionManager: Loaded 0 collections in 0.001009 seconds
[2018.03.29-15.00.30:836][  0]LogFileCache: Scanning file cache for directory 'C:/Users/David/Documents/GitHub/FuturoImperfecto/PRUEBAS/MechHackAndSlash/Saved/Collections/' took 0.01s
[2018.03.29-15.00.30:836][  0]LogFileCache: Scanning file cache for directory 'C:/Users/David/Documents/GitHub/FuturoImperfecto/PRUEBAS/MechHackAndSlash/Content/Developers/David/Collections/' took 0.01s
[2018.03.29-15.00.30:836][  0]LogFileCache: Scanning file cache for directory 'C:/Users/David/Documents/GitHub/FuturoImperfecto/PRUEBAS/MechHackAndSlash/Content/Collections/' took 0.01s
[2018.03.29-15.00.30:836][  0]LogCollectionManager: Rebuilt the GUID cache for 0 collections in 0.000001 seconds
[2018.03.29-15.00.30:844][  0]LogContentBrowser: Native class hierarchy populated in 0.0074 seconds. Added 2336 classes and 493 folders.
[2018.03.29-15.00.30:879][  0]LogContentBrowser: Native class hierarchy updated for 'WidgetCarousel' in 0.0005 seconds. Added 0 classes and 0 folders.
[2018.03.29-15.00.32:044][  0]LogContentBrowser: Native class hierarchy updated for 'AddContentDialog' in 0.0005 seconds. Added 0 classes and 0 folders.
[2018.03.29-15.00.32:086][  0]LogContentBrowser: Native class hierarchy updated for 'SceneOutliner' in 0.0005 seconds. Added 1 classes and 2 folders.
[2018.03.29-15.00.32:138][  0]LogContentBrowser: Native class hierarchy updated for 'WorldBrowser' in 0.0005 seconds. Added 1 classes and 3 folders.
[2018.03.29-15.00.32:246][  0]LogCrashTracker: Crashtracker disabled due to settings.
[2018.03.29-15.00.32:261][  0]LogSlate: Took 0.011272 seconds to synchronously load lazily loaded font '../../../Engine/Content/Slate/Fonts/Roboto-Regular.ttf' (155K)
[2018.03.29-15.00.32:277][  0]LogSlate: Took 0.013978 seconds to synchronously load lazily loaded font '../../../Engine/Content/Slate/Fonts/Roboto-Bold.ttf' (160K)
[2018.03.29-15.00.32:297][  0]LogSlate: Took 0.016093 seconds to synchronously load lazily loaded font '../../../Engine/Content/Editor/Slate/Fonts/FontAwesome.ttf' (139K)
[2018.03.29-15.00.32:422][  0]LogRenderer: Reallocating scene render targets to support 1204x572 NumSamples 1 (Frame:1).
[2018.03.29-15.00.32:536][  0]LogUObjectGlobals:Warning: Failed to find object 'Class None.'
[2018.03.29-15.00.32:589][  0]LogContentBrowser: Native class hierarchy updated for 'HierarchicalLODOutliner' in 0.0005 seconds. Added 1 classes and 2 folders.
[2018.03.29-15.00.32:589][  0]LogLoad: (Engine Initialization) Total time: 50.50 seconds
[2018.03.29-15.00.32:589][  0]LogLoad: (Engine Initialization) Total Blueprint compile time: 1.29 seconds
[2018.03.29-15.00.32:589][  0]LogExternalProfiler: Found external profiler: VSPerf
[2018.03.29-15.00.32:589][  0]LogExternalProfiler: Using external profiler: VSPerf
[2018.03.29-15.00.32:929][  0]LogOcInput: OculusInput pre-init called
[2018.03.29-15.00.32:929][  0]LogHMD: Starting GearVRController plugin
[2018.03.29-15.00.33:002][  0]LogContentStreaming: Texture pool size now 1000 MB
[2018.03.29-15.00.33:124][  0]LogSlate: Took 0.021186 seconds to synchronously load lazily loaded font '../../../Engine/Content/Slate/Fonts/Roboto-Light.ttf' (159K)
[2018.03.29-15.00.33:400][  1]LogSlate: Took 0.000127 seconds to synchronously load lazily loaded font '../../../Engine/Content/Slate/Fonts/Roboto-Light.ttf' (159K)
[2018.03.29-15.00.33:854][  2]LogAssetRegistry: Asset discovery search completed in 30.3289 seconds
[2018.03.29-15.00.33:856][  2]LogCollectionManager: Rebuilt the object cache for 0 collections in 0.000000 seconds (found 0 objects)
[2018.03.29-15.00.33:856][  2]LogCollectionManager: Fixed up redirectors for 0 collections in 0.000024 seconds (updated 0 objects)
[2018.03.29-15.00.34:202][  3]LogSlate: Took 0.000272 seconds to synchronously load lazily loaded font '../../../Engine/Content/Slate/Fonts/Roboto-Light.ttf' (159K)
[2018.03.29-15.03.40:497][158]LogSlate: Took 0.012018 seconds to synchronously load lazily loaded font '../../../Engine/Content/Editor/Slate/Fonts/Roboto-BoldCondensed.ttf' (158K)
[2018.03.29-15.03.46:097][702]LogContentBrowser: Native class hierarchy updated for 'BlueprintGraph' in 0.0008 seconds. Added 112 classes and 0 folders.
[2018.03.29-15.03.46:752][703]LogSlate: Took 0.020065 seconds to synchronously load lazily loaded font '../../../Engine/Content/Editor/Slate/Fonts/Roboto-Italic.ttf' (157K)
[2018.03.29-15.04.33:385][751]LogBlueprint:Warning: Unknown type of hyperlinked object
[2018.03.29-15.04.34:249][830]LogBlueprint:Warning: Unknown type of hyperlinked object
[2018.03.29-15.07.17:868][119]LogTemp: Repeting last play command: Selected Viewport
[2018.03.29-15.07.17:973][119]LogBlueprintUserMessages: Early PlayInEditor Detection: Level '/Game/ThirdPersonBP/Maps/ThirdPersonExampleMap.ThirdPersonExampleMap:PersistentLevel' has LevelScriptBlueprint '/Game/ThirdPersonBP/Maps/ThirdPersonExampleMap.ThirdPersonExampleMap:PersistentLevel.ThirdPersonExampleMap' with GeneratedClass '/Game/ThirdPersonBP/Maps/ThirdPersonExampleMap.ThirdPersonExampleMap_C' with ClassGeneratedBy '/Game/ThirdPersonBP/Maps/ThirdPersonExampleMap.ThirdPersonExampleMap:PersistentLevel.ThirdPersonExampleMap'
[2018.03.29-15.07.17:973][119]LogBlueprintUserMessages: Early PlayInEditor Detection: Level '/Game/Niveles/BlueLevel.BlueLevel:PersistentLevel' has LevelScriptBlueprint '/Game/Niveles/BlueLevel.BlueLevel:PersistentLevel.BlueLevel' with GeneratedClass '/Game/Niveles/BlueLevel.BlueLevel_C' with ClassGeneratedBy '/Game/Niveles/BlueLevel.BlueLevel:PersistentLevel.BlueLevel'
[2018.03.29-15.07.17:973][119]LogBlueprintUserMessages: Early PlayInEditor Detection: Level '/Game/Niveles/RedLevel.RedLevel:PersistentLevel' has LevelScriptBlueprint '/Game/Niveles/RedLevel.RedLevel:PersistentLevel.RedLevel' with GeneratedClass '/Game/Niveles/RedLevel.RedLevel_C' with ClassGeneratedBy '/Game/Niveles/RedLevel.RedLevel:PersistentLevel.RedLevel'
[2018.03.29-15.07.17:976][119]LogPlayLevel: PlayLevel: No blueprints needed recompiling
[2018.03.29-15.07.17:976][119]PIE: New page: PIE session: ThirdPersonExampleMap (Mar 29, 2018, 7:07:17 PM)
[2018.03.29-15.07.17:976][119]LogPlayLevel: Creating play world package: /Game/ThirdPersonBP/Maps/UEDPIE_0_ThirdPersonExampleMap
[2018.03.29-15.07.17:999][119]LogPlayLevel: PIE: StaticDuplicateObject took: (0.022558s)
[2018.03.29-15.07.18:000][119]LogAIModule: Creating AISystem for world ThirdPersonExampleMap
[2018.03.29-15.07.18:000][119]LogPlayLevel: PIE: World Init took: (0.000885s)
[2018.03.29-15.07.18:000][119]LogPlayLevel: PIE: Created PIE world by copying editor world from /Game/ThirdPersonBP/Maps/ThirdPersonExampleMap.ThirdPersonExampleMap to /Game/ThirdPersonBP/Maps/UEDPIE_0_ThirdPersonExampleMap.ThirdPersonExampleMap (0.023745s)
[2018.03.29-15.07.18:040][119]LogInit: XAudio2 using 'Speakers (Realtek High Definition Audio)' : 2 channels at 48 kHz using 32 bits per sample (channel mask 0x3)
[2018.03.29-15.07.18:045][119]LogInit: FAudioDevice initialized.
[2018.03.29-15.07.18:087][119]LogLoad: Game class is 'ThirdPersonGameMode_C'
[2018.03.29-15.07.18:093][119]LogWorld: Bringing World /Game/ThirdPersonBP/Maps/UEDPIE_0_ThirdPersonExampleMap.ThirdPersonExampleMap up for play (max tick rate 0) at 2018.03.29-17.07.18
[2018.03.29-15.07.18:094][119]LogWorld: Bringing up level for play took: 0.002808
[2018.03.29-15.07.18:118][119]LogContentBrowser: Native class hierarchy updated for 'MovieSceneCapture' in 0.0005 seconds. Added 11 classes and 0 folders.
[2018.03.29-15.07.18:119][119]LogLevel: ActivateLevel /Game/Niveles/UEDPIE_0_BlueLevel 0 0 0
[2018.03.29-15.07.18:119][119]PIE: Info Play in editor start time for /Game/ThirdPersonBP/Maps/UEDPIE_0_ThirdPersonExampleMap 0.125
[2018.03.29-15.07.18:119][119]LogBlueprintUserMessages: Late PlayInEditor Detection: Level '/Game/ThirdPersonBP/Maps/ThirdPersonExampleMap.ThirdPersonExampleMap:PersistentLevel' has LevelScriptBlueprint '/Game/ThirdPersonBP/Maps/ThirdPersonExampleMap.ThirdPersonExampleMap:PersistentLevel.ThirdPersonExampleMap' with GeneratedClass '/Game/ThirdPersonBP/Maps/ThirdPersonExampleMap.ThirdPersonExampleMap_C' with ClassGeneratedBy '/Game/ThirdPersonBP/Maps/ThirdPersonExampleMap.ThirdPersonExampleMap:PersistentLevel.ThirdPersonExampleMap'
[2018.03.29-15.07.18:119][119]LogBlueprintUserMessages: Late PlayInEditor Detection: Level '/Game/Niveles/BlueLevel.BlueLevel:PersistentLevel' has LevelScriptBlueprint '/Game/Niveles/BlueLevel.BlueLevel:PersistentLevel.BlueLevel' with GeneratedClass '/Game/Niveles/BlueLevel.BlueLevel_C' with ClassGeneratedBy '/Game/Niveles/BlueLevel.BlueLevel:PersistentLevel.BlueLevel'
[2018.03.29-15.07.18:119][119]LogBlueprintUserMessages: Late PlayInEditor Detection: Level '/Game/Niveles/RedLevel.RedLevel:PersistentLevel' has LevelScriptBlueprint '/Game/Niveles/RedLevel.RedLevel:PersistentLevel.RedLevel' with GeneratedClass '/Game/Niveles/RedLevel.RedLevel_C' with ClassGeneratedBy '/Game/Niveles/RedLevel.RedLevel:PersistentLevel.RedLevel'
[2018.03.29-15.07.18:121][119]LogLevel: ActivateLevel /Game/Niveles/UEDPIE_0_RedLevel 0 0 0
[2018.03.29-15.07.18:141][120]LogLevel: ActivateLevel /Game/Niveles/UEDPIE_0_LevelTuto 0 0 0
[2018.03.29-15.07.19:469][278]LogLevel: ActivateLevel /Game/Niveles/UEDPIE_0_RedLevel 1 1 0
[2018.03.29-15.07.19:481][278]LogBlueprintUserMessages: [RedLevel_C_0] 0: 0.0
[2018.03.29-15.07.19:481][278]LogBlueprintUserMessages: [RedLevel_C_0] 0: 3130.063965
[2018.03.29-15.07.19:481][278]LogBlueprintUserMessages: [RedLevel_C_0] 0: 5530.0
[2018.03.29-15.07.19:481][278]LogBlueprintUserMessages: [RedLevel_C_0] 0: 5918.868164
[2018.03.29-15.07.19:481][278]LogBlueprintUserMessages: [RedLevel_C_0] 0: 9273.240234
[2018.03.29-15.07.19:481][278]LogBlueprintUserMessages: [RedLevel_C_0] 0: 9030.137695
[2018.03.29-15.07.19:481][278]LogBlueprintUserMessages: [RedLevel_C_0] 0: 13742.943359
[2018.03.29-15.07.19:481][278]LogBlueprintUserMessages: [RedLevel_C_0] 0: 16090.161133
[2018.03.29-15.07.19:481][278]LogBlueprintUserMessages: [RedLevel_C_0] 0: 7877.372559
[2018.03.29-15.07.19:481][278]LogBlueprintUserMessages: [RedLevel_C_0] 0: 10469.62207
[2018.03.29-15.07.19:481][278]LogBlueprintUserMessages: [RedLevel_C_0] 1: 3130.063965
[2018.03.29-15.07.19:481][278]LogBlueprintUserMessages: [RedLevel_C_0] 1: 0.0
[2018.03.29-15.07.19:481][278]LogBlueprintUserMessages: [RedLevel_C_0] 1: 2400.083252
[2018.03.29-15.07.19:481][278]LogBlueprintUserMessages: [RedLevel_C_0] 1: 3182.467529
[2018.03.29-15.07.19:481][278]LogBlueprintUserMessages: [RedLevel_C_0] 1: 6259.241211
[2018.03.29-15.07.19:481][278]LogBlueprintUserMessages: [RedLevel_C_0] 1: 5900.415039
[2018.03.29-15.07.19:481][278]LogBlueprintUserMessages: [RedLevel_C_0] 1: 10656.950195
[2018.03.29-15.07.19:481][278]LogBlueprintUserMessages: [RedLevel_C_0] 1: 13540.110352
[2018.03.29-15.07.19:481][278]LogBlueprintUserMessages: [RedLevel_C_0] 1: 6083.428223
[2018.03.29-15.07.19:481][278]LogBlueprintUserMessages: [RedLevel_C_0] 1: 9188.955078
[2018.03.29-15.07.19:481][278]LogBlueprintUserMessages: [RedLevel_C_0] 2: 5530.0
[2018.03.29-15.07.19:481][278]LogBlueprintUserMessages: [RedLevel_C_0] 2: 2400.083252
[2018.03.29-15.07.19:481][278]LogBlueprintUserMessages: [RedLevel_C_0] 2: 0.0
[2018.03.29-15.07.19:481][278]LogBlueprintUserMessages: [RedLevel_C_0] 2: 2110.0
[2018.03.29-15.07.19:481][278]LogBlueprintUserMessages: [RedLevel_C_0] 2: 4086.820313
[2018.03.29-15.07.19:481][278]LogBlueprintUserMessages: [RedLevel_C_0] 2: 3500.357178
[2018.03.29-15.07.19:481][278]LogBlueprintUserMessages: [RedLevel_C_0] 2: 8321.93457
[2018.03.29-15.07.19:481][278]LogBlueprintUserMessages: [RedLevel_C_0] 2: 11801.668945
[2018.03.29-15.07.19:481][278]LogBlueprintUserMessages: [RedLevel_C_0] 2: 5610.0
[2018.03.29-15.07.19:481][278]LogBlueprintUserMessages: [RedLevel_C_0] 2: 8890.0
[2018.03.29-15.07.19:481][278]LogBlueprintUserMessages: [RedLevel_C_0] 3: 5918.868164
[2018.03.29-15.07.19:481][278]LogBlueprintUserMessages: [RedLevel_C_0] 3: 3182.467529
[2018.03.29-15.07.19:481][278]LogBlueprintUserMessages: [RedLevel_C_0] 3: 2110.0
[2018.03.29-15.07.19:481][278]LogBlueprintUserMessages: [RedLevel_C_0] 3: 0.0
[2018.03.29-15.07.19:481][278]LogBlueprintUserMessages: [RedLevel_C_0] 3: 3500.0
[2018.03.29-15.07.19:481][278]LogBlueprintUserMessages: [RedLevel_C_0] 3: 4112.85791
[2018.03.29-15.07.19:481][278]LogBlueprintUserMessages: [RedLevel_C_0] 3: 8050.0
[2018.03.29-15.07.19:481][278]LogBlueprintUserMessages: [RedLevel_C_0] 3: 10359.193359
[2018.03.29-15.07.19:481][278]LogBlueprintUserMessages: [RedLevel_C_0] 3: 3500.0
[2018.03.29-15.07.19:481][278]LogBlueprintUserMessages: [RedLevel_C_0] 3: 6780.0
[2018.03.29-15.07.19:482][278]LogBlueprintUserMessages: [RedLevel_C_0] 4: 9273.240234
[2018.03.29-15.07.19:482][278]LogBlueprintUserMessages: [RedLevel_C_0] 4: 6259.241211
[2018.03.29-15.07.19:482][278]LogBlueprintUserMessages: [RedLevel_C_0] 4: 4086.820313
[2018.03.29-15.07.19:482][278]LogBlueprintUserMessages: [RedLevel_C_0] 4: 3500.0
[2018.03.29-15.07.19:482][278]LogBlueprintUserMessages: [RedLevel_C_0] 4: 0.0
[2018.03.29-15.07.19:482][278]LogBlueprintUserMessages: [RedLevel_C_0] 4: 2160.0
[2018.03.29-15.07.19:482][278]LogBlueprintUserMessages: [RedLevel_C_0] 4: 4550.0
[2018.03.29-15.07.19:482][278]LogBlueprintUserMessages: [RedLevel_C_0] 4: 7950.654297
[2018.03.29-15.07.19:482][278]LogBlueprintUserMessages: [RedLevel_C_0] 4: 4949.747559
[2018.03.29-15.07.19:482][278]LogBlueprintUserMessages: [RedLevel_C_0] 4: 7630.098145
[2018.03.29-15.07.19:482][278]LogBlueprintUserMessages: [RedLevel_C_0] 5: 9030.137695
[2018.03.29-15.07.19:482][278]LogBlueprintUserMessages: [RedLevel_C_0] 5: 5900.415039
[2018.03.29-15.07.19:482][278]LogBlueprintUserMessages: [RedLevel_C_0] 5: 3500.357178
[2018.03.29-15.07.19:482][278]LogBlueprintUserMessages: [RedLevel_C_0] 5: 4112.85791
[2018.03.29-15.07.19:482][278]LogBlueprintUserMessages: [RedLevel_C_0] 5: 2160.0
[2018.03.29-15.07.19:482][278]LogBlueprintUserMessages: [RedLevel_C_0] 5: 0.0
[2018.03.29-15.07.19:482][278]LogBlueprintUserMessages: [RedLevel_C_0] 5: 5036.675293
[2018.03.29-15.07.19:482][278]LogBlueprintUserMessages: [RedLevel_C_0] 5: 9800.25
[2018.03.29-15.07.19:482][278]LogBlueprintUserMessages: [RedLevel_C_0] 5: 6654.742676
[2018.03.29-15.07.19:482][278]LogBlueprintUserMessages: [RedLevel_C_0] 5: 9600.708008
[2018.03.29-15.07.19:482][278]LogBlueprintUserMessages: [RedLevel_C_0] 6: 13742.943359
[2018.03.29-15.07.19:482][278]LogBlueprintUserMessages: [RedLevel_C_0] 6: 10656.950195
[2018.03.29-15.07.19:482][278]LogBlueprintUserMessages: [RedLevel_C_0] 6: 8321.93457
[2018.03.29-15.07.19:482][278]LogBlueprintUserMessages: [RedLevel_C_0] 6: 8050.0
[2018.03.29-15.07.19:482][278]LogBlueprintUserMessages: [RedLevel_C_0] 6: 4550.0
[2018.03.29-15.07.19:482][278]LogBlueprintUserMessages: [RedLevel_C_0] 6: 5036.675293
[2018.03.29-15.07.19:482][278]LogBlueprintUserMessages: [RedLevel_C_0] 6: 0.0
[2018.03.29-15.07.19:482][278]LogBlueprintUserMessages: [RedLevel_C_0] 6: 6520.0
[2018.03.29-15.07.19:482][278]LogBlueprintUserMessages: [RedLevel_C_0] 6: 8777.955078
[2018.03.29-15.07.19:482][278]LogBlueprintUserMessages: [RedLevel_C_0] 6: 10524.775391
[2018.03.29-15.07.19:482][278]LogBlueprintUserMessages: [RedLevel_C_0] 7: 16090.161133
[2018.03.29-15.07.19:482][278]LogBlueprintUserMessages: [RedLevel_C_0] 7: 13540.110352
[2018.03.29-15.07.19:482][278]LogBlueprintUserMessages: [RedLevel_C_0] 7: 11801.668945
[2018.03.29-15.07.19:482][278]LogBlueprintUserMessages: [RedLevel_C_0] 7: 10359.193359
[2018.03.29-15.07.19:482][278]LogBlueprintUserMessages: [RedLevel_C_0] 7: 7950.654297
[2018.03.29-15.07.19:482][278]LogBlueprintUserMessages: [RedLevel_C_0] 7: 9800.25
[2018.03.29-15.07.19:482][278]LogBlueprintUserMessages: [RedLevel_C_0] 7: 6520.0
[2018.03.29-15.07.19:482][278]LogBlueprintUserMessages: [RedLevel_C_0] 7: 0.0
[2018.03.29-15.07.19:482][278]LogBlueprintUserMessages: [RedLevel_C_0] 7: 8597.842773
[2018.03.29-15.07.19:482][278]LogBlueprintUserMessages: [RedLevel_C_0] 7: 8054.197754
[2018.03.29-15.07.19:482][278]LogBlueprintUserMessages: [RedLevel_C_0] 8: 7877.372559
[2018.03.29-15.07.19:482][278]LogBlueprintUserMessages: [RedLevel_C_0] 8: 6083.428223
[2018.03.29-15.07.19:482][278]LogBlueprintUserMessages: [RedLevel_C_0] 8: 5610.0
[2018.03.29-15.07.19:482][278]LogBlueprintUserMessages: [RedLevel_C_0] 8: 3500.0
[2018.03.29-15.07.19:482][278]LogBlueprintUserMessages: [RedLevel_C_0] 8: 4949.747559
[2018.03.29-15.07.19:482][278]LogBlueprintUserMessages: [RedLevel_C_0] 8: 6654.742676
[2018.03.29-15.07.19:482][278]LogBlueprintUserMessages: [RedLevel_C_0] 8: 8777.955078
[2018.03.29-15.07.19:482][278]LogBlueprintUserMessages: [RedLevel_C_0] 8: 8597.842773
[2018.03.29-15.07.19:482][278]LogBlueprintUserMessages: [RedLevel_C_0] 8: 0.0
[2018.03.29-15.07.19:482][278]LogBlueprintUserMessages: [RedLevel_C_0] 8: 3280.0
[2018.03.29-15.07.19:482][278]LogBlueprintUserMessages: [RedLevel_C_0] 9: 10469.62207
[2018.03.29-15.07.19:482][278]LogBlueprintUserMessages: [RedLevel_C_0] 9: 9188.955078
[2018.03.29-15.07.19:482][278]LogBlueprintUserMessages: [RedLevel_C_0] 9: 8890.0
[2018.03.29-15.07.19:482][278]LogBlueprintUserMessages: [RedLevel_C_0] 9: 6780.0
[2018.03.29-15.07.19:482][278]LogBlueprintUserMessages: [RedLevel_C_0] 9: 7630.098145
[2018.03.29-15.07.19:482][278]LogBlueprintUserMessages: [RedLevel_C_0] 9: 9600.708008
[2018.03.29-15.07.19:482][278]LogBlueprintUserMessages: [RedLevel_C_0] 9: 10524.775391
[2018.03.29-15.07.19:482][278]LogBlueprintUserMessages: [RedLevel_C_0] 9: 8054.197754
[2018.03.29-15.07.19:482][278]LogBlueprintUserMessages: [RedLevel_C_0] 9: 3280.0
[2018.03.29-15.07.19:482][278]LogBlueprintUserMessages: [RedLevel_C_0] 9: 0.0
[2018.03.29-15.07.19:503][280]LogLevel: ActivateLevel /Game/Niveles/UEDPIE_0_BlueLevel 0 0 0
[2018.03.29-15.07.32:255][331]Set new viewmode: Wireframe
[2018.03.29-15.07.33:421][418]Set new viewmode: Wireframe
[2018.03.29-15.07.34:096][469]Set new viewmode: Wireframe
[2018.03.29-15.07.34:526][502]Set new viewmode: Unlit
[2018.03.29-15.07.34:813][524]Set new viewmode: Lit
[2018.03.29-15.07.43:225][123]LogUObjectBase:Warning: Object is not registered
[2018.03.29-15.07.46:423][123]LogStats: FPlatformStackWalk::StackWalkAndDump -  3.197 s
[2018.03.29-15.07.46:423][123]LogOutputDevice:Error: === Handled ensure: ===
[2018.03.29-15.07.46:423][123]LogOutputDevice:Error: 
[2018.03.29-15.07.46:423][123]LogOutputDevice:Error: Ensure condition failed: false [File:D:\Build\++UE4+Release-4.16+Compile\Sync\Engine\Source\Editor\UnrealEd\Private\Kismet2\KismetDebugUtilities.cpp] [Line: 1037]
[2018.03.29-15.07.46:423][123]LogOutputDevice:Error: Error: Invalid (but non-null) property associated with pin; cannot get variable value
[2018.03.29-15.07.46:423][123]LogOutputDevice:Error: Stack: 
[2018.03.29-15.07.46:423][123]LogOutputDevice:Error: UE4Editor-Core.dll!FWindowsPlatformStackWalk::StackWalkAndDump() [d:\build\++ue4+release-4.16+compile\sync\engine\source\runtime\core\private\windows\windowsplatformstackwalk.cpp:200]
[2018.03.29-15.07.46:423][123]LogOutputDevice:Error: UE4Editor-Core.dll!FDebug::EnsureFailed() [d:\build\++ue4+release-4.16+compile\sync\engine\source\runtime\core\private\misc\assertionmacros.cpp:233]
[2018.03.29-15.07.46:423][123]LogOutputDevice:Error: UE4Editor-Core.dll!FDebug::OptionallyLogFormattedEnsureMessageReturningFalse() [d:\build\++ue4+release-4.16+compile\sync\engine\source\runtime\core\private\misc\assertionmacros.cpp:360]
[2018.03.29-15.07.46:423][123]LogOutputDevice:Error: UE4Editor-UnrealEd.dll!FKismetDebugUtilities::GetWatchText() [d:\build\++ue4+release-4.16+compile\sync\engine\source\editor\unrealed\private\kismet2\kismetdebugutilities.cpp:1037]
[2018.03.29-15.07.46:423][123]LogOutputDevice:Error: UE4Editor-BlueprintGraph.dll!UK2Node::GetPinHoverText() [d:\build\++ue4+release-4.16+compile\sync\engine\source\editor\blueprintgraph\private\k2node.cpp:1251]
[2018.03.29-15.07.46:423][123]LogOutputDevice:Error: UE4Editor-GraphEditor.dll!SGraphPin::GetTooltipText() [d:\build\++ue4+release-4.16+compile\sync\engine\source\editor\grapheditor\private\sgraphpin.cpp:1085]
[2018.03.29-15.07.46:423][123]LogOutputDevice:Error: UE4Editor-GraphEditor.dll!TMemberFunctionCaller<SGraphPin,FText (__cdecl SGraphPin::*)(void)const __ptr64>::operator()<>() [d:\build\++ue4+release-4.16+compile\sync\engine\source\runtime\core\public\delegates\delegateinstanceinterface.h:165]
[2018.03.29-15.07.46:423][123]LogOutputDevice:Error: UE4Editor-GraphEditor.dll!UE4Tuple_Private::TTupleImpl<TIntegerSequence<unsigned int> >::ApplyAfter<TMemberFunctionCaller<SGraphPin,FText (__cdecl SGraphPin::*)(void)const __ptr64> >() [d:\build\++ue4+release-4.16+compile\sync\engine\source\runtime\core\public\templates\tuple.h:497]
[2018.03.29-15.07.46:423][123]LogOutputDevice:Error: UE4Editor-GraphEditor.dll!TBaseSPMethodDelegateInstance<1,SGraphPin,0,FText __cdecl(void)>::Execute() [d:\build\++ue4+release-4.16+compile\sync\engine\source\runtime\core\public\delegates\delegateinstancesimpl.h:327]
[2018.03.29-15.07.46:423][123]LogOutputDevice:Error: UE4Editor-Slate.dll!TBaseDelegate<FText>::Execute() [d:\build\++ue4+release-4.16+compile\sync\engine\source\runtime\core\public\delegates\delegatesignatureimpl.inl:537]
[2018.03.29-15.07.46:423][123]LogOutputDevice:Error: UE4Editor-Slate.dll!TAttribute<FText>::Get() [d:\build\++ue4+release-4.16+compile\sync\engine\source\runtime\core\public\misc\attribute.h:137]
[2018.03.29-15.07.46:423][123]LogOutputDevice:Error: UE4Editor-Slate.dll!SToolTip::IsEmpty() [d:\build\++ue4+release-4.16+compile\sync\engine\source\runtime\slate\private\widgets\stooltip.cpp:87]
[2018.03.29-15.07.46:423][123]LogOutputDevice:Error: UE4Editor-Slate.dll!FSlateApplication::UpdateToolTip() [d:\build\++ue4+release-4.16+compile\sync\engine\source\runtime\slate\private\framework\application\slateapplication.cpp:3444]
[2018.03.29-15.07.46:423][123]LogOutputDevice:Error: UE4Editor-Slate.dll!FSlateApplication::ProcessMouseMoveEvent() [d:\build\++ue4+release-4.16+compile\sync\engine\source\runtime\slate\private\framework\application\slateapplication.cpp:5697]
[2018.03.29-15.07.46:423][123]LogOutputDevice:Error: UE4Editor-Slate.dll!FSlateApplication::OnMouseMove() [d:\build\++ue4+release-4.16+compile\sync\engine\source\runtime\slate\private\framework\application\slateapplication.cpp:5647]
[2018.03.29-15.07.46:423][123]LogOutputDevice:Error: UE4Editor-Core.dll!FWindowsApplication::ProcessDeferredMessage() [d:\build\++ue4+release-4.16+compile\sync\engine\source\runtime\core\private\windows\windowsapplication.cpp:1742]
[2018.03.29-15.07.46:423][123]LogOutputDevice:Error: UE4Editor-Core.dll!FWindowsApplication::DeferMessage() [d:\build\++ue4+release-4.16+compile\sync\engine\source\runtime\core\private\windows\windowsapplication.cpp:2127]
[2018.03.29-15.07.46:423][123]LogOutputDevice:Error: UE4Editor-Core.dll!FWindowsApplication::ProcessMessage() [d:\build\++ue4+release-4.16+compile\sync\engine\source\runtime\core\private\windows\windowsapplication.cpp:867]
[2018.03.29-15.07.46:423][123]LogOutputDevice:Error: UE4Editor-Core.dll!FWindowsApplication::AppWndProc() [d:\build\++ue4+release-4.16+compile\sync\engine\source\runtime\core\private\windows\windowsapplication.cpp:714]
[2018.03.29-15.07.46:423][123]LogOutputDevice:Error: USER32.dll!0x000000002AB724FD
[2018.03.29-15.07.46:423][123]LogOutputDevice:Error: USER32.dll!0x000000002AB72357
[2018.03.29-15.07.46:423][123]LogOutputDevice:Error: UE4Editor-Core.dll!FWindowsPlatformMisc::PumpMessages() [d:\build\++ue4+release-4.16+compile\sync\engine\source\runtime\core\private\windows\windowsplatformmisc.cpp:1009]
[2018.03.29-15.07.46:423][123]LogOutputDevice:Error: UE4Editor.exe!FEngineLoop::Tick() [d:\build\++ue4+release-4.16+compile\sync\engine\source\runtime\launch\private\launchengineloop.cpp:3058]
[2018.03.29-15.07.46:423][123]LogOutputDevice:Error: UE4Editor.exe!GuardedMain() [d:\build\++ue4+release-4.16+compile\sync\engine\source\runtime\launch\private\launch.cpp:166]
[2018.03.29-15.07.46:423][123]LogOutputDevice:Error: UE4Editor.exe!GuardedMainWrapper() [d:\build\++ue4+release-4.16+compile\sync\engine\source\runtime\launch\private\windows\launchwindows.cpp:134]
[2018.03.29-15.07.46:423][123]LogOutputDevice:Error: UE4Editor.exe!WinMain() [d:\build\++ue4+release-4.16+compile\sync\engine\source\runtime\launch\private\windows\launchwindows.cpp:210]
[2018.03.29-15.07.46:423][123]LogOutputDevice:Error: UE4Editor.exe!__scrt_common_main_seh() [f:\dd\vctools\crt\vcstartup\src\startup\exe_common.inl:253]
[2018.03.29-15.07.46:423][123]LogOutputDevice:Error: KERNEL32.DLL!0x000000002B3B13D2
[2018.03.29-15.07.46:423][123]LogOutputDevice:Error: ntdll.dll!0x000000002B6454F4
[2018.03.29-15.07.46:423][123]LogOutputDevice:Error: 
[2018.03.29-15.07.46:424][123]LogStats:                SubmitErrorReport -  0.000 s
[2018.03.29-15.07.46:610][123]LogStats:                    SendNewReport -  0.186 s
[2018.03.29-15.07.46:610][123]LogStats:             FDebug::EnsureFailed -  3.385 s
[2018.03.29-15.07.46:610][123]LogUObjectBase:Warning: Object is not registered
[2018.03.29-15.07.58:475][ 55]LogUObjectBase:Warning: Object is not registered
[2018.03.29-15.07.58:475][ 55]LogUObjectBase:Warning: Object is not registered
[2018.03.29-15.07.58:478][ 55]LogUObjectBase:Warning: Object is not registered
[2018.03.29-15.07.58:481][ 55]LogUObjectBase:Warning: Object is not registered
[2018.03.29-15.07.58:492][ 56]LogUObjectBase:Warning: Object is not registered
[2018.03.29-15.07.58:496][ 56]LogUObjectBase:Warning: Object is not registered
[2018.03.29-15.07.58:506][ 57]LogUObjectBase:Warning: Object is not registered
[2018.03.29-15.07.58:509][ 57]LogUObjectBase:Warning: Object is not registered
[2018.03.29-15.07.58:520][ 58]LogUObjectBase:Warning: Object is not registered
[2018.03.29-15.07.58:523][ 58]LogUObjectBase:Warning: Object is not registered
[2018.03.29-15.07.58:534][ 59]LogUObjectBase:Warning: Object is not registered
[2018.03.29-15.07.58:537][ 59]LogUObjectBase:Warning: Object is not registered
[2018.03.29-15.07.58:562][ 61]LogUObjectBase:Warning: Object is not registered
[2018.03.29-15.07.58:562][ 61]LogUObjectBase:Warning: Object is not registered
[2018.03.29-15.07.58:565][ 61]LogUObjectBase:Warning: Object is not registered
[2018.03.29-15.07.58:568][ 61]LogUObjectBase:Warning: Object is not registered
[2018.03.29-15.07.58:577][ 62]LogUObjectBase:Warning: Object is not registered
[2018.03.29-15.07.58:578][ 62]LogUObjectBase:Warning: Object is not registered
[2018.03.29-15.07.58:580][ 62]LogUObjectBase:Warning: Object is not registered
[2018.03.29-15.07.58:583][ 62]LogUObjectBase:Warning: Object is not registered
[2018.03.29-15.07.58:592][ 63]LogUObjectBase:Warning: Object is not registered
[2018.03.29-15.07.58:595][ 63]LogUObjectBase:Warning: Object is not registered
[2018.03.29-15.07.58:598][ 63]LogUObjectBase:Warning: Object is not registered
[2018.03.29-15.08.10:376][912]LogBlueprintUserMessages: [BTService_CalcularDireccionMovimiento_C_1] INDEX: 1 VALORS: 55
[2018.03.29-15.08.11:316][979]LogBlueprintUserMessages: [BlueBoosDummy13_140] Hello
[2018.03.29-15.08.11:316][979]LogBlueprintUserMessages: [BlueBoosDummy13_140] 2
[2018.03.29-15.08.12:589][ 70]LogBlueprintUserMessages: [BTService_CalcularDireccionMovimiento_C_1] INDEX: 1 VALORS: 55
[2018.03.29-15.08.13:022][102]LogBlueprintUserMessages: [BTService_CalcularDireccionMovimiento_C_1] INDEX: 1 VALORS: 55
[2018.03.29-15.08.13:554][140]LogBlueprintUserMessages: [BTService_CalcularDireccionMovimiento_C_1] INDEX: 1 VALORS: 53
[2018.03.29-15.08.14:152][182]LogBlueprintUserMessages: [BTService_CalcularDireccionMovimiento_C_1] INDEX: 1 VALORS: 55
[2018.03.29-15.08.14:747][224]LogBlueprintUserMessages: [BTService_CalcularDireccionMovimiento_C_1] INDEX: 1 VALORS: 55
[2018.03.29-15.08.15:302][263]LogBlueprintUserMessages: [BTService_CalcularDireccionMovimiento_C_1] INDEX: 1 VALORS: 52
[2018.03.29-15.08.15:719][293]LogBlueprintUserMessages: [BTService_CalcularDireccionMovimiento_C_1] INDEX: 1 VALORS: 52
[2018.03.29-15.08.16:143][323]LogBlueprintUserMessages: [BlueBoosDummy13_140] PARO!
[2018.03.29-15.08.16:523][350]LogBlueprintUserMessages: [BTService_CalcularDireccionMovimiento_C_1] INDEX: 1 VALORS: 54
[2018.03.29-15.08.17:730][436]LogBlueprintUserMessages: [BTService_CalcularDireccionMovimiento_C_1] INDEX: 1 VALORS: 52
[2018.03.29-15.08.18:133][465]LogBlueprintUserMessages: [BlueBoosDummy13_140] Hello
[2018.03.29-15.08.18:133][465]LogBlueprintUserMessages: [BlueBoosDummy13_140] 4
[2018.03.29-15.08.18:133][465]LogBlueprintUserMessages: [BlueBoosDummy13_140] Hello
[2018.03.29-15.08.18:133][465]LogBlueprintUserMessages: [BlueBoosDummy13_140] 4
[2018.03.29-15.08.18:133][465]LogBlueprintUserMessages: [BlueBoosDummy13_140] Hello
[2018.03.29-15.08.18:133][465]LogBlueprintUserMessages: [BlueBoosDummy13_140] 3
[2018.03.29-15.08.18:133][465]LogBlueprintUserMessages: [BlueBoosDummy13_140] Hello
[2018.03.29-15.08.18:133][465]LogBlueprintUserMessages: [BlueBoosDummy13_140] 0
[2018.03.29-15.08.19:685][577]LogBlueprintUserMessages: [BTService_CalcularDireccionMovimiento_C_1] INDEX: 1 VALORS: 52
[2018.03.29-15.08.20:284][620]LogBlueprintUserMessages: [BTService_CalcularDireccionMovimiento_C_1] INDEX: 1 VALORS: 55
[2018.03.29-15.08.20:793][657]LogBlueprintUserMessages: [BTService_CalcularDireccionMovimiento_C_1] INDEX: 1 VALORS: 54
[2018.03.29-15.08.21:373][698]LogBlueprintUserMessages: [BTService_CalcularDireccionMovimiento_C_1] INDEX: 1 VALORS: 55
[2018.03.29-15.08.21:840][731]LogBlueprintUserMessages: [BTService_CalcularDireccionMovimiento_C_1] INDEX: 1 VALORS: 52
[2018.03.29-15.08.22:414][772]LogBlueprintUserMessages: [BTService_CalcularDireccionMovimiento_C_1] INDEX: 1 VALORS: 52
[2018.03.29-15.08.23:028][816]LogBlueprintUserMessages: [BTService_CalcularDireccionMovimiento_C_1] INDEX: 1 VALORS: 55
[2018.03.29-15.08.24:480][920]LogBlueprintUserMessages: [BTService_CalcularDireccionMovimiento_C_1] INDEX: 1 VALORS: 52
[2018.03.29-15.08.25:570][998]LogBlueprintUserMessages: [BTService_CalcularDireccionMovimiento_C_1] INDEX: 1 VALORS: 53
[2018.03.29-15.08.26:606][ 72]LogBlueprintUserMessages: [BTService_CalcularDireccionMovimiento_C_1] INDEX: 1 VALORS: 55
[2018.03.29-15.08.27:268][119]LogBlueprintUserMessages: [BlueBoosDummy13_140] Hello
[2018.03.29-15.08.27:268][119]LogBlueprintUserMessages: [BlueBoosDummy13_140] 1
[2018.03.29-15.08.29:433][275]LogBlueprintUserMessages: [BlueBoosDummy13_140] PARO!
[2018.03.29-15.08.29:447][276]LogBlueprintUserMessages: [BlueBoosDummy13_140] Hello
[2018.03.29-15.08.29:447][276]LogBlueprintUserMessages: [BlueBoosDummy13_140] 2
[2018.03.29-15.08.30:100][323]LogBlueprintUserMessages: [BTService_CalcularDireccionMovimiento_C_1] INDEX: 1 VALORS: 52
[2018.03.29-15.08.30:653][362]LogBlueprintUserMessages: [BTService_CalcularDireccionMovimiento_C_1] INDEX: 1 VALORS: 53
[2018.03.29-15.08.31:115][394]LogBlueprintUserMessages: [BTService_CalcularDireccionMovimiento_C_1] INDEX: 1 VALORS: 54
[2018.03.29-15.08.31:678][434]LogBlueprintUserMessages: [BTService_CalcularDireccionMovimiento_C_1] INDEX: 1 VALORS: 52
[2018.03.29-15.08.32:269][475]LogBlueprintUserMessages: [BTService_CalcularDireccionMovimiento_C_1] INDEX: 1 VALORS: 55
[2018.03.29-15.08.34:016][606]LogBlueprintUserMessages: [BTService_CalcularDireccionMovimiento_C_1] INDEX: 1 VALORS: 54
[2018.03.29-15.08.34:569][644]LogBlueprintUserMessages: [BTService_CalcularDireccionMovimiento_C_1] INDEX: 1 VALORS: 53
[2018.03.29-15.08.35:034][675]LogBlueprintUserMessages: [BTService_CalcularDireccionMovimiento_C_1] INDEX: 1 VALORS: 55
[2018.03.29-15.08.36:006][747]LogBlueprintUserMessages: [BTService_CalcularDireccionMovimiento_C_1] INDEX: 1 VALORS: 54
[2018.03.29-15.08.36:917][811]LogBlueprintUserMessages: [BTService_CalcularDireccionMovimiento_C_1] INDEX: 1 VALORS: 55
[2018.03.29-15.08.37:405][843]LogBlueprintUserMessages: [BTService_CalcularDireccionMovimiento_C_1] INDEX: 1 VALORS: 55
[2018.03.29-15.08.37:858][874]LogBlueprintUserMessages: [BTService_CalcularDireccionMovimiento_C_1] INDEX: 1 VALORS: 55
[2018.03.29-15.08.38:747][942]LogBlueprintUserMessages: [BTService_CalcularDireccionMovimiento_C_1] INDEX: 1 VALORS: 54
[2018.03.29-15.08.40:076][ 38]LogBlueprintUserMessages: [BTService_CalcularDireccionMovimiento_C_1] INDEX: 1 VALORS: 52
[2018.03.29-15.08.40:974][ 99]LogBlueprintUserMessages: [BlueBoosDummy13_140] Hello
[2018.03.29-15.08.40:974][ 99]LogBlueprintUserMessages: [BlueBoosDummy13_140] 2
[2018.03.29-15.08.42:339][193]LogBlueprintUserMessages: [BTService_CalcularDireccionMovimiento_C_1] INDEX: 1 VALORS: 54
[2018.03.29-15.08.42:918][232]LogBlueprintUserMessages: [BTService_CalcularDireccionMovimiento_C_1] INDEX: 1 VALORS: 53
[2018.03.29-15.08.43:373][263]LogBlueprintUserMessages: [BTService_CalcularDireccionMovimiento_C_1] INDEX: 1 VALORS: 53
[2018.03.29-15.08.43:979][305]LogBlueprintUserMessages: [BTService_CalcularDireccionMovimiento_C_1] INDEX: 1 VALORS: 53
[2018.03.29-15.08.44:537][345]LogBlueprintUserMessages: [BTService_CalcularDireccionMovimiento_C_1] INDEX: 1 VALORS: 55
[2018.03.29-15.08.44:937][374]LogBlueprintUserMessages: [BTService_CalcularDireccionMovimiento_C_1] INDEX: 1 VALORS: 53
[2018.03.29-15.08.45:441][409]LogBlueprintUserMessages: [BTService_CalcularDireccionMovimiento_C_1] INDEX: 1 VALORS: 53
[2018.03.29-15.08.46:043][451]LogBlueprintUserMessages: [BTService_CalcularDireccionMovimiento_C_1] INDEX: 1 VALORS: 54
[2018.03.29-15.08.46:617][491]LogBlueprintUserMessages: [BTService_CalcularDireccionMovimiento_C_1] INDEX: 1 VALORS: 54
[2018.03.29-15.08.47:120][526]LogBlueprintUserMessages: [BTService_CalcularDireccionMovimiento_C_1] INDEX: 1 VALORS: 55
[2018.03.29-15.08.47:591][559]LogBlueprintUserMessages: [BTService_CalcularDireccionMovimiento_C_1] INDEX: 1 VALORS: 52
[2018.03.29-15.08.48:353][612]LogBlueprintUserMessages: [BTService_CalcularDireccionMovimiento_C_1] INDEX: 1 VALORS: 53
[2018.03.29-15.08.48:916][651]LogBlueprintUserMessages: [BlueBoosDummy13_140] Hello
[2018.03.29-15.08.48:916][651]LogBlueprintUserMessages: [BlueBoosDummy13_140] 4
[2018.03.29-15.08.48:916][651]LogBlueprintUserMessages: [BlueBoosDummy13_140] Hello
[2018.03.29-15.08.48:916][651]LogBlueprintUserMessages: [BlueBoosDummy13_140] 1
[2018.03.29-15.08.49:749][709]LogBlueprintUserMessages: [BTService_CalcularDireccionMovimiento_C_1] INDEX: 1 VALORS: 54
[2018.03.29-15.08.50:311][748]LogBlueprintUserMessages: [BTService_CalcularDireccionMovimiento_C_1] INDEX: 1 VALORS: 53
[2018.03.29-15.08.50:868][787]LogBlueprintUserMessages: [BTService_CalcularDireccionMovimiento_C_1] INDEX: 1 VALORS: 53
[2018.03.29-15.08.51:325][819]LogBlueprintUserMessages: [BTService_CalcularDireccionMovimiento_C_1] INDEX: 1 VALORS: 55
[2018.03.29-15.08.51:883][858]LogBlueprintUserMessages: [BTService_CalcularDireccionMovimiento_C_1] INDEX: 1 VALORS: 54
[2018.03.29-15.08.52:315][888]LogBlueprintUserMessages: [BTService_CalcularDireccionMovimiento_C_1] INDEX: 1 VALORS: 53
[2018.03.29-15.08.52:805][922]LogBlueprintUserMessages: [BTService_CalcularDireccionMovimiento_C_1] INDEX: 1 VALORS: 54
[2018.03.29-15.08.53:322][958]LogBlueprintUserMessages: [BTService_CalcularDireccionMovimiento_C_1] INDEX: 1 VALORS: 55
[2018.03.29-15.08.53:755][988]LogBlueprintUserMessages: [BTService_CalcularDireccionMovimiento_C_1] INDEX: 1 VALORS: 53
[2018.03.29-15.08.54:275][ 23]LogBlueprintUserMessages: [BTService_CalcularDireccionMovimiento_C_1] INDEX: 1 VALORS: 53
[2018.03.29-15.08.54:878][ 65]LogBlueprintUserMessages: [BTService_CalcularDireccionMovimiento_C_1] INDEX: 1 VALORS: 54
[2018.03.29-15.08.55:429][103]LogBlueprintUserMessages: [BTService_CalcularDireccionMovimiento_C_1] INDEX: 1 VALORS: 52
[2018.03.29-15.08.55:929][138]LogBlueprintUserMessages: [BTService_CalcularDireccionMovimiento_C_1] INDEX: 1 VALORS: 53
[2018.03.29-15.08.57:202][233]LogBlueprintUserMessages: [BlueBoosDummy13_140] Hello
[2018.03.29-15.08.57:202][233]LogBlueprintUserMessages: [BlueBoosDummy13_140] 2
[2018.03.29-15.08.57:753][273]LogBlueprintUserMessages: [BTService_CalcularDireccionMovimiento_C_1] INDEX: 1 VALORS: 52
[2018.03.29-15.08.58:350][319]LogBlueprintUserMessages: [BTService_CalcularDireccionMovimiento_C_1] INDEX: 1 VALORS: 55
[2018.03.29-15.08.58:794][353]LogBlueprintUserMessages: [BTService_CalcularDireccionMovimiento_C_1] INDEX: 1 VALORS: 52
[2018.03.29-15.08.59:250][388]LogBlueprintUserMessages: [BTService_CalcularDireccionMovimiento_C_1] INDEX: 1 VALORS: 54
[2018.03.29-15.08.59:681][421]LogBlueprintUserMessages: [BTService_CalcularDireccionMovimiento_C_1] INDEX: 1 VALORS: 53
[2018.03.29-15.09.00:219][463]LogBlueprintUserMessages: [BTService_CalcularDireccionMovimiento_C_1] INDEX: 1 VALORS: 54
[2018.03.29-15.09.00:812][509]LogBlueprintUserMessages: [BTService_CalcularDireccionMovimiento_C_1] INDEX: 1 VALORS: 53
[2018.03.29-15.09.01:254][543]LogBlueprintUserMessages: [BTService_CalcularDireccionMovimiento_C_1] INDEX: 1 VALORS: 53
[2018.03.29-15.09.01:662][574]LogBlueprintUserMessages: [BTService_CalcularDireccionMovimiento_C_1] INDEX: 1 VALORS: 54
[2018.03.29-15.09.02:091][607]LogBlueprintUserMessages: [BTService_CalcularDireccionMovimiento_C_1] INDEX: 1 VALORS: 53
[2018.03.29-15.09.02:645][650]LogBlueprintUserMessages: [BTService_CalcularDireccionMovimiento_C_1] INDEX: 1 VALORS: 52
[2018.03.29-15.09.03:058][682]LogBlueprintUserMessages: [BTService_CalcularDireccionMovimiento_C_1] INDEX: 1 VALORS: 54
[2018.03.29-15.09.03:597][724]LogBlueprintUserMessages: [BTService_CalcularDireccionMovimiento_C_1] INDEX: 1 VALORS: 55
[2018.03.29-15.09.04:137][766]LogBlueprintUserMessages: [BTService_CalcularDireccionMovimiento_C_1] INDEX: 1 VALORS: 55
[2018.03.29-15.09.04:992][832]LogBlueprintUserMessages: [BTService_CalcularDireccionMovimiento_C_1] INDEX: 1 VALORS: 52
[2018.03.29-15.09.05:109][841]LogBlueprintUserMessages: [BlueBoosDummy13_140] Hello
[2018.03.29-15.09.05:109][841]LogBlueprintUserMessages: [BlueBoosDummy13_140] 4
[2018.03.29-15.09.05:109][841]LogBlueprintUserMessages: [BlueBoosDummy13_140] Hello
[2018.03.29-15.09.05:109][841]LogBlueprintUserMessages: [BlueBoosDummy13_140] 4
[2018.03.29-15.09.05:109][841]LogBlueprintUserMessages: [BlueBoosDummy13_140] Hello
[2018.03.29-15.09.05:109][841]LogBlueprintUserMessages: [BlueBoosDummy13_140] 1
[2018.03.29-15.09.07:295][980]LogBlueprintUserMessages: [BTService_CalcularDireccionMovimiento_C_1] INDEX: 1 VALORS: 53
[2018.03.29-15.09.07:717][ 12]LogBlueprintUserMessages: [BTService_CalcularDireccionMovimiento_C_1] INDEX: 1 VALORS: 55
[2018.03.29-15.09.08:199][ 48]LogBlueprintUserMessages: [BTService_CalcularDireccionMovimiento_C_1] INDEX: 1 VALORS: 53
[2018.03.29-15.09.08:574][ 76]LogBlueprintUserMessages: Early EndPlayMap Detection: Level '/Game/ThirdPersonBP/Maps/ThirdPersonExampleMap.ThirdPersonExampleMap:PersistentLevel' has LevelScriptBlueprint '/Game/ThirdPersonBP/Maps/ThirdPersonExampleMap.ThirdPersonExampleMap:PersistentLevel.ThirdPersonExampleMap' with GeneratedClass '/Game/ThirdPersonBP/Maps/ThirdPersonExampleMap.ThirdPersonExampleMap_C' with ClassGeneratedBy '/Game/ThirdPersonBP/Maps/ThirdPersonExampleMap.ThirdPersonExampleMap:PersistentLevel.ThirdPersonExampleMap'
[2018.03.29-15.09.08:574][ 76]LogBlueprintUserMessages: Early EndPlayMap Detection: Level '/Game/Niveles/BlueLevel.BlueLevel:PersistentLevel' has LevelScriptBlueprint '/Game/Niveles/BlueLevel.BlueLevel:PersistentLevel.BlueLevel' with GeneratedClass '/Game/Niveles/BlueLevel.BlueLevel_C' with ClassGeneratedBy '/Game/Niveles/BlueLevel.BlueLevel:PersistentLevel.BlueLevel'
[2018.03.29-15.09.08:574][ 76]LogBlueprintUserMessages: Early EndPlayMap Detection: Level '/Game/Niveles/RedLevel.RedLevel:PersistentLevel' has LevelScriptBlueprint '/Game/Niveles/RedLevel.RedLevel:PersistentLevel.RedLevel' with GeneratedClass '/Game/Niveles/RedLevel.RedLevel_C' with ClassGeneratedBy '/Game/Niveles/RedLevel.RedLevel:PersistentLevel.RedLevel'
[2018.03.29-15.09.08:610][ 76]LogBlueprintUserMessages: Late EndPlayMap Detection: Level '/Game/ThirdPersonBP/Maps/ThirdPersonExampleMap.ThirdPersonExampleMap:PersistentLevel' has LevelScriptBlueprint '/Game/ThirdPersonBP/Maps/ThirdPersonExampleMap.ThirdPersonExampleMap:PersistentLevel.ThirdPersonExampleMap' with GeneratedClass '/Game/ThirdPersonBP/Maps/ThirdPersonExampleMap.ThirdPersonExampleMap_C' with ClassGeneratedBy '/Game/ThirdPersonBP/Maps/ThirdPersonExampleMap.ThirdPersonExampleMap:PersistentLevel.ThirdPersonExampleMap'
[2018.03.29-15.09.08:610][ 76]LogBlueprintUserMessages: Late EndPlayMap Detection: Level '/Game/Niveles/BlueLevel.BlueLevel:PersistentLevel' has LevelScriptBlueprint '/Game/Niveles/BlueLevel.BlueLevel:PersistentLevel.BlueLevel' with GeneratedClass '/Game/Niveles/BlueLevel.BlueLevel_C' with ClassGeneratedBy '/Game/Niveles/BlueLevel.BlueLevel:PersistentLevel.BlueLevel'
[2018.03.29-15.09.08:610][ 76]LogBlueprintUserMessages: Late EndPlayMap Detection: Level '/Game/Niveles/RedLevel.RedLevel:PersistentLevel' has LevelScriptBlueprint '/Game/Niveles/RedLevel.RedLevel:PersistentLevel.RedLevel' with GeneratedClass '/Game/Niveles/RedLevel.RedLevel_C' with ClassGeneratedBy '/Game/Niveles/RedLevel.RedLevel:PersistentLevel.RedLevel'
[2018.03.29-15.09.12:432][245]LogSpawn:Warning: UWorld::DestroyActor: World has no context! World: BlueLevel, Actor: /Game/Niveles/BlueLevel.BlueLevel:PersistentLevel.BlueLevel_C_1
[2018.03.29-15.09.13:194][245]LogSavePackage: Save=780.37ms
[2018.03.29-15.09.13:194][245]LogSavePackage: Moving 'C:/Users/David/Documents/GitHub/FuturoImperfecto/PRUEBAS/MechHackAndSlash/Saved/BlueLevelB832BA9A45728F99D42841AA46933BF9.tmp' to 'C:/Users/David/Documents/GitHub/FuturoImperfecto/PRUEBAS/MechHackAndSlash/Content/Niveles/BlueLevel.umap'
[2018.03.29-15.09.13:199][245]LogSavePackage:Display: Finished SavePackage C:/Users/David/Documents/GitHub/FuturoImperfecto/PRUEBAS/MechHackAndSlash/Content/Niveles/BlueLevel.umap
[2018.03.29-15.09.13:200][245]LogFileHelpers: Saving map 'BlueLevel' took 0.907
[2018.03.29-15.09.13:495][245]LogWindowsTextInputMethodSystem:Display: IME system now deactivated.
[2018.03.29-15.09.13:679][246]Cmd: QUIT_EDITOR
[2018.03.29-15.09.14:313][246]LogExit: Preparing to exit.
[2018.03.29-15.09.14:895][246]LogExit: Editor shut down
[2018.03.29-15.09.14:898][246]LogExit: Transaction tracking system shut down
[2018.03.29-15.09.15:005][246]LogObj: Freed 0b from 0 cluster array pools.
[2018.03.29-15.09.15:005][246]LogExit: Object subsystem successfully closed.
[2018.03.29-15.09.15:025][246]LogD3D11RHI: Shutdown
[2018.03.29-15.09.15:025][246]LogD3D11RHI: CleanupD3DDevice
[2018.03.29-15.09.15:125][246]LogD3D11RHI: ~FD3D11DynamicRHI
[2018.03.29-15.09.15:132][246]LogModuleManager: Shutting down and abandoning module MovieSceneCapture (534)
[2018.03.29-15.09.15:132][246]LogModuleManager: Shutting down and abandoning module BlueprintGraph (532)
[2018.03.29-15.09.15:132][246]LogModuleManager: Shutting down and abandoning module BlueprintProfiler (530)
[2018.03.29-15.09.15:132][246]LogModuleManager: Shutting down and abandoning module HierarchicalLODOutliner (528)
[2018.03.29-15.09.15:132][246]LogModuleManager: Shutting down and abandoning module CrashTracker (526)
[2018.03.29-15.09.15:132][246]LogModuleManager: Shutting down and abandoning module WorldBrowser (524)
[2018.03.29-15.09.15:132][246]LogModuleManager: Shutting down and abandoning module SceneOutliner (522)
[2018.03.29-15.09.15:132][246]LogModuleManager: Shutting down and abandoning module AddContentDialog (520)
[2018.03.29-15.09.15:132][246]LogDirectoryWatcher: A directory notification for 'D:/Program Files (x86)/Epic Games/UE_4.16/FeaturePacks/' was aborted.
[2018.03.29-15.09.15:133][246]LogModuleManager: Shutting down and abandoning module WidgetCarousel (519)
[2018.03.29-15.09.15:133][246]LogModuleManager: Shutting down and abandoning module EditorWidgets (516)
[2018.03.29-15.09.15:133][246]LogModuleManager: Shutting down and abandoning module CollectionManager (514)
[2018.03.29-15.09.15:133][246]LogDirectoryWatcher: A directory notification for 'C:/Users/David/Documents/GitHub/FuturoImperfecto/PRUEBAS/MechHackAndSlash/Content/Collections/' was aborted.
[2018.03.29-15.09.15:133][246]LogDirectoryWatcher: A directory notification for 'C:/Users/David/Documents/GitHub/FuturoImperfecto/PRUEBAS/MechHackAndSlash/Content/Developers/David/Collections/' was aborted.
[2018.03.29-15.09.15:133][246]LogDirectoryWatcher: A directory notification for 'C:/Users/David/Documents/GitHub/FuturoImperfecto/PRUEBAS/MechHackAndSlash/Saved/Collections/' was aborted.
[2018.03.29-15.09.15:133][246]LogModuleManager: Shutting down and abandoning module StatsViewer (512)
[2018.03.29-15.09.15:133][246]LogModuleManager: Shutting down and abandoning module FoliageEdit (510)
[2018.03.29-15.09.15:133][246]LogModuleManager: Shutting down and abandoning module LandscapeEditor (508)
[2018.03.29-15.09.15:133][246]LogModuleManager: Shutting down and abandoning module MeshPaintMode (506)
[2018.03.29-15.09.15:133][246]LogModuleManager: Shutting down and abandoning module SceneDepthPickerMode (504)
[2018.03.29-15.09.15:133][246]LogModuleManager: Shutting down and abandoning module ActorPickerMode (502)
[2018.03.29-15.09.15:133][246]LogModuleManager: Shutting down and abandoning module GeometryMode (500)
[2018.03.29-15.09.15:133][246]LogModuleManager: Shutting down and abandoning module TextureAlignMode (498)
[2018.03.29-15.09.15:133][246]LogModuleManager: Shutting down and abandoning module BspMode (496)
[2018.03.29-15.09.15:133][246]LogModuleManager: Shutting down and abandoning module HardwareSurvey (494)
[2018.03.29-15.09.15:133][246]LogModuleManager: Shutting down and abandoning module SequenceRecorderSections (492)
[2018.03.29-15.09.15:133][246]LogModuleManager: Shutting down and abandoning module AutomationWorker (490)
[2018.03.29-15.09.15:133][246]LogModuleManager: Shutting down and abandoning module MatineeToLevelSequence (488)
[2018.03.29-15.09.15:133][246]LogModuleManager: Shutting down and abandoning module LevelSequenceEditor (486)
[2018.03.29-15.09.15:133][246]LogModuleManager: Shutting down and abandoning module PlacementMode (485)
[2018.03.29-15.09.15:133][246]LogModuleManager: Shutting down and abandoning module WmfMediaFactory (482)
[2018.03.29-15.09.15:133][246]LogModuleManager: Shutting down and abandoning module WmfMediaEditor (480)
[2018.03.29-15.09.15:133][246]LogModuleManager: Shutting down and abandoning module AvfMediaFactory (478)
[2018.03.29-15.09.15:133][246]LogModuleManager: Shutting down and abandoning module AvfMediaEditor (476)
[2018.03.29-15.09.15:133][246]LogModuleManager: Shutting down and abandoning module AndroidMediaFactory (474)
[2018.03.29-15.09.15:133][246]LogModuleManager: Shutting down and abandoning module Media (473)
[2018.03.29-15.09.15:133][246]LogModuleManager: Shutting down and abandoning module AndroidMediaEditor (470)
[2018.03.29-15.09.15:133][246]LogModuleManager: Shutting down and abandoning module CharacterAI (468)
[2018.03.29-15.09.15:133][246]LogModuleManager: Shutting down and abandoning module AudioCapture (466)
[2018.03.29-15.09.15:133][246]LogModuleManager: Shutting down and abandoning module SequenceRecorder (465)
[2018.03.29-15.09.15:133][246]LogModuleManager: Shutting down and abandoning module SmartSnapping (462)
[2018.03.29-15.09.15:133][246]LogModuleManager: Shutting down and abandoning module SessionServices (460)
[2018.03.29-15.09.15:133][246]LogModuleManager: Shutting down and abandoning module ViewportSnapping (458)
[2018.03.29-15.09.15:133][246]LogModuleManager: Shutting down and abandoning module ViewportInteraction (456)
[2018.03.29-15.09.15:133][246]LogModuleManager: Shutting down and abandoning module ClothPainter (454)
[2018.03.29-15.09.15:133][246]LogModuleManager: Shutting down and abandoning module LogVisualizer (452)
[2018.03.29-15.09.15:133][246]LogModuleManager: Shutting down and abandoning module IntroTutorials (450)
[2018.03.29-15.09.15:133][246]LogModuleManager: Shutting down and abandoning module GameProjectGeneration (449)
[2018.03.29-15.09.15:133][246]LogModuleManager: Shutting down and abandoning module EditorLiveStreaming (446)
[2018.03.29-15.09.15:133][246]LogModuleManager: Shutting down and abandoning module IOSPlatformEditor (444)
[2018.03.29-15.09.15:133][246]LogModuleManager: Shutting down and abandoning module HTML5PlatformEditor (442)
[2018.03.29-15.09.15:133][246]LogModuleManager: Shutting down and abandoning module AndroidPlatformEditor (440)
[2018.03.29-15.09.15:133][246]LogModuleManager: Shutting down and abandoning module AndroidDeviceDetection (439)
[2018.03.29-15.09.15:432][246]LogModuleManager: Shutting down and abandoning module IOSRuntimeSettings (436)
[2018.03.29-15.09.15:432][246]LogModuleManager: Shutting down and abandoning module AndroidRuntimeSettings (434)
[2018.03.29-15.09.15:432][246]LogModuleManager: Shutting down and abandoning module InputBindingEditor (432)
[2018.03.29-15.09.15:432][246]LogModuleManager: Shutting down and abandoning module MergeActors (430)
[2018.03.29-15.09.15:432][246]LogModuleManager: Shutting down and abandoning module SizeMap (428)
[2018.03.29-15.09.15:432][246]LogModuleManager: Shutting down and abandoning module TreeMap (426)
[2018.03.29-15.09.15:433][246]LogModuleManager: Shutting down and abandoning module ReferenceViewer (424)
[2018.03.29-15.09.15:433][246]LogModuleManager: Shutting down and abandoning module LocalizationDashboard (422)
[2018.03.29-15.09.15:433][246]LogModuleManager: Shutting down and abandoning module LocalizationService (421)
[2018.03.29-15.09.15:433][246]LogModuleManager: Shutting down and abandoning module HardwareTargeting (418)
[2018.03.29-15.09.15:433][246]LogModuleManager: Shutting down and abandoning module DeviceProfileEditor (416)
[2018.03.29-15.09.15:433][246]LogModuleManager: Shutting down and abandoning module UndoHistory (414)
[2018.03.29-15.09.15:433][246]LogModuleManager: Shutting down and abandoning module UserFeedback (412)
[2018.03.29-15.09.15:433][246]LogModuleManager: Shutting down and abandoning module XmlParser (410)
[2018.03.29-15.09.15:433][246]LogModuleManager: Shutting down and abandoning module Blutility (408)
[2018.03.29-15.09.15:433][246]LogModuleManager: Shutting down and abandoning module ProjectSettingsViewer (406)
[2018.03.29-15.09.15:433][246]LogModuleManager: Shutting down and abandoning module ProjectTargetPlatformEditor (405)
[2018.03.29-15.09.15:433][246]LogModuleManager: Shutting down and abandoning module EditorSettingsViewer (402)
[2018.03.29-15.09.15:433][246]LogModuleManager: Shutting down and abandoning module SettingsEditor (400)
[2018.03.29-15.09.15:433][246]LogModuleManager: Shutting down and abandoning module ProjectLauncher (398)
[2018.03.29-15.09.15:433][246]LogModuleManager: Shutting down and abandoning module SessionFrontend (396)
[2018.03.29-15.09.15:433][246]LogModuleManager: Shutting down and abandoning module ProfilerClient (394)
[2018.03.29-15.09.15:433][246]LogModuleManager: Shutting down and abandoning module DeviceManager (392)
[2018.03.29-15.09.15:433][246]LogModuleManager: Shutting down and abandoning module TargetDeviceServices (391)
[2018.03.29-15.09.15:477][246]LogModuleManager: Shutting down and abandoning module AutomationController (388)
[2018.03.29-15.09.15:477][246]LogModuleManager: Shutting down and abandoning module AutomationWindow (386)
[2018.03.29-15.09.15:477][246]LogModuleManager: Shutting down and abandoning module Layers (384)
[2018.03.29-15.09.15:477][246]LogModuleManager: Shutting down and abandoning module ComponentVisualizers (382)
[2018.03.29-15.09.15:477][246]LogModuleManager: Shutting down and abandoning module DetailCustomizations (380)
[2018.03.29-15.09.15:477][246]LogModuleManager: Shutting down and abandoning module PackagesDialog (378)
[2018.03.29-15.09.15:477][246]LogModuleManager: Shutting down and abandoning module Persona (376)
[2018.03.29-15.09.15:477][246]LogModuleManager: Shutting down and abandoning module AdvancedPreviewScene (375)
[2018.03.29-15.09.15:477][246]LogModuleManager: Shutting down and abandoning module AnimGraph (373)
[2018.03.29-15.09.15:478][246]LogModuleManager: Shutting down and abandoning module Kismet (370)
[2018.03.29-15.09.15:496][246]LogModuleManager: Shutting down and abandoning module ClassViewer (368)
[2018.03.29-15.09.15:496][246]LogModuleManager: Shutting down and abandoning module Toolbox (366)
[2018.03.29-15.09.15:496][246]LogModuleManager: Shutting down and abandoning module ModuleUI (364)
[2018.03.29-15.09.15:496][246]LogModuleManager: Shutting down and abandoning module MovieSceneTools (362)
[2018.03.29-15.09.15:496][246]LogModuleManager: Shutting down and abandoning module OutputLog (360)
[2018.03.29-15.09.15:496][246]LogModuleManager: Shutting down and abandoning module GammaUI (358)
[2018.03.29-15.09.15:496][246]LogModuleManager: Shutting down and abandoning module Documentation (356)
[2018.03.29-15.09.15:496][246]LogModuleManager: Shutting down and abandoning module MovieSceneTracks (354)
[2018.03.29-15.09.15:496][246]LogModuleManager: Shutting down and abandoning module MovieScene (352)
[2018.03.29-15.09.15:496][246]LogModuleManager: Shutting down and abandoning module Niagara (350)
[2018.03.29-15.09.15:496][246]LogModuleManager: Shutting down and abandoning module NiagaraEditor (349)
[2018.03.29-15.09.15:497][246]LogModuleManager: Shutting down and abandoning module StreamingPauseRendering (346)
[2018.03.29-15.09.15:497][246]LogModuleManager: Shutting down and abandoning module AnalyticsET (344)
[2018.03.29-15.09.15:497][246]LogModuleManager: Shutting down and abandoning module PortalServices (342)
[2018.03.29-15.09.15:497][246]LogModuleManager: Shutting down and abandoning module PortalRpc (340)
[2018.03.29-15.09.15:497][246]LogModuleManager: Shutting down and abandoning module MessagingRpc (338)
[2018.03.29-15.09.15:497][246]LogModuleManager: Shutting down and abandoning module AIModule (336)
[2018.03.29-15.09.15:497][246]LogModuleManager: Shutting down and abandoning module GameplayDebugger (335)
[2018.03.29-15.09.15:497][246]LogModuleManager: Shutting down and abandoning module AITestSuite (333)
[2018.03.29-15.09.15:497][246]LogModuleManager: Shutting down and abandoning module ProfilerService (330)
[2018.03.29-15.09.15:688][246]LogModuleManager: Shutting down and abandoning module TaskGraph (328)
[2018.03.29-15.09.15:688][246]LogModuleManager: Shutting down and abandoning module SteamVRController (326)
[2018.03.29-15.09.15:688][246]LogModuleManager: Shutting down and abandoning module SteamVR (324)
[2018.03.29-15.09.15:689][246]LogModuleManager: Shutting down and abandoning module ProceduralMeshComponentEditor (322)
[2018.03.29-15.09.15:689][246]LogModuleManager: Shutting down and abandoning module ProceduralMeshComponent (320)
[2018.03.29-15.09.15:689][246]LogModuleManager: Shutting down and abandoning module OculusLibrary (318)
[2018.03.29-15.09.15:689][246]LogModuleManager: Shutting down and abandoning module OculusInput (316)
[2018.03.29-15.09.15:689][246]LogModuleManager: Shutting down and abandoning module MobilePatchingUtils (314)
[2018.03.29-15.09.15:689][246]LogModuleManager: Shutting down and abandoning module CustomMeshComponent (312)
[2018.03.29-15.09.15:689][246]LogModuleManager: Shutting down and abandoning module CableComponent (310)
[2018.03.29-15.09.15:689][246]LogModuleManager: Shutting down and abandoning module ArchVisCharacter (308)
[2018.03.29-15.09.15:689][246]LogModuleManager: Shutting down and abandoning module AndroidPermission (306)
[2018.03.29-15.09.15:689][246]LogModuleManager: Shutting down and abandoning module MediaPlayerEditor (302)
[2018.03.29-15.09.15:689][246]LogModuleManager: Shutting down and abandoning module HTML5Networking (300)
[2018.03.29-15.09.15:689][246]LogModuleManager: Shutting down and abandoning module AlembicImporter (298)
[2018.03.29-15.09.15:689][246]LogModuleManager: Shutting down and abandoning module AlembicLibrary (297)
[2018.03.29-15.09.15:689][246]LogModuleManager: Shutting down and abandoning module GeometryCache (296)
[2018.03.29-15.09.15:689][246]LogModuleManager: Shutting down and abandoning module GeometryCacheEd (295)
[2018.03.29-15.09.15:689][246]LogModuleManager: Shutting down and abandoning module SuperSearchEditor (290)
[2018.03.29-15.09.15:689][246]LogModuleManager: Shutting down and abandoning module SuperSearch (289)
[2018.03.29-15.09.15:689][246]LogModuleManager: Shutting down and abandoning module SpeedTreeImporter (286)
[2018.03.29-15.09.15:689][246]LogModuleManager: Shutting down and abandoning module PluginBrowser (284)
[2018.03.29-15.09.15:689][246]LogModuleManager: Shutting down and abandoning module MobileLauncherProfileWizard (282)
[2018.03.29-15.09.15:689][246]LogModuleManager: Shutting down and abandoning module VisualStudioSourceCodeAccess (280)
[2018.03.29-15.09.15:689][246]LogModuleManager: Shutting down and abandoning module DesktopPlatform (279)
[2018.03.29-15.09.15:689][246]LogModuleManager: Shutting down and abandoning module UObjectPlugin (276)
[2018.03.29-15.09.15:689][246]LogModuleManager: Shutting down and abandoning module SubversionSourceControl (274)
[2018.03.29-15.09.15:689][246]LogModuleManager: Shutting down and abandoning module PerforceSourceControl (272)
[2018.03.29-15.09.15:689][246]LogModuleManager: Shutting down and abandoning module GitSourceControl (270)
[2018.03.29-15.09.15:689][246]LogModuleManager: Shutting down and abandoning module SourceControl (269)
[2018.03.29-15.09.15:690][246]LogModuleManager: Shutting down and abandoning module LightPropagationVolumeEditor (266)
[2018.03.29-15.09.15:690][246]LogModuleManager: Shutting down and abandoning module PaperTiledImporter (264)
[2018.03.29-15.09.15:690][246]LogModuleManager: Shutting down and abandoning module PaperSpriteSheetImporter (262)
[2018.03.29-15.09.15:690][246]LogModuleManager: Shutting down and abandoning module Paper2DEditor (260)
[2018.03.29-15.09.15:690][246]LogModuleManager: Shutting down and abandoning module MeshPaint (259)
[2018.03.29-15.09.15:690][246]LogModuleManager: Shutting down and abandoning module LevelEditor (257)
[2018.03.29-15.09.15:691][246]LogModuleManager: Shutting down and abandoning module PixelInspectorModule (256)
[2018.03.29-15.09.15:691][246]LogModuleManager: Shutting down and abandoning module MainFrame (254)
[2018.03.29-15.09.15:691][246]LogModuleManager: Shutting down and abandoning module HotReload (253)
[2018.03.29-15.09.15:692][246]LogModuleManager: Shutting down and abandoning module PhysXVehiclesEditor (248)
[2018.03.29-15.09.15:692][246]LogModuleManager: Shutting down and abandoning module PhysXVehicles (246)
[2018.03.29-15.09.15:692][246]LogModuleManager: Shutting down and abandoning module LocationServicesBPLibrary (244)
[2018.03.29-15.09.15:692][246]LogModuleManager: Shutting down and abandoning module ImmediatePhysicsEditor (242)
[2018.03.29-15.09.15:692][246]LogModuleManager: Shutting down and abandoning module ImmediatePhysics (240)
[2018.03.29-15.09.15:692][246]LogModuleManager: Shutting down and abandoning module UdpMessaging (238)
[2018.03.29-15.09.15:793][246]LogModuleManager: Shutting down and abandoning module TcpMessaging (236)
[2018.03.29-15.09.15:893][246]LogModuleManager: Shutting down and abandoning module GameplayTagsEditor (234)
[2018.03.29-15.09.15:893][246]LogModuleManager: Shutting down and abandoning module FacialAnimationEditor (232)
[2018.03.29-15.09.15:893][246]LogModuleManager: Shutting down and abandoning module FacialAnimation (230)
[2018.03.29-15.09.15:893][246]LogModuleManager: Shutting down and abandoning module AssetManagerEditor (228)
[2018.03.29-15.09.15:893][246]LogModuleManager: Shutting down and abandoning module GraphEditor (227)
[2018.03.29-15.09.15:893][246]LogModuleManager: Shutting down and abandoning module ContentBrowser (225)
[2018.03.29-15.09.15:894][246]LogModuleManager: Shutting down and abandoning module LightPropagationVolumeRuntime (222)
[2018.03.29-15.09.15:894][246]LogModuleManager: Shutting down and abandoning module Paper2D (220)
[2018.03.29-15.09.15:894][246]LogModuleManager: Shutting down and abandoning module WindowsMoviePlayer (218)
[2018.03.29-15.09.15:894][246]LogModuleManager: Shutting down and abandoning module WmfMedia (216)
[2018.03.29-15.09.15:894][246]LogModuleManager: Shutting down and abandoning module ClothingSystemEditor (214)
[2018.03.29-15.09.15:894][246]LogModuleManager: Shutting down and abandoning module ClothingSystemRuntime (212)
[2018.03.29-15.09.15:894][246]LogModuleManager: Shutting down and abandoning module MediaAssets (210)
[2018.03.29-15.09.15:894][246]LogModuleManager: Shutting down and abandoning module GameLiveStreaming (208)
[2018.03.29-15.09.15:895][246]LogModuleManager: Shutting down and abandoning module EnvironmentQueryEditor (206)
[2018.03.29-15.09.15:895][246]LogModuleManager: Shutting down and abandoning module VREditor (204)
[2018.03.29-15.09.15:895][246]LogModuleManager: Shutting down and abandoning module StringTableEditor (202)
[2018.03.29-15.09.15:895][246]LogModuleManager: Shutting down and abandoning module GameplayTasksEditor (200)
[2018.03.29-15.09.15:895][246]LogModuleManager: Shutting down and abandoning module BehaviorTreeEditor (198)
[2018.03.29-15.09.15:895][246]LogModuleManager: Shutting down and abandoning module FunctionalTesting (196)
[2018.03.29-15.09.15:895][246]LogModuleManager: Shutting down and abandoning module CollisionAnalyzer (194)
[2018.03.29-15.09.15:895][246]LogModuleManager: Shutting down and abandoning module UMG (192)
[2018.03.29-15.09.15:895][246]LogModuleManager: Shutting down and abandoning module UMGEditor (191)
[2018.03.29-15.09.15:895][246]LogModuleManager: Shutting down and abandoning module Sequencer (190)
[2018.03.29-15.09.15:895][246]LogModuleManager: Shutting down and abandoning module AssetTools (188)
[2018.03.29-15.09.15:895][246]LogModuleManager: Shutting down and abandoning module MessageLog (187)
[2018.03.29-15.09.15:895][246]LogModuleManager: Shutting down and abandoning module WorkspaceMenuStructure (186)
[2018.03.29-15.09.15:895][246]LogModuleManager: Shutting down and abandoning module SlateReflector (180)
[2018.03.29-15.09.15:895][246]LogModuleManager: Shutting down and abandoning module Slate (178)
[2018.03.29-15.09.15:895][246]LogModuleManager: Shutting down and abandoning module EditorStyle (176)
[2018.03.29-15.09.15:898][246]LogModuleManager: Shutting down and abandoning module SourceCodeAccess (174)
[2018.03.29-15.09.15:898][246]LogModuleManager: Shutting down and abandoning module HeadMountedDisplay (172)
[2018.03.29-15.09.15:898][246]LogModuleManager: Shutting down and abandoning module XAudio2 (170)
[2018.03.29-15.09.15:898][246]LogModuleManager: Shutting down and abandoning module Networking (168)
[2018.03.29-15.09.15:898][246]LogModuleManager: Shutting down and abandoning module Core (164)
[2018.03.29-15.09.15:898][246]LogModuleManager: Shutting down and abandoning module AssetRegistry (162)
[2018.03.29-15.09.16:111][246]LogDirectoryWatcher: A directory notification for '../../../Engine/Content/' was aborted.
[2018.03.29-15.09.16:111][246]LogDirectoryWatcher: A directory notification for 'C:/Users/David/Documents/GitHub/FuturoImperfecto/PRUEBAS/MechHackAndSlash/Content/' was aborted.
[2018.03.29-15.09.16:111][246]LogDirectoryWatcher: A directory notification for '../../../Engine/Plugins/2D/Paper2D/Content/' was aborted.
[2018.03.29-15.09.16:111][246]LogDirectoryWatcher: A directory notification for '../../../Engine/Plugins/Runtime/GearVR/Content/' was aborted.
[2018.03.29-15.09.16:115][246]LogModuleManager: Shutting down and abandoning module DirectoryWatcher (161)
[2018.03.29-15.09.16:116][246]LogModuleManager: Shutting down and abandoning module KismetCompiler (158)
[2018.03.29-15.09.16:116][246]LogModuleManager: Shutting down and abandoning module LevelSequence (156)
[2018.03.29-15.09.16:116][246]LogModuleManager: Shutting down and abandoning module PhysXFormats (154)
[2018.03.29-15.09.16:116][246]LogModuleManager: Shutting down and abandoning module MeshUtilities (152)
[2018.03.29-15.09.16:116][246]LogModuleManager: Shutting down and abandoning module SimplygonSwarm (151)
[2018.03.29-15.09.16:116][246]LogModuleManager: Shutting down and abandoning module SimplygonMeshReduction (149)
[2018.03.29-15.09.16:116][246]LogModuleManager: Shutting down and abandoning module QuadricMeshReduction (147)
[2018.03.29-15.09.16:116][246]LogModuleManager: Shutting down and abandoning module DerivedDataCache (144)
[2018.03.29-15.09.16:200][246]LogDerivedDataCache: Shutdown
[2018.03.29-15.09.16:200][246]LogModuleManager: Shutting down and abandoning module TargetPlatform (142)
[2018.03.29-15.09.16:200][246]LogModuleManager: Shutting down and abandoning module VulkanShaderFormat (141)
[2018.03.29-15.09.16:200][246]LogModuleManager: Shutting down and abandoning module ShaderFormatVectorVM (139)
[2018.03.29-15.09.16:200][246]LogModuleManager: Shutting down and abandoning module ShaderFormatOpenGL (137)
[2018.03.29-15.09.16:200][246]LogModuleManager: Shutting down and abandoning module ShaderFormatD3D (135)
[2018.03.29-15.09.16:200][246]LogModuleManager: Shutting down and abandoning module MetalShaderFormat (133)
[2018.03.29-15.09.16:200][246]LogModuleManager: Shutting down and abandoning module TextureFormatUncompressed (131)
[2018.03.29-15.09.16:200][246]LogModuleManager: Shutting down and abandoning module TextureFormatPVR (129)
[2018.03.29-15.09.16:200][246]LogModuleManager: Shutting down and abandoning module TextureFormatDXT (127)
[2018.03.29-15.09.16:200][246]LogModuleManager: Shutting down and abandoning module TextureFormatIntelISPCTexComp (125)
[2018.03.29-15.09.16:200][246]LogModuleManager: Shutting down and abandoning module TextureFormatASTC (123)
[2018.03.29-15.09.16:200][246]LogModuleManager: Shutting down and abandoning module ImageWrapper (122)
[2018.03.29-15.09.16:200][246]LogModuleManager: Shutting down and abandoning module TextureFormatAndroid (119)
[2018.03.29-15.09.16:200][246]LogModuleManager: Shutting down and abandoning module AudioFormatOpus (117)
[2018.03.29-15.09.16:200][246]LogModuleManager: Shutting down and abandoning module AudioFormatOgg (115)
[2018.03.29-15.09.16:200][246]LogModuleManager: Shutting down and abandoning module AudioFormatADPCM (113)
[2018.03.29-15.09.16:200][246]LogModuleManager: Shutting down and abandoning module LinuxTargetPlatform (111)
[2018.03.29-15.09.16:200][246]LogModuleManager: Shutting down and abandoning module LinuxServerTargetPlatform (109)
[2018.03.29-15.09.16:200][246]LogModuleManager: Shutting down and abandoning module LinuxNoEditorTargetPlatform (107)
[2018.03.29-15.09.16:200][246]LogModuleManager: Shutting down and abandoning module LinuxClientTargetPlatform (105)
[2018.03.29-15.09.16:200][246]LogModuleManager: Shutting down and abandoning module TVOSTargetPlatform (103)
[2018.03.29-15.09.16:200][246]LogModuleManager: Shutting down and abandoning module Messaging (101)
[2018.03.29-15.09.16:200][246]LogModuleManager: Shutting down and abandoning module IOSTargetPlatform (99)
[2018.03.29-15.09.16:200][246]LogModuleManager: Shutting down and abandoning module HTML5TargetPlatform (97)
[2018.03.29-15.09.16:200][246]LogModuleManager: Shutting down and abandoning module Android_PVRTCTargetPlatform (95)
[2018.03.29-15.09.16:200][246]LogModuleManager: Shutting down and abandoning module Android_MultiTargetPlatform (93)
[2018.03.29-15.09.16:200][246]LogModuleManager: Shutting down and abandoning module Android_ETC2TargetPlatform (91)
[2018.03.29-15.09.16:200][246]LogModuleManager: Shutting down and abandoning module Android_ETC1TargetPlatform (89)
[2018.03.29-15.09.16:200][246]LogModuleManager: Shutting down and abandoning module Android_DXTTargetPlatform (87)
[2018.03.29-15.09.16:200][246]LogModuleManager: Shutting down and abandoning module Android_ATCTargetPlatform (85)
[2018.03.29-15.09.16:200][246]LogModuleManager: Shutting down and abandoning module Android_ASTCTargetPlatform (83)
[2018.03.29-15.09.16:200][246]LogModuleManager: Shutting down and abandoning module AndroidTargetPlatform (81)
[2018.03.29-15.09.16:200][246]LogModuleManager: Shutting down and abandoning module WindowsTargetPlatform (79)
[2018.03.29-15.09.16:200][246]LogModuleManager: Shutting down and abandoning module WindowsServerTargetPlatform (77)
[2018.03.29-15.09.16:200][246]LogModuleManager: Shutting down and abandoning module WindowsNoEditorTargetPlatform (75)
[2018.03.29-15.09.16:200][246]LogModuleManager: Shutting down and abandoning module WindowsClientTargetPlatform (73)
[2018.03.29-15.09.16:200][246]LogModuleManager: Shutting down and abandoning module MacTargetPlatform (71)
[2018.03.29-15.09.16:200][246]LogModuleManager: Shutting down and abandoning module MacServerTargetPlatform (69)
[2018.03.29-15.09.16:200][246]LogModuleManager: Shutting down and abandoning module MacNoEditorTargetPlatform (67)
[2018.03.29-15.09.16:200][246]LogModuleManager: Shutting down and abandoning module MacClientTargetPlatform (65)
[2018.03.29-15.09.16:200][246]LogModuleManager: Shutting down and abandoning module AllDesktopTargetPlatform (63)
[2018.03.29-15.09.16:200][246]LogModuleManager: Shutting down and abandoning module InputCore (60)
[2018.03.29-15.09.16:200][246]LogModuleManager: Shutting down and abandoning module Settings (58)
[2018.03.29-15.09.16:200][246]LogModuleManager: Shutting down and abandoning module OculusRift (56)
[2018.03.29-15.09.16:200][246]LogModuleManager: Shutting down and abandoning module GearVRController (54)
[2018.03.29-15.09.16:200][246]LogModuleManager: Shutting down and abandoning module GearVR (52)
[2018.03.29-15.09.16:200][246]LogModuleManager: Shutting down and abandoning module ExampleDeviceProfileSelector (50)
[2018.03.29-15.09.16:200][246]LogModuleManager: Shutting down and abandoning module OnlineBlueprintSupport (48)
[2018.03.29-15.09.16:200][246]LogModuleManager: Shutting down and abandoning module OnlineSubsystem (44)
[2018.03.29-15.09.16:200][246]LogOnline:Display: Unloading online subsystem: NULL
[2018.03.29-15.09.16:201][246]LogModuleManager: Shutting down and abandoning module XMPP (43)
[2018.03.29-15.09.16:201][246]LogModuleManager: Shutting down and abandoning module HTTP (41)
[2018.03.29-15.09.16:201][246]LogHttp:Display: Http module shutting down, but needs to wait on 1 outstanding Http requests:
[2018.03.29-15.09.16:201][246]LogHttp:Display: 	verb=[POST] url=[https://datarouter.ol.epicgames.com/datarouter/api/v1/public/data?SessionID=%7BA09FCEF3-47D1-404B-2507-C8ADC0355DCB%7D&AppID=UEEditor.Rocket.Release&AppVersion=4.16.3-3561208%2B%2B%2BUE4%2BRelease-4.16&UserID=eedd91be406e0cd25ea0748277e6e73c%7C7a211806f70b4509a5be2640357744fc%7Caa6de738-987c-4c76-bb80-6cc1d099ea00&AppEnvironment=datacollector-binary&UploadType=eteventstream] status=Processing
[2018.03.29-15.09.16:216][246]LogModuleManager: Shutting down and abandoning module SSL (40)
[2018.03.29-15.09.16:217][246]LogModuleManager: Shutting down and abandoning module HTTPChunkInstaller (36)
[2018.03.29-15.09.16:217][246]LogModuleManager: Shutting down and abandoning module AnimationModifiers (34)
[2018.03.29-15.09.16:217][246]LogModuleManager: Shutting down and abandoning module PropertyEditor (33)
[2018.03.29-15.09.16:217][246]LogModuleManager: Shutting down and abandoning module AudioEditor (30)
[2018.03.29-15.09.16:217][246]LogModuleManager: Shutting down and abandoning module TextureCompressor (28)
[2018.03.29-15.09.16:218][246]LogModuleManager: Shutting down and abandoning module ShaderCore (26)
[2018.03.29-15.09.16:218][246]LogModuleManager: Shutting down and abandoning module Landscape (24)
[2018.03.29-15.09.16:218][246]LogModuleManager: Shutting down and abandoning module SlateRHIRenderer (22)
[2018.03.29-15.09.16:218][246]LogModuleManager: Shutting down and abandoning module OpenGLDrv (20)
[2018.03.29-15.09.16:218][246]LogModuleManager: Shutting down and abandoning module D3D11RHI (18)
[2018.03.29-15.09.16:218][246]LogModuleManager: Shutting down and abandoning module AnimGraphRuntime (16)
[2018.03.29-15.09.16:218][246]LogModuleManager: Shutting down and abandoning module Renderer (14)
[2018.03.29-15.09.16:218][246]LogModuleManager: Shutting down and abandoning module Engine (12)
[2018.03.29-15.09.16:218][246]LogModuleManager: Shutting down and abandoning module CoreUObject (10)
[2018.03.29-15.09.16:218][246]LogModuleManager: Shutting down and abandoning module NetworkFile (8)
[2018.03.29-15.09.16:218][246]LogModuleManager: Shutting down and abandoning module StreamingFile (6)
[2018.03.29-15.09.16:218][246]LogModuleManager: Shutting down and abandoning module SandboxFile (4)
[2018.03.29-15.09.16:218][246]LogModuleManager: Shutting down and abandoning module PakFile (2)
[2018.03.29-15.09.16:219][246]LogExit: Exiting.
[2018.03.29-15.09.16:248][246]Log file closed, 03/29/18 17:09:16
