Log file open, 10/31/17 18:56:09
LogInit:Display: Running engine for game: MechHackAndSlash
LogPlatformFile: Not using cached read wrapper
LogInit:Display: RandInit(-1659535601) SRandInit(-1659535601).
LogTaskGraph: Started task graph with 5 named threads and 8 total threads with 1 sets of task threads.
LogStats: Stats thread started at 0.079484
LogInit: Using libcurl 7.47.1
LogInit:  - built for x86_64-pc-win32
LogInit:  - supports SSL with OpenSSL/1.0.2g
LogInit:  - supports HTTP deflate (compression) using libz 1.2.8
LogInit:  - other features:
LogInit:      CURL_VERSION_SSL
LogInit:      CURL_VERSION_LIBZ
LogInit:      CURL_VERSION_IPV6
LogInit:      CURL_VERSION_ASYNCHDNS
LogInit:      CURL_VERSION_LARGEFILE
LogInit:      CURL_VERSION_IDN
LogInit:  CurlRequestOptions (configurable via config and command line):
LogInit:  - bVerifyPeer = false  - Libcurl will NOT verify peer certificate
LogInit:  - bUseHttpProxy = false  - Libcurl will NOT use HTTP proxy
LogInit:  - bDontReuseConnections = false  - Libcurl will reuse connections
LogInit:  - CertBundlePath = nullptr  - Libcurl will use whatever was configured at build time.
LogInit: Build: ++UE4+Release-4.16-CL-3514769
LogInit: Engine Version: 4.16.2-3514769+++UE4+Release-4.16
LogInit: Compatible Engine Version: 4.16.0-3452394+++UE4+Release-4.16
LogInit: Net CL: 3452394
LogDevObjectVersion: Number of dev versions registered: 16
LogDevObjectVersion:   Dev-Blueprints (B0D832E4-1F89-4F0D-ACCF-7EB736FD4AA2): 9
LogDevObjectVersion:   Dev-Build (E1C64328-A22C-4D53-A36C-8E866417BD8C): 0
LogDevObjectVersion:   Dev-Core (375EC13C-06E4-48FB-B500-84F0262A717E): 2
LogDevObjectVersion:   Dev-Editor (E4B068ED-F494-42E9-A231-DA0B2E46BB41): 17
LogDevObjectVersion:   Dev-Framework (CFFC743F-43B0-4480-9391-14DF171D2073): 23
LogDevObjectVersion:   Dev-Mobile (B02B49B5-BB20-44E9-A304-32B752E40360): 0
LogDevObjectVersion:   Dev-Networking (A4E4105C-59A1-49B5-A7C5-40C4547EDFEE): 0
LogDevObjectVersion:   Dev-Online (39C831C9-5AE6-47DC-9A44-9C173E1C8E7C): 0
LogDevObjectVersion:   Dev-Physics (78F01B33-EBEA-4F98-B9B4-84EACCB95AA2): 0
LogDevObjectVersion:   Dev-Platform (6631380F-2D4D-43E0-8009-CF276956A95A): 0
LogDevObjectVersion:   Dev-Rendering (12F88B9F-8875-4AFC-A67C-D90C383ABD29): 15
LogDevObjectVersion:   Dev-Sequencer (7B5AE74C-D270-4C10-A958-57980B212A5A): 4
LogDevObjectVersion:   Dev-VR (D7296918-1DD6-4BDD-9DE2-64A83CC13884): 0
LogDevObjectVersion:   Dev-LoadTimes (C2A15278-BFE7-4AFE-6C17-90FF531DF755): 1
LogDevObjectVersion:   Private-Geometry (6EACA3D4-40EC-4CC1-B786-8BED09428FC5): 1
LogDevObjectVersion:   Dev-AnimPhys (29E575DD-E0A3-4627-9D10-D276232CDCEA): 3
LogInit: Compiled (64-bit): Jun 29 2017 02:03:24
LogInit: Compiled with Visual C++: 19.00.24215.01
LogInit: Build Configuration: Development
LogInit: Branch Name: ++UE4+Release-4.16
LogInit: Command line: 
LogInit: Base directory: D:/Program Files (x86)/Epic Games/UE_4.16/Engine/Binaries/Win64/
LogInit: Installed Engine Build: 1
LogInit: Presizing for max 8388607 objects, including 0 objects not considered by GC, pre-allocating 0 bytes for permanent pool.
LogInit: Object subsystem initialized
[2017.10.31-17.56.09:942][  0]LogInit: Selected Device Profile: [Windows]
[2017.10.31-17.56.09:942][  0]LogInit: Applying CVar settings loaded from the selected device profile: [Windows]
[2017.10.31-17.56.09:952][  0]LogInit: Computer: DAVIDMASTERRACE
[2017.10.31-17.56.09:952][  0]LogInit: User: David
[2017.10.31-17.56.09:952][  0]LogInit: CPU Page size=4096, Cores=4
[2017.10.31-17.56.09:952][  0]LogInit: High frequency timer resolution =3.417963 MHz
[2017.10.31-17.56.09:952][  0]LogMemory: Memory total: Physical=15.9GB (16GB approx)
[2017.10.31-17.56.09:952][  0]LogMemory: Platform Memory Stats for Windows
[2017.10.31-17.56.09:952][  0]LogMemory: Process Physical Memory: 270.87 MB used, 270.87 MB peak
[2017.10.31-17.56.09:952][  0]LogMemory: Process Virtual Memory: 266.47 MB used, 266.47 MB peak
[2017.10.31-17.56.09:952][  0]LogMemory: Physical Memory: 5745.56 MB used,  10580.88 MB free, 16326.44 MB total
[2017.10.31-17.56.09:952][  0]LogMemory: Virtual Memory: 622.99 MB used,  10580.88 MB free, 134217728.00 MB total
[2017.10.31-17.56.09:993][  0]LogInit: Overriding language with editor language configuration option (en).
[2017.10.31-17.56.09:993][  0]LogInit: Overriding locale with editor locale configuration option (en).
[2017.10.31-17.56.10:726][  0]LogD3D11RHI: D3D11 adapters:
[2017.10.31-17.56.10:748][  0]LogD3D11RHI:    0. 'NVIDIA GeForce GTX 970' (Feature Level 11_0)
[2017.10.31-17.56.10:748][  0]LogD3D11RHI:       3975/0/8163 MB DedicatedVideo/DedicatedSystem/SharedSystem, Outputs:1, VendorId:0x10de
[2017.10.31-17.56.10:749][  0]LogD3D11RHI:    1. 'Microsoft Basic Render Driver' (Feature Level 11_0)
[2017.10.31-17.56.10:749][  0]LogD3D11RHI:       0/0/256 MB DedicatedVideo/DedicatedSystem/SharedSystem, Outputs:0, VendorId:0x1414
[2017.10.31-17.56.10:749][  0]LogD3D11RHI: Chosen D3D11 Adapter: 0
[2017.10.31-17.56.10:751][  0]LogD3D11RHI: Creating new Direct3DDevice
[2017.10.31-17.56.10:751][  0]LogD3D11RHI:     GPU DeviceId: 0x13c2 (for the marketing name, search the web for "GPU Device Id")
[2017.10.31-17.56.10:751][  0]LogWindows: EnumDisplayDevices:
[2017.10.31-17.56.10:751][  0]LogWindows:    0. 'NVIDIA GeForce GTX 970' (P:1 D:1)
[2017.10.31-17.56.10:751][  0]LogWindows:    1. 'NVIDIA GeForce GTX 970' (P:0 D:0)
[2017.10.31-17.56.10:751][  0]LogWindows:    2. 'NVIDIA GeForce GTX 970' (P:0 D:0)
[2017.10.31-17.56.10:752][  0]LogWindows:    3. 'NVIDIA GeForce GTX 970' (P:0 D:0)
[2017.10.31-17.56.10:752][  0]LogWindows: DebugString: FoundDriverCount:4 
[2017.10.31-17.56.10:752][  0]LogD3D11RHI:     Adapter Name: NVIDIA GeForce GTX 970
[2017.10.31-17.56.10:752][  0]LogD3D11RHI:   Driver Version: 385.41 (internal:22.21.13.8541, unified:385.41)
[2017.10.31-17.56.10:752][  0]LogD3D11RHI:      Driver Date: 8-21-2017
[2017.10.31-17.56.10:752][  0]LogRHI: Texture pool is 1361 MB (70% of 1945 MB)
[2017.10.31-17.56.10:760][  0]LogD3D11RHI: Async texture creation enabled
[2017.10.31-17.56.10:776][  0]LogD3D11RHI: GPU Timing Frequency: 1000.000000 (Debug: 2 2)
[2017.10.31-17.56.10:820][  0]LogShaderCompilers: Guid format shader working directory is -27 characters bigger than the processId version (C:/Users/David/Documents/GitHub/FuturoImperfecto/PRUEBAS/MechHackAndSlash/Intermediate/Shaders/WorkingDirectory/2344/).
[2017.10.31-17.56.10:820][  0]LogShaderCompilers: Cleaned the shader compiler working directory 'C:/Users/David/AppData/Local/Temp/UnrealShaderWorkingDir/2D4FC2A943E748E2EF364DBB96AB1E02/'.
[2017.10.31-17.56.10:820][  0]LogShaderCompilers:Display: Using Local Shader Compiler.
[2017.10.31-17.56.11:639][  0]LogTemp:Display: Loaded TP AllDesktopTargetPlatform
[2017.10.31-17.56.11:671][  0]LogTemp:Display: Loaded TP MacClientTargetPlatform
[2017.10.31-17.56.11:702][  0]LogTemp:Display: Loaded TP MacNoEditorTargetPlatform
[2017.10.31-17.56.11:738][  0]LogTemp:Display: Loaded TP MacServerTargetPlatform
[2017.10.31-17.56.11:770][  0]LogTemp:Display: Loaded TP MacTargetPlatform
[2017.10.31-17.56.11:800][  0]LogTemp:Display: Loaded TP WindowsClientTargetPlatform
[2017.10.31-17.56.11:831][  0]LogTemp:Display: Loaded TP WindowsNoEditorTargetPlatform
[2017.10.31-17.56.11:861][  0]LogTemp:Display: Loaded TP WindowsServerTargetPlatform
[2017.10.31-17.56.11:886][  0]LogTemp:Display: Loaded TP WindowsTargetPlatform
[2017.10.31-17.56.11:917][  0]LogTemp:Display: Loaded TP AndroidTargetPlatform
[2017.10.31-17.56.11:947][  0]LogTemp:Display: Loaded TP Android_ASTCTargetPlatform
[2017.10.31-17.56.11:981][  0]LogTemp:Display: Loaded TP Android_ATCTargetPlatform
[2017.10.31-17.56.12:011][  0]LogTemp:Display: Loaded TP Android_DXTTargetPlatform
[2017.10.31-17.56.12:040][  0]LogTemp:Display: Loaded TP Android_ETC1TargetPlatform
[2017.10.31-17.56.12:069][  0]LogTemp:Display: Loaded TP Android_ETC2TargetPlatform
[2017.10.31-17.56.12:128][  0]LogTemp:Display: Loaded TP Android_MultiTargetPlatform
[2017.10.31-17.56.12:128][  0]LogTemp:Display: Loaded TP Android_PVRTCTargetPlatform
[2017.10.31-17.56.12:148][  0]LogTemp:Display: Loaded TP HTML5TargetPlatform
[2017.10.31-17.56.12:210][  0]LogTemp:Display: Loaded TP IOSTargetPlatform
[2017.10.31-17.56.12:229][  0]LogTemp:Display: Loaded TP TVOSTargetPlatform
[2017.10.31-17.56.12:258][  0]LogTemp:Display: Loaded TP LinuxClientTargetPlatform
[2017.10.31-17.56.12:287][  0]LogTemp:Display: Loaded TP LinuxNoEditorTargetPlatform
[2017.10.31-17.56.12:316][  0]LogTemp:Display: Loaded TP LinuxServerTargetPlatform
[2017.10.31-17.56.12:346][  0]LogTemp:Display: Loaded TP LinuxTargetPlatform
[2017.10.31-17.56.12:346][  0]LogTargetPlatformManager:Display: Building Assets For Windows
[2017.10.31-17.56.12:610][  0]LogDerivedDataCache:Display: Max Cache Size: 512 MB
[2017.10.31-17.56.12:686][  0]LogDerivedDataCache: Loaded boot cache 0.08s 90MB C:/Users/David/AppData/Local/UnrealEngine/4.16/DerivedDataCache/Boot.ddc.
[2017.10.31-17.56.12:686][  0]LogDerivedDataCache:Display: Loaded Boot cache: C:/Users/David/AppData/Local/UnrealEngine/4.16/DerivedDataCache/Boot.ddc
[2017.10.31-17.56.12:686][  0]LogDerivedDataCache: FDerivedDataBackendGraph:  Pak pak cache file C:/Users/David/Documents/GitHub/FuturoImperfecto/PRUEBAS/MechHackAndSlash/DerivedDataCache/DDC.ddp not found, will not use a pak cache.
[2017.10.31-17.56.12:686][  0]LogDerivedDataCache: Unable to find inner node Pak for hierarchical cache Hierarchy.
[2017.10.31-17.56.12:686][  0]LogDerivedDataCache: FDerivedDataBackendGraph:  CompressedPak pak cache file C:/Users/David/Documents/GitHub/FuturoImperfecto/PRUEBAS/MechHackAndSlash/DerivedDataCache/Compressed.ddp not found, will not use a pak cache.
[2017.10.31-17.56.12:686][  0]LogDerivedDataCache: Unable to find inner node CompressedPak for hierarchical cache Hierarchy.
[2017.10.31-17.56.12:702][  0]LogDerivedDataCache:Display: Pak cache opened for reading ../../../Engine/DerivedDataCache/Compressed.ddp.
[2017.10.31-17.56.12:714][  0]LogDerivedDataCache: Using Local data cache path C:/Users/David/AppData/Local/UnrealEngine/Common/DerivedDataCache: Writable
[2017.10.31-17.56.12:723][  0]LogMaterial: Verifying Global Shaders for PCD3D_SM5
[2017.10.31-17.56.12:723][  0]LogSlate: Using Freetype 2.6.0
[2017.10.31-17.56.12:723][  0]LogSlate: SlateFontCache - WITH_FREETYPE: 1, WITH_HARFBUZZ: 1
[2017.10.31-17.56.12:723][  0]LogSlate: SlateFontCache - WITH_FREETYPE: 1, WITH_HARFBUZZ: 1
[2017.10.31-17.56.12:977][  0]LogInit: Selected Device Profile: [Windows]
[2017.10.31-17.56.13:034][  0]LogContentStreaming: Texture pool size is 0.00 MB
[2017.10.31-17.56.13:145][  0]LogMeshUtilities: Using QuadricMeshReduction for automatic static mesh reduction
[2017.10.31-17.56.13:169][  0]LogSimplygon: Simplygon DLL not present - disabling.
[2017.10.31-17.56.13:194][  0]LogMeshUtilities: Using SimplygonSwarm for distributed automatic mesh merging
[2017.10.31-17.56.13:194][  0]LogMeshUtilities: No automatic skeletal mesh reduction module available
[2017.10.31-17.56.13:194][  0]LogMeshUtilities: No automatic mesh merging module available
[2017.10.31-17.56.13:565][  0]LogNetVersion: MechHackAndSlash , NetCL: 3452394, EngineNetVer: 2, GameNetVer: 0 (Checksum: 86869316)
[2017.10.31-17.56.13:614][  0]LogAssetRegistry: FAssetRegistry took 0.0256 seconds to start up
[2017.10.31-17.56.13:639][  0]LogPackageLocalizationCache: Processed 4 localized package path(s) for 1 prioritized culture(s) in 0.013352 seconds
[2017.10.31-17.56.13:643][  0]LogUObjectArray: 34194 objects as part of root set at end of initial load.
[2017.10.31-17.56.13:643][  0]LogUObjectAllocator: 7260424 out of 0 bytes used by permanent object pool.
[2017.10.31-17.56.13:643][  0]LogUObjectArray: CloseDisregardForGC: 0/0 objects in disregard for GC pool
[2017.10.31-17.56.13:678][  0]LogInit: WinSock: version 1.1 (2.2), MaxSocks=32767, MaxUdp=65467
[2017.10.31-17.56.15:210][  0]LogTcpMessaging: Initializing TcpMessaging bridge
[2017.10.31-17.56.15:238][  0]LogUdpMessaging: Initializing bridge on interface 0.0.0.0:0 to multicast group 230.0.0.1:6666.
[2017.10.31-17.56.15:573][  0]LogMaterial: Uniform references updated for custom material expression Custom.
[2017.10.31-17.56.15:808][  0]SourceControl: Info Source control is disabled
[2017.10.31-17.56.15:830][  0]SourceControl: Info Source control is disabled
[2017.10.31-17.56.15:856][  0]SourceControl: Info Source control is disabled
[2017.10.31-17.56.15:882][  0]SourceControl: Info Source control is disabled
[2017.10.31-17.56.16:245][  0]LogAndroidPermission: UAndroidPermissionCallbackProxy::GetInstance
[2017.10.31-17.56.16:568][  0]LogEngine: Initializing Engine...
[2017.10.31-17.56.16:568][  0]LogHMD: Failed to initialize OpenVR with code 110
[2017.10.31-17.56.16:727][  0]LogStats: UGameplayTagsManager::ConstructGameplayTagTree: Construct from data asset -  0.000 s
[2017.10.31-17.56.16:727][  0]LogStats: UGameplayTagsManager::ConstructGameplayTagTree: GameplayTagTreeChangedEvent.Broadcast -  0.000 s
[2017.10.31-17.56.16:799][  0]LogAIModule: Creating AISystem for world Untitled
[2017.10.31-17.56.16:823][  0]LogInit: XAudio2 using 'Speakers (Realtek High Definition Audio)' : 2 channels at 48 kHz using 32 bits per sample (channel mask 0x3)
[2017.10.31-17.56.16:829][  0]LogInit: FAudioDevice initialized.
[2017.10.31-17.56.16:865][  0]LogDerivedDataCache: Saved boot cache 0.04s 90MB C:/Users/David/AppData/Local/UnrealEngine/4.16/DerivedDataCache/Boot.ddc.
[2017.10.31-17.56.16:875][  0]LogInit: Texture streaming: Enabled
[2017.10.31-17.56.16:927][  0]LogEngineSessionManager: EngineSessionManager initialized
[2017.10.31-17.56.16:927][  0]LogEngineSessionManager: EngineSessionManager sent abnormal shutdown report. Type=Crashed, SessionId={C95F86C7-40F9-5AA4-0B85-D0ACB1220FA3}
[2017.10.31-17.56.17:042][  0]LogInit: Transaction tracking system initialized
[2017.10.31-17.56.17:206][  0]BlueprintLog: New page: Editor Load
[2017.10.31-17.56.17:713][  0]LocalizationService: Info Localization service is disabled
[2017.10.31-17.56.18:089][  0]LogConsoleResponse:Display: 
[2017.10.31-17.56.18:189][  0]LogCook:Display: Max memory allowance for cook 16384mb min free memory 0mb
[2017.10.31-17.56.18:189][  0]LogCook:Display: Mobile HDR setting 1
[2017.10.31-17.56.18:455][  0]LogFileCache: Scanning file cache for directory 'C:/Users/David/Documents/GitHub/FuturoImperfecto/PRUEBAS/MechHackAndSlash/Content/' took 0.01s
[2017.10.31-17.56.18:723][  0]SourceControl: Info Source control is disabled
[2017.10.31-17.56.18:723][  0]Cmd: MAP LOAD FILE="C:/Users/David/Documents/GitHub/FuturoImperfecto/PRUEBAS/MechHackAndSlash/Content/ThirdPersonBP/Maps/ThirdPersonExampleMap.umap" TEMPLATE=0 SHOWPROGRESS=1 FEATURELEVEL=3
[2017.10.31-17.56.18:723][  0]LightingResults: New page: Lighting Build
[2017.10.31-17.56.18:746][  0]MapCheck: New page: Map Check
[2017.10.31-17.56.18:746][  0]LightingResults: New page: Lighting Build
[2017.10.31-17.56.19:436][  0]LogAIModule: Creating AISystem for world ThirdPersonExampleMap
[2017.10.31-17.56.19:461][  0]LogEditorServer: Finished looking for orphan Actors (0.000 secs)
[2017.10.31-17.56.19:475][  0]Cmd: MAP CHECKDEP NOCLEARLOG
[2017.10.31-17.56.19:515][  0]MapCheck: Info Map check complete: 0 Error(s), 0 Warning(s), took 39.401ms to complete.
[2017.10.31-17.56.19:515][  0]LogFileHelpers: Loading map 'ThirdPersonExampleMap' took 0.792
[2017.10.31-17.56.19:616][  0]LogCollectionManager: Loaded 0 collections in 0.000882 seconds
[2017.10.31-17.56.19:690][  0]LogFileCache: Scanning file cache for directory 'C:/Users/David/Documents/GitHub/FuturoImperfecto/PRUEBAS/MechHackAndSlash/Saved/Collections/' took 0.01s
[2017.10.31-17.56.19:690][  0]LogFileCache: Scanning file cache for directory 'C:/Users/David/Documents/GitHub/FuturoImperfecto/PRUEBAS/MechHackAndSlash/Content/Developers/David/Collections/' took 0.01s
[2017.10.31-17.56.19:690][  0]LogFileCache: Scanning file cache for directory 'C:/Users/David/Documents/GitHub/FuturoImperfecto/PRUEBAS/MechHackAndSlash/Content/Collections/' took 0.01s
[2017.10.31-17.56.19:690][  0]LogCollectionManager: Rebuilt the GUID cache for 0 collections in 0.000001 seconds
[2017.10.31-17.56.19:698][  0]LogContentBrowser: Native class hierarchy populated in 0.0078 seconds. Added 2329 classes and 491 folders.
[2017.10.31-17.56.19:733][  0]LogContentBrowser: Native class hierarchy updated for 'WidgetCarousel' in 0.0004 seconds. Added 0 classes and 0 folders.
[2017.10.31-17.56.19:758][  0]LogContentBrowser: Native class hierarchy updated for 'AddContentDialog' in 0.0005 seconds. Added 0 classes and 0 folders.
[2017.10.31-17.56.19:781][  0]LogContentBrowser: Native class hierarchy updated for 'SceneOutliner' in 0.0005 seconds. Added 1 classes and 2 folders.
[2017.10.31-17.56.19:808][  0]LogContentBrowser: Native class hierarchy updated for 'WorldBrowser' in 0.0004 seconds. Added 1 classes and 3 folders.
[2017.10.31-17.56.19:875][  0]LogCrashTracker: Crashtracker disabled due to settings.
[2017.10.31-17.56.19:878][  0]LogSlate: Took 0.000160 seconds to synchronously load lazily loaded font '../../../Engine/Content/Slate/Fonts/Roboto-Regular.ttf' (155K)
[2017.10.31-17.56.19:880][  0]LogSlate: Took 0.000127 seconds to synchronously load lazily loaded font '../../../Engine/Content/Slate/Fonts/Roboto-Bold.ttf' (160K)
[2017.10.31-17.56.19:884][  0]LogSlate: Took 0.000142 seconds to synchronously load lazily loaded font '../../../Engine/Content/Editor/Slate/Fonts/FontAwesome.ttf' (139K)
[2017.10.31-17.56.19:958][  0]LogRenderer: Reallocating scene render targets to support 1204x576 NumSamples 1 (Frame:1).
[2017.10.31-17.56.20:156][  0]LogUObjectGlobals:Warning: Failed to find object 'Class None.'
[2017.10.31-17.56.20:211][  0]LogContentBrowser: Native class hierarchy updated for 'HierarchicalLODOutliner' in 0.0005 seconds. Added 1 classes and 2 folders.
[2017.10.31-17.56.20:211][  0]LogLoad: (Engine Initialization) Total time: 11.32 seconds
[2017.10.31-17.56.20:211][  0]LogLoad: (Engine Initialization) Total Blueprint compile time: 0.20 seconds
[2017.10.31-17.56.20:211][  0]LogExternalProfiler: Found external profiler: VSPerf
[2017.10.31-17.56.20:211][  0]LogExternalProfiler: Using external profiler: VSPerf
[2017.10.31-17.56.20:551][  0]LogOcInput: OculusInput pre-init called
[2017.10.31-17.56.20:551][  0]LogHMD: Starting GearVRController plugin
[2017.10.31-17.56.20:590][  0]LogContentStreaming: Texture pool size now 1000 MB
[2017.10.31-17.56.20:675][  0]LogSlate: Took 0.000205 seconds to synchronously load lazily loaded font '../../../Engine/Content/Slate/Fonts/Roboto-Light.ttf' (159K)
[2017.10.31-17.56.21:578][  3]LogAssetRegistry: Asset discovery search completed in 7.9858 seconds
[2017.10.31-17.56.21:583][  3]LogCollectionManager: Rebuilt the object cache for 0 collections in 0.000001 seconds (found 0 objects)
[2017.10.31-17.56.21:583][  3]LogCollectionManager: Fixed up redirectors for 0 collections in 0.000053 seconds (updated 0 objects)
[2017.10.31-17.56.21:605][  3]LogSlate: Took 0.000217 seconds to synchronously load lazily loaded font '../../../Engine/Content/Slate/Fonts/Roboto-Light.ttf' (159K)
[2017.10.31-17.56.23:608][  9]LogSlate: Took 0.000384 seconds to synchronously load lazily loaded font '../../../Engine/Content/Slate/Fonts/Roboto-Light.ttf' (159K)
[2017.10.31-17.56.23:690][  9]LogContentBrowser: Native class hierarchy updated for 'SkeletonEditor' in 0.0005 seconds. Added 1 classes and 2 folders.
[2017.10.31-17.56.23:814][  9]LogActorComponent: RegisterComponentWithWorld: (/Engine/Transient.World_1:PersistentLevel.Actor_0.DebugSkelMeshComponent_0) Already registered. Aborting.
[2017.10.31-17.56.23:845][  9]LogSkeletalMesh: USkeletalMeshComponent::InitArticulated : Bodies already created (/Engine/Transient.World_1:PersistentLevel.Actor_0.DebugSkelMeshComponent_0) - call TermArticulated first.
[2017.10.31-17.56.24:315][  9]LogContentBrowser: Native class hierarchy updated for 'BlueprintGraph' in 0.0008 seconds. Added 112 classes and 0 folders.
[2017.10.31-17.56.24:864][  9]LogActorComponent: RegisterComponentWithWorld: (/Engine/Transient.World_5:PersistentLevel.Actor_1.DebugSkelMeshComponent_2) Already registered. Aborting.
[2017.10.31-17.56.25:040][  9]LogSkeletalMesh: USkeletalMeshComponent::InitArticulated : Bodies already created (/Engine/Transient.World_5:PersistentLevel.Actor_1.DebugSkelMeshComponent_2) - call TermArticulated first.
[2017.10.31-17.56.25:215][  9]LogSlate: Took 0.000136 seconds to synchronously load lazily loaded font '../../../Engine/Content/Editor/Slate/Fonts/Roboto-BoldCondensed.ttf' (158K)
[2017.10.31-17.56.25:463][  9]LogContentBrowser: Native class hierarchy updated for 'ClothingSystemEditorInterface' in 0.0005 seconds. Added 1 classes and 0 folders.
[2017.10.31-17.56.25:515][  9]LogContentBrowser:Verbose: The majority of assets in the view are of type: AnimSequence
[2017.10.31-17.56.25:541][ 10]LogSlate: Took 0.000158 seconds to synchronously load lazily loaded font '../../../Engine/Content/Editor/Slate/Fonts/Roboto-Italic.ttf' (157K)
[2017.10.31-17.56.28:033][163]LogContentBrowser:Verbose: The majority of assets in the view are of type: AnimSequence
[2017.10.31-17.57.49:847][ 30]LogSavePackage: Save=12.90ms
[2017.10.31-17.57.49:847][ 30]LogSavePackage: Moving 'C:/Users/David/Documents/GitHub/FuturoImperfecto/PRUEBAS/MechHackAndSlash/Saved/W_GSAtkFuerte2_1AAB598024CB44BE93B7F729A55C061E0.tmp' to 'C:/Users/David/Documents/GitHub/FuturoImperfecto/PRUEBAS/MechHackAndSlash/Content/Warrior/AnimationMontage/W_GSAtkFuerte2_1.uasset'
[2017.10.31-17.57.49:851][ 30]LogSavePackage:Display: Finished SavePackage C:/Users/David/Documents/GitHub/FuturoImperfecto/PRUEBAS/MechHackAndSlash/Content/Warrior/AnimationMontage/W_GSAtkFuerte2_1.uasset
[2017.10.31-17.57.50:919][158]LogTemp: Repeting last play command: Selected Viewport
[2017.10.31-17.57.50:960][158]LogBlueprintUserMessages: Early PlayInEditor Detection: Level '/Game/ThirdPersonBP/Maps/ThirdPersonExampleMap.ThirdPersonExampleMap:PersistentLevel' has LevelScriptBlueprint '/Game/ThirdPersonBP/Maps/ThirdPersonExampleMap.ThirdPersonExampleMap:PersistentLevel.ThirdPersonExampleMap' with GeneratedClass '/Game/ThirdPersonBP/Maps/ThirdPersonExampleMap.ThirdPersonExampleMap_C' with ClassGeneratedBy '/Game/ThirdPersonBP/Maps/ThirdPersonExampleMap.ThirdPersonExampleMap:PersistentLevel.ThirdPersonExampleMap'
[2017.10.31-17.57.50:960][158]LogBlueprintUserMessages: Early PlayInEditor Detection: Level '/Game/Niveles/BlueLevel.BlueLevel:PersistentLevel' has LevelScriptBlueprint '/Game/Niveles/BlueLevel.BlueLevel:PersistentLevel.BlueLevel' with GeneratedClass '/Game/Niveles/BlueLevel.BlueLevel_C' with ClassGeneratedBy '/Game/Niveles/BlueLevel.BlueLevel:PersistentLevel.BlueLevel'
[2017.10.31-17.57.50:960][158]LogPlayLevel: PlayLevel: No blueprints needed recompiling
[2017.10.31-17.57.50:961][158]PIE: New page: PIE session: ThirdPersonExampleMap (Oct 31, 2017, 7:57:50 PM)
[2017.10.31-17.57.50:961][158]LogPlayLevel: Creating play world package: /Game/ThirdPersonBP/Maps/UEDPIE_0_ThirdPersonExampleMap
[2017.10.31-17.57.50:985][158]LogPlayLevel: PIE: StaticDuplicateObject took: (0.024145s)
[2017.10.31-17.57.50:985][158]LogAIModule: Creating AISystem for world ThirdPersonExampleMap
[2017.10.31-17.57.50:986][158]LogPlayLevel: PIE: World Init took: (0.000760s)
[2017.10.31-17.57.50:986][158]LogPlayLevel: PIE: Created PIE world by copying editor world from /Game/ThirdPersonBP/Maps/ThirdPersonExampleMap.ThirdPersonExampleMap to /Game/ThirdPersonBP/Maps/UEDPIE_0_ThirdPersonExampleMap.ThirdPersonExampleMap (0.025134s)
[2017.10.31-17.57.51:022][158]LogInit: XAudio2 using 'Speakers (Realtek High Definition Audio)' : 2 channels at 48 kHz using 32 bits per sample (channel mask 0x3)
[2017.10.31-17.57.51:027][158]LogInit: FAudioDevice initialized.
[2017.10.31-17.57.51:136][158]LogLoad: Game class is 'ThirdPersonGameMode_C'
[2017.10.31-17.57.51:139][158]LogWorld: Bringing World /Game/ThirdPersonBP/Maps/UEDPIE_0_ThirdPersonExampleMap.ThirdPersonExampleMap up for play (max tick rate 0) at 2017.10.31-18.57.51
[2017.10.31-17.57.51:139][158]LogWorld: Bringing up level for play took: 0.002037
[2017.10.31-17.57.51:161][158]LogContentBrowser: Native class hierarchy updated for 'MovieSceneCapture' in 0.0005 seconds. Added 11 classes and 0 folders.
[2017.10.31-17.57.51:162][158]LogLevel: ActivateLevel /Game/Niveles/UEDPIE_0_BlueLevel 0 0 0
[2017.10.31-17.57.51:162][158]PIE: Info Play in editor start time for /Game/ThirdPersonBP/Maps/UEDPIE_0_ThirdPersonExampleMap 1.156
[2017.10.31-17.57.51:163][158]LogBlueprintUserMessages: Late PlayInEditor Detection: Level '/Game/ThirdPersonBP/Maps/ThirdPersonExampleMap.ThirdPersonExampleMap:PersistentLevel' has LevelScriptBlueprint '/Game/ThirdPersonBP/Maps/ThirdPersonExampleMap.ThirdPersonExampleMap:PersistentLevel.ThirdPersonExampleMap' with GeneratedClass '/Game/ThirdPersonBP/Maps/ThirdPersonExampleMap.ThirdPersonExampleMap_C' with ClassGeneratedBy '/Game/ThirdPersonBP/Maps/ThirdPersonExampleMap.ThirdPersonExampleMap:PersistentLevel.ThirdPersonExampleMap'
[2017.10.31-17.57.51:163][158]LogBlueprintUserMessages: Late PlayInEditor Detection: Level '/Game/Niveles/BlueLevel.BlueLevel:PersistentLevel' has LevelScriptBlueprint '/Game/Niveles/BlueLevel.BlueLevel:PersistentLevel.BlueLevel' with GeneratedClass '/Game/Niveles/BlueLevel.BlueLevel_C' with ClassGeneratedBy '/Game/Niveles/BlueLevel.BlueLevel:PersistentLevel.BlueLevel'
[2017.10.31-17.57.51:164][158]LogLevel: ActivateLevel /Game/Niveles/UEDPIE_0_RedLevel 0 0 0
[2017.10.31-17.57.52:239][285]LogLevel: ActivateLevel /Game/Niveles/UEDPIE_0_RedLevel 1 1 0
[2017.10.31-17.57.52:253][286]LogLevel: ActivateLevel /Game/Niveles/UEDPIE_0_BlueLevel 0 0 0
[2017.10.31-17.57.53:571][444]LogBlueprintUserMessages: [StatsWarrior_C_0] Translation: X=0.000 Y=0.000 Z=0.000 Rotation: P=0.000000 Y=0.000000 R=0.000000 Scale X=1.000 Y=1.000 Z=1.000
[2017.10.31-17.58.21:571][804]LogBlueprintUserMessages: Early EndPlayMap Detection: Level '/Game/ThirdPersonBP/Maps/ThirdPersonExampleMap.ThirdPersonExampleMap:PersistentLevel' has LevelScriptBlueprint '/Game/ThirdPersonBP/Maps/ThirdPersonExampleMap.ThirdPersonExampleMap:PersistentLevel.ThirdPersonExampleMap' with GeneratedClass '/Game/ThirdPersonBP/Maps/ThirdPersonExampleMap.ThirdPersonExampleMap_C' with ClassGeneratedBy '/Game/ThirdPersonBP/Maps/ThirdPersonExampleMap.ThirdPersonExampleMap:PersistentLevel.ThirdPersonExampleMap'
[2017.10.31-17.58.21:571][804]LogBlueprintUserMessages: Early EndPlayMap Detection: Level '/Game/Niveles/BlueLevel.BlueLevel:PersistentLevel' has LevelScriptBlueprint '/Game/Niveles/BlueLevel.BlueLevel:PersistentLevel.BlueLevel' with GeneratedClass '/Game/Niveles/BlueLevel.BlueLevel_C' with ClassGeneratedBy '/Game/Niveles/BlueLevel.BlueLevel:PersistentLevel.BlueLevel'
[2017.10.31-17.58.21:605][804]LogBlueprintUserMessages: Late EndPlayMap Detection: Level '/Game/ThirdPersonBP/Maps/ThirdPersonExampleMap.ThirdPersonExampleMap:PersistentLevel' has LevelScriptBlueprint '/Game/ThirdPersonBP/Maps/ThirdPersonExampleMap.ThirdPersonExampleMap:PersistentLevel.ThirdPersonExampleMap' with GeneratedClass '/Game/ThirdPersonBP/Maps/ThirdPersonExampleMap.ThirdPersonExampleMap_C' with ClassGeneratedBy '/Game/ThirdPersonBP/Maps/ThirdPersonExampleMap.ThirdPersonExampleMap:PersistentLevel.ThirdPersonExampleMap'
[2017.10.31-17.58.21:605][804]LogBlueprintUserMessages: Late EndPlayMap Detection: Level '/Game/Niveles/BlueLevel.BlueLevel:PersistentLevel' has LevelScriptBlueprint '/Game/Niveles/BlueLevel.BlueLevel:PersistentLevel.BlueLevel' with GeneratedClass '/Game/Niveles/BlueLevel.BlueLevel_C' with ClassGeneratedBy '/Game/Niveles/BlueLevel.BlueLevel:PersistentLevel.BlueLevel'
[2017.10.31-17.58.39:678][263]LogSavePackage: Save=11.95ms
[2017.10.31-17.58.39:678][263]LogSavePackage: Moving 'C:/Users/David/Documents/GitHub/FuturoImperfecto/PRUEBAS/MechHackAndSlash/Saved/W_Ataque26021426E47529C9BEF88A891D9A9E3F4.tmp' to 'C:/Users/David/Documents/GitHub/FuturoImperfecto/PRUEBAS/MechHackAndSlash/Content/Warrior/AnimationMontage/W_Ataque2.uasset'
[2017.10.31-17.58.39:680][263]LogSavePackage:Display: Finished SavePackage C:/Users/David/Documents/GitHub/FuturoImperfecto/PRUEBAS/MechHackAndSlash/Content/Warrior/AnimationMontage/W_Ataque2.uasset
[2017.10.31-17.58.50:676][376]LogTemp: Repeting last play command: Selected Viewport
[2017.10.31-17.58.50:693][376]LogBlueprintUserMessages: Early PlayInEditor Detection: Level '/Game/ThirdPersonBP/Maps/ThirdPersonExampleMap.ThirdPersonExampleMap:PersistentLevel' has LevelScriptBlueprint '/Game/ThirdPersonBP/Maps/ThirdPersonExampleMap.ThirdPersonExampleMap:PersistentLevel.ThirdPersonExampleMap' with GeneratedClass '/Game/ThirdPersonBP/Maps/ThirdPersonExampleMap.ThirdPersonExampleMap_C' with ClassGeneratedBy '/Game/ThirdPersonBP/Maps/ThirdPersonExampleMap.ThirdPersonExampleMap:PersistentLevel.ThirdPersonExampleMap'
[2017.10.31-17.58.50:693][376]LogBlueprintUserMessages: Early PlayInEditor Detection: Level '/Game/Niveles/BlueLevel.BlueLevel:PersistentLevel' has LevelScriptBlueprint '/Game/Niveles/BlueLevel.BlueLevel:PersistentLevel.BlueLevel' with GeneratedClass '/Game/Niveles/BlueLevel.BlueLevel_C' with ClassGeneratedBy '/Game/Niveles/BlueLevel.BlueLevel:PersistentLevel.BlueLevel'
[2017.10.31-17.58.50:693][376]LogPlayLevel: PlayLevel: No blueprints needed recompiling
[2017.10.31-17.58.50:693][376]PIE: New page: PIE session: ThirdPersonExampleMap (Oct 31, 2017, 7:58:50 PM)
[2017.10.31-17.58.50:693][376]LogPlayLevel: Creating play world package: /Game/ThirdPersonBP/Maps/UEDPIE_0_ThirdPersonExampleMap
[2017.10.31-17.58.50:710][376]LogPlayLevel: PIE: StaticDuplicateObject took: (0.016771s)
[2017.10.31-17.58.50:710][376]LogAIModule: Creating AISystem for world ThirdPersonExampleMap
[2017.10.31-17.58.50:710][376]LogPlayLevel: PIE: World Init took: (0.000721s)
[2017.10.31-17.58.50:711][376]LogPlayLevel: PIE: Created PIE world by copying editor world from /Game/ThirdPersonBP/Maps/ThirdPersonExampleMap.ThirdPersonExampleMap to /Game/ThirdPersonBP/Maps/UEDPIE_0_ThirdPersonExampleMap.ThirdPersonExampleMap (0.017703s)
[2017.10.31-17.58.50:746][376]LogInit: XAudio2 using 'Speakers (Realtek High Definition Audio)' : 2 channels at 48 kHz using 32 bits per sample (channel mask 0x3)
[2017.10.31-17.58.50:751][376]LogInit: FAudioDevice initialized.
[2017.10.31-17.58.50:782][376]LogLoad: Game class is 'ThirdPersonGameMode_C'
[2017.10.31-17.58.50:784][376]LogWorld: Bringing World /Game/ThirdPersonBP/Maps/UEDPIE_0_ThirdPersonExampleMap.ThirdPersonExampleMap up for play (max tick rate 0) at 2017.10.31-18.58.50
[2017.10.31-17.58.50:785][376]LogWorld: Bringing up level for play took: 0.002012
[2017.10.31-17.58.50:786][376]LogLevel: ActivateLevel /Game/Niveles/UEDPIE_0_BlueLevel 0 0 0
[2017.10.31-17.58.50:786][376]PIE: Info Play in editor start time for /Game/ThirdPersonBP/Maps/UEDPIE_0_ThirdPersonExampleMap 0.78
[2017.10.31-17.58.50:786][376]LogBlueprintUserMessages: Late PlayInEditor Detection: Level '/Game/ThirdPersonBP/Maps/ThirdPersonExampleMap.ThirdPersonExampleMap:PersistentLevel' has LevelScriptBlueprint '/Game/ThirdPersonBP/Maps/ThirdPersonExampleMap.ThirdPersonExampleMap:PersistentLevel.ThirdPersonExampleMap' with GeneratedClass '/Game/ThirdPersonBP/Maps/ThirdPersonExampleMap.ThirdPersonExampleMap_C' with ClassGeneratedBy '/Game/ThirdPersonBP/Maps/ThirdPersonExampleMap.ThirdPersonExampleMap:PersistentLevel.ThirdPersonExampleMap'
[2017.10.31-17.58.50:786][376]LogBlueprintUserMessages: Late PlayInEditor Detection: Level '/Game/Niveles/BlueLevel.BlueLevel:PersistentLevel' has LevelScriptBlueprint '/Game/Niveles/BlueLevel.BlueLevel:PersistentLevel.BlueLevel' with GeneratedClass '/Game/Niveles/BlueLevel.BlueLevel_C' with ClassGeneratedBy '/Game/Niveles/BlueLevel.BlueLevel:PersistentLevel.BlueLevel'
[2017.10.31-17.58.50:787][376]LogLevel: ActivateLevel /Game/Niveles/UEDPIE_0_RedLevel 0 0 0
[2017.10.31-17.58.52:056][525]LogLevel: ActivateLevel /Game/Niveles/UEDPIE_0_RedLevel 1 1 0
[2017.10.31-17.58.52:070][526]LogLevel: ActivateLevel /Game/Niveles/UEDPIE_0_BlueLevel 0 0 0
[2017.10.31-17.58.53:329][677]LogBlueprintUserMessages: [StatsWarrior_C_1] Translation: X=0.000 Y=0.000 Z=0.000 Rotation: P=0.000000 Y=0.000000 R=0.000000 Scale X=1.000 Y=1.000 Z=1.000
[2017.10.31-17.59.08:387][484]LogBlueprintUserMessages: Early EndPlayMap Detection: Level '/Game/ThirdPersonBP/Maps/ThirdPersonExampleMap.ThirdPersonExampleMap:PersistentLevel' has LevelScriptBlueprint '/Game/ThirdPersonBP/Maps/ThirdPersonExampleMap.ThirdPersonExampleMap:PersistentLevel.ThirdPersonExampleMap' with GeneratedClass '/Game/ThirdPersonBP/Maps/ThirdPersonExampleMap.ThirdPersonExampleMap_C' with ClassGeneratedBy '/Game/ThirdPersonBP/Maps/ThirdPersonExampleMap.ThirdPersonExampleMap:PersistentLevel.ThirdPersonExampleMap'
[2017.10.31-17.59.08:387][484]LogBlueprintUserMessages: Early EndPlayMap Detection: Level '/Game/Niveles/BlueLevel.BlueLevel:PersistentLevel' has LevelScriptBlueprint '/Game/Niveles/BlueLevel.BlueLevel:PersistentLevel.BlueLevel' with GeneratedClass '/Game/Niveles/BlueLevel.BlueLevel_C' with ClassGeneratedBy '/Game/Niveles/BlueLevel.BlueLevel:PersistentLevel.BlueLevel'
[2017.10.31-17.59.08:416][484]LogBlueprintUserMessages: Late EndPlayMap Detection: Level '/Game/ThirdPersonBP/Maps/ThirdPersonExampleMap.ThirdPersonExampleMap:PersistentLevel' has LevelScriptBlueprint '/Game/ThirdPersonBP/Maps/ThirdPersonExampleMap.ThirdPersonExampleMap:PersistentLevel.ThirdPersonExampleMap' with GeneratedClass '/Game/ThirdPersonBP/Maps/ThirdPersonExampleMap.ThirdPersonExampleMap_C' with ClassGeneratedBy '/Game/ThirdPersonBP/Maps/ThirdPersonExampleMap.ThirdPersonExampleMap:PersistentLevel.ThirdPersonExampleMap'
[2017.10.31-17.59.08:416][484]LogBlueprintUserMessages: Late EndPlayMap Detection: Level '/Game/Niveles/BlueLevel.BlueLevel:PersistentLevel' has LevelScriptBlueprint '/Game/Niveles/BlueLevel.BlueLevel:PersistentLevel.BlueLevel' with GeneratedClass '/Game/Niveles/BlueLevel.BlueLevel_C' with ClassGeneratedBy '/Game/Niveles/BlueLevel.BlueLevel:PersistentLevel.BlueLevel'
[2017.10.31-17.59.25:654][123]LogSavePackage: Save=5.37ms
[2017.10.31-17.59.25:654][123]LogSavePackage: Moving 'C:/Users/David/Documents/GitHub/FuturoImperfecto/PRUEBAS/MechHackAndSlash/Saved/W_Ataque2BA08ADBE449511FCD3EE378DC5216F9A.tmp' to 'C:/Users/David/Documents/GitHub/FuturoImperfecto/PRUEBAS/MechHackAndSlash/Content/Warrior/AnimationMontage/W_Ataque2.uasset'
[2017.10.31-17.59.25:656][123]LogSavePackage:Display: Finished SavePackage C:/Users/David/Documents/GitHub/FuturoImperfecto/PRUEBAS/MechHackAndSlash/Content/Warrior/AnimationMontage/W_Ataque2.uasset
[2017.10.31-17.59.28:709][451]LogTemp: Repeting last play command: Selected Viewport
[2017.10.31-17.59.28:726][451]LogBlueprintUserMessages: Early PlayInEditor Detection: Level '/Game/ThirdPersonBP/Maps/ThirdPersonExampleMap.ThirdPersonExampleMap:PersistentLevel' has LevelScriptBlueprint '/Game/ThirdPersonBP/Maps/ThirdPersonExampleMap.ThirdPersonExampleMap:PersistentLevel.ThirdPersonExampleMap' with GeneratedClass '/Game/ThirdPersonBP/Maps/ThirdPersonExampleMap.ThirdPersonExampleMap_C' with ClassGeneratedBy '/Game/ThirdPersonBP/Maps/ThirdPersonExampleMap.ThirdPersonExampleMap:PersistentLevel.ThirdPersonExampleMap'
[2017.10.31-17.59.28:726][451]LogBlueprintUserMessages: Early PlayInEditor Detection: Level '/Game/Niveles/BlueLevel.BlueLevel:PersistentLevel' has LevelScriptBlueprint '/Game/Niveles/BlueLevel.BlueLevel:PersistentLevel.BlueLevel' with GeneratedClass '/Game/Niveles/BlueLevel.BlueLevel_C' with ClassGeneratedBy '/Game/Niveles/BlueLevel.BlueLevel:PersistentLevel.BlueLevel'
[2017.10.31-17.59.28:726][451]LogPlayLevel: PlayLevel: No blueprints needed recompiling
[2017.10.31-17.59.28:726][451]PIE: New page: PIE session: ThirdPersonExampleMap (Oct 31, 2017, 7:59:28 PM)
[2017.10.31-17.59.28:726][451]LogPlayLevel: Creating play world package: /Game/ThirdPersonBP/Maps/UEDPIE_0_ThirdPersonExampleMap
[2017.10.31-17.59.28:741][451]LogPlayLevel: PIE: StaticDuplicateObject took: (0.015076s)
[2017.10.31-17.59.28:742][451]LogAIModule: Creating AISystem for world ThirdPersonExampleMap
[2017.10.31-17.59.28:742][451]LogPlayLevel: PIE: World Init took: (0.000843s)
[2017.10.31-17.59.28:742][451]LogPlayLevel: PIE: Created PIE world by copying editor world from /Game/ThirdPersonBP/Maps/ThirdPersonExampleMap.ThirdPersonExampleMap to /Game/ThirdPersonBP/Maps/UEDPIE_0_ThirdPersonExampleMap.ThirdPersonExampleMap (0.016124s)
[2017.10.31-17.59.28:779][451]LogInit: XAudio2 using 'Speakers (Realtek High Definition Audio)' : 2 channels at 48 kHz using 32 bits per sample (channel mask 0x3)
[2017.10.31-17.59.28:784][451]LogInit: FAudioDevice initialized.
[2017.10.31-17.59.28:816][451]LogLoad: Game class is 'ThirdPersonGameMode_C'
[2017.10.31-17.59.28:818][451]LogWorld: Bringing World /Game/ThirdPersonBP/Maps/UEDPIE_0_ThirdPersonExampleMap.ThirdPersonExampleMap up for play (max tick rate 0) at 2017.10.31-18.59.28
[2017.10.31-17.59.28:819][451]LogWorld: Bringing up level for play took: 0.001881
[2017.10.31-17.59.28:819][451]LogLevel: ActivateLevel /Game/Niveles/UEDPIE_0_BlueLevel 0 0 0
[2017.10.31-17.59.28:820][451]PIE: Info Play in editor start time for /Game/ThirdPersonBP/Maps/UEDPIE_0_ThirdPersonExampleMap 0.813
[2017.10.31-17.59.28:820][451]LogBlueprintUserMessages: Late PlayInEditor Detection: Level '/Game/ThirdPersonBP/Maps/ThirdPersonExampleMap.ThirdPersonExampleMap:PersistentLevel' has LevelScriptBlueprint '/Game/ThirdPersonBP/Maps/ThirdPersonExampleMap.ThirdPersonExampleMap:PersistentLevel.ThirdPersonExampleMap' with GeneratedClass '/Game/ThirdPersonBP/Maps/ThirdPersonExampleMap.ThirdPersonExampleMap_C' with ClassGeneratedBy '/Game/ThirdPersonBP/Maps/ThirdPersonExampleMap.ThirdPersonExampleMap:PersistentLevel.ThirdPersonExampleMap'
[2017.10.31-17.59.28:820][451]LogBlueprintUserMessages: Late PlayInEditor Detection: Level '/Game/Niveles/BlueLevel.BlueLevel:PersistentLevel' has LevelScriptBlueprint '/Game/Niveles/BlueLevel.BlueLevel:PersistentLevel.BlueLevel' with GeneratedClass '/Game/Niveles/BlueLevel.BlueLevel_C' with ClassGeneratedBy '/Game/Niveles/BlueLevel.BlueLevel:PersistentLevel.BlueLevel'
[2017.10.31-17.59.28:821][451]LogLevel: ActivateLevel /Game/Niveles/UEDPIE_0_RedLevel 0 0 0
[2017.10.31-17.59.29:980][587]LogLevel: ActivateLevel /Game/Niveles/UEDPIE_0_BlueLevel 1 1 0
[2017.10.31-17.59.29:993][588]LogLevel: ActivateLevel /Game/Niveles/UEDPIE_0_RedLevel 0 0 0
[2017.10.31-17.59.31:378][754]LogBlueprintUserMessages: [StatsWarrior_C_2] Translation: X=0.000 Y=0.000 Z=0.000 Rotation: P=0.000000 Y=0.000000 R=0.000000 Scale X=1.000 Y=1.000 Z=1.000
[2017.10.31-17.59.41:869][ 13]LogBlueprintUserMessages: Early EndPlayMap Detection: Level '/Game/ThirdPersonBP/Maps/ThirdPersonExampleMap.ThirdPersonExampleMap:PersistentLevel' has LevelScriptBlueprint '/Game/ThirdPersonBP/Maps/ThirdPersonExampleMap.ThirdPersonExampleMap:PersistentLevel.ThirdPersonExampleMap' with GeneratedClass '/Game/ThirdPersonBP/Maps/ThirdPersonExampleMap.ThirdPersonExampleMap_C' with ClassGeneratedBy '/Game/ThirdPersonBP/Maps/ThirdPersonExampleMap.ThirdPersonExampleMap:PersistentLevel.ThirdPersonExampleMap'
[2017.10.31-17.59.41:869][ 13]LogBlueprintUserMessages: Early EndPlayMap Detection: Level '/Game/Niveles/BlueLevel.BlueLevel:PersistentLevel' has LevelScriptBlueprint '/Game/Niveles/BlueLevel.BlueLevel:PersistentLevel.BlueLevel' with GeneratedClass '/Game/Niveles/BlueLevel.BlueLevel_C' with ClassGeneratedBy '/Game/Niveles/BlueLevel.BlueLevel:PersistentLevel.BlueLevel'
[2017.10.31-17.59.41:902][ 13]LogBlueprintUserMessages: Late EndPlayMap Detection: Level '/Game/ThirdPersonBP/Maps/ThirdPersonExampleMap.ThirdPersonExampleMap:PersistentLevel' has LevelScriptBlueprint '/Game/ThirdPersonBP/Maps/ThirdPersonExampleMap.ThirdPersonExampleMap:PersistentLevel.ThirdPersonExampleMap' with GeneratedClass '/Game/ThirdPersonBP/Maps/ThirdPersonExampleMap.ThirdPersonExampleMap_C' with ClassGeneratedBy '/Game/ThirdPersonBP/Maps/ThirdPersonExampleMap.ThirdPersonExampleMap:PersistentLevel.ThirdPersonExampleMap'
[2017.10.31-17.59.41:902][ 13]LogBlueprintUserMessages: Late EndPlayMap Detection: Level '/Game/Niveles/BlueLevel.BlueLevel:PersistentLevel' has LevelScriptBlueprint '/Game/Niveles/BlueLevel.BlueLevel:PersistentLevel.BlueLevel' with GeneratedClass '/Game/Niveles/BlueLevel.BlueLevel_C' with ClassGeneratedBy '/Game/Niveles/BlueLevel.BlueLevel:PersistentLevel.BlueLevel'
[2017.10.31-17.59.44:909][370]LogTemp: Repeting last play command: Selected Viewport
[2017.10.31-17.59.44:926][370]LogBlueprintUserMessages: Early PlayInEditor Detection: Level '/Game/ThirdPersonBP/Maps/ThirdPersonExampleMap.ThirdPersonExampleMap:PersistentLevel' has LevelScriptBlueprint '/Game/ThirdPersonBP/Maps/ThirdPersonExampleMap.ThirdPersonExampleMap:PersistentLevel.ThirdPersonExampleMap' with GeneratedClass '/Game/ThirdPersonBP/Maps/ThirdPersonExampleMap.ThirdPersonExampleMap_C' with ClassGeneratedBy '/Game/ThirdPersonBP/Maps/ThirdPersonExampleMap.ThirdPersonExampleMap:PersistentLevel.ThirdPersonExampleMap'
[2017.10.31-17.59.44:926][370]LogBlueprintUserMessages: Early PlayInEditor Detection: Level '/Game/Niveles/BlueLevel.BlueLevel:PersistentLevel' has LevelScriptBlueprint '/Game/Niveles/BlueLevel.BlueLevel:PersistentLevel.BlueLevel' with GeneratedClass '/Game/Niveles/BlueLevel.BlueLevel_C' with ClassGeneratedBy '/Game/Niveles/BlueLevel.BlueLevel:PersistentLevel.BlueLevel'
[2017.10.31-17.59.44:926][370]LogPlayLevel: PlayLevel: No blueprints needed recompiling
[2017.10.31-17.59.44:926][370]PIE: New page: PIE session: ThirdPersonExampleMap (Oct 31, 2017, 7:59:44 PM)
[2017.10.31-17.59.44:926][370]LogPlayLevel: Creating play world package: /Game/ThirdPersonBP/Maps/UEDPIE_0_ThirdPersonExampleMap
[2017.10.31-17.59.44:940][370]LogPlayLevel: PIE: StaticDuplicateObject took: (0.013513s)
[2017.10.31-17.59.44:940][370]LogAIModule: Creating AISystem for world ThirdPersonExampleMap
[2017.10.31-17.59.44:940][370]LogPlayLevel: PIE: World Init took: (0.000718s)
[2017.10.31-17.59.44:941][370]LogPlayLevel: PIE: Created PIE world by copying editor world from /Game/ThirdPersonBP/Maps/ThirdPersonExampleMap.ThirdPersonExampleMap to /Game/ThirdPersonBP/Maps/UEDPIE_0_ThirdPersonExampleMap.ThirdPersonExampleMap (0.014461s)
[2017.10.31-17.59.44:976][370]LogInit: XAudio2 using 'Speakers (Realtek High Definition Audio)' : 2 channels at 48 kHz using 32 bits per sample (channel mask 0x3)
[2017.10.31-17.59.44:981][370]LogInit: FAudioDevice initialized.
[2017.10.31-17.59.45:015][370]LogLoad: Game class is 'ThirdPersonGameMode_C'
[2017.10.31-17.59.45:017][370]LogWorld: Bringing World /Game/ThirdPersonBP/Maps/UEDPIE_0_ThirdPersonExampleMap.ThirdPersonExampleMap up for play (max tick rate 0) at 2017.10.31-18.59.45
[2017.10.31-17.59.45:018][370]LogWorld: Bringing up level for play took: 0.002164
[2017.10.31-17.59.45:019][370]LogLevel: ActivateLevel /Game/Niveles/UEDPIE_0_BlueLevel 0 0 0
[2017.10.31-17.59.45:019][370]PIE: Info Play in editor start time for /Game/ThirdPersonBP/Maps/UEDPIE_0_ThirdPersonExampleMap 1.013
[2017.10.31-17.59.45:019][370]LogBlueprintUserMessages: Late PlayInEditor Detection: Level '/Game/ThirdPersonBP/Maps/ThirdPersonExampleMap.ThirdPersonExampleMap:PersistentLevel' has LevelScriptBlueprint '/Game/ThirdPersonBP/Maps/ThirdPersonExampleMap.ThirdPersonExampleMap:PersistentLevel.ThirdPersonExampleMap' with GeneratedClass '/Game/ThirdPersonBP/Maps/ThirdPersonExampleMap.ThirdPersonExampleMap_C' with ClassGeneratedBy '/Game/ThirdPersonBP/Maps/ThirdPersonExampleMap.ThirdPersonExampleMap:PersistentLevel.ThirdPersonExampleMap'
[2017.10.31-17.59.45:019][370]LogBlueprintUserMessages: Late PlayInEditor Detection: Level '/Game/Niveles/BlueLevel.BlueLevel:PersistentLevel' has LevelScriptBlueprint '/Game/Niveles/BlueLevel.BlueLevel:PersistentLevel.BlueLevel' with GeneratedClass '/Game/Niveles/BlueLevel.BlueLevel_C' with ClassGeneratedBy '/Game/Niveles/BlueLevel.BlueLevel:PersistentLevel.BlueLevel'
[2017.10.31-17.59.45:020][370]LogLevel: ActivateLevel /Game/Niveles/UEDPIE_0_RedLevel 0 0 0
[2017.10.31-17.59.46:030][488]LogLevel: ActivateLevel /Game/Niveles/UEDPIE_0_BlueLevel 1 1 0
[2017.10.31-17.59.46:043][489]LogLevel: ActivateLevel /Game/Niveles/UEDPIE_0_RedLevel 0 0 0
[2017.10.31-17.59.47:245][633]LogBlueprintUserMessages: [StatsWarrior_C_3] Translation: X=0.000 Y=0.000 Z=0.000 Rotation: P=0.000000 Y=0.000000 R=0.000000 Scale X=1.000 Y=1.000 Z=1.000
[2017.10.31-18.00.25:136][179]LogBlueprintUserMessages: Early EndPlayMap Detection: Level '/Game/ThirdPersonBP/Maps/ThirdPersonExampleMap.ThirdPersonExampleMap:PersistentLevel' has LevelScriptBlueprint '/Game/ThirdPersonBP/Maps/ThirdPersonExampleMap.ThirdPersonExampleMap:PersistentLevel.ThirdPersonExampleMap' with GeneratedClass '/Game/ThirdPersonBP/Maps/ThirdPersonExampleMap.ThirdPersonExampleMap_C' with ClassGeneratedBy '/Game/ThirdPersonBP/Maps/ThirdPersonExampleMap.ThirdPersonExampleMap:PersistentLevel.ThirdPersonExampleMap'
[2017.10.31-18.00.25:136][179]LogBlueprintUserMessages: Early EndPlayMap Detection: Level '/Game/Niveles/BlueLevel.BlueLevel:PersistentLevel' has LevelScriptBlueprint '/Game/Niveles/BlueLevel.BlueLevel:PersistentLevel.BlueLevel' with GeneratedClass '/Game/Niveles/BlueLevel.BlueLevel_C' with ClassGeneratedBy '/Game/Niveles/BlueLevel.BlueLevel:PersistentLevel.BlueLevel'
[2017.10.31-18.00.25:171][179]LogBlueprintUserMessages: Late EndPlayMap Detection: Level '/Game/ThirdPersonBP/Maps/ThirdPersonExampleMap.ThirdPersonExampleMap:PersistentLevel' has LevelScriptBlueprint '/Game/ThirdPersonBP/Maps/ThirdPersonExampleMap.ThirdPersonExampleMap:PersistentLevel.ThirdPersonExampleMap' with GeneratedClass '/Game/ThirdPersonBP/Maps/ThirdPersonExampleMap.ThirdPersonExampleMap_C' with ClassGeneratedBy '/Game/ThirdPersonBP/Maps/ThirdPersonExampleMap.ThirdPersonExampleMap:PersistentLevel.ThirdPersonExampleMap'
[2017.10.31-18.00.25:171][179]LogBlueprintUserMessages: Late EndPlayMap Detection: Level '/Game/Niveles/BlueLevel.BlueLevel:PersistentLevel' has LevelScriptBlueprint '/Game/Niveles/BlueLevel.BlueLevel:PersistentLevel.BlueLevel' with GeneratedClass '/Game/Niveles/BlueLevel.BlueLevel_C' with ClassGeneratedBy '/Game/Niveles/BlueLevel.BlueLevel:PersistentLevel.BlueLevel'
[2017.10.31-18.01.35:979][261]LogSavePackage: Save=12.55ms
[2017.10.31-18.01.35:979][261]LogSavePackage: Moving 'C:/Users/David/Documents/GitHub/FuturoImperfecto/PRUEBAS/MechHackAndSlash/Saved/W_GSAtkFuerte2_378B6F72844C07B46E9FA5DB06660023E.tmp' to 'C:/Users/David/Documents/GitHub/FuturoImperfecto/PRUEBAS/MechHackAndSlash/Content/Warrior/AnimationMontage/W_GSAtkFuerte2_3.uasset'
[2017.10.31-18.01.35:980][261]LogSavePackage:Display: Finished SavePackage C:/Users/David/Documents/GitHub/FuturoImperfecto/PRUEBAS/MechHackAndSlash/Content/Warrior/AnimationMontage/W_GSAtkFuerte2_3.uasset
[2017.10.31-18.01.39:202][570]LogSavePackage: Save=11.56ms
[2017.10.31-18.01.39:202][570]LogSavePackage: Moving 'C:/Users/David/Documents/GitHub/FuturoImperfecto/PRUEBAS/MechHackAndSlash/Saved/W_GSAtkFuerte2_23DFA24024E01736F81D698848E8DC576.tmp' to 'C:/Users/David/Documents/GitHub/FuturoImperfecto/PRUEBAS/MechHackAndSlash/Content/Warrior/AnimationMontage/W_GSAtkFuerte2_2.uasset'
[2017.10.31-18.01.39:204][570]LogSavePackage:Display: Finished SavePackage C:/Users/David/Documents/GitHub/FuturoImperfecto/PRUEBAS/MechHackAndSlash/Content/Warrior/AnimationMontage/W_GSAtkFuerte2_2.uasset
[2017.10.31-18.01.51:590][662]LogActorComponent: RegisterComponentWithWorld: (/Engine/Transient.World_9:PersistentLevel.Actor_2.DebugSkelMeshComponent_4) Already registered. Aborting.
[2017.10.31-18.01.51:613][662]LogSkeletalMesh: USkeletalMeshComponent::InitArticulated : Bodies already created (/Engine/Transient.World_9:PersistentLevel.Actor_2.DebugSkelMeshComponent_4) - call TermArticulated first.
[2017.10.31-18.01.51:834][662]LogContentBrowser:Verbose: The majority of assets in the view are of type: AnimSequence
[2017.10.31-18.02.28:199][149]LogTemp: Repeting last play command: Selected Viewport
[2017.10.31-18.02.28:216][149]LogBlueprintUserMessages: Early PlayInEditor Detection: Level '/Game/ThirdPersonBP/Maps/ThirdPersonExampleMap.ThirdPersonExampleMap:PersistentLevel' has LevelScriptBlueprint '/Game/ThirdPersonBP/Maps/ThirdPersonExampleMap.ThirdPersonExampleMap:PersistentLevel.ThirdPersonExampleMap' with GeneratedClass '/Game/ThirdPersonBP/Maps/ThirdPersonExampleMap.ThirdPersonExampleMap_C' with ClassGeneratedBy '/Game/ThirdPersonBP/Maps/ThirdPersonExampleMap.ThirdPersonExampleMap:PersistentLevel.ThirdPersonExampleMap'
[2017.10.31-18.02.28:216][149]LogBlueprintUserMessages: Early PlayInEditor Detection: Level '/Game/Niveles/BlueLevel.BlueLevel:PersistentLevel' has LevelScriptBlueprint '/Game/Niveles/BlueLevel.BlueLevel:PersistentLevel.BlueLevel' with GeneratedClass '/Game/Niveles/BlueLevel.BlueLevel_C' with ClassGeneratedBy '/Game/Niveles/BlueLevel.BlueLevel:PersistentLevel.BlueLevel'
[2017.10.31-18.02.28:216][149]BlueprintLog: New page: Pre-Play auto-recompile
[2017.10.31-18.02.28:216][149]LogPlayLevel: [PlayLevel] Compiling Warrior_BP before play...
[2017.10.31-18.02.28:300][149]LogPlayLevel: [PlayLevel]   Compiling Warrior_ABP as a dependent...
[2017.10.31-18.02.28:514][149]LogPlayLevel: PlayLevel: Blueprint regeneration took 296 ms (2 blueprints)
[2017.10.31-18.02.28:514][149]PIE: New page: PIE session: ThirdPersonExampleMap (Oct 31, 2017, 8:02:28 PM)
[2017.10.31-18.02.28:514][149]LogPlayLevel: Creating play world package: /Game/ThirdPersonBP/Maps/UEDPIE_0_ThirdPersonExampleMap
[2017.10.31-18.02.28:531][149]LogPlayLevel: PIE: StaticDuplicateObject took: (0.016656s)
[2017.10.31-18.02.28:531][149]LogAIModule: Creating AISystem for world ThirdPersonExampleMap
[2017.10.31-18.02.28:531][149]LogPlayLevel: PIE: World Init took: (0.000730s)
[2017.10.31-18.02.28:532][149]LogPlayLevel: PIE: Created PIE world by copying editor world from /Game/ThirdPersonBP/Maps/ThirdPersonExampleMap.ThirdPersonExampleMap to /Game/ThirdPersonBP/Maps/UEDPIE_0_ThirdPersonExampleMap.ThirdPersonExampleMap (0.017607s)
[2017.10.31-18.02.28:568][149]LogInit: XAudio2 using 'Speakers (Realtek High Definition Audio)' : 2 channels at 48 kHz using 32 bits per sample (channel mask 0x3)
[2017.10.31-18.02.28:573][149]LogInit: FAudioDevice initialized.
[2017.10.31-18.02.28:606][149]LogLoad: Game class is 'ThirdPersonGameMode_C'
[2017.10.31-18.02.28:608][149]LogWorld: Bringing World /Game/ThirdPersonBP/Maps/UEDPIE_0_ThirdPersonExampleMap.ThirdPersonExampleMap up for play (max tick rate 0) at 2017.10.31-19.02.28
[2017.10.31-18.02.28:609][149]LogWorld: Bringing up level for play took: 0.002010
[2017.10.31-18.02.28:610][149]LogLevel: ActivateLevel /Game/Niveles/UEDPIE_0_BlueLevel 0 0 0
[2017.10.31-18.02.28:610][149]PIE: Info Play in editor start time for /Game/ThirdPersonBP/Maps/UEDPIE_0_ThirdPersonExampleMap 0.603
[2017.10.31-18.02.28:610][149]LogBlueprintUserMessages: Late PlayInEditor Detection: Level '/Game/ThirdPersonBP/Maps/ThirdPersonExampleMap.ThirdPersonExampleMap:PersistentLevel' has LevelScriptBlueprint '/Game/ThirdPersonBP/Maps/ThirdPersonExampleMap.ThirdPersonExampleMap:PersistentLevel.ThirdPersonExampleMap' with GeneratedClass '/Game/ThirdPersonBP/Maps/ThirdPersonExampleMap.ThirdPersonExampleMap_C' with ClassGeneratedBy '/Game/ThirdPersonBP/Maps/ThirdPersonExampleMap.ThirdPersonExampleMap:PersistentLevel.ThirdPersonExampleMap'
[2017.10.31-18.02.28:610][149]LogBlueprintUserMessages: Late PlayInEditor Detection: Level '/Game/Niveles/BlueLevel.BlueLevel:PersistentLevel' has LevelScriptBlueprint '/Game/Niveles/BlueLevel.BlueLevel:PersistentLevel.BlueLevel' with GeneratedClass '/Game/Niveles/BlueLevel.BlueLevel_C' with ClassGeneratedBy '/Game/Niveles/BlueLevel.BlueLevel:PersistentLevel.BlueLevel'
[2017.10.31-18.02.28:611][149]LogLevel: ActivateLevel /Game/Niveles/UEDPIE_0_RedLevel 0 0 0
[2017.10.31-18.02.30:306][329]LogLevel: ActivateLevel /Game/Niveles/UEDPIE_0_BlueLevel 1 1 0
[2017.10.31-18.02.30:320][330]LogLevel: ActivateLevel /Game/Niveles/UEDPIE_0_RedLevel 0 0 0
[2017.10.31-18.02.31:663][491]LogBlueprintUserMessages: [StatsWarrior_C_1] Translation: X=0.000 Y=0.000 Z=0.000 Rotation: P=0.000000 Y=0.000000 R=0.000000 Scale X=1.000 Y=1.000 Z=1.000
[2017.10.31-18.02.50:254][722]LogBlueprintUserMessages: Early EndPlayMap Detection: Level '/Game/ThirdPersonBP/Maps/ThirdPersonExampleMap.ThirdPersonExampleMap:PersistentLevel' has LevelScriptBlueprint '/Game/ThirdPersonBP/Maps/ThirdPersonExampleMap.ThirdPersonExampleMap:PersistentLevel.ThirdPersonExampleMap' with GeneratedClass '/Game/ThirdPersonBP/Maps/ThirdPersonExampleMap.ThirdPersonExampleMap_C' with ClassGeneratedBy '/Game/ThirdPersonBP/Maps/ThirdPersonExampleMap.ThirdPersonExampleMap:PersistentLevel.ThirdPersonExampleMap'
[2017.10.31-18.02.50:254][722]LogBlueprintUserMessages: Early EndPlayMap Detection: Level '/Game/Niveles/BlueLevel.BlueLevel:PersistentLevel' has LevelScriptBlueprint '/Game/Niveles/BlueLevel.BlueLevel:PersistentLevel.BlueLevel' with GeneratedClass '/Game/Niveles/BlueLevel.BlueLevel_C' with ClassGeneratedBy '/Game/Niveles/BlueLevel.BlueLevel:PersistentLevel.BlueLevel'
[2017.10.31-18.02.50:286][722]LogBlueprintUserMessages: Late EndPlayMap Detection: Level '/Game/ThirdPersonBP/Maps/ThirdPersonExampleMap.ThirdPersonExampleMap:PersistentLevel' has LevelScriptBlueprint '/Game/ThirdPersonBP/Maps/ThirdPersonExampleMap.ThirdPersonExampleMap:PersistentLevel.ThirdPersonExampleMap' with GeneratedClass '/Game/ThirdPersonBP/Maps/ThirdPersonExampleMap.ThirdPersonExampleMap_C' with ClassGeneratedBy '/Game/ThirdPersonBP/Maps/ThirdPersonExampleMap.ThirdPersonExampleMap:PersistentLevel.ThirdPersonExampleMap'
[2017.10.31-18.02.50:286][722]LogBlueprintUserMessages: Late EndPlayMap Detection: Level '/Game/Niveles/BlueLevel.BlueLevel:PersistentLevel' has LevelScriptBlueprint '/Game/Niveles/BlueLevel.BlueLevel:PersistentLevel.BlueLevel' with GeneratedClass '/Game/Niveles/BlueLevel.BlueLevel_C' with ClassGeneratedBy '/Game/Niveles/BlueLevel.BlueLevel:PersistentLevel.BlueLevel'
[2017.10.31-18.03.30:237][872]Cmd: OBJ SAVEPACKAGE PACKAGE="/Game/Warrior/Warrior_BP" FILE="C:/Users/David/Documents/GitHub/FuturoImperfecto/PRUEBAS/MechHackAndSlash/Content/Warrior/Warrior_BP.uasset" SILENT=true
[2017.10.31-18.03.30:501][872]LogSavePackage: Save=247.03ms
[2017.10.31-18.03.30:501][872]LogSavePackage: Moving 'C:/Users/David/Documents/GitHub/FuturoImperfecto/PRUEBAS/MechHackAndSlash/Saved/Warrior_BP7763033F434BF24D5214CE982E16E8A3.tmp' to 'C:/Users/David/Documents/GitHub/FuturoImperfecto/PRUEBAS/MechHackAndSlash/Content/Warrior/Warrior_BP.uasset'
[2017.10.31-18.03.30:503][872]LogSavePackage:Display: Finished SavePackage C:/Users/David/Documents/GitHub/FuturoImperfecto/PRUEBAS/MechHackAndSlash/Content/Warrior/Warrior_BP.uasset
[2017.10.31-18.05.58:591][410]LogSavePackage: Save=6.15ms
[2017.10.31-18.05.58:591][410]LogSavePackage: Moving 'C:/Users/David/Documents/GitHub/FuturoImperfecto/PRUEBAS/MechHackAndSlash/Saved/W_GSAtkFuerte2_14D96804F42875751746DA7923ACEBF32.tmp' to 'C:/Users/David/Documents/GitHub/FuturoImperfecto/PRUEBAS/MechHackAndSlash/Content/Warrior/AnimationMontage/W_GSAtkFuerte2_1.uasset'
[2017.10.31-18.05.58:593][410]LogSavePackage:Display: Finished SavePackage C:/Users/David/Documents/GitHub/FuturoImperfecto/PRUEBAS/MechHackAndSlash/Content/Warrior/AnimationMontage/W_GSAtkFuerte2_1.uasset
[2017.10.31-18.05.58:610][410]LogSavePackage: Save=5.39ms
[2017.10.31-18.05.58:610][410]LogSavePackage: Moving 'C:/Users/David/Documents/GitHub/FuturoImperfecto/PRUEBAS/MechHackAndSlash/Saved/W_GSAtkFuerte2_23CA457AC446EE4CFD77CED901973CC06.tmp' to 'C:/Users/David/Documents/GitHub/FuturoImperfecto/PRUEBAS/MechHackAndSlash/Content/Warrior/AnimationMontage/W_GSAtkFuerte2_2.uasset'
[2017.10.31-18.05.58:612][410]LogSavePackage:Display: Finished SavePackage C:/Users/David/Documents/GitHub/FuturoImperfecto/PRUEBAS/MechHackAndSlash/Content/Warrior/AnimationMontage/W_GSAtkFuerte2_2.uasset
[2017.10.31-18.05.58:635][410]LogSavePackage: Save=9.78ms
[2017.10.31-18.05.58:635][410]LogSavePackage: Moving 'C:/Users/David/Documents/GitHub/FuturoImperfecto/PRUEBAS/MechHackAndSlash/Saved/W_GSAtkFuerte2_3F17DB727403C43E009153DBBDC1C54C6.tmp' to 'C:/Users/David/Documents/GitHub/FuturoImperfecto/PRUEBAS/MechHackAndSlash/Content/Warrior/AnimationMontage/W_GSAtkFuerte2_3.uasset'
[2017.10.31-18.05.58:637][410]LogSavePackage:Display: Finished SavePackage C:/Users/David/Documents/GitHub/FuturoImperfecto/PRUEBAS/MechHackAndSlash/Content/Warrior/AnimationMontage/W_GSAtkFuerte2_3.uasset
[2017.10.31-18.10.05:331][592]LogFileHelpers: Editor autosave (incl. sublevels) for '/Game/ThirdPersonBP/Maps/ThirdPersonExampleMap' took 0.019
[2017.10.31-18.10.05:332][592]OBJ SavePackage: Generating thumbnails for [1] asset(s) in package [/Game/Warrior/Warrior_BP] ([1] browsable assets)...
[2017.10.31-18.10.05:343][592]OBJ SavePackage:     Rendered thumbnail for [Blueprint /Game/Warrior/Warrior_BP.Warrior_BP]
[2017.10.31-18.10.05:343][592]OBJ SavePackage: Finished generating thumbnails for package [/Game/Warrior/Warrior_BP]
[2017.10.31-18.10.05:615][592]LogSavePackage: Save=254.00ms
[2017.10.31-18.10.05:615][592]LogSavePackage: Moving 'C:/Users/David/Documents/GitHub/FuturoImperfecto/PRUEBAS/MechHackAndSlash/Saved/Warrior_BP_Auto10D414EB943885481DB63649E63D55FC4.tmp' to 'C:/Users/David/Documents/GitHub/FuturoImperfecto/PRUEBAS/MechHackAndSlash/Saved/Autosaves/Game/Warrior/Warrior_BP_Auto1.uasset'
[2017.10.31-18.10.05:616][592]LogSavePackage:Display: Finished SavePackage C:/Users/David/Documents/GitHub/FuturoImperfecto/PRUEBAS/MechHackAndSlash/Saved/Autosaves/Game/Warrior/Warrior_BP_Auto1.uasset
[2017.10.31-18.10.05:616][592]LogFileHelpers: Auto-saving content packages took 0.284
[2017.10.31-18.10.10:367][934]Cmd: OBJ SAVEPACKAGE PACKAGE="/Game/Warrior/Warrior_BP" FILE="C:/Users/David/Documents/GitHub/FuturoImperfecto/PRUEBAS/MechHackAndSlash/Content/Warrior/Warrior_BP.uasset" SILENT=true
[2017.10.31-18.10.10:629][934]LogSavePackage: Save=251.98ms
[2017.10.31-18.10.10:629][934]LogSavePackage: Moving 'C:/Users/David/Documents/GitHub/FuturoImperfecto/PRUEBAS/MechHackAndSlash/Saved/Warrior_BP45CCF8B040E387DA58A01092F8A3286C.tmp' to 'C:/Users/David/Documents/GitHub/FuturoImperfecto/PRUEBAS/MechHackAndSlash/Content/Warrior/Warrior_BP.uasset'
[2017.10.31-18.10.10:631][934]LogSavePackage:Display: Finished SavePackage C:/Users/David/Documents/GitHub/FuturoImperfecto/PRUEBAS/MechHackAndSlash/Content/Warrior/Warrior_BP.uasset
[2017.10.31-18.11.22:607][522]Cmd: OBJ SAVEPACKAGE PACKAGE="/Game/Warrior/Warrior_BP" FILE="C:/Users/David/Documents/GitHub/FuturoImperfecto/PRUEBAS/MechHackAndSlash/Content/Warrior/Warrior_BP.uasset" SILENT=true
[2017.10.31-18.11.22:871][522]LogSavePackage: Save=250.19ms
[2017.10.31-18.11.22:871][522]LogSavePackage: Moving 'C:/Users/David/Documents/GitHub/FuturoImperfecto/PRUEBAS/MechHackAndSlash/Saved/Warrior_BPCC85AFF044991EE7C05A6FAB5E429B42.tmp' to 'C:/Users/David/Documents/GitHub/FuturoImperfecto/PRUEBAS/MechHackAndSlash/Content/Warrior/Warrior_BP.uasset'
[2017.10.31-18.11.22:874][522]LogSavePackage:Display: Finished SavePackage C:/Users/David/Documents/GitHub/FuturoImperfecto/PRUEBAS/MechHackAndSlash/Content/Warrior/Warrior_BP.uasset
[2017.10.31-18.11.56:056][481]BlueprintLog: New page: Compile Warrior_BP
[2017.10.31-18.12.36:072][682]BlueprintLog: New page: Compile Warrior_ABP
[2017.10.31-18.12.36:707][718]Cmd: OBJ SAVEPACKAGE PACKAGE="/Game/Warrior/Warrior_ABP" FILE="C:/Users/David/Documents/GitHub/FuturoImperfecto/PRUEBAS/MechHackAndSlash/Content/Warrior/Warrior_ABP.uasset" SILENT=true
[2017.10.31-18.12.36:911][718]LogSavePackage: Save=182.90ms
[2017.10.31-18.12.36:911][718]LogSavePackage: Moving 'C:/Users/David/Documents/GitHub/FuturoImperfecto/PRUEBAS/MechHackAndSlash/Saved/Warrior_ABPBEFA0196488FC6C10F51B5903007B75F.tmp' to 'C:/Users/David/Documents/GitHub/FuturoImperfecto/PRUEBAS/MechHackAndSlash/Content/Warrior/Warrior_ABP.uasset'
[2017.10.31-18.12.36:913][718]LogSavePackage:Display: Finished SavePackage C:/Users/David/Documents/GitHub/FuturoImperfecto/PRUEBAS/MechHackAndSlash/Content/Warrior/Warrior_ABP.uasset
[2017.10.31-18.12.43:197][167]Cmd: OBJ SAVEPACKAGE PACKAGE="/Game/Warrior/Warrior_ABP" FILE="C:/Users/David/Documents/GitHub/FuturoImperfecto/PRUEBAS/MechHackAndSlash/Content/Warrior/Warrior_ABP.uasset" SILENT=true
[2017.10.31-18.12.43:381][167]LogSavePackage: Save=176.03ms
[2017.10.31-18.12.43:381][167]LogSavePackage: Moving 'C:/Users/David/Documents/GitHub/FuturoImperfecto/PRUEBAS/MechHackAndSlash/Saved/Warrior_ABPB94635874C203390BA8A2B869C0391A7.tmp' to 'C:/Users/David/Documents/GitHub/FuturoImperfecto/PRUEBAS/MechHackAndSlash/Content/Warrior/Warrior_ABP.uasset'
[2017.10.31-18.12.43:382][167]LogSavePackage:Display: Finished SavePackage C:/Users/David/Documents/GitHub/FuturoImperfecto/PRUEBAS/MechHackAndSlash/Content/Warrior/Warrior_ABP.uasset
[2017.10.31-18.12.49:740][876]Cmd: OBJ SAVEPACKAGE PACKAGE="/Game/Warrior/Warrior_BP" FILE="C:/Users/David/Documents/GitHub/FuturoImperfecto/PRUEBAS/MechHackAndSlash/Content/Warrior/Warrior_BP.uasset" SILENT=true
[2017.10.31-18.12.50:003][876]LogSavePackage: Save=254.09ms
[2017.10.31-18.12.50:003][876]LogSavePackage: Moving 'C:/Users/David/Documents/GitHub/FuturoImperfecto/PRUEBAS/MechHackAndSlash/Saved/Warrior_BP5FD98988404551EAA91E4AB6DAB92936.tmp' to 'C:/Users/David/Documents/GitHub/FuturoImperfecto/PRUEBAS/MechHackAndSlash/Content/Warrior/Warrior_BP.uasset'
[2017.10.31-18.12.50:005][876]LogSavePackage:Display: Finished SavePackage C:/Users/David/Documents/GitHub/FuturoImperfecto/PRUEBAS/MechHackAndSlash/Content/Warrior/Warrior_BP.uasset
[2017.10.31-18.12.57:348][569]BlueprintLog: New page: Compile Warrior_BP
[2017.10.31-18.12.58:190][598]Cmd: OBJ SAVEPACKAGE PACKAGE="/Game/Warrior/Warrior_BP" FILE="C:/Users/David/Documents/GitHub/FuturoImperfecto/PRUEBAS/MechHackAndSlash/Content/Warrior/Warrior_BP.uasset" SILENT=true
[2017.10.31-18.12.58:455][598]LogSavePackage: Save=251.68ms
[2017.10.31-18.12.58:455][598]LogSavePackage: Moving 'C:/Users/David/Documents/GitHub/FuturoImperfecto/PRUEBAS/MechHackAndSlash/Saved/Warrior_BP8A88242B4109404A5B280BB0F01D247F.tmp' to 'C:/Users/David/Documents/GitHub/FuturoImperfecto/PRUEBAS/MechHackAndSlash/Content/Warrior/Warrior_BP.uasset'
[2017.10.31-18.12.58:457][598]LogSavePackage:Display: Finished SavePackage C:/Users/David/Documents/GitHub/FuturoImperfecto/PRUEBAS/MechHackAndSlash/Content/Warrior/Warrior_BP.uasset
[2017.10.31-18.13.00:904][838]LogTemp: Repeting last play command: Selected Viewport
[2017.10.31-18.13.00:922][838]LogBlueprintUserMessages: Early PlayInEditor Detection: Level '/Game/ThirdPersonBP/Maps/ThirdPersonExampleMap.ThirdPersonExampleMap:PersistentLevel' has LevelScriptBlueprint '/Game/ThirdPersonBP/Maps/ThirdPersonExampleMap.ThirdPersonExampleMap:PersistentLevel.ThirdPersonExampleMap' with GeneratedClass '/Game/ThirdPersonBP/Maps/ThirdPersonExampleMap.ThirdPersonExampleMap_C' with ClassGeneratedBy '/Game/ThirdPersonBP/Maps/ThirdPersonExampleMap.ThirdPersonExampleMap:PersistentLevel.ThirdPersonExampleMap'
[2017.10.31-18.13.00:922][838]LogBlueprintUserMessages: Early PlayInEditor Detection: Level '/Game/Niveles/BlueLevel.BlueLevel:PersistentLevel' has LevelScriptBlueprint '/Game/Niveles/BlueLevel.BlueLevel:PersistentLevel.BlueLevel' with GeneratedClass '/Game/Niveles/BlueLevel.BlueLevel_C' with ClassGeneratedBy '/Game/Niveles/BlueLevel.BlueLevel:PersistentLevel.BlueLevel'
[2017.10.31-18.13.00:922][838]LogPlayLevel: PlayLevel: No blueprints needed recompiling
[2017.10.31-18.13.00:922][838]PIE: New page: PIE session: ThirdPersonExampleMap (Oct 31, 2017, 8:13:00 PM)
[2017.10.31-18.13.00:922][838]LogPlayLevel: Creating play world package: /Game/ThirdPersonBP/Maps/UEDPIE_0_ThirdPersonExampleMap
[2017.10.31-18.13.00:940][838]LogPlayLevel: PIE: StaticDuplicateObject took: (0.017383s)
[2017.10.31-18.13.00:940][838]LogAIModule: Creating AISystem for world ThirdPersonExampleMap
[2017.10.31-18.13.00:941][838]LogPlayLevel: PIE: World Init took: (0.000794s)
[2017.10.31-18.13.00:941][838]LogPlayLevel: PIE: Created PIE world by copying editor world from /Game/ThirdPersonBP/Maps/ThirdPersonExampleMap.ThirdPersonExampleMap to /Game/ThirdPersonBP/Maps/UEDPIE_0_ThirdPersonExampleMap.ThirdPersonExampleMap (0.018401s)
[2017.10.31-18.13.00:977][838]LogInit: XAudio2 using 'Speakers (Realtek High Definition Audio)' : 2 channels at 48 kHz using 32 bits per sample (channel mask 0x3)
[2017.10.31-18.13.00:983][838]LogInit: FAudioDevice initialized.
[2017.10.31-18.13.01:015][838]LogLoad: Game class is 'ThirdPersonGameMode_C'
[2017.10.31-18.13.01:018][838]LogWorld: Bringing World /Game/ThirdPersonBP/Maps/UEDPIE_0_ThirdPersonExampleMap.ThirdPersonExampleMap up for play (max tick rate 0) at 2017.10.31-19.13.01
[2017.10.31-18.13.01:018][838]LogWorld: Bringing up level for play took: 0.002012
[2017.10.31-18.13.01:019][838]LogLevel: ActivateLevel /Game/Niveles/UEDPIE_0_BlueLevel 0 0 0
[2017.10.31-18.13.01:019][838]PIE: Info Play in editor start time for /Game/ThirdPersonBP/Maps/UEDPIE_0_ThirdPersonExampleMap 1.013
[2017.10.31-18.13.01:019][838]LogBlueprintUserMessages: Late PlayInEditor Detection: Level '/Game/ThirdPersonBP/Maps/ThirdPersonExampleMap.ThirdPersonExampleMap:PersistentLevel' has LevelScriptBlueprint '/Game/ThirdPersonBP/Maps/ThirdPersonExampleMap.ThirdPersonExampleMap:PersistentLevel.ThirdPersonExampleMap' with GeneratedClass '/Game/ThirdPersonBP/Maps/ThirdPersonExampleMap.ThirdPersonExampleMap_C' with ClassGeneratedBy '/Game/ThirdPersonBP/Maps/ThirdPersonExampleMap.ThirdPersonExampleMap:PersistentLevel.ThirdPersonExampleMap'
[2017.10.31-18.13.01:019][838]LogBlueprintUserMessages: Late PlayInEditor Detection: Level '/Game/Niveles/BlueLevel.BlueLevel:PersistentLevel' has LevelScriptBlueprint '/Game/Niveles/BlueLevel.BlueLevel:PersistentLevel.BlueLevel' with GeneratedClass '/Game/Niveles/BlueLevel.BlueLevel_C' with ClassGeneratedBy '/Game/Niveles/BlueLevel.BlueLevel:PersistentLevel.BlueLevel'
[2017.10.31-18.13.01:021][838]LogLevel: ActivateLevel /Game/Niveles/UEDPIE_0_RedLevel 0 0 0
[2017.10.31-18.13.02:097][964]LogLevel: ActivateLevel /Game/Niveles/UEDPIE_0_BlueLevel 1 1 0
[2017.10.31-18.13.02:111][965]LogLevel: ActivateLevel /Game/Niveles/UEDPIE_0_RedLevel 0 0 0
[2017.10.31-18.13.03:904][180]LogBlueprintUserMessages: [StatsWarrior_C_1] Translation: X=0.000 Y=0.000 Z=0.000 Rotation: P=0.000000 Y=0.000000 R=0.000000 Scale X=1.000 Y=1.000 Z=1.000
[2017.10.31-18.13.32:537][613]LogBlueprintUserMessages: Early EndPlayMap Detection: Level '/Game/ThirdPersonBP/Maps/ThirdPersonExampleMap.ThirdPersonExampleMap:PersistentLevel' has LevelScriptBlueprint '/Game/ThirdPersonBP/Maps/ThirdPersonExampleMap.ThirdPersonExampleMap:PersistentLevel.ThirdPersonExampleMap' with GeneratedClass '/Game/ThirdPersonBP/Maps/ThirdPersonExampleMap.ThirdPersonExampleMap_C' with ClassGeneratedBy '/Game/ThirdPersonBP/Maps/ThirdPersonExampleMap.ThirdPersonExampleMap:PersistentLevel.ThirdPersonExampleMap'
[2017.10.31-18.13.32:537][613]LogBlueprintUserMessages: Early EndPlayMap Detection: Level '/Game/Niveles/BlueLevel.BlueLevel:PersistentLevel' has LevelScriptBlueprint '/Game/Niveles/BlueLevel.BlueLevel:PersistentLevel.BlueLevel' with GeneratedClass '/Game/Niveles/BlueLevel.BlueLevel_C' with ClassGeneratedBy '/Game/Niveles/BlueLevel.BlueLevel:PersistentLevel.BlueLevel'
[2017.10.31-18.13.32:569][613]LogBlueprintUserMessages: Late EndPlayMap Detection: Level '/Game/ThirdPersonBP/Maps/ThirdPersonExampleMap.ThirdPersonExampleMap:PersistentLevel' has LevelScriptBlueprint '/Game/ThirdPersonBP/Maps/ThirdPersonExampleMap.ThirdPersonExampleMap:PersistentLevel.ThirdPersonExampleMap' with GeneratedClass '/Game/ThirdPersonBP/Maps/ThirdPersonExampleMap.ThirdPersonExampleMap_C' with ClassGeneratedBy '/Game/ThirdPersonBP/Maps/ThirdPersonExampleMap.ThirdPersonExampleMap:PersistentLevel.ThirdPersonExampleMap'
[2017.10.31-18.13.32:569][613]LogBlueprintUserMessages: Late EndPlayMap Detection: Level '/Game/Niveles/BlueLevel.BlueLevel:PersistentLevel' has LevelScriptBlueprint '/Game/Niveles/BlueLevel.BlueLevel:PersistentLevel.BlueLevel' with GeneratedClass '/Game/Niveles/BlueLevel.BlueLevel_C' with ClassGeneratedBy '/Game/Niveles/BlueLevel.BlueLevel:PersistentLevel.BlueLevel'
[2017.10.31-18.14.41:563][667]LogWindowsTextInputMethodSystem:Display: IME system now deactivated.
[2017.10.31-18.14.41:760][668]Cmd: QUIT_EDITOR
[2017.10.31-18.14.42:481][668]LogExit: Preparing to exit.
[2017.10.31-18.14.43:495][668]LogExit: Editor shut down
[2017.10.31-18.14.43:499][668]LogExit: Transaction tracking system shut down
[2017.10.31-18.14.43:590][668]LogObj: Freed 0b from 0 cluster array pools.
[2017.10.31-18.14.43:590][668]LogExit: Object subsystem successfully closed.
[2017.10.31-18.14.43:606][668]LogD3D11RHI: Shutdown
[2017.10.31-18.14.43:606][668]LogD3D11RHI: CleanupD3DDevice
[2017.10.31-18.14.43:680][668]LogD3D11RHI: ~FD3D11DynamicRHI
[2017.10.31-18.14.43:692][668]LogModuleManager: Shutting down and abandoning module MovieSceneCapture (540)
[2017.10.31-18.14.43:692][668]LogModuleManager: Shutting down and abandoning module ClothingSystemEditorInterface (538)
[2017.10.31-18.14.43:692][668]LogModuleManager: Shutting down and abandoning module AnimationBlueprintEditor (536)
[2017.10.31-18.14.43:692][668]LogModuleManager: Shutting down and abandoning module BlueprintGraph (534)
[2017.10.31-18.14.43:692][668]LogModuleManager: Shutting down and abandoning module BlueprintProfiler (532)
[2017.10.31-18.14.43:700][668]LogModuleManager: Shutting down and abandoning module SkeletonEditor (530)
[2017.10.31-18.14.43:700][668]LogModuleManager: Shutting down and abandoning module AnimationEditor (528)
[2017.10.31-18.14.43:700][668]LogModuleManager: Shutting down and abandoning module HierarchicalLODOutliner (526)
[2017.10.31-18.14.43:700][668]LogModuleManager: Shutting down and abandoning module CrashTracker (524)
[2017.10.31-18.14.43:700][668]LogModuleManager: Shutting down and abandoning module WorldBrowser (522)
[2017.10.31-18.14.43:700][668]LogModuleManager: Shutting down and abandoning module SceneOutliner (520)
[2017.10.31-18.14.43:700][668]LogModuleManager: Shutting down and abandoning module AddContentDialog (518)
[2017.10.31-18.14.43:709][668]LogDirectoryWatcher: A directory notification for 'D:/Program Files (x86)/Epic Games/UE_4.16/FeaturePacks/' was aborted.
[2017.10.31-18.14.43:710][668]LogModuleManager: Shutting down and abandoning module WidgetCarousel (517)
[2017.10.31-18.14.43:710][668]LogModuleManager: Shutting down and abandoning module EditorWidgets (514)
[2017.10.31-18.14.43:710][668]LogModuleManager: Shutting down and abandoning module CollectionManager (512)
[2017.10.31-18.14.43:710][668]LogDirectoryWatcher: A directory notification for 'C:/Users/David/Documents/GitHub/FuturoImperfecto/PRUEBAS/MechHackAndSlash/Content/Collections/' was aborted.
[2017.10.31-18.14.43:710][668]LogDirectoryWatcher: A directory notification for 'C:/Users/David/Documents/GitHub/FuturoImperfecto/PRUEBAS/MechHackAndSlash/Content/Developers/David/Collections/' was aborted.
[2017.10.31-18.14.43:710][668]LogDirectoryWatcher: A directory notification for 'C:/Users/David/Documents/GitHub/FuturoImperfecto/PRUEBAS/MechHackAndSlash/Saved/Collections/' was aborted.
[2017.10.31-18.14.43:710][668]LogModuleManager: Shutting down and abandoning module StatsViewer (510)
[2017.10.31-18.14.43:710][668]LogModuleManager: Shutting down and abandoning module FoliageEdit (508)
[2017.10.31-18.14.43:710][668]LogModuleManager: Shutting down and abandoning module LandscapeEditor (506)
[2017.10.31-18.14.43:710][668]LogModuleManager: Shutting down and abandoning module MeshPaintMode (504)
[2017.10.31-18.14.43:710][668]LogModuleManager: Shutting down and abandoning module SceneDepthPickerMode (502)
[2017.10.31-18.14.43:710][668]LogModuleManager: Shutting down and abandoning module ActorPickerMode (500)
[2017.10.31-18.14.43:710][668]LogModuleManager: Shutting down and abandoning module GeometryMode (498)
[2017.10.31-18.14.43:710][668]LogModuleManager: Shutting down and abandoning module TextureAlignMode (496)
[2017.10.31-18.14.43:710][668]LogModuleManager: Shutting down and abandoning module BspMode (494)
[2017.10.31-18.14.43:710][668]LogModuleManager: Shutting down and abandoning module HardwareSurvey (492)
[2017.10.31-18.14.43:710][668]LogModuleManager: Shutting down and abandoning module SequenceRecorderSections (490)
[2017.10.31-18.14.43:710][668]LogModuleManager: Shutting down and abandoning module AutomationWorker (488)
[2017.10.31-18.14.43:710][668]LogModuleManager: Shutting down and abandoning module MatineeToLevelSequence (486)
[2017.10.31-18.14.43:711][668]LogModuleManager: Shutting down and abandoning module LevelSequenceEditor (484)
[2017.10.31-18.14.43:711][668]LogModuleManager: Shutting down and abandoning module PlacementMode (483)
[2017.10.31-18.14.43:711][668]LogModuleManager: Shutting down and abandoning module WmfMediaFactory (480)
[2017.10.31-18.14.43:711][668]LogModuleManager: Shutting down and abandoning module WmfMediaEditor (478)
[2017.10.31-18.14.43:711][668]LogModuleManager: Shutting down and abandoning module AvfMediaFactory (476)
[2017.10.31-18.14.43:711][668]LogModuleManager: Shutting down and abandoning module AvfMediaEditor (474)
[2017.10.31-18.14.43:711][668]LogModuleManager: Shutting down and abandoning module AndroidMediaFactory (472)
[2017.10.31-18.14.43:711][668]LogModuleManager: Shutting down and abandoning module Media (471)
[2017.10.31-18.14.43:711][668]LogModuleManager: Shutting down and abandoning module AndroidMediaEditor (468)
[2017.10.31-18.14.43:711][668]LogModuleManager: Shutting down and abandoning module CharacterAI (466)
[2017.10.31-18.14.43:711][668]LogModuleManager: Shutting down and abandoning module AudioCapture (464)
[2017.10.31-18.14.43:711][668]LogModuleManager: Shutting down and abandoning module SequenceRecorder (463)
[2017.10.31-18.14.43:711][668]LogModuleManager: Shutting down and abandoning module SmartSnapping (460)
[2017.10.31-18.14.43:711][668]LogModuleManager: Shutting down and abandoning module SessionServices (458)
[2017.10.31-18.14.43:711][668]LogModuleManager: Shutting down and abandoning module ViewportSnapping (456)
[2017.10.31-18.14.43:711][668]LogModuleManager: Shutting down and abandoning module ViewportInteraction (454)
[2017.10.31-18.14.43:711][668]LogModuleManager: Shutting down and abandoning module ClothPainter (452)
[2017.10.31-18.14.43:711][668]LogModuleManager: Shutting down and abandoning module LogVisualizer (450)
[2017.10.31-18.14.43:711][668]LogModuleManager: Shutting down and abandoning module IntroTutorials (448)
[2017.10.31-18.14.43:711][668]LogModuleManager: Shutting down and abandoning module GameProjectGeneration (447)
[2017.10.31-18.14.43:711][668]LogModuleManager: Shutting down and abandoning module EditorLiveStreaming (444)
[2017.10.31-18.14.43:711][668]LogModuleManager: Shutting down and abandoning module IOSPlatformEditor (442)
[2017.10.31-18.14.43:711][668]LogModuleManager: Shutting down and abandoning module HTML5PlatformEditor (440)
[2017.10.31-18.14.43:711][668]LogModuleManager: Shutting down and abandoning module AndroidPlatformEditor (438)
[2017.10.31-18.14.43:711][668]LogModuleManager: Shutting down and abandoning module AndroidDeviceDetection (437)
[2017.10.31-18.14.43:958][668]LogModuleManager: Shutting down and abandoning module IOSRuntimeSettings (434)
[2017.10.31-18.14.43:958][668]LogModuleManager: Shutting down and abandoning module AndroidRuntimeSettings (432)
[2017.10.31-18.14.43:958][668]LogModuleManager: Shutting down and abandoning module InputBindingEditor (430)
[2017.10.31-18.14.43:958][668]LogModuleManager: Shutting down and abandoning module MergeActors (428)
[2017.10.31-18.14.43:958][668]LogModuleManager: Shutting down and abandoning module SizeMap (426)
[2017.10.31-18.14.43:958][668]LogModuleManager: Shutting down and abandoning module TreeMap (424)
[2017.10.31-18.14.43:958][668]LogModuleManager: Shutting down and abandoning module ReferenceViewer (422)
[2017.10.31-18.14.43:958][668]LogModuleManager: Shutting down and abandoning module LocalizationDashboard (420)
[2017.10.31-18.14.43:958][668]LogModuleManager: Shutting down and abandoning module LocalizationService (419)
[2017.10.31-18.14.43:958][668]LogModuleManager: Shutting down and abandoning module HardwareTargeting (416)
[2017.10.31-18.14.43:958][668]LogModuleManager: Shutting down and abandoning module DeviceProfileEditor (414)
[2017.10.31-18.14.43:958][668]LogModuleManager: Shutting down and abandoning module UndoHistory (412)
[2017.10.31-18.14.43:958][668]LogModuleManager: Shutting down and abandoning module UserFeedback (410)
[2017.10.31-18.14.43:958][668]LogModuleManager: Shutting down and abandoning module XmlParser (408)
[2017.10.31-18.14.43:958][668]LogModuleManager: Shutting down and abandoning module Blutility (406)
[2017.10.31-18.14.43:958][668]LogModuleManager: Shutting down and abandoning module ProjectSettingsViewer (404)
[2017.10.31-18.14.43:958][668]LogModuleManager: Shutting down and abandoning module ProjectTargetPlatformEditor (403)
[2017.10.31-18.14.43:959][668]LogModuleManager: Shutting down and abandoning module EditorSettingsViewer (400)
[2017.10.31-18.14.43:959][668]LogModuleManager: Shutting down and abandoning module SettingsEditor (398)
[2017.10.31-18.14.43:959][668]LogModuleManager: Shutting down and abandoning module ProjectLauncher (396)
[2017.10.31-18.14.43:959][668]LogModuleManager: Shutting down and abandoning module SessionFrontend (394)
[2017.10.31-18.14.43:959][668]LogModuleManager: Shutting down and abandoning module ProfilerClient (392)
[2017.10.31-18.14.43:959][668]LogModuleManager: Shutting down and abandoning module DeviceManager (390)
[2017.10.31-18.14.43:959][668]LogModuleManager: Shutting down and abandoning module TargetDeviceServices (389)
[2017.10.31-18.14.44:003][668]LogModuleManager: Shutting down and abandoning module AutomationController (386)
[2017.10.31-18.14.44:003][668]LogModuleManager: Shutting down and abandoning module AutomationWindow (384)
[2017.10.31-18.14.44:003][668]LogModuleManager: Shutting down and abandoning module Layers (382)
[2017.10.31-18.14.44:003][668]LogModuleManager: Shutting down and abandoning module ComponentVisualizers (380)
[2017.10.31-18.14.44:003][668]LogModuleManager: Shutting down and abandoning module DetailCustomizations (378)
[2017.10.31-18.14.44:003][668]LogModuleManager: Shutting down and abandoning module PackagesDialog (376)
[2017.10.31-18.14.44:003][668]LogModuleManager: Shutting down and abandoning module Persona (374)
[2017.10.31-18.14.44:003][668]LogModuleManager: Shutting down and abandoning module AdvancedPreviewScene (373)
[2017.10.31-18.14.44:003][668]LogModuleManager: Shutting down and abandoning module AnimGraph (371)
[2017.10.31-18.14.44:003][668]LogModuleManager: Shutting down and abandoning module Kismet (368)
[2017.10.31-18.14.44:026][668]LogModuleManager: Shutting down and abandoning module ClassViewer (366)
[2017.10.31-18.14.44:026][668]LogModuleManager: Shutting down and abandoning module Toolbox (364)
[2017.10.31-18.14.44:026][668]LogModuleManager: Shutting down and abandoning module ModuleUI (362)
[2017.10.31-18.14.44:026][668]LogModuleManager: Shutting down and abandoning module MovieSceneTools (360)
[2017.10.31-18.14.44:026][668]LogModuleManager: Shutting down and abandoning module OutputLog (358)
[2017.10.31-18.14.44:026][668]LogModuleManager: Shutting down and abandoning module GammaUI (356)
[2017.10.31-18.14.44:026][668]LogModuleManager: Shutting down and abandoning module Documentation (354)
[2017.10.31-18.14.44:026][668]LogModuleManager: Shutting down and abandoning module MovieSceneTracks (352)
[2017.10.31-18.14.44:027][668]LogModuleManager: Shutting down and abandoning module MovieScene (350)
[2017.10.31-18.14.44:027][668]LogModuleManager: Shutting down and abandoning module Niagara (348)
[2017.10.31-18.14.44:027][668]LogModuleManager: Shutting down and abandoning module NiagaraEditor (347)
[2017.10.31-18.14.44:027][668]LogModuleManager: Shutting down and abandoning module StreamingPauseRendering (344)
[2017.10.31-18.14.44:027][668]LogModuleManager: Shutting down and abandoning module AnalyticsET (342)
[2017.10.31-18.14.44:027][668]LogModuleManager: Shutting down and abandoning module PortalServices (340)
[2017.10.31-18.14.44:027][668]LogModuleManager: Shutting down and abandoning module PortalRpc (338)
[2017.10.31-18.14.44:027][668]LogModuleManager: Shutting down and abandoning module MessagingRpc (336)
[2017.10.31-18.14.44:027][668]LogModuleManager: Shutting down and abandoning module AIModule (334)
[2017.10.31-18.14.44:027][668]LogModuleManager: Shutting down and abandoning module GameplayDebugger (333)
[2017.10.31-18.14.44:027][668]LogModuleManager: Shutting down and abandoning module AITestSuite (331)
[2017.10.31-18.14.44:027][668]LogModuleManager: Shutting down and abandoning module ProfilerService (328)
[2017.10.31-18.14.44:102][668]LogModuleManager: Shutting down and abandoning module TaskGraph (326)
[2017.10.31-18.14.44:102][668]LogModuleManager: Shutting down and abandoning module SteamVRController (324)
[2017.10.31-18.14.44:102][668]LogModuleManager: Shutting down and abandoning module SteamVR (322)
[2017.10.31-18.14.44:102][668]LogModuleManager: Shutting down and abandoning module ProceduralMeshComponentEditor (320)
[2017.10.31-18.14.44:102][668]LogModuleManager: Shutting down and abandoning module ProceduralMeshComponent (318)
[2017.10.31-18.14.44:102][668]LogModuleManager: Shutting down and abandoning module OculusLibrary (316)
[2017.10.31-18.14.44:102][668]LogModuleManager: Shutting down and abandoning module OculusInput (314)
[2017.10.31-18.14.44:102][668]LogModuleManager: Shutting down and abandoning module MobilePatchingUtils (312)
[2017.10.31-18.14.44:102][668]LogModuleManager: Shutting down and abandoning module CustomMeshComponent (310)
[2017.10.31-18.14.44:102][668]LogModuleManager: Shutting down and abandoning module CableComponent (308)
[2017.10.31-18.14.44:102][668]LogModuleManager: Shutting down and abandoning module ArchVisCharacter (306)
[2017.10.31-18.14.44:102][668]LogModuleManager: Shutting down and abandoning module AndroidPermission (304)
[2017.10.31-18.14.44:102][668]LogModuleManager: Shutting down and abandoning module MediaPlayerEditor (300)
[2017.10.31-18.14.44:102][668]LogModuleManager: Shutting down and abandoning module HTML5Networking (298)
[2017.10.31-18.14.44:102][668]LogModuleManager: Shutting down and abandoning module AlembicImporter (296)
[2017.10.31-18.14.44:102][668]LogModuleManager: Shutting down and abandoning module AlembicLibrary (295)
[2017.10.31-18.14.44:102][668]LogModuleManager: Shutting down and abandoning module GeometryCache (294)
[2017.10.31-18.14.44:102][668]LogModuleManager: Shutting down and abandoning module GeometryCacheEd (293)
[2017.10.31-18.14.44:102][668]LogModuleManager: Shutting down and abandoning module SuperSearchEditor (288)
[2017.10.31-18.14.44:102][668]LogModuleManager: Shutting down and abandoning module SuperSearch (287)
[2017.10.31-18.14.44:102][668]LogModuleManager: Shutting down and abandoning module SpeedTreeImporter (284)
[2017.10.31-18.14.44:102][668]LogModuleManager: Shutting down and abandoning module PluginBrowser (282)
[2017.10.31-18.14.44:103][668]LogModuleManager: Shutting down and abandoning module MobileLauncherProfileWizard (280)
[2017.10.31-18.14.44:103][668]LogModuleManager: Shutting down and abandoning module VisualStudioSourceCodeAccess (278)
[2017.10.31-18.14.44:103][668]LogModuleManager: Shutting down and abandoning module DesktopPlatform (277)
[2017.10.31-18.14.44:103][668]LogModuleManager: Shutting down and abandoning module UObjectPlugin (274)
[2017.10.31-18.14.44:103][668]LogModuleManager: Shutting down and abandoning module SubversionSourceControl (272)
[2017.10.31-18.14.44:103][668]LogModuleManager: Shutting down and abandoning module PerforceSourceControl (270)
[2017.10.31-18.14.44:103][668]LogModuleManager: Shutting down and abandoning module GitSourceControl (268)
[2017.10.31-18.14.44:103][668]LogModuleManager: Shutting down and abandoning module SourceControl (267)
[2017.10.31-18.14.44:103][668]LogModuleManager: Shutting down and abandoning module LightPropagationVolumeEditor (264)
[2017.10.31-18.14.44:103][668]LogModuleManager: Shutting down and abandoning module PaperTiledImporter (262)
[2017.10.31-18.14.44:103][668]LogModuleManager: Shutting down and abandoning module PaperSpriteSheetImporter (260)
[2017.10.31-18.14.44:103][668]LogModuleManager: Shutting down and abandoning module Paper2DEditor (258)
[2017.10.31-18.14.44:103][668]LogModuleManager: Shutting down and abandoning module MeshPaint (257)
[2017.10.31-18.14.44:103][668]LogModuleManager: Shutting down and abandoning module LevelEditor (255)
[2017.10.31-18.14.44:105][668]LogModuleManager: Shutting down and abandoning module PixelInspectorModule (254)
[2017.10.31-18.14.44:105][668]LogModuleManager: Shutting down and abandoning module MainFrame (252)
[2017.10.31-18.14.44:105][668]LogModuleManager: Shutting down and abandoning module HotReload (251)
[2017.10.31-18.14.44:106][668]LogModuleManager: Shutting down and abandoning module PhysXVehiclesEditor (246)
[2017.10.31-18.14.44:106][668]LogModuleManager: Shutting down and abandoning module PhysXVehicles (244)
[2017.10.31-18.14.44:106][668]LogModuleManager: Shutting down and abandoning module LocationServicesBPLibrary (242)
[2017.10.31-18.14.44:106][668]LogModuleManager: Shutting down and abandoning module ImmediatePhysicsEditor (240)
[2017.10.31-18.14.44:106][668]LogModuleManager: Shutting down and abandoning module ImmediatePhysics (238)
[2017.10.31-18.14.44:106][668]LogModuleManager: Shutting down and abandoning module UdpMessaging (236)
[2017.10.31-18.14.44:207][668]LogModuleManager: Shutting down and abandoning module TcpMessaging (234)
[2017.10.31-18.14.44:308][668]LogModuleManager: Shutting down and abandoning module GameplayTagsEditor (232)
[2017.10.31-18.14.44:308][668]LogModuleManager: Shutting down and abandoning module FacialAnimationEditor (230)
[2017.10.31-18.14.44:308][668]LogModuleManager: Shutting down and abandoning module FacialAnimation (228)
[2017.10.31-18.14.44:308][668]LogModuleManager: Shutting down and abandoning module AssetManagerEditor (226)
[2017.10.31-18.14.44:308][668]LogModuleManager: Shutting down and abandoning module GraphEditor (225)
[2017.10.31-18.14.44:308][668]LogModuleManager: Shutting down and abandoning module ContentBrowser (223)
[2017.10.31-18.14.44:311][668]LogModuleManager: Shutting down and abandoning module LightPropagationVolumeRuntime (220)
[2017.10.31-18.14.44:311][668]LogModuleManager: Shutting down and abandoning module Paper2D (218)
[2017.10.31-18.14.44:311][668]LogModuleManager: Shutting down and abandoning module WindowsMoviePlayer (216)
[2017.10.31-18.14.44:311][668]LogModuleManager: Shutting down and abandoning module WmfMedia (214)
[2017.10.31-18.14.44:312][668]LogModuleManager: Shutting down and abandoning module ClothingSystemEditor (212)
[2017.10.31-18.14.44:312][668]LogModuleManager: Shutting down and abandoning module ClothingSystemRuntime (210)
[2017.10.31-18.14.44:312][668]LogModuleManager: Shutting down and abandoning module MediaAssets (208)
[2017.10.31-18.14.44:312][668]LogModuleManager: Shutting down and abandoning module GameLiveStreaming (206)
[2017.10.31-18.14.44:312][668]LogModuleManager: Shutting down and abandoning module VREditor (204)
[2017.10.31-18.14.44:312][668]LogModuleManager: Shutting down and abandoning module StringTableEditor (202)
[2017.10.31-18.14.44:312][668]LogModuleManager: Shutting down and abandoning module GameplayTasksEditor (200)
[2017.10.31-18.14.44:312][668]LogModuleManager: Shutting down and abandoning module BehaviorTreeEditor (198)
[2017.10.31-18.14.44:312][668]LogModuleManager: Shutting down and abandoning module FunctionalTesting (196)
[2017.10.31-18.14.44:312][668]LogModuleManager: Shutting down and abandoning module CollisionAnalyzer (194)
[2017.10.31-18.14.44:312][668]LogModuleManager: Shutting down and abandoning module UMG (192)
[2017.10.31-18.14.44:312][668]LogModuleManager: Shutting down and abandoning module UMGEditor (191)
[2017.10.31-18.14.44:313][668]LogModuleManager: Shutting down and abandoning module Sequencer (190)
[2017.10.31-18.14.44:313][668]LogModuleManager: Shutting down and abandoning module AssetTools (188)
[2017.10.31-18.14.44:313][668]LogModuleManager: Shutting down and abandoning module MessageLog (187)
[2017.10.31-18.14.44:313][668]LogModuleManager: Shutting down and abandoning module WorkspaceMenuStructure (186)
[2017.10.31-18.14.44:313][668]LogModuleManager: Shutting down and abandoning module SlateReflector (180)
[2017.10.31-18.14.44:313][668]LogModuleManager: Shutting down and abandoning module Slate (178)
[2017.10.31-18.14.44:314][668]LogModuleManager: Shutting down and abandoning module EditorStyle (176)
[2017.10.31-18.14.44:320][668]LogModuleManager: Shutting down and abandoning module SourceCodeAccess (174)
[2017.10.31-18.14.44:320][668]LogModuleManager: Shutting down and abandoning module HeadMountedDisplay (172)
[2017.10.31-18.14.44:320][668]LogModuleManager: Shutting down and abandoning module XAudio2 (170)
[2017.10.31-18.14.44:320][668]LogModuleManager: Shutting down and abandoning module Networking (168)
[2017.10.31-18.14.44:320][668]LogModuleManager: Shutting down and abandoning module Core (164)
[2017.10.31-18.14.44:320][668]LogModuleManager: Shutting down and abandoning module AssetRegistry (162)
[2017.10.31-18.14.44:415][668]LogDirectoryWatcher: A directory notification for '../../../Engine/Content/' was aborted.
[2017.10.31-18.14.44:415][668]LogDirectoryWatcher: A directory notification for 'C:/Users/David/Documents/GitHub/FuturoImperfecto/PRUEBAS/MechHackAndSlash/Content/' was aborted.
[2017.10.31-18.14.44:415][668]LogDirectoryWatcher: A directory notification for '../../../Engine/Plugins/2D/Paper2D/Content/' was aborted.
[2017.10.31-18.14.44:415][668]LogDirectoryWatcher: A directory notification for '../../../Engine/Plugins/Runtime/GearVR/Content/' was aborted.
[2017.10.31-18.14.44:419][668]LogModuleManager: Shutting down and abandoning module DirectoryWatcher (161)
[2017.10.31-18.14.44:419][668]LogModuleManager: Shutting down and abandoning module KismetCompiler (158)
[2017.10.31-18.14.44:419][668]LogModuleManager: Shutting down and abandoning module LevelSequence (156)
[2017.10.31-18.14.44:419][668]LogModuleManager: Shutting down and abandoning module PhysXFormats (154)
[2017.10.31-18.14.44:419][668]LogModuleManager: Shutting down and abandoning module MeshUtilities (152)
[2017.10.31-18.14.44:419][668]LogModuleManager: Shutting down and abandoning module SimplygonSwarm (151)
[2017.10.31-18.14.44:419][668]LogModuleManager: Shutting down and abandoning module SimplygonMeshReduction (149)
[2017.10.31-18.14.44:419][668]LogModuleManager: Shutting down and abandoning module QuadricMeshReduction (147)
[2017.10.31-18.14.44:419][668]LogModuleManager: Shutting down and abandoning module DerivedDataCache (144)
[2017.10.31-18.14.44:426][668]LogDerivedDataCache: Shutdown
[2017.10.31-18.14.44:426][668]LogModuleManager: Shutting down and abandoning module TargetPlatform (142)
[2017.10.31-18.14.44:426][668]LogModuleManager: Shutting down and abandoning module VulkanShaderFormat (141)
[2017.10.31-18.14.44:426][668]LogModuleManager: Shutting down and abandoning module ShaderFormatVectorVM (139)
[2017.10.31-18.14.44:426][668]LogModuleManager: Shutting down and abandoning module ShaderFormatOpenGL (137)
[2017.10.31-18.14.44:426][668]LogModuleManager: Shutting down and abandoning module ShaderFormatD3D (135)
[2017.10.31-18.14.44:426][668]LogModuleManager: Shutting down and abandoning module MetalShaderFormat (133)
[2017.10.31-18.14.44:426][668]LogModuleManager: Shutting down and abandoning module TextureFormatUncompressed (131)
[2017.10.31-18.14.44:426][668]LogModuleManager: Shutting down and abandoning module TextureFormatPVR (129)
[2017.10.31-18.14.44:426][668]LogModuleManager: Shutting down and abandoning module TextureFormatDXT (127)
[2017.10.31-18.14.44:426][668]LogModuleManager: Shutting down and abandoning module TextureFormatIntelISPCTexComp (125)
[2017.10.31-18.14.44:426][668]LogModuleManager: Shutting down and abandoning module TextureFormatASTC (123)
[2017.10.31-18.14.44:426][668]LogModuleManager: Shutting down and abandoning module ImageWrapper (122)
[2017.10.31-18.14.44:426][668]LogModuleManager: Shutting down and abandoning module TextureFormatAndroid (119)
[2017.10.31-18.14.44:426][668]LogModuleManager: Shutting down and abandoning module AudioFormatOpus (117)
[2017.10.31-18.14.44:427][668]LogModuleManager: Shutting down and abandoning module AudioFormatOgg (115)
[2017.10.31-18.14.44:427][668]LogModuleManager: Shutting down and abandoning module AudioFormatADPCM (113)
[2017.10.31-18.14.44:427][668]LogModuleManager: Shutting down and abandoning module LinuxTargetPlatform (111)
[2017.10.31-18.14.44:427][668]LogModuleManager: Shutting down and abandoning module LinuxServerTargetPlatform (109)
[2017.10.31-18.14.44:427][668]LogModuleManager: Shutting down and abandoning module LinuxNoEditorTargetPlatform (107)
[2017.10.31-18.14.44:427][668]LogModuleManager: Shutting down and abandoning module LinuxClientTargetPlatform (105)
[2017.10.31-18.14.44:427][668]LogModuleManager: Shutting down and abandoning module TVOSTargetPlatform (103)
[2017.10.31-18.14.44:427][668]LogModuleManager: Shutting down and abandoning module Messaging (101)
[2017.10.31-18.14.44:427][668]LogModuleManager: Shutting down and abandoning module IOSTargetPlatform (99)
[2017.10.31-18.14.44:427][668]LogModuleManager: Shutting down and abandoning module HTML5TargetPlatform (97)
[2017.10.31-18.14.44:427][668]LogModuleManager: Shutting down and abandoning module Android_PVRTCTargetPlatform (95)
[2017.10.31-18.14.44:427][668]LogModuleManager: Shutting down and abandoning module Android_MultiTargetPlatform (93)
[2017.10.31-18.14.44:427][668]LogModuleManager: Shutting down and abandoning module Android_ETC2TargetPlatform (91)
[2017.10.31-18.14.44:427][668]LogModuleManager: Shutting down and abandoning module Android_ETC1TargetPlatform (89)
[2017.10.31-18.14.44:427][668]LogModuleManager: Shutting down and abandoning module Android_DXTTargetPlatform (87)
[2017.10.31-18.14.44:427][668]LogModuleManager: Shutting down and abandoning module Android_ATCTargetPlatform (85)
[2017.10.31-18.14.44:427][668]LogModuleManager: Shutting down and abandoning module Android_ASTCTargetPlatform (83)
[2017.10.31-18.14.44:427][668]LogModuleManager: Shutting down and abandoning module AndroidTargetPlatform (81)
[2017.10.31-18.14.44:427][668]LogModuleManager: Shutting down and abandoning module WindowsTargetPlatform (79)
[2017.10.31-18.14.44:427][668]LogModuleManager: Shutting down and abandoning module WindowsServerTargetPlatform (77)
[2017.10.31-18.14.44:427][668]LogModuleManager: Shutting down and abandoning module WindowsNoEditorTargetPlatform (75)
[2017.10.31-18.14.44:427][668]LogModuleManager: Shutting down and abandoning module WindowsClientTargetPlatform (73)
[2017.10.31-18.14.44:427][668]LogModuleManager: Shutting down and abandoning module MacTargetPlatform (71)
[2017.10.31-18.14.44:427][668]LogModuleManager: Shutting down and abandoning module MacServerTargetPlatform (69)
[2017.10.31-18.14.44:427][668]LogModuleManager: Shutting down and abandoning module MacNoEditorTargetPlatform (67)
[2017.10.31-18.14.44:427][668]LogModuleManager: Shutting down and abandoning module MacClientTargetPlatform (65)
[2017.10.31-18.14.44:427][668]LogModuleManager: Shutting down and abandoning module AllDesktopTargetPlatform (63)
[2017.10.31-18.14.44:427][668]LogModuleManager: Shutting down and abandoning module InputCore (60)
[2017.10.31-18.14.44:427][668]LogModuleManager: Shutting down and abandoning module Settings (58)
[2017.10.31-18.14.44:427][668]LogModuleManager: Shutting down and abandoning module OculusRift (56)
[2017.10.31-18.14.44:427][668]LogModuleManager: Shutting down and abandoning module GearVRController (54)
[2017.10.31-18.14.44:427][668]LogModuleManager: Shutting down and abandoning module GearVR (52)
[2017.10.31-18.14.44:427][668]LogModuleManager: Shutting down and abandoning module ExampleDeviceProfileSelector (50)
[2017.10.31-18.14.44:427][668]LogModuleManager: Shutting down and abandoning module OnlineBlueprintSupport (48)
[2017.10.31-18.14.44:427][668]LogModuleManager: Shutting down and abandoning module OnlineSubsystem (44)
[2017.10.31-18.14.44:427][668]LogOnline:Display: Unloading online subsystem: NULL
[2017.10.31-18.14.44:427][668]LogModuleManager: Shutting down and abandoning module XMPP (43)
[2017.10.31-18.14.44:427][668]LogModuleManager: Shutting down and abandoning module HTTP (41)
[2017.10.31-18.14.44:427][668]LogHttp:Display: Http module shutting down, but needs to wait on 1 outstanding Http requests:
[2017.10.31-18.14.44:427][668]LogHttp:Display: 	verb=[POST] url=[https://datarouter.ol.epicgames.com/datarouter/api/v1/public/data?SessionID=%7B8BC69C41-4375-2755-5A8A-238E7A520B27%7D&AppID=UEEditor.Rocket.Release&AppVersion=4.16.2-3514769%2B%2B%2BUE4%2BRelease-4.16&UserID=eedd91be406e0cd25ea0748277e6e73c%7C7a211806f70b4509a5be2640357744fc%7Caa6de738-987c-4c76-bb80-6cc1d099ea00&AppEnvironment=datacollector-binary&UploadType=eteventstream] status=Processing
[2017.10.31-18.14.44:452][668]LogModuleManager: Shutting down and abandoning module SSL (40)
[2017.10.31-18.14.44:453][668]LogModuleManager: Shutting down and abandoning module HTTPChunkInstaller (36)
[2017.10.31-18.14.44:453][668]LogModuleManager: Shutting down and abandoning module AnimationModifiers (34)
[2017.10.31-18.14.44:454][668]LogModuleManager: Shutting down and abandoning module PropertyEditor (33)
[2017.10.31-18.14.44:454][668]LogModuleManager: Shutting down and abandoning module AudioEditor (30)
[2017.10.31-18.14.44:454][668]LogModuleManager: Shutting down and abandoning module TextureCompressor (28)
[2017.10.31-18.14.44:454][668]LogModuleManager: Shutting down and abandoning module ShaderCore (26)
[2017.10.31-18.14.44:454][668]LogModuleManager: Shutting down and abandoning module Landscape (24)
[2017.10.31-18.14.44:454][668]LogModuleManager: Shutting down and abandoning module SlateRHIRenderer (22)
[2017.10.31-18.14.44:455][668]LogModuleManager: Shutting down and abandoning module OpenGLDrv (20)
[2017.10.31-18.14.44:455][668]LogModuleManager: Shutting down and abandoning module D3D11RHI (18)
[2017.10.31-18.14.44:455][668]LogModuleManager: Shutting down and abandoning module AnimGraphRuntime (16)
[2017.10.31-18.14.44:455][668]LogModuleManager: Shutting down and abandoning module Renderer (14)
[2017.10.31-18.14.44:455][668]LogModuleManager: Shutting down and abandoning module Engine (12)
[2017.10.31-18.14.44:455][668]LogModuleManager: Shutting down and abandoning module CoreUObject (10)
[2017.10.31-18.14.44:455][668]LogModuleManager: Shutting down and abandoning module NetworkFile (8)
[2017.10.31-18.14.44:455][668]LogModuleManager: Shutting down and abandoning module StreamingFile (6)
[2017.10.31-18.14.44:455][668]LogModuleManager: Shutting down and abandoning module SandboxFile (4)
[2017.10.31-18.14.44:455][668]LogModuleManager: Shutting down and abandoning module PakFile (2)
[2017.10.31-18.14.44:457][668]LogExit: Exiting.
[2017.10.31-18.14.44:481][668]Log file closed, 10/31/17 19:14:44
