Log file open, 10/31/17 17:37:49
LogInit:Display: Running engine for game: MechHackAndSlash
LogPlatformFile: Not using cached read wrapper
LogInit:Display: RandInit(-543316111) SRandInit(-543316111).
LogTaskGraph: Started task graph with 5 named threads and 8 total threads with 1 sets of task threads.
LogStats: Stats thread started at 0.079672
LogInit: Using libcurl 7.47.1
LogInit:  - built for x86_64-pc-win32
LogInit:  - supports SSL with OpenSSL/1.0.2g
LogInit:  - supports HTTP deflate (compression) using libz 1.2.8
LogInit:  - other features:
LogInit:      CURL_VERSION_SSL
LogInit:      CURL_VERSION_LIBZ
LogInit:      CURL_VERSION_IPV6
LogInit:      CURL_VERSION_ASYNCHDNS
LogInit:      CURL_VERSION_LARGEFILE
LogInit:      CURL_VERSION_IDN
LogInit:  CurlRequestOptions (configurable via config and command line):
LogInit:  - bVerifyPeer = false  - Libcurl will NOT verify peer certificate
LogInit:  - bUseHttpProxy = false  - Libcurl will NOT use HTTP proxy
LogInit:  - bDontReuseConnections = false  - Libcurl will reuse connections
LogInit:  - CertBundlePath = nullptr  - Libcurl will use whatever was configured at build time.
LogInit: Build: ++UE4+Release-4.16-CL-3514769
LogInit: Engine Version: 4.16.2-3514769+++UE4+Release-4.16
LogInit: Compatible Engine Version: 4.16.0-3452394+++UE4+Release-4.16
LogInit: Net CL: 3452394
LogDevObjectVersion: Number of dev versions registered: 16
LogDevObjectVersion:   Dev-Blueprints (B0D832E4-1F89-4F0D-ACCF-7EB736FD4AA2): 9
LogDevObjectVersion:   Dev-Build (E1C64328-A22C-4D53-A36C-8E866417BD8C): 0
LogDevObjectVersion:   Dev-Core (375EC13C-06E4-48FB-B500-84F0262A717E): 2
LogDevObjectVersion:   Dev-Editor (E4B068ED-F494-42E9-A231-DA0B2E46BB41): 17
LogDevObjectVersion:   Dev-Framework (CFFC743F-43B0-4480-9391-14DF171D2073): 23
LogDevObjectVersion:   Dev-Mobile (B02B49B5-BB20-44E9-A304-32B752E40360): 0
LogDevObjectVersion:   Dev-Networking (A4E4105C-59A1-49B5-A7C5-40C4547EDFEE): 0
LogDevObjectVersion:   Dev-Online (39C831C9-5AE6-47DC-9A44-9C173E1C8E7C): 0
LogDevObjectVersion:   Dev-Physics (78F01B33-EBEA-4F98-B9B4-84EACCB95AA2): 0
LogDevObjectVersion:   Dev-Platform (6631380F-2D4D-43E0-8009-CF276956A95A): 0
LogDevObjectVersion:   Dev-Rendering (12F88B9F-8875-4AFC-A67C-D90C383ABD29): 15
LogDevObjectVersion:   Dev-Sequencer (7B5AE74C-D270-4C10-A958-57980B212A5A): 4
LogDevObjectVersion:   Dev-VR (D7296918-1DD6-4BDD-9DE2-64A83CC13884): 0
LogDevObjectVersion:   Dev-LoadTimes (C2A15278-BFE7-4AFE-6C17-90FF531DF755): 1
LogDevObjectVersion:   Private-Geometry (6EACA3D4-40EC-4CC1-B786-8BED09428FC5): 1
LogDevObjectVersion:   Dev-AnimPhys (29E575DD-E0A3-4627-9D10-D276232CDCEA): 3
LogInit: Compiled (64-bit): Jun 29 2017 02:03:24
LogInit: Compiled with Visual C++: 19.00.24215.01
LogInit: Build Configuration: Development
LogInit: Branch Name: ++UE4+Release-4.16
LogInit: Command line:  
LogInit: Base directory: D:/Program Files (x86)/Epic Games/UE_4.16/Engine/Binaries/Win64/
LogInit: Installed Engine Build: 1
LogInit: Presizing for max 8388607 objects, including 0 objects not considered by GC, pre-allocating 0 bytes for permanent pool.
LogInit: Object subsystem initialized
[2017.10.31-16.37.50:138][  0]LogInit: Selected Device Profile: [Windows]
[2017.10.31-16.37.50:138][  0]LogInit: Applying CVar settings loaded from the selected device profile: [Windows]
[2017.10.31-16.37.50:147][  0]LogInit: Computer: DAVIDMASTERRACE
[2017.10.31-16.37.50:147][  0]LogInit: User: David
[2017.10.31-16.37.50:147][  0]LogInit: CPU Page size=4096, Cores=4
[2017.10.31-16.37.50:147][  0]LogInit: High frequency timer resolution =3.417963 MHz
[2017.10.31-16.37.50:147][  0]LogMemory: Memory total: Physical=15.9GB (16GB approx)
[2017.10.31-16.37.50:147][  0]LogMemory: Platform Memory Stats for Windows
[2017.10.31-16.37.50:147][  0]LogMemory: Process Physical Memory: 270.66 MB used, 270.66 MB peak
[2017.10.31-16.37.50:147][  0]LogMemory: Process Virtual Memory: 266.47 MB used, 266.47 MB peak
[2017.10.31-16.37.50:147][  0]LogMemory: Physical Memory: 4470.87 MB used,  11855.57 MB free, 16326.44 MB total
[2017.10.31-16.37.50:147][  0]LogMemory: Virtual Memory: 622.99 MB used,  11855.57 MB free, 134217728.00 MB total
[2017.10.31-16.37.50:189][  0]LogInit: Overriding language with editor language configuration option (en).
[2017.10.31-16.37.50:189][  0]LogInit: Overriding locale with editor locale configuration option (en).
[2017.10.31-16.37.50:950][  0]LogD3D11RHI: D3D11 adapters:
[2017.10.31-16.37.50:967][  0]LogD3D11RHI:    0. 'NVIDIA GeForce GTX 970' (Feature Level 11_0)
[2017.10.31-16.37.50:967][  0]LogD3D11RHI:       3975/0/8163 MB DedicatedVideo/DedicatedSystem/SharedSystem, Outputs:1, VendorId:0x10de
[2017.10.31-16.37.50:968][  0]LogD3D11RHI:    1. 'Microsoft Basic Render Driver' (Feature Level 11_0)
[2017.10.31-16.37.50:968][  0]LogD3D11RHI:       0/0/256 MB DedicatedVideo/DedicatedSystem/SharedSystem, Outputs:0, VendorId:0x1414
[2017.10.31-16.37.50:968][  0]LogD3D11RHI: Chosen D3D11 Adapter: 0
[2017.10.31-16.37.50:970][  0]LogD3D11RHI: Creating new Direct3DDevice
[2017.10.31-16.37.50:970][  0]LogD3D11RHI:     GPU DeviceId: 0x13c2 (for the marketing name, search the web for "GPU Device Id")
[2017.10.31-16.37.50:970][  0]LogWindows: EnumDisplayDevices:
[2017.10.31-16.37.50:970][  0]LogWindows:    0. 'NVIDIA GeForce GTX 970' (P:1 D:1)
[2017.10.31-16.37.50:970][  0]LogWindows:    1. 'NVIDIA GeForce GTX 970' (P:0 D:0)
[2017.10.31-16.37.50:970][  0]LogWindows:    2. 'NVIDIA GeForce GTX 970' (P:0 D:0)
[2017.10.31-16.37.50:970][  0]LogWindows:    3. 'NVIDIA GeForce GTX 970' (P:0 D:0)
[2017.10.31-16.37.50:970][  0]LogWindows: DebugString: FoundDriverCount:4 
[2017.10.31-16.37.50:970][  0]LogD3D11RHI:     Adapter Name: NVIDIA GeForce GTX 970
[2017.10.31-16.37.50:970][  0]LogD3D11RHI:   Driver Version: 385.41 (internal:22.21.13.8541, unified:385.41)
[2017.10.31-16.37.50:970][  0]LogD3D11RHI:      Driver Date: 8-21-2017
[2017.10.31-16.37.50:970][  0]LogRHI: Texture pool is 1361 MB (70% of 1945 MB)
[2017.10.31-16.37.50:979][  0]LogD3D11RHI: Async texture creation enabled
[2017.10.31-16.37.50:994][  0]LogD3D11RHI: GPU Timing Frequency: 1000.000000 (Debug: 2 2)
[2017.10.31-16.37.51:038][  0]LogShaderCompilers: Guid format shader working directory is -27 characters bigger than the processId version (C:/Users/David/Documents/GitHub/FuturoImperfecto/PRUEBAS/MechHackAndSlash/Intermediate/Shaders/WorkingDirectory/6160/).
[2017.10.31-16.37.51:038][  0]LogShaderCompilers: Cleaned the shader compiler working directory 'C:/Users/David/AppData/Local/Temp/UnrealShaderWorkingDir/E361CDD24685E44F3005B88F1D9E2786/'.
[2017.10.31-16.37.51:038][  0]LogShaderCompilers:Display: Using Local Shader Compiler.
[2017.10.31-16.37.51:862][  0]LogTemp:Display: Loaded TP AllDesktopTargetPlatform
[2017.10.31-16.37.51:892][  0]LogTemp:Display: Loaded TP MacClientTargetPlatform
[2017.10.31-16.37.51:922][  0]LogTemp:Display: Loaded TP MacNoEditorTargetPlatform
[2017.10.31-16.37.51:952][  0]LogTemp:Display: Loaded TP MacServerTargetPlatform
[2017.10.31-16.37.51:984][  0]LogTemp:Display: Loaded TP MacTargetPlatform
[2017.10.31-16.37.52:014][  0]LogTemp:Display: Loaded TP WindowsClientTargetPlatform
[2017.10.31-16.37.52:044][  0]LogTemp:Display: Loaded TP WindowsNoEditorTargetPlatform
[2017.10.31-16.37.52:074][  0]LogTemp:Display: Loaded TP WindowsServerTargetPlatform
[2017.10.31-16.37.52:099][  0]LogTemp:Display: Loaded TP WindowsTargetPlatform
[2017.10.31-16.37.52:128][  0]LogTemp:Display: Loaded TP AndroidTargetPlatform
[2017.10.31-16.37.52:157][  0]LogTemp:Display: Loaded TP Android_ASTCTargetPlatform
[2017.10.31-16.37.52:187][  0]LogTemp:Display: Loaded TP Android_ATCTargetPlatform
[2017.10.31-16.37.52:216][  0]LogTemp:Display: Loaded TP Android_DXTTargetPlatform
[2017.10.31-16.37.52:245][  0]LogTemp:Display: Loaded TP Android_ETC1TargetPlatform
[2017.10.31-16.37.52:274][  0]LogTemp:Display: Loaded TP Android_ETC2TargetPlatform
[2017.10.31-16.37.52:333][  0]LogTemp:Display: Loaded TP Android_MultiTargetPlatform
[2017.10.31-16.37.52:333][  0]LogTemp:Display: Loaded TP Android_PVRTCTargetPlatform
[2017.10.31-16.37.52:353][  0]LogTemp:Display: Loaded TP HTML5TargetPlatform
[2017.10.31-16.37.52:417][  0]LogTemp:Display: Loaded TP IOSTargetPlatform
[2017.10.31-16.37.52:436][  0]LogTemp:Display: Loaded TP TVOSTargetPlatform
[2017.10.31-16.37.52:465][  0]LogTemp:Display: Loaded TP LinuxClientTargetPlatform
[2017.10.31-16.37.52:494][  0]LogTemp:Display: Loaded TP LinuxNoEditorTargetPlatform
[2017.10.31-16.37.52:524][  0]LogTemp:Display: Loaded TP LinuxServerTargetPlatform
[2017.10.31-16.37.52:554][  0]LogTemp:Display: Loaded TP LinuxTargetPlatform
[2017.10.31-16.37.52:554][  0]LogTargetPlatformManager:Display: Building Assets For Windows
[2017.10.31-16.37.52:818][  0]LogDerivedDataCache:Display: Max Cache Size: 512 MB
[2017.10.31-16.37.52:894][  0]LogDerivedDataCache: Loaded boot cache 0.08s 90MB C:/Users/David/AppData/Local/UnrealEngine/4.16/DerivedDataCache/Boot.ddc.
[2017.10.31-16.37.52:894][  0]LogDerivedDataCache:Display: Loaded Boot cache: C:/Users/David/AppData/Local/UnrealEngine/4.16/DerivedDataCache/Boot.ddc
[2017.10.31-16.37.52:894][  0]LogDerivedDataCache: FDerivedDataBackendGraph:  Pak pak cache file C:/Users/David/Documents/GitHub/FuturoImperfecto/PRUEBAS/MechHackAndSlash/DerivedDataCache/DDC.ddp not found, will not use a pak cache.
[2017.10.31-16.37.52:894][  0]LogDerivedDataCache: Unable to find inner node Pak for hierarchical cache Hierarchy.
[2017.10.31-16.37.52:894][  0]LogDerivedDataCache: FDerivedDataBackendGraph:  CompressedPak pak cache file C:/Users/David/Documents/GitHub/FuturoImperfecto/PRUEBAS/MechHackAndSlash/DerivedDataCache/Compressed.ddp not found, will not use a pak cache.
[2017.10.31-16.37.52:894][  0]LogDerivedDataCache: Unable to find inner node CompressedPak for hierarchical cache Hierarchy.
[2017.10.31-16.37.52:910][  0]LogDerivedDataCache:Display: Pak cache opened for reading ../../../Engine/DerivedDataCache/Compressed.ddp.
[2017.10.31-16.37.52:922][  0]LogDerivedDataCache: Using Local data cache path C:/Users/David/AppData/Local/UnrealEngine/Common/DerivedDataCache: Writable
[2017.10.31-16.37.52:930][  0]LogMaterial: Verifying Global Shaders for PCD3D_SM5
[2017.10.31-16.37.52:930][  0]LogSlate: Using Freetype 2.6.0
[2017.10.31-16.37.52:931][  0]LogSlate: SlateFontCache - WITH_FREETYPE: 1, WITH_HARFBUZZ: 1
[2017.10.31-16.37.52:931][  0]LogSlate: SlateFontCache - WITH_FREETYPE: 1, WITH_HARFBUZZ: 1
[2017.10.31-16.37.53:180][  0]LogInit: Selected Device Profile: [Windows]
[2017.10.31-16.37.53:237][  0]LogContentStreaming: Texture pool size is 0.00 MB
[2017.10.31-16.37.53:347][  0]LogMeshUtilities: Using QuadricMeshReduction for automatic static mesh reduction
[2017.10.31-16.37.53:372][  0]LogSimplygon: Simplygon DLL not present - disabling.
[2017.10.31-16.37.53:397][  0]LogMeshUtilities: Using SimplygonSwarm for distributed automatic mesh merging
[2017.10.31-16.37.53:397][  0]LogMeshUtilities: No automatic skeletal mesh reduction module available
[2017.10.31-16.37.53:397][  0]LogMeshUtilities: No automatic mesh merging module available
[2017.10.31-16.37.53:771][  0]LogNetVersion: MechHackAndSlash , NetCL: 3452394, EngineNetVer: 2, GameNetVer: 0 (Checksum: 86869316)
[2017.10.31-16.37.53:822][  0]LogAssetRegistry: FAssetRegistry took 0.0252 seconds to start up
[2017.10.31-16.37.53:846][  0]LogPackageLocalizationCache: Processed 4 localized package path(s) for 1 prioritized culture(s) in 0.012619 seconds
[2017.10.31-16.37.53:851][  0]LogUObjectArray: 34194 objects as part of root set at end of initial load.
[2017.10.31-16.37.53:851][  0]LogUObjectAllocator: 7260424 out of 0 bytes used by permanent object pool.
[2017.10.31-16.37.53:851][  0]LogUObjectArray: CloseDisregardForGC: 0/0 objects in disregard for GC pool
[2017.10.31-16.37.53:884][  0]LogInit: WinSock: version 1.1 (2.2), MaxSocks=32767, MaxUdp=65467
[2017.10.31-16.37.55:402][  0]LogTcpMessaging: Initializing TcpMessaging bridge
[2017.10.31-16.37.55:428][  0]LogUdpMessaging: Initializing bridge on interface 0.0.0.0:0 to multicast group 230.0.0.1:6666.
[2017.10.31-16.37.55:871][  0]LogMaterial: Uniform references updated for custom material expression Custom.
[2017.10.31-16.37.56:098][  0]SourceControl: Info Source control is disabled
[2017.10.31-16.37.56:120][  0]SourceControl: Info Source control is disabled
[2017.10.31-16.37.56:145][  0]SourceControl: Info Source control is disabled
[2017.10.31-16.37.56:170][  0]SourceControl: Info Source control is disabled
[2017.10.31-16.37.56:531][  0]LogAndroidPermission: UAndroidPermissionCallbackProxy::GetInstance
[2017.10.31-16.37.56:854][  0]LogEngine: Initializing Engine...
[2017.10.31-16.37.56:854][  0]LogHMD: Failed to initialize OpenVR with code 110
[2017.10.31-16.37.57:008][  0]LogStats: UGameplayTagsManager::ConstructGameplayTagTree: Construct from data asset -  0.000 s
[2017.10.31-16.37.57:008][  0]LogStats: UGameplayTagsManager::ConstructGameplayTagTree: GameplayTagTreeChangedEvent.Broadcast -  0.000 s
[2017.10.31-16.37.57:077][  0]LogAIModule: Creating AISystem for world Untitled
[2017.10.31-16.37.57:100][  0]LogInit: XAudio2 using 'Speakers (Realtek High Definition Audio)' : 2 channels at 48 kHz using 32 bits per sample (channel mask 0x3)
[2017.10.31-16.37.57:107][  0]LogInit: FAudioDevice initialized.
[2017.10.31-16.37.57:141][  0]LogDerivedDataCache: Saved boot cache 0.03s 90MB C:/Users/David/AppData/Local/UnrealEngine/4.16/DerivedDataCache/Boot.ddc.
[2017.10.31-16.37.57:152][  0]LogInit: Texture streaming: Enabled
[2017.10.31-16.37.57:203][  0]LogEngineSessionManager: EngineSessionManager initialized
[2017.10.31-16.37.57:204][  0]LogEngineSessionManager: EngineSessionManager sent abnormal shutdown report. Type=Crashed, SessionId={9F3D5432-48E2-DFC4-9923-72B0A51F6F86}
[2017.10.31-16.37.57:318][  0]LogInit: Transaction tracking system initialized
[2017.10.31-16.37.57:478][  0]BlueprintLog: New page: Editor Load
[2017.10.31-16.37.57:970][  0]LocalizationService: Info Localization service is disabled
[2017.10.31-16.37.58:334][  0]LogConsoleResponse:Display: 
[2017.10.31-16.37.58:436][  0]LogCook:Display: Max memory allowance for cook 16384mb min free memory 0mb
[2017.10.31-16.37.58:436][  0]LogCook:Display: Mobile HDR setting 1
[2017.10.31-16.37.58:947][  0]LogFileCache: Scanning file cache for directory 'C:/Users/David/Documents/GitHub/FuturoImperfecto/PRUEBAS/MechHackAndSlash/Content/' took 0.01s
[2017.10.31-16.37.58:972][  0]SourceControl: Info Source control is disabled
[2017.10.31-16.37.58:972][  0]Cmd: MAP LOAD FILE="C:/Users/David/Documents/GitHub/FuturoImperfecto/PRUEBAS/MechHackAndSlash/Content/ThirdPersonBP/Maps/ThirdPersonExampleMap.umap" TEMPLATE=0 SHOWPROGRESS=1 FEATURELEVEL=3
[2017.10.31-16.37.58:973][  0]LightingResults: New page: Lighting Build
[2017.10.31-16.37.58:994][  0]MapCheck: New page: Map Check
[2017.10.31-16.37.58:994][  0]LightingResults: New page: Lighting Build
[2017.10.31-16.37.59:650][  0]LogAIModule: Creating AISystem for world ThirdPersonExampleMap
[2017.10.31-16.37.59:675][  0]LogEditorServer: Finished looking for orphan Actors (0.000 secs)
[2017.10.31-16.37.59:689][  0]Cmd: MAP CHECKDEP NOCLEARLOG
[2017.10.31-16.37.59:727][  0]MapCheck: Info Map check complete: 0 Error(s), 0 Warning(s), took 37.941ms to complete.
[2017.10.31-16.37.59:727][  0]LogFileHelpers: Loading map 'ThirdPersonExampleMap' took 0.755
[2017.10.31-16.37.59:855][  0]LogCollectionManager: Loaded 0 collections in 0.000821 seconds
[2017.10.31-16.37.59:921][  0]LogFileCache: Scanning file cache for directory 'C:/Users/David/Documents/GitHub/FuturoImperfecto/PRUEBAS/MechHackAndSlash/Saved/Collections/' took 0.01s
[2017.10.31-16.37.59:921][  0]LogFileCache: Scanning file cache for directory 'C:/Users/David/Documents/GitHub/FuturoImperfecto/PRUEBAS/MechHackAndSlash/Content/Developers/David/Collections/' took 0.01s
[2017.10.31-16.37.59:921][  0]LogFileCache: Scanning file cache for directory 'C:/Users/David/Documents/GitHub/FuturoImperfecto/PRUEBAS/MechHackAndSlash/Content/Collections/' took 0.01s
[2017.10.31-16.37.59:921][  0]LogCollectionManager: Rebuilt the GUID cache for 0 collections in 0.000001 seconds
[2017.10.31-16.37.59:929][  0]LogContentBrowser: Native class hierarchy populated in 0.0077 seconds. Added 2329 classes and 491 folders.
[2017.10.31-16.37.59:963][  0]LogContentBrowser: Native class hierarchy updated for 'WidgetCarousel' in 0.0005 seconds. Added 0 classes and 0 folders.
[2017.10.31-16.37.59:988][  0]LogContentBrowser: Native class hierarchy updated for 'AddContentDialog' in 0.0004 seconds. Added 0 classes and 0 folders.
[2017.10.31-16.38.00:012][  0]LogContentBrowser: Native class hierarchy updated for 'SceneOutliner' in 0.0005 seconds. Added 1 classes and 2 folders.
[2017.10.31-16.38.00:040][  0]LogContentBrowser: Native class hierarchy updated for 'WorldBrowser' in 0.0005 seconds. Added 1 classes and 3 folders.
[2017.10.31-16.38.00:108][  0]LogCrashTracker: Crashtracker disabled due to settings.
[2017.10.31-16.38.00:111][  0]LogSlate: Took 0.000135 seconds to synchronously load lazily loaded font '../../../Engine/Content/Slate/Fonts/Roboto-Regular.ttf' (155K)
[2017.10.31-16.38.00:113][  0]LogSlate: Took 0.000114 seconds to synchronously load lazily loaded font '../../../Engine/Content/Slate/Fonts/Roboto-Bold.ttf' (160K)
[2017.10.31-16.38.00:116][  0]LogSlate: Took 0.000131 seconds to synchronously load lazily loaded font '../../../Engine/Content/Editor/Slate/Fonts/FontAwesome.ttf' (139K)
[2017.10.31-16.38.00:190][  0]LogRenderer: Reallocating scene render targets to support 1204x576 NumSamples 1 (Frame:1).
[2017.10.31-16.38.00:311][  0]LogUObjectGlobals:Warning: Failed to find object 'Class None.'
[2017.10.31-16.38.00:357][  0]LogContentBrowser: Native class hierarchy updated for 'HierarchicalLODOutliner' in 0.0005 seconds. Added 1 classes and 2 folders.
[2017.10.31-16.38.00:358][  0]LogLoad: (Engine Initialization) Total time: 11.24 seconds
[2017.10.31-16.38.00:358][  0]LogLoad: (Engine Initialization) Total Blueprint compile time: 0.20 seconds
[2017.10.31-16.38.00:358][  0]LogExternalProfiler: Found external profiler: VSPerf
[2017.10.31-16.38.00:358][  0]LogExternalProfiler: Using external profiler: VSPerf
[2017.10.31-16.38.00:366][  0]LogOcInput: OculusInput pre-init called
[2017.10.31-16.38.00:366][  0]LogHMD: Starting GearVRController plugin
[2017.10.31-16.38.00:384][  0]LogAssetRegistry: Asset discovery search completed in 6.5844 seconds
[2017.10.31-16.38.00:386][  0]LogCollectionManager: Rebuilt the object cache for 0 collections in 0.000000 seconds (found 0 objects)
[2017.10.31-16.38.00:386][  0]LogCollectionManager: Fixed up redirectors for 0 collections in 0.000024 seconds (updated 0 objects)
[2017.10.31-16.38.00:388][  0]LogContentStreaming: Texture pool size now 1000 MB
[2017.10.31-16.38.00:434][  0]LogSlate: Took 0.000165 seconds to synchronously load lazily loaded font '../../../Engine/Content/Slate/Fonts/Roboto-Light.ttf' (159K)
[2017.10.31-16.38.01:391][105]LogSlate: Took 0.000195 seconds to synchronously load lazily loaded font '../../../Engine/Content/Slate/Fonts/Roboto-Light.ttf' (159K)
[2017.10.31-16.38.02:816][249]LogSlate: Took 0.000138 seconds to synchronously load lazily loaded font '../../../Engine/Content/Slate/Fonts/Roboto-Light.ttf' (159K)
[2017.10.31-16.38.02:865][249]LogContentBrowser: Native class hierarchy updated for 'SkeletonEditor' in 0.0005 seconds. Added 1 classes and 2 folders.
[2017.10.31-16.38.02:965][249]LogActorComponent: RegisterComponentWithWorld: (/Engine/Transient.World_1:PersistentLevel.Actor_0.DebugSkelMeshComponent_0) Already registered. Aborting.
[2017.10.31-16.38.02:995][249]LogSkeletalMesh: USkeletalMeshComponent::InitArticulated : Bodies already created (/Engine/Transient.World_1:PersistentLevel.Actor_0.DebugSkelMeshComponent_0) - call TermArticulated first.
[2017.10.31-16.38.03:263][249]LogContentBrowser: Native class hierarchy updated for 'ClothingSystemEditorInterface' in 0.0005 seconds. Added 1 classes and 0 folders.
[2017.10.31-16.38.03:270][249]LogContentBrowser:Verbose: The majority of assets in the view are of type: AnimSequence
[2017.10.31-16.38.08:799][767]LogContentBrowser: Native class hierarchy updated for 'BlueprintGraph' in 0.0008 seconds. Added 112 classes and 0 folders.
[2017.10.31-16.38.09:345][767]LogActorComponent: RegisterComponentWithWorld: (/Engine/Transient.World_7:PersistentLevel.Actor_1.DebugSkelMeshComponent_2) Already registered. Aborting.
[2017.10.31-16.38.09:525][767]LogSkeletalMesh: USkeletalMeshComponent::InitArticulated : Bodies already created (/Engine/Transient.World_7:PersistentLevel.Actor_1.DebugSkelMeshComponent_2) - call TermArticulated first.
[2017.10.31-16.38.11:358][917]LogSlate: Took 0.000149 seconds to synchronously load lazily loaded font '../../../Engine/Content/Editor/Slate/Fonts/Roboto-BoldCondensed.ttf' (158K)
[2017.10.31-16.38.11:443][917]LogContentBrowser:Verbose: The majority of assets in the view are of type: AnimSequence
[2017.10.31-16.38.11:469][918]LogSlate: Took 0.000168 seconds to synchronously load lazily loaded font '../../../Engine/Content/Editor/Slate/Fonts/Roboto-Italic.ttf' (157K)
[2017.10.31-16.38.21:684][885]LogWindows: Windows GetLastError: La operación se completó correctamente. (0)
[2017.10.31-16.38.24:660][885]LogCrashTracker: 


[2017.10.31-16.38.24:660][885]LogCrashTracker: 


[2017.10.31-16.38.24:660][885]LogWindows:Error: === Critical error: ===
[2017.10.31-16.38.24:660][885]LogWindows:Error: 
[2017.10.31-16.38.24:660][885]LogWindows:Error: Assertion failed: IsValid() [File:D:\Build\++UE4+Release-4.16+Compile\Sync\Engine\Source\Runtime\SlateCore\Public\Layout/WidgetPath.h] [Line: 245] 
[2017.10.31-16.38.24:660][885]LogWindows:Error: 
[2017.10.31-16.38.24:660][885]LogWindows:Error: 
[2017.10.31-16.38.24:660][885]LogWindows:Error: 
[2017.10.31-16.38.24:660][885]LogWindows:Error: KERNELBASE.dll!0x000000005D7C95FC
[2017.10.31-16.38.24:660][885]LogWindows:Error: UE4Editor-Core.dll!FOutputDeviceWindowsError::Serialize() [d:\build\++ue4+release-4.16+compile\sync\engine\source\runtime\core\private\windows\windowsplatformoutputdevices.cpp:120]
[2017.10.31-16.38.24:660][885]LogWindows:Error: UE4Editor-Core.dll!FOutputDevice::Logf__VA() [d:\build\++ue4+release-4.16+compile\sync\engine\source\runtime\core\private\misc\outputdevice.cpp:70]
[2017.10.31-16.38.24:660][885]LogWindows:Error: UE4Editor-Core.dll!FDebug::AssertFailed() [d:\build\++ue4+release-4.16+compile\sync\engine\source\runtime\core\private\misc\assertionmacros.cpp:349]
[2017.10.31-16.38.24:660][885]LogWindows:Error: UE4Editor-SlateCore.dll!FWeakWidgetPath::GetLastWidget() [d:\build\++ue4+release-4.16+compile\sync\engine\source\runtime\slatecore\public\layout\widgetpath.h:246]
[2017.10.31-16.38.24:660][885]LogWindows:Error: UE4Editor-Slate.dll!FSlateApplication::RoutePointerMoveEvent() [d:\build\++ue4+release-4.16+compile\sync\engine\source\runtime\slate\private\framework\application\slateapplication.cpp:5152]
[2017.10.31-16.38.24:660][885]LogWindows:Error: UE4Editor-Slate.dll!FSlateApplication::ProcessMouseMoveEvent() [d:\build\++ue4+release-4.16+compile\sync\engine\source\runtime\slate\private\framework\application\slateapplication.cpp:5713]
[2017.10.31-16.38.24:660][885]LogWindows:Error: UE4Editor-Slate.dll!FSlateApplication::OnMouseMove() [d:\build\++ue4+release-4.16+compile\sync\engine\source\runtime\slate\private\framework\application\slateapplication.cpp:5647]
[2017.10.31-16.38.24:660][885]LogWindows:Error: UE4Editor-Core.dll!FWindowsApplication::ProcessDeferredMessage() [d:\build\++ue4+release-4.16+compile\sync\engine\source\runtime\core\private\windows\windowsapplication.cpp:1742]
[2017.10.31-16.38.24:660][885]LogWindows:Error: UE4Editor-Core.dll!FWindowsApplication::DeferMessage() [d:\build\++ue4+release-4.16+compile\sync\engine\source\runtime\core\private\windows\windowsapplication.cpp:2127]
[2017.10.31-16.38.24:660][885]LogWindows:Error: UE4Editor-Core.dll!FWindowsApplication::ProcessMessage() [d:\build\++ue4+release-4.16+compile\sync\engine\source\runtime\core\private\windows\windowsapplication.cpp:867]
[2017.10.31-16.38.24:660][885]LogWindows:Error: UE4Editor-Core.dll!FWindowsApplication::AppWndProc() [d:\build\++ue4+release-4.16+compile\sync\engine\source\runtime\core\private\windows\windowsapplication.cpp:714]
[2017.10.31-16.38.24:660][885]LogWindows:Error: USER32.dll!0x000000005DB324FD
[2017.10.31-16.38.24:660][885]LogWindows:Error: USER32.dll!0x000000005DB32357
[2017.10.31-16.38.24:660][885]LogWindows:Error: UE4Editor-Core.dll!FWindowsPlatformMisc::PumpMessages() [d:\build\++ue4+release-4.16+compile\sync\engine\source\runtime\core\private\windows\windowsplatformmisc.cpp:1009]
[2017.10.31-16.38.24:660][885]LogWindows:Error: UE4Editor.exe!FEngineLoop::Tick() [d:\build\++ue4+release-4.16+compile\sync\engine\source\runtime\launch\private\launchengineloop.cpp:3058]
[2017.10.31-16.38.24:660][885]LogWindows:Error: UE4Editor.exe!GuardedMain() [d:\build\++ue4+release-4.16+compile\sync\engine\source\runtime\launch\private\launch.cpp:166]
[2017.10.31-16.38.24:660][885]LogWindows:Error: UE4Editor.exe!GuardedMainWrapper() [d:\build\++ue4+release-4.16+compile\sync\engine\source\runtime\launch\private\windows\launchwindows.cpp:134]
[2017.10.31-16.38.24:660][885]LogWindows:Error: UE4Editor.exe!WinMain() [d:\build\++ue4+release-4.16+compile\sync\engine\source\runtime\launch\private\windows\launchwindows.cpp:210]
[2017.10.31-16.38.24:660][885]LogWindows:Error: UE4Editor.exe!__scrt_common_main_seh() [f:\dd\vctools\crt\vcstartup\src\startup\exe_common.inl:253]
[2017.10.31-16.38.24:660][885]LogWindows:Error: KERNEL32.DLL!0x000000005FF913D2
[2017.10.31-16.38.24:660][885]LogWindows:Error: ntdll.dll!0x00000000603954F4
[2017.10.31-16.38.24:660][885]LogWindows:Error: ntdll.dll!0x00000000603954F4
[2017.10.31-16.38.24:660][885]LogWindows:Error: 
[2017.10.31-16.38.24:671][885]LogExit: Executing StaticShutdownAfterError
[2017.10.31-16.38.24:675][885]LogWindows: FPlatformMisc::RequestExit(1)
[2017.10.31-16.38.24:675][885]Log file closed, 10/31/17 17:38:24
