Log file open, 04/30/18 17:24:18
LogInit:Display: Running engine for game: MechHackAndSlash
LogPlatformFile: Not using cached read wrapper
LogInit:Display: RandInit(1395163233) SRandInit(1395163233).
LogTaskGraph: Started task graph with 5 named threads and 8 total threads with 1 sets of task threads.
LogStats: Stats thread started at 0.082987
LogInit: Using libcurl 7.47.1
LogInit:  - built for x86_64-pc-win32
LogInit:  - supports SSL with OpenSSL/1.0.2g
LogInit:  - supports HTTP deflate (compression) using libz 1.2.8
LogInit:  - other features:
LogInit:      CURL_VERSION_SSL
LogInit:      CURL_VERSION_LIBZ
LogInit:      CURL_VERSION_IPV6
LogInit:      CURL_VERSION_ASYNCHDNS
LogInit:      CURL_VERSION_LARGEFILE
LogInit:      CURL_VERSION_IDN
LogInit:  CurlRequestOptions (configurable via config and command line):
LogInit:  - bVerifyPeer = false  - Libcurl will NOT verify peer certificate
LogInit:  - bUseHttpProxy = false  - Libcurl will NOT use HTTP proxy
LogInit:  - bDontReuseConnections = false  - Libcurl will reuse connections
LogInit:  - CertBundlePath = nullptr  - Libcurl will use whatever was configured at build time.
LogInit: Build: ++UE4+Release-4.16-CL-3561208
LogInit: Engine Version: 4.16.3-3561208+++UE4+Release-4.16
LogInit: Compatible Engine Version: 4.16.0-3452394+++UE4+Release-4.16
LogInit: Net CL: 3452394
LogDevObjectVersion: Number of dev versions registered: 16
LogDevObjectVersion:   Dev-Blueprints (B0D832E4-1F89-4F0D-ACCF-7EB736FD4AA2): 9
LogDevObjectVersion:   Dev-Build (E1C64328-A22C-4D53-A36C-8E866417BD8C): 0
LogDevObjectVersion:   Dev-Core (375EC13C-06E4-48FB-B500-84F0262A717E): 2
LogDevObjectVersion:   Dev-Editor (E4B068ED-F494-42E9-A231-DA0B2E46BB41): 17
LogDevObjectVersion:   Dev-Framework (CFFC743F-43B0-4480-9391-14DF171D2073): 23
LogDevObjectVersion:   Dev-Mobile (B02B49B5-BB20-44E9-A304-32B752E40360): 0
LogDevObjectVersion:   Dev-Networking (A4E4105C-59A1-49B5-A7C5-40C4547EDFEE): 0
LogDevObjectVersion:   Dev-Online (39C831C9-5AE6-47DC-9A44-9C173E1C8E7C): 0
LogDevObjectVersion:   Dev-Physics (78F01B33-EBEA-4F98-B9B4-84EACCB95AA2): 0
LogDevObjectVersion:   Dev-Platform (6631380F-2D4D-43E0-8009-CF276956A95A): 0
LogDevObjectVersion:   Dev-Rendering (12F88B9F-8875-4AFC-A67C-D90C383ABD29): 15
LogDevObjectVersion:   Dev-Sequencer (7B5AE74C-D270-4C10-A958-57980B212A5A): 4
LogDevObjectVersion:   Dev-VR (D7296918-1DD6-4BDD-9DE2-64A83CC13884): 0
LogDevObjectVersion:   Dev-LoadTimes (C2A15278-BFE7-4AFE-6C17-90FF531DF755): 1
LogDevObjectVersion:   Private-Geometry (6EACA3D4-40EC-4CC1-B786-8BED09428FC5): 1
LogDevObjectVersion:   Dev-AnimPhys (29E575DD-E0A3-4627-9D10-D276232CDCEA): 3
LogInit: Compiled (64-bit): Jul 28 2017 11:49:47
LogInit: Compiled with Visual C++: 19.00.24215.01
LogInit: Build Configuration: Development
LogInit: Branch Name: ++UE4+Release-4.16
LogInit: Command line:  /Temp/Autosaves/Game/Niveles/UEDPCMenuIntro -game -PIEVIACONSOLE -ResX=1280 -ResY=720  -Multiprocess -messaging -SessionName="Play in Standalone Game" -windowed 
LogInit: Base directory: D:/Program Files (x86)/Epic Games/UE_4.16/Engine/Binaries/Win64/
LogInit: Installed Engine Build: 1
LogInit: Presizing for max 8388607 objects, including 0 objects not considered by GC, pre-allocating 0 bytes for permanent pool.
LogInit: Object subsystem initialized
[2018.04.30-15.24.18:645][  0]LogInit: Selected Device Profile: [Windows]
[2018.04.30-15.24.18:645][  0]LogInit: Applying CVar settings loaded from the selected device profile: [Windows]
[2018.04.30-15.24.18:648][  0]LogInit: Computer: DAVIDMASTERRACE
[2018.04.30-15.24.18:648][  0]LogInit: User: David
[2018.04.30-15.24.18:648][  0]LogInit: CPU Page size=4096, Cores=4
[2018.04.30-15.24.18:648][  0]LogInit: High frequency timer resolution =3.417965 MHz
[2018.04.30-15.24.18:648][  0]LogMemory: Memory total: Physical=15.9GB (16GB approx)
[2018.04.30-15.24.18:648][  0]LogMemory: Platform Memory Stats for Windows
[2018.04.30-15.24.18:648][  0]LogMemory: Process Physical Memory: 272.17 MB used, 272.17 MB peak
[2018.04.30-15.24.18:648][  0]LogMemory: Process Virtual Memory: 274.48 MB used, 274.48 MB peak
[2018.04.30-15.24.18:648][  0]LogMemory: Physical Memory: 6784.03 MB used,  9542.41 MB free, 16326.44 MB total
[2018.04.30-15.24.18:648][  0]LogMemory: Virtual Memory: 631.00 MB used,  9542.41 MB free, 134217728.00 MB total
[2018.04.30-15.24.18:693][  0]LogInit: Using OS detected language (es-ES).
[2018.04.30-15.24.18:693][  0]LogInit: Using OS detected locale (es-ES).
[2018.04.30-15.24.18:695][  0]LogTextLocalizationManager: No specific localization for 'es-ES' exists, so the 'es' localization will be used.
[2018.04.30-15.24.19:197][  0]LogD3D11RHI: D3D11 adapters:
[2018.04.30-15.24.19:218][  0]LogD3D11RHI:    0. 'NVIDIA GeForce GTX 970' (Feature Level 11_0)
[2018.04.30-15.24.19:218][  0]LogD3D11RHI:       3975/0/8163 MB DedicatedVideo/DedicatedSystem/SharedSystem, Outputs:1, VendorId:0x10de
[2018.04.30-15.24.19:219][  0]LogD3D11RHI:    1. 'Microsoft Basic Render Driver' (Feature Level 11_0)
[2018.04.30-15.24.19:219][  0]LogD3D11RHI:       0/0/256 MB DedicatedVideo/DedicatedSystem/SharedSystem, Outputs:0, VendorId:0x1414
[2018.04.30-15.24.19:219][  0]LogD3D11RHI: Chosen D3D11 Adapter: 0
[2018.04.30-15.24.19:221][  0]LogD3D11RHI: Creating new Direct3DDevice
[2018.04.30-15.24.19:221][  0]LogD3D11RHI:     GPU DeviceId: 0x13c2 (for the marketing name, search the web for "GPU Device Id")
[2018.04.30-15.24.19:221][  0]LogWindows: EnumDisplayDevices:
[2018.04.30-15.24.19:222][  0]LogWindows:    0. 'NVIDIA GeForce GTX 970' (P:1 D:1)
[2018.04.30-15.24.19:222][  0]LogWindows:    1. 'NVIDIA GeForce GTX 970' (P:0 D:0)
[2018.04.30-15.24.19:222][  0]LogWindows:    2. 'NVIDIA GeForce GTX 970' (P:0 D:0)
[2018.04.30-15.24.19:222][  0]LogWindows:    3. 'NVIDIA GeForce GTX 970' (P:0 D:0)
[2018.04.30-15.24.19:222][  0]LogWindows: DebugString: FoundDriverCount:4 
[2018.04.30-15.24.19:222][  0]LogD3D11RHI:     Adapter Name: NVIDIA GeForce GTX 970
[2018.04.30-15.24.19:222][  0]LogD3D11RHI:   Driver Version: 388.13 (internal:23.21.13.8813, unified:388.13)
[2018.04.30-15.24.19:222][  0]LogD3D11RHI:      Driver Date: 10-27-2017
[2018.04.30-15.24.19:222][  0]LogRHI: Texture pool is 1361 MB (70% of 1945 MB)
[2018.04.30-15.24.19:233][  0]LogD3D11RHI: Async texture creation enabled
[2018.04.30-15.24.19:296][  0]LogD3D11RHI: GPU Timing Frequency: 1000.000000 (Debug: 2 2)
[2018.04.30-15.24.19:340][  0]LogShaderCompilers: Guid format shader working directory is -27 characters bigger than the processId version (C:/Users/David/Documents/GitHub/FuturoImperfecto/PRUEBAS/MechHackAndSlash/Intermediate/Shaders/WorkingDirectory/5060/).
[2018.04.30-15.24.19:340][  0]LogShaderCompilers: Cleaned the shader compiler working directory 'C:/Users/David/AppData/Local/Temp/UnrealShaderWorkingDir/0A3C6F8D412581CE1606469ED9DA796F/'.
[2018.04.30-15.24.19:340][  0]LogShaderCompilers:Display: Using Local Shader Compiler.
[2018.04.30-15.24.20:180][  0]LogTemp:Display: Loaded TP WindowsClientTargetPlatform
[2018.04.30-15.24.20:213][  0]LogTemp:Display: Loaded TP WindowsNoEditorTargetPlatform
[2018.04.30-15.24.20:244][  0]LogTemp:Display: Loaded TP WindowsServerTargetPlatform
[2018.04.30-15.24.20:270][  0]LogTemp:Display: Loaded TP WindowsTargetPlatform
[2018.04.30-15.24.20:270][  0]LogTargetPlatformManager:Display: Building Assets For Windows
[2018.04.30-15.24.20:544][  0]LogDerivedDataCache:Display: Max Cache Size: 512 MB
[2018.04.30-15.24.20:632][  0]LogDerivedDataCache: Loaded boot cache 0.09s 91MB C:/Users/David/AppData/Local/UnrealEngine/4.16/DerivedDataCache/Boot.ddc.
[2018.04.30-15.24.20:632][  0]LogDerivedDataCache:Display: Loaded Boot cache: C:/Users/David/AppData/Local/UnrealEngine/4.16/DerivedDataCache/Boot.ddc
[2018.04.30-15.24.20:632][  0]LogDerivedDataCache: FDerivedDataBackendGraph:  Pak pak cache file C:/Users/David/Documents/GitHub/FuturoImperfecto/PRUEBAS/MechHackAndSlash/DerivedDataCache/DDC.ddp not found, will not use a pak cache.
[2018.04.30-15.24.20:632][  0]LogDerivedDataCache: Unable to find inner node Pak for hierarchical cache Hierarchy.
[2018.04.30-15.24.20:632][  0]LogDerivedDataCache: FDerivedDataBackendGraph:  CompressedPak pak cache file C:/Users/David/Documents/GitHub/FuturoImperfecto/PRUEBAS/MechHackAndSlash/DerivedDataCache/Compressed.ddp not found, will not use a pak cache.
[2018.04.30-15.24.20:632][  0]LogDerivedDataCache: Unable to find inner node CompressedPak for hierarchical cache Hierarchy.
[2018.04.30-15.24.20:648][  0]LogDerivedDataCache:Display: Pak cache opened for reading ../../../Engine/DerivedDataCache/Compressed.ddp.
[2018.04.30-15.24.20:660][  0]LogDerivedDataCache: Using Local data cache path C:/Users/David/AppData/Local/UnrealEngine/Common/DerivedDataCache: Writable
[2018.04.30-15.24.20:668][  0]LogMaterial: Verifying Global Shaders for PCD3D_SM5
[2018.04.30-15.24.20:668][  0]LogSlate: Using Freetype 2.6.0
[2018.04.30-15.24.20:669][  0]LogSlate: SlateFontCache - WITH_FREETYPE: 1, WITH_HARFBUZZ: 1
[2018.04.30-15.24.20:669][  0]LogSlate: SlateFontCache - WITH_FREETYPE: 1, WITH_HARFBUZZ: 1
[2018.04.30-15.24.20:869][  0]LogAssetRegistry: FAssetRegistry took 0.0034 seconds to start up
[2018.04.30-15.24.20:875][  0]LogPackageLocalizationCache: Processed 4 localized package path(s) for 2 prioritized culture(s) in 0.006638 seconds
[2018.04.30-15.24.20:944][  0]LogInit: Selected Device Profile: [Windows]
[2018.04.30-15.24.21:004][  0]LogContentStreaming: Texture pool size is 1000.00 MB
[2018.04.30-15.24.21:116][  0]LogMeshUtilities: Using QuadricMeshReduction for automatic static mesh reduction
[2018.04.30-15.24.21:139][  0]LogSimplygon: Simplygon DLL not present - disabling.
[2018.04.30-15.24.21:166][  0]LogMeshUtilities: Using SimplygonSwarm for distributed automatic mesh merging
[2018.04.30-15.24.21:166][  0]LogMeshUtilities: No automatic skeletal mesh reduction module available
[2018.04.30-15.24.21:166][  0]LogMeshUtilities: No automatic mesh merging module available
[2018.04.30-15.24.21:517][  0]LogNetVersion: MechHackAndSlash , NetCL: 3452394, EngineNetVer: 2, GameNetVer: 0 (Checksum: 86869316)
[2018.04.30-15.24.21:561][  0]LogInit: WinSock: version 1.1 (2.2), MaxSocks=32767, MaxUdp=65467
[2018.04.30-15.24.22:197][  0]LogMoviePlayer: Initializing movie player
[2018.04.30-15.24.22:516][  0]LogCollectionManager: Loaded 0 collections in 0.000879 seconds
[2018.04.30-15.24.22:562][  0]LogFileCache: Scanning file cache for directory 'C:/Users/David/Documents/GitHub/FuturoImperfecto/PRUEBAS/MechHackAndSlash/Saved/Collections/' took 0.01s
[2018.04.30-15.24.22:562][  0]LogFileCache: Scanning file cache for directory 'C:/Users/David/Documents/GitHub/FuturoImperfecto/PRUEBAS/MechHackAndSlash/Content/Developers/David/Collections/' took 0.01s
[2018.04.30-15.24.22:562][  0]LogCollectionManager: Rebuilt the object cache for 0 collections in 0.000002 seconds (found 0 objects)
[2018.04.30-15.24.22:562][  0]LogCollectionManager: Fixed up redirectors for 0 collections in 0.000031 seconds (updated 0 objects)
[2018.04.30-15.24.22:657][  0]LogFileCache: Scanning file cache for directory 'C:/Users/David/Documents/GitHub/FuturoImperfecto/PRUEBAS/MechHackAndSlash/Content/Collections/' took 0.01s
[2018.04.30-15.24.22:657][  0]LogTcpMessaging: Initializing TcpMessaging bridge
[2018.04.30-15.24.22:684][  0]LogUdpMessaging: Initializing bridge on interface 0.0.0.0:0 to multicast group 230.0.0.1:6666.
[2018.04.30-15.24.22:938][  0]SourceControl: Información El control de código fuente está desactivado
[2018.04.30-15.24.22:938][  0]SourceControl: Información El control de código fuente está desactivado
[2018.04.30-15.24.22:966][  0]SourceControl: Información El control de código fuente está desactivado
[2018.04.30-15.24.23:123][  0]LogAndroidPermission: UAndroidPermissionCallbackProxy::GetInstance
[2018.04.30-15.24.23:384][  0]LogUObjectArray: 37242 objects as part of root set at end of initial load.
[2018.04.30-15.24.23:384][  0]LogUObjectAllocator: 8406872 out of 0 bytes used by permanent object pool.
[2018.04.30-15.24.23:384][  0]LogUObjectArray: CloseDisregardForGC: 0/0 objects in disregard for GC pool
[2018.04.30-15.24.23:466][  0]LogEngine: Initializing Engine...
[2018.04.30-15.24.23:466][  0]LogHMD: Failed to initialize OpenVR with code 110
[2018.04.30-15.24.23:630][  0]LogStats: UGameplayTagsManager::ConstructGameplayTagTree: Construct from data asset -  0.000 s
[2018.04.30-15.24.23:630][  0]LogStats: UGameplayTagsManager::ConstructGameplayTagTree: GameplayTagTreeChangedEvent.Broadcast -  0.000 s
[2018.04.30-15.24.23:655][  0]LogInit: XAudio2 using 'Speakers (Realtek High Definition Audio)' : 2 channels at 48 kHz using 32 bits per sample (channel mask 0x3)
[2018.04.30-15.24.23:660][  0]LogInit: FAudioDevice initialized.
[2018.04.30-15.24.23:682][  0]LogInit: Texture streaming: Enabled
[2018.04.30-15.24.23:700][  0]LogMaterial: Uniform references updated for custom material expression Custom.
