Log file open, 08/04/17 17:12:42
LogInit:Display: Running engine for game: MyProject2
LogPlatformFile: Not using cached read wrapper
LogInit:Display: RandInit(-2007520592) SRandInit(-2007520591).
LogTaskGraph: Started task graph with 5 named threads and 8 total threads with 1 sets of task threads.
LogStats: Stats thread started at 0.078122
LogInit: Using libcurl 7.47.1
LogInit:  - built for x86_64-pc-win32
LogInit:  - supports SSL with OpenSSL/1.0.2g
LogInit:  - supports HTTP deflate (compression) using libz 1.2.8
LogInit:  - other features:
LogInit:      CURL_VERSION_SSL
LogInit:      CURL_VERSION_LIBZ
LogInit:      CURL_VERSION_IPV6
LogInit:      CURL_VERSION_ASYNCHDNS
LogInit:      CURL_VERSION_LARGEFILE
LogInit:      CURL_VERSION_IDN
LogInit:  CurlRequestOptions (configurable via config and command line):
LogInit:  - bVerifyPeer = false  - Libcurl will NOT verify peer certificate
LogInit:  - bUseHttpProxy = false  - Libcurl will NOT use HTTP proxy
LogInit:  - bDontReuseConnections = false  - Libcurl will reuse connections
LogInit:  - CertBundlePath = nullptr  - Libcurl will use whatever was configured at build time.
LogInit: Build: ++UE4+Release-4.16-CL-3514769
LogInit: Engine Version: 4.16.2-3514769+++UE4+Release-4.16
LogInit: Compatible Engine Version: 4.16.0-3452394+++UE4+Release-4.16
LogInit: Net CL: 3452394
LogDevObjectVersion: Number of dev versions registered: 16
LogDevObjectVersion:   Dev-Blueprints (B0D832E4-1F89-4F0D-ACCF-7EB736FD4AA2): 9
LogDevObjectVersion:   Dev-Build (E1C64328-A22C-4D53-A36C-8E866417BD8C): 0
LogDevObjectVersion:   Dev-Core (375EC13C-06E4-48FB-B500-84F0262A717E): 2
LogDevObjectVersion:   Dev-Editor (E4B068ED-F494-42E9-A231-DA0B2E46BB41): 17
LogDevObjectVersion:   Dev-Framework (CFFC743F-43B0-4480-9391-14DF171D2073): 23
LogDevObjectVersion:   Dev-Mobile (B02B49B5-BB20-44E9-A304-32B752E40360): 0
LogDevObjectVersion:   Dev-Networking (A4E4105C-59A1-49B5-A7C5-40C4547EDFEE): 0
LogDevObjectVersion:   Dev-Online (39C831C9-5AE6-47DC-9A44-9C173E1C8E7C): 0
LogDevObjectVersion:   Dev-Physics (78F01B33-EBEA-4F98-B9B4-84EACCB95AA2): 0
LogDevObjectVersion:   Dev-Platform (6631380F-2D4D-43E0-8009-CF276956A95A): 0
LogDevObjectVersion:   Dev-Rendering (12F88B9F-8875-4AFC-A67C-D90C383ABD29): 15
LogDevObjectVersion:   Dev-Sequencer (7B5AE74C-D270-4C10-A958-57980B212A5A): 4
LogDevObjectVersion:   Dev-VR (D7296918-1DD6-4BDD-9DE2-64A83CC13884): 0
LogDevObjectVersion:   Dev-LoadTimes (C2A15278-BFE7-4AFE-6C17-90FF531DF755): 1
LogDevObjectVersion:   Private-Geometry (6EACA3D4-40EC-4CC1-B786-8BED09428FC5): 1
LogDevObjectVersion:   Dev-AnimPhys (29E575DD-E0A3-4627-9D10-D276232CDCEA): 3
LogInit: Compiled (64-bit): Jun 29 2017 02:03:24
LogInit: Compiled with Visual C++: 19.00.24215.01
LogInit: Build Configuration: Development
LogInit: Branch Name: ++UE4+Release-4.16
LogInit: Command line: -EpicPortal 
LogInit: Base directory: D:/Program Files (x86)/Epic Games/UE_4.16/Engine/Binaries/Win64/
LogInit: Installed Engine Build: 1
LogInit: Presizing for max 8388607 objects, including 0 objects not considered by GC, pre-allocating 0 bytes for permanent pool.
LogInit: Object subsystem initialized
[2017.08.04-15.12.42:783][  0]LogInit: Selected Device Profile: [Windows]
[2017.08.04-15.12.42:783][  0]LogInit: Applying CVar settings loaded from the selected device profile: [Windows]
[2017.08.04-15.12.42:792][  0]LogInit: Computer: DAVIDMASTERRACE
[2017.08.04-15.12.42:792][  0]LogInit: User: David
[2017.08.04-15.12.42:792][  0]LogInit: CPU Page size=4096, Cores=4
[2017.08.04-15.12.42:792][  0]LogInit: High frequency timer resolution =3.417963 MHz
[2017.08.04-15.12.42:792][  0]LogMemory: Memory total: Physical=15.9GB (16GB approx)
[2017.08.04-15.12.42:792][  0]LogMemory: Platform Memory Stats for Windows
[2017.08.04-15.12.42:792][  0]LogMemory: Process Physical Memory: 270.10 MB used, 270.10 MB peak
[2017.08.04-15.12.42:792][  0]LogMemory: Process Virtual Memory: 258.50 MB used, 258.50 MB peak
[2017.08.04-15.12.42:792][  0]LogMemory: Physical Memory: 5418.06 MB used,  10908.38 MB free, 16326.44 MB total
[2017.08.04-15.12.42:792][  0]LogMemory: Virtual Memory: 614.98 MB used,  10908.38 MB free, 134217728.00 MB total
[2017.08.04-15.12.42:831][  0]LogInit: Using OS detected language (es-ES).
[2017.08.04-15.12.42:831][  0]LogInit: Using OS detected locale (es-ES).
[2017.08.04-15.12.42:833][  0]LogTextLocalizationManager: No specific localization for 'es-ES' exists, so the 'es' localization will be used.
[2017.08.04-15.12.43:429][  0]LogD3D11RHI: D3D11 adapters:
[2017.08.04-15.12.43:895][  0]LogD3D11RHI:    0. 'NVIDIA GeForce GTX 970' (Feature Level 11_0)
[2017.08.04-15.12.43:895][  0]LogD3D11RHI:       3975/0/8163 MB DedicatedVideo/DedicatedSystem/SharedSystem, Outputs:1, VendorId:0x10de
[2017.08.04-15.12.43:896][  0]LogD3D11RHI:    1. 'Microsoft Basic Render Driver' (Feature Level 11_0)
[2017.08.04-15.12.43:896][  0]LogD3D11RHI:       0/0/256 MB DedicatedVideo/DedicatedSystem/SharedSystem, Outputs:0, VendorId:0x1414
[2017.08.04-15.12.43:896][  0]LogD3D11RHI: Chosen D3D11 Adapter: 0
[2017.08.04-15.12.43:898][  0]LogD3D11RHI: Creating new Direct3DDevice
[2017.08.04-15.12.43:898][  0]LogD3D11RHI:     GPU DeviceId: 0x13c2 (for the marketing name, search the web for "GPU Device Id")
[2017.08.04-15.12.43:898][  0]LogWindows: EnumDisplayDevices:
[2017.08.04-15.12.43:898][  0]LogWindows:    0. 'NVIDIA GeForce GTX 970' (P:1 D:1)
[2017.08.04-15.12.43:898][  0]LogWindows:    1. 'NVIDIA GeForce GTX 970' (P:0 D:0)
[2017.08.04-15.12.43:898][  0]LogWindows:    2. 'NVIDIA GeForce GTX 970' (P:0 D:0)
[2017.08.04-15.12.43:898][  0]LogWindows:    3. 'NVIDIA GeForce GTX 970' (P:0 D:0)
[2017.08.04-15.12.43:898][  0]LogWindows: DebugString: FoundDriverCount:4 
[2017.08.04-15.12.43:898][  0]LogD3D11RHI:     Adapter Name: NVIDIA GeForce GTX 970
[2017.08.04-15.12.43:898][  0]LogD3D11RHI:   Driver Version: 376.51 (internal:21.21.13.7651, unified:376.51)
[2017.08.04-15.12.43:898][  0]LogD3D11RHI:      Driver Date: 12-25-2016
[2017.08.04-15.12.43:898][  0]LogRHI: Texture pool is 1361 MB (70% of 1945 MB)
[2017.08.04-15.12.44:354][  0]LogD3D11RHI: Async texture creation enabled
[2017.08.04-15.12.44:380][  0]LogD3D11RHI: GPU Timing Frequency: 1000.000000 (Debug: 2 2)
[2017.08.04-15.12.44:424][  0]LogShaderCompilers: Guid format shader working directory is -21 characters bigger than the processId version (C:/Users/David/Documents/GitHub/FuturoImperfecto/PRUEBAS/MyProject2/Intermediate/Shaders/WorkingDirectory/2340/).
[2017.08.04-15.12.44:424][  0]LogShaderCompilers: Cleaned the shader compiler working directory 'C:/Users/David/AppData/Local/Temp/UnrealShaderWorkingDir/B3A2EC2842C620897637ECB18665BF48/'.
[2017.08.04-15.12.44:424][  0]LogShaderCompilers:Display: Using Local Shader Compiler.
[2017.08.04-15.12.45:234][  0]LogTemp:Display: Loaded TP AllDesktopTargetPlatform
[2017.08.04-15.12.45:263][  0]LogTemp:Display: Loaded TP MacClientTargetPlatform
[2017.08.04-15.12.45:291][  0]LogTemp:Display: Loaded TP MacNoEditorTargetPlatform
[2017.08.04-15.12.45:320][  0]LogTemp:Display: Loaded TP MacServerTargetPlatform
[2017.08.04-15.12.45:349][  0]LogTemp:Display: Loaded TP MacTargetPlatform
[2017.08.04-15.12.45:378][  0]LogTemp:Display: Loaded TP WindowsClientTargetPlatform
[2017.08.04-15.12.45:407][  0]LogTemp:Display: Loaded TP WindowsNoEditorTargetPlatform
[2017.08.04-15.12.45:435][  0]LogTemp:Display: Loaded TP WindowsServerTargetPlatform
[2017.08.04-15.12.45:459][  0]LogTemp:Display: Loaded TP WindowsTargetPlatform
[2017.08.04-15.12.45:487][  0]LogTemp:Display: Loaded TP AndroidTargetPlatform
[2017.08.04-15.12.45:514][  0]LogTemp:Display: Loaded TP Android_ASTCTargetPlatform
[2017.08.04-15.12.45:543][  0]LogTemp:Display: Loaded TP Android_ATCTargetPlatform
[2017.08.04-15.12.45:571][  0]LogTemp:Display: Loaded TP Android_DXTTargetPlatform
[2017.08.04-15.12.45:599][  0]LogTemp:Display: Loaded TP Android_ETC1TargetPlatform
[2017.08.04-15.12.45:627][  0]LogTemp:Display: Loaded TP Android_ETC2TargetPlatform
[2017.08.04-15.12.45:683][  0]LogTemp:Display: Loaded TP Android_MultiTargetPlatform
[2017.08.04-15.12.45:683][  0]LogTemp:Display: Loaded TP Android_PVRTCTargetPlatform
[2017.08.04-15.12.45:703][  0]LogTemp:Display: Loaded TP HTML5TargetPlatform
[2017.08.04-15.12.45:765][  0]LogTemp:Display: Loaded TP IOSTargetPlatform
[2017.08.04-15.12.45:783][  0]LogTemp:Display: Loaded TP TVOSTargetPlatform
[2017.08.04-15.12.45:810][  0]LogTemp:Display: Loaded TP LinuxClientTargetPlatform
[2017.08.04-15.12.45:838][  0]LogTemp:Display: Loaded TP LinuxNoEditorTargetPlatform
[2017.08.04-15.12.45:865][  0]LogTemp:Display: Loaded TP LinuxServerTargetPlatform
[2017.08.04-15.12.45:893][  0]LogTemp:Display: Loaded TP LinuxTargetPlatform
[2017.08.04-15.12.45:893][  0]LogTargetPlatformManager:Display: Building Assets For Windows
[2017.08.04-15.12.46:147][  0]LogDerivedDataCache:Display: Max Cache Size: 512 MB
[2017.08.04-15.12.46:223][  0]LogDerivedDataCache: Loaded boot cache 0.08s 90MB C:/Users/David/AppData/Local/UnrealEngine/4.16/DerivedDataCache/Boot.ddc.
[2017.08.04-15.12.46:223][  0]LogDerivedDataCache:Display: Loaded Boot cache: C:/Users/David/AppData/Local/UnrealEngine/4.16/DerivedDataCache/Boot.ddc
[2017.08.04-15.12.46:223][  0]LogDerivedDataCache: FDerivedDataBackendGraph:  Pak pak cache file C:/Users/David/Documents/GitHub/FuturoImperfecto/PRUEBAS/MyProject2/DerivedDataCache/DDC.ddp not found, will not use a pak cache.
[2017.08.04-15.12.46:223][  0]LogDerivedDataCache: Unable to find inner node Pak for hierarchical cache Hierarchy.
[2017.08.04-15.12.46:223][  0]LogDerivedDataCache: FDerivedDataBackendGraph:  CompressedPak pak cache file C:/Users/David/Documents/GitHub/FuturoImperfecto/PRUEBAS/MyProject2/DerivedDataCache/Compressed.ddp not found, will not use a pak cache.
[2017.08.04-15.12.46:223][  0]LogDerivedDataCache: Unable to find inner node CompressedPak for hierarchical cache Hierarchy.
[2017.08.04-15.12.46:238][  0]LogDerivedDataCache:Display: Pak cache opened for reading ../../../Engine/DerivedDataCache/Compressed.ddp.
[2017.08.04-15.12.46:250][  0]LogDerivedDataCache: Using Local data cache path C:/Users/David/AppData/Local/UnrealEngine/Common/DerivedDataCache: Writable
[2017.08.04-15.12.46:258][  0]LogMaterial: Verifying Global Shaders for PCD3D_SM5
[2017.08.04-15.12.46:258][  0]LogSlate: Using Freetype 2.6.0
[2017.08.04-15.12.46:259][  0]LogSlate: SlateFontCache - WITH_FREETYPE: 1, WITH_HARFBUZZ: 1
[2017.08.04-15.12.46:259][  0]LogSlate: SlateFontCache - WITH_FREETYPE: 1, WITH_HARFBUZZ: 1
[2017.08.04-15.12.46:505][  0]LogInit: Selected Device Profile: [Windows]
[2017.08.04-15.12.46:559][  0]LogContentStreaming: Texture pool size is 0.00 MB
[2017.08.04-15.12.46:666][  0]LogMeshUtilities: Using QuadricMeshReduction for automatic static mesh reduction
[2017.08.04-15.12.46:688][  0]LogSimplygon: Simplygon DLL not present - disabling.
[2017.08.04-15.12.46:712][  0]LogMeshUtilities: Using SimplygonSwarm for distributed automatic mesh merging
[2017.08.04-15.12.46:712][  0]LogMeshUtilities: No automatic skeletal mesh reduction module available
[2017.08.04-15.12.46:712][  0]LogMeshUtilities: No automatic mesh merging module available
[2017.08.04-15.12.47:071][  0]LogNetVersion: MyProject2 , NetCL: 3452394, EngineNetVer: 2, GameNetVer: 0 (Checksum: 4119263391)
[2017.08.04-15.12.47:118][  0]LogAssetRegistry: FAssetRegistry took 0.0254 seconds to start up
[2017.08.04-15.12.47:153][  0]LogPackageLocalizationCache: Processed 4 localized package path(s) for 2 prioritized culture(s) in 0.024060 seconds
[2017.08.04-15.12.47:157][  0]LogUObjectArray: 34194 objects as part of root set at end of initial load.
[2017.08.04-15.12.47:157][  0]LogUObjectAllocator: 7260416 out of 0 bytes used by permanent object pool.
[2017.08.04-15.12.47:157][  0]LogUObjectArray: CloseDisregardForGC: 0/0 objects in disregard for GC pool
[2017.08.04-15.12.47:189][  0]LogInit: WinSock: version 1.1 (2.2), MaxSocks=32767, MaxUdp=65467
[2017.08.04-15.12.48:688][  0]LogTcpMessaging: Initializing TcpMessaging bridge
[2017.08.04-15.12.48:720][  0]LogUdpMessaging: Initializing bridge on interface 0.0.0.0:0 to multicast group 230.0.0.1:6666.
[2017.08.04-15.12.49:023][  0]LogMaterial: Uniform references updated for custom material expression Custom.
[2017.08.04-15.12.49:243][  0]SourceControl: Información El control de código fuente está desactivado
[2017.08.04-15.12.49:264][  0]SourceControl: Información El control de código fuente está desactivado
[2017.08.04-15.12.49:289][  0]SourceControl: Información El control de código fuente está desactivado
[2017.08.04-15.12.49:312][  0]SourceControl: Información El control de código fuente está desactivado
[2017.08.04-15.12.49:662][  0]LogAndroidPermission: UAndroidPermissionCallbackProxy::GetInstance
[2017.08.04-15.12.49:979][  0]LogEngine: Initializing Engine...
[2017.08.04-15.12.49:979][  0]LogHMD: Failed to initialize OpenVR with code 110
[2017.08.04-15.12.50:130][  0]LogStats: UGameplayTagsManager::ConstructGameplayTagTree: Construct from data asset -  0.000 s
[2017.08.04-15.12.50:130][  0]LogStats: UGameplayTagsManager::ConstructGameplayTagTree: GameplayTagTreeChangedEvent.Broadcast -  0.000 s
[2017.08.04-15.12.50:197][  0]LogAIModule: Creating AISystem for world Untitled
[2017.08.04-15.12.50:217][  0]LogInit: XAudio2 using 'Speakers (Realtek High Definition Audio)' : 2 channels at 48 kHz using 32 bits per sample (channel mask 0x3)
[2017.08.04-15.12.50:223][  0]LogInit: FAudioDevice initialized.
[2017.08.04-15.12.50:257][  0]LogDerivedDataCache: Saved boot cache 0.03s 90MB C:/Users/David/AppData/Local/UnrealEngine/4.16/DerivedDataCache/Boot.ddc.
[2017.08.04-15.12.50:266][  0]LogInit: Texture streaming: Enabled
[2017.08.04-15.12.50:316][  0]LogEngineSessionManager: EngineSessionManager initialized
[2017.08.04-15.12.50:430][  0]LogInit: Transaction tracking system initialized
[2017.08.04-15.12.50:587][  0]BlueprintLog: New page: Cargar el editor
[2017.08.04-15.12.51:108][  0]LocalizationService: Información Localization service is disabled
[2017.08.04-15.12.51:469][  0]LogConsoleResponse:Display: 
[2017.08.04-15.12.51:567][  0]LogCook:Display: Max memory allowance for cook 16384mb min free memory 0mb
[2017.08.04-15.12.51:567][  0]LogCook:Display: Mobile HDR setting 1
[2017.08.04-15.12.52:088][  0]LogFileCache: Scanning file cache for directory 'C:/Users/David/Documents/GitHub/FuturoImperfecto/PRUEBAS/MyProject2/Content/' took 0.01s
[2017.08.04-15.12.52:088][  0]SourceControl: Información El control de código fuente está desactivado
[2017.08.04-15.12.52:088][  0]Cmd: MAP LOAD FILE="C:/Users/David/Documents/GitHub/FuturoImperfecto/PRUEBAS/MyProject2/Content/ThirdPersonBP/Maps/ThirdPersonExampleMap.umap" TEMPLATE=0 SHOWPROGRESS=1 FEATURELEVEL=3
[2017.08.04-15.12.52:088][  0]LightingResults: New page: Diseñar la iluminación
[2017.08.04-15.12.52:109][  0]MapCheck: New page: Revisión del mapa
[2017.08.04-15.12.52:109][  0]LightingResults: New page: Diseñar la iluminación
[2017.08.04-15.12.52:432][  0]LogAIModule: Creating AISystem for world ThirdPersonExampleMap
[2017.08.04-15.12.52:438][  0]LogEditorServer: Finished looking for orphan Actors (0.000 secs)
[2017.08.04-15.12.52:449][  0]Cmd: MAP CHECKDEP NOCLEARLOG
[2017.08.04-15.12.52:479][  0]MapCheck: Información Map check complete: 0 Error(s), 0 Warning(s), took 30,053ms to complete.
[2017.08.04-15.12.52:479][  0]LogFileHelpers: Loading map 'ThirdPersonExampleMap' took 0.391
[2017.08.04-15.12.52:576][  0]LogCollectionManager: Loaded 0 collections in 0.000799 seconds
[2017.08.04-15.12.52:633][  0]LogFileCache: Scanning file cache for directory 'C:/Users/David/Documents/GitHub/FuturoImperfecto/PRUEBAS/MyProject2/Saved/Collections/' took 0.01s
[2017.08.04-15.12.52:633][  0]LogFileCache: Scanning file cache for directory 'C:/Users/David/Documents/GitHub/FuturoImperfecto/PRUEBAS/MyProject2/Content/Developers/David/Collections/' took 0.01s
[2017.08.04-15.12.52:633][  0]LogFileCache: Scanning file cache for directory 'C:/Users/David/Documents/GitHub/FuturoImperfecto/PRUEBAS/MyProject2/Content/Collections/' took 0.01s
[2017.08.04-15.12.52:633][  0]LogCollectionManager: Rebuilt the GUID cache for 0 collections in 0.000001 seconds
[2017.08.04-15.12.52:640][  0]LogContentBrowser: Native class hierarchy populated in 0.0073 seconds. Added 2329 classes and 491 folders.
[2017.08.04-15.12.52:673][  0]LogContentBrowser: Native class hierarchy updated for 'WidgetCarousel' in 0.0004 seconds. Added 0 classes and 0 folders.
[2017.08.04-15.12.52:698][  0]LogContentBrowser: Native class hierarchy updated for 'AddContentDialog' in 0.0005 seconds. Added 0 classes and 0 folders.
[2017.08.04-15.12.52:720][  0]LogContentBrowser: Native class hierarchy updated for 'SceneOutliner' in 0.0005 seconds. Added 1 classes and 2 folders.
[2017.08.04-15.12.52:781][  0]LogCrashTracker: Crashtracker disabled due to settings.
[2017.08.04-15.12.52:785][  0]LogSlate: Took 0.000151 seconds to synchronously load lazily loaded font '../../../Engine/Content/Slate/Fonts/Roboto-Regular.ttf' (155K)
[2017.08.04-15.12.52:787][  0]LogSlate: Took 0.000146 seconds to synchronously load lazily loaded font '../../../Engine/Content/Slate/Fonts/Roboto-Bold.ttf' (160K)
[2017.08.04-15.12.52:792][  0]LogSlate: Took 0.000161 seconds to synchronously load lazily loaded font '../../../Engine/Content/Editor/Slate/Fonts/FontAwesome.ttf' (139K)
[2017.08.04-15.12.52:866][  0]LogRenderer: Reallocating scene render targets to support 1208x576 NumSamples 1 (Frame:1).
[2017.08.04-15.12.52:992][  0]LogUObjectGlobals:Warning: Error al encontrar el objeto 'Class Ninguno.'
[2017.08.04-15.12.53:036][  0]LogContentBrowser: Native class hierarchy updated for 'HierarchicalLODOutliner' in 0.0005 seconds. Added 1 classes and 2 folders.
[2017.08.04-15.12.53:036][  0]LogLoad: (Engine Initialization) Total time: 11.22 seconds
[2017.08.04-15.12.53:036][  0]LogLoad: (Engine Initialization) Total Blueprint compile time: 0.09 seconds
[2017.08.04-15.12.53:036][  0]LogExternalProfiler: Found external profiler: VSPerf
[2017.08.04-15.12.53:036][  0]LogExternalProfiler: Using external profiler: VSPerf
[2017.08.04-15.12.53:046][  0]LogOcInput: OculusInput pre-init called
[2017.08.04-15.12.53:046][  0]LogHMD: Starting GearVRController plugin
[2017.08.04-15.12.53:062][  0]LogAssetRegistry: Asset discovery search completed in 5.9661 seconds
[2017.08.04-15.12.53:063][  0]LogCollectionManager: Rebuilt the object cache for 0 collections in 0.000000 seconds (found 0 objects)
[2017.08.04-15.12.53:063][  0]LogCollectionManager: Fixed up redirectors for 0 collections in 0.000017 seconds (updated 0 objects)
[2017.08.04-15.12.53:066][  0]LogContentStreaming: Texture pool size now 1000 MB
[2017.08.04-15.12.53:100][  0]LogSlate: Took 0.000154 seconds to synchronously load lazily loaded font '../../../Engine/Content/Slate/Fonts/Roboto-Light.ttf' (159K)
[2017.08.04-15.13.02:916][  1]LogTemp: Executing iPhonePackager certificates Engine -bundlename com.YourCompany.MyProject2
[2017.08.04-15.13.02:916][  1]LogTemp: CWD: D:\Program Files (x86)\Epic Games\UE_4.16\Engine\Binaries\DotNET\IOS
[2017.08.04-15.13.02:916][  1]LogTemp: Initial Dir: D:\Program Files (x86)\Epic Games\UE_4.16
[2017.08.04-15.13.02:916][  1]LogTemp: Env CWD: D:\Program Files (x86)\Epic Games\UE_4.16\Engine\Binaries\DotNET\IOS
[2017.08.04-15.13.02:916][  1]LogTemp: BranchPath = DAVIDMASTERRACE/D/Program Files (x86)/Epic Games/UE_4.16/Engine/Binaries --- GameBranchPath = DAVIDMASTERRACE/D/Program Files (x86)/Epic Games/UE_4.16/Engine/Binaries
[2017.08.04-15.13.02:917][  1]LogSlate: Only BGRA pngs, bmps or icos are supported in by External Image Picker
[2017.08.04-15.13.02:976][  2]LogTemp: IPP ERROR: Could not find provision directory 'C:\Users\David\AppData\Local/Apple Computer/MobileDevice/Provisioning Profiles/'.
[2017.08.04-15.13.23:197][390]LogSlate: Took 0.000135 seconds to synchronously load lazily loaded font '../../../Engine/Content/Slate/Fonts/Roboto-Light.ttf' (159K)
[2017.08.04-15.13.23:320][390]LogContentBrowser: Native class hierarchy updated for 'SkeletonEditor' in 0.0006 seconds. Added 1 classes and 2 folders.
[2017.08.04-15.13.23:549][390]LogActorComponent: RegisterComponentWithWorld: (/Engine/Transient.World_5:PersistentLevel.Actor_0.DebugSkelMeshComponent_0) Already registered. Aborting.
[2017.08.04-15.13.23:756][390]LogSlate: Took 0.000121 seconds to synchronously load lazily loaded font '../../../Engine/Content/Slate/Fonts/Roboto-Regular.ttf' (155K)
[2017.08.04-15.13.23:820][390]LogContentBrowser: Native class hierarchy updated for 'BlueprintGraph' in 0.0007 seconds. Added 112 classes and 0 folders.
[2017.08.04-15.13.24:341][390]LogSkeletalMesh: USkeletalMeshComponent::InitArticulated : Bodies already created (/Engine/Transient.World_5:PersistentLevel.Actor_0.DebugSkelMeshComponent_0) - call TermArticulated first.
[2017.08.04-15.13.24:571][390]LogSlate: Took 0.000142 seconds to synchronously load lazily loaded font '../../../Engine/Content/Editor/Slate/Fonts/Roboto-BoldCondensed.ttf' (158K)
[2017.08.04-15.13.24:629][390]LogContentBrowser: Native class hierarchy updated for 'ClothingSystemEditorInterface' in 0.0005 seconds. Added 1 classes and 0 folders.
[2017.08.04-15.13.42:182][171]LogActorComponent: RegisterComponentWithWorld: (/Engine/Transient.World_8:PersistentLevel.Actor_1.DebugSkelMeshComponent_2) Already registered. Aborting.
[2017.08.04-15.13.42:215][171]LogSkeletalMesh: USkeletalMeshComponent::InitArticulated : Bodies already created (/Engine/Transient.World_8:PersistentLevel.Actor_1.DebugSkelMeshComponent_2) - call TermArticulated first.
[2017.08.04-15.13.42:446][171]LogContentBrowser:Verbose: The majority of assets in the view are of type: AnimSequence
[2017.08.04-15.13.50:226][946]LogActorComponent: RegisterComponentWithWorld: (/Engine/Transient.World_10:PersistentLevel.Actor_2.DebugSkelMeshComponent_4) Already registered. Aborting.
[2017.08.04-15.13.50:245][946]LogSkeletalMesh: USkeletalMeshComponent::InitArticulated : Bodies already created (/Engine/Transient.World_10:PersistentLevel.Actor_2.DebugSkelMeshComponent_4) - call TermArticulated first.
[2017.08.04-15.13.50:415][946]LogSlate: Took 0.000148 seconds to synchronously load lazily loaded font '../../../Engine/Content/Editor/Slate/Fonts/Roboto-Italic.ttf' (157K)
[2017.08.04-15.13.50:471][947]LogRenderer: Reallocating scene render targets to support 1208x700 NumSamples 1 (Frame:1).
[2017.08.04-15.13.51:449][ 51]LogActorComponent: RegisterComponentWithWorld: (/Engine/Transient.World_13:PersistentLevel.Actor_3.DebugSkelMeshComponent_5) Already registered. Aborting.
[2017.08.04-15.13.51:609][ 51]LogSkeletalMesh: USkeletalMeshComponent::InitArticulated : Bodies already created (/Engine/Transient.World_13:PersistentLevel.Actor_3.DebugSkelMeshComponent_5) - call TermArticulated first.
[2017.08.04-15.13.54:730][272]LogActorComponent: RegisterComponentWithWorld: (/Engine/Transient.World_15:PersistentLevel.Actor_4.DebugSkelMeshComponent_7) Already registered. Aborting.
[2017.08.04-15.13.54:752][272]LogSkeletalMesh: USkeletalMeshComponent::InitArticulated : Bodies already created (/Engine/Transient.World_15:PersistentLevel.Actor_4.DebugSkelMeshComponent_7) - call TermArticulated first.
[2017.08.04-15.13.55:039][272]LogContentBrowser:Verbose: The majority of assets in the view are of type: AnimSequence
[2017.08.04-15.13.59:449][672]LogActorComponent: RegisterComponentWithWorld: (/Engine/Transient.World_19:PersistentLevel.Actor_5.DebugSkelMeshComponent_10) Already registered. Aborting.
[2017.08.04-15.13.59:603][672]LogSkeletalMesh: USkeletalMeshComponent::InitArticulated : Bodies already created (/Engine/Transient.World_19:PersistentLevel.Actor_5.DebugSkelMeshComponent_10) - call TermArticulated first.
[2017.08.04-15.14.33:209][510]Cmd: MAP LOAD FILE="C:/Users/David/Documents/GitHub/FuturoImperfecto/PRUEBAS/MyProject2/Content/ThirdPersonBP/Maps/ThirdPersonExampleMap.umap" TEMPLATE=0 SHOWPROGRESS=1 FEATURELEVEL=3
[2017.08.04-15.14.33:209][510]LightingResults: New page: Diseñar la iluminación
[2017.08.04-15.14.33:210][510]LoadErrors: New page: Cargando mapa: ThirdPersonExampleMap.umap
[2017.08.04-15.14.33:210][510]MapCheck: New page: Revisión del mapa
[2017.08.04-15.14.33:210][510]LightingResults: New page: Diseñar la iluminación
[2017.08.04-15.14.33:243][510]LogAIModule: Creating AISystem for world ThirdPersonExampleMap
[2017.08.04-15.14.33:299][510]LogEditorServer: Finished looking for orphan Actors (0.000 secs)
[2017.08.04-15.14.33:321][510]Cmd: MAP CHECKDEP NOCLEARLOG
[2017.08.04-15.14.33:355][510]MapCheck: Información Map check complete: 0 Error(s), 0 Warning(s), took 33,352ms to complete.
[2017.08.04-15.14.33:355][510]LogFileHelpers: Loading map 'ThirdPersonExampleMap' took 0.147
[2017.08.04-15.14.37:597][997]LogContentBrowser:Verbose: The majority of assets in the view are of type: World
[2017.08.04-15.14.43:006][642]LogEditorViewport: Clicking on Actor (context menu): StaticMeshActor (Floor)
[2017.08.04-15.14.59:274][540]LogSlate:Warning: Prevented a slow task dialog from being summoned while a context menu was open
[2017.08.04-15.15.47:957][367]LogRenderer: Reallocating scene render targets to support 1208x716 NumSamples 1 (Frame:1).
[2017.08.04-15.16.03:118][ 52]LogTemp: Repeting last play command: Selected Viewport
[2017.08.04-15.16.03:148][ 52]LogBlueprintUserMessages: Early PlayInEditor Detection: Level '/Game/ThirdPersonBP/Maps/ThirdPersonExampleMap.ThirdPersonExampleMap:PersistentLevel' has LevelScriptBlueprint '/Game/ThirdPersonBP/Maps/ThirdPersonExampleMap.ThirdPersonExampleMap:PersistentLevel.ThirdPersonExampleMap' with GeneratedClass '/Game/ThirdPersonBP/Maps/ThirdPersonExampleMap.ThirdPersonExampleMap_C' with ClassGeneratedBy '/Game/ThirdPersonBP/Maps/ThirdPersonExampleMap.ThirdPersonExampleMap:PersistentLevel.ThirdPersonExampleMap'
[2017.08.04-15.16.03:148][ 52]LogPlayLevel: PlayLevel: No blueprints needed recompiling
[2017.08.04-15.16.03:148][ 52]PIE: New page: Sesión PIE (reproducción en el editor): ThirdPersonExampleMap (4/8/2017 19:16:03)
[2017.08.04-15.16.03:148][ 52]LogPlayLevel: Creating play world package: /Game/ThirdPersonBP/Maps/UEDPIE_0_ThirdPersonExampleMap
[2017.08.04-15.16.03:171][ 52]LogPlayLevel: PIE: StaticDuplicateObject took: (0.022758s)
[2017.08.04-15.16.03:171][ 52]LogAIModule: Creating AISystem for world ThirdPersonExampleMap
[2017.08.04-15.16.03:171][ 52]LogPlayLevel: PIE: World Init took: (0.000733s)
[2017.08.04-15.16.03:172][ 52]LogPlayLevel: PIE: Created PIE world by copying editor world from /Game/ThirdPersonBP/Maps/ThirdPersonExampleMap.ThirdPersonExampleMap to /Game/ThirdPersonBP/Maps/UEDPIE_0_ThirdPersonExampleMap.ThirdPersonExampleMap (0.023762s)
[2017.08.04-15.16.03:208][ 52]LogInit: XAudio2 using 'Speakers (Realtek High Definition Audio)' : 2 channels at 48 kHz using 32 bits per sample (channel mask 0x3)
[2017.08.04-15.16.03:214][ 52]LogInit: FAudioDevice initialized.
[2017.08.04-15.16.03:261][ 52]LogLoad: Game class is 'ThirdPersonGameMode_C'
[2017.08.04-15.16.03:263][ 52]LogWorld: Bringing World /Game/ThirdPersonBP/Maps/UEDPIE_0_ThirdPersonExampleMap.ThirdPersonExampleMap up for play (max tick rate 0) at 2017.08.04-17.16.03
[2017.08.04-15.16.03:263][ 52]LogWorld: Bringing up level for play took: 0.001977
[2017.08.04-15.16.03:286][ 52]LogContentBrowser: Native class hierarchy updated for 'MovieSceneCapture' in 0.0005 seconds. Added 11 classes and 0 folders.
[2017.08.04-15.16.03:286][ 52]PIE: Información Tiempo de inicio de la reproducción en el editor para  /Game/ThirdPersonBP/Maps/UEDPIE_0_ThirdPersonExampleMap 0,065
[2017.08.04-15.16.03:287][ 52]LogBlueprintUserMessages: Late PlayInEditor Detection: Level '/Game/ThirdPersonBP/Maps/ThirdPersonExampleMap.ThirdPersonExampleMap:PersistentLevel' has LevelScriptBlueprint '/Game/ThirdPersonBP/Maps/ThirdPersonExampleMap.ThirdPersonExampleMap:PersistentLevel.ThirdPersonExampleMap' with GeneratedClass '/Game/ThirdPersonBP/Maps/ThirdPersonExampleMap.ThirdPersonExampleMap_C' with ClassGeneratedBy '/Game/ThirdPersonBP/Maps/ThirdPersonExampleMap.ThirdPersonExampleMap:PersistentLevel.ThirdPersonExampleMap'
[2017.08.04-15.16.05:704][336]LogBlueprintUserMessages: Early EndPlayMap Detection: Level '/Game/ThirdPersonBP/Maps/ThirdPersonExampleMap.ThirdPersonExampleMap:PersistentLevel' has LevelScriptBlueprint '/Game/ThirdPersonBP/Maps/ThirdPersonExampleMap.ThirdPersonExampleMap:PersistentLevel.ThirdPersonExampleMap' with GeneratedClass '/Game/ThirdPersonBP/Maps/ThirdPersonExampleMap.ThirdPersonExampleMap_C' with ClassGeneratedBy '/Game/ThirdPersonBP/Maps/ThirdPersonExampleMap.ThirdPersonExampleMap:PersistentLevel.ThirdPersonExampleMap'
[2017.08.04-15.16.05:756][336]LogBlueprintUserMessages: Late EndPlayMap Detection: Level '/Game/ThirdPersonBP/Maps/ThirdPersonExampleMap.ThirdPersonExampleMap:PersistentLevel' has LevelScriptBlueprint '/Game/ThirdPersonBP/Maps/ThirdPersonExampleMap.ThirdPersonExampleMap:PersistentLevel.ThirdPersonExampleMap' with GeneratedClass '/Game/ThirdPersonBP/Maps/ThirdPersonExampleMap.ThirdPersonExampleMap_C' with ClassGeneratedBy '/Game/ThirdPersonBP/Maps/ThirdPersonExampleMap.ThirdPersonExampleMap:PersistentLevel.ThirdPersonExampleMap'
[2017.08.04-15.16.43:179][239]LogEditorTransaction: Undo Mover nodo
[2017.08.04-15.16.43:204][239]LogSlate: Took 0.000163 seconds to synchronously load lazily loaded font '../../../Engine/Content/Slate/Fonts/Roboto-Light.ttf' (159K)
[2017.08.04-15.16.43:608][267]LogEditorTransaction: Undo Añadir nodo
[2017.08.04-15.18.44:244][448]LogActorComponent: UnregisterComponent: (/Engine/Transient.EditorFloorComp) Not registered. Aborting.
[2017.08.04-15.18.46:062][654]LogEditorViewport: Clicking on Actor (LMB): ThirdPersonCharacter_C (ThirdPersonCharacter)
[2017.08.04-15.19.41:028][215]LogSlate:Warning: Prevented a slow task dialog from being summoned while a context menu was open
[2017.08.04-15.20.57:429][976]Cmd: QUIT_EDITOR
[2017.08.04-15.20.57:990][976]LogWindowsTextInputMethodSystem:Display: IME system now deactivated.
[2017.08.04-15.20.57:997][976]LogExit: Preparing to exit.
[2017.08.04-15.20.58:356][976]LogExit: Editor shut down
[2017.08.04-15.20.58:360][976]LogExit: Transaction tracking system shut down
[2017.08.04-15.20.58:467][976]LogObj: Freed 0b from 0 cluster array pools.
[2017.08.04-15.20.58:467][976]LogExit: Object subsystem successfully closed.
[2017.08.04-15.20.58:493][976]LogD3D11RHI: Shutdown
[2017.08.04-15.20.58:493][976]LogD3D11RHI: CleanupD3DDevice
[2017.08.04-15.20.58:583][976]LogD3D11RHI: ~FD3D11DynamicRHI
[2017.08.04-15.20.58:591][976]LogModuleManager: Shutting down and abandoning module MovieSceneCapture (542)
[2017.08.04-15.20.58:591][976]LogModuleManager: Shutting down and abandoning module SkeletalMeshEditor (540)
[2017.08.04-15.20.58:591][976]LogModuleManager: Shutting down and abandoning module AnimationEditor (538)
[2017.08.04-15.20.58:591][976]LogModuleManager: Shutting down and abandoning module ClothingSystemEditorInterface (536)
[2017.08.04-15.20.58:591][976]LogModuleManager: Shutting down and abandoning module BlueprintGraph (534)
[2017.08.04-15.20.58:591][976]LogModuleManager: Shutting down and abandoning module BlueprintProfiler (532)
[2017.08.04-15.20.58:591][976]LogModuleManager: Shutting down and abandoning module SkeletonEditor (530)
[2017.08.04-15.20.58:591][976]LogModuleManager: Shutting down and abandoning module AnimationBlueprintEditor (528)
[2017.08.04-15.20.58:592][976]LogModuleManager: Shutting down and abandoning module ExternalImagePicker (526)
[2017.08.04-15.20.58:592][976]LogModuleManager: Shutting down and abandoning module HierarchicalLODOutliner (524)
[2017.08.04-15.20.58:592][976]LogModuleManager: Shutting down and abandoning module CrashTracker (522)
[2017.08.04-15.20.58:592][976]LogModuleManager: Shutting down and abandoning module SceneOutliner (520)
[2017.08.04-15.20.58:592][976]LogModuleManager: Shutting down and abandoning module AddContentDialog (518)
[2017.08.04-15.20.58:592][976]LogDirectoryWatcher: A directory notification for 'D:/Program Files (x86)/Epic Games/UE_4.16/FeaturePacks/' was aborted.
[2017.08.04-15.20.58:592][976]LogModuleManager: Shutting down and abandoning module WidgetCarousel (517)
[2017.08.04-15.20.58:592][976]LogModuleManager: Shutting down and abandoning module EditorWidgets (514)
[2017.08.04-15.20.58:592][976]LogModuleManager: Shutting down and abandoning module CollectionManager (512)
[2017.08.04-15.20.58:592][976]LogDirectoryWatcher: A directory notification for 'C:/Users/David/Documents/GitHub/FuturoImperfecto/PRUEBAS/MyProject2/Content/Collections/' was aborted.
[2017.08.04-15.20.58:592][976]LogDirectoryWatcher: A directory notification for 'C:/Users/David/Documents/GitHub/FuturoImperfecto/PRUEBAS/MyProject2/Content/Developers/David/Collections/' was aborted.
[2017.08.04-15.20.58:592][976]LogDirectoryWatcher: A directory notification for 'C:/Users/David/Documents/GitHub/FuturoImperfecto/PRUEBAS/MyProject2/Saved/Collections/' was aborted.
[2017.08.04-15.20.58:592][976]LogModuleManager: Shutting down and abandoning module StatsViewer (510)
[2017.08.04-15.20.58:593][976]LogModuleManager: Shutting down and abandoning module FoliageEdit (508)
[2017.08.04-15.20.58:593][976]LogModuleManager: Shutting down and abandoning module LandscapeEditor (506)
[2017.08.04-15.20.58:593][976]LogModuleManager: Shutting down and abandoning module MeshPaintMode (504)
[2017.08.04-15.20.58:593][976]LogModuleManager: Shutting down and abandoning module SceneDepthPickerMode (502)
[2017.08.04-15.20.58:593][976]LogModuleManager: Shutting down and abandoning module ActorPickerMode (500)
[2017.08.04-15.20.58:593][976]LogModuleManager: Shutting down and abandoning module GeometryMode (498)
[2017.08.04-15.20.58:593][976]LogModuleManager: Shutting down and abandoning module TextureAlignMode (496)
[2017.08.04-15.20.58:593][976]LogModuleManager: Shutting down and abandoning module BspMode (494)
[2017.08.04-15.20.58:593][976]LogModuleManager: Shutting down and abandoning module HardwareSurvey (492)
[2017.08.04-15.20.58:593][976]LogModuleManager: Shutting down and abandoning module SequenceRecorderSections (490)
[2017.08.04-15.20.58:593][976]LogModuleManager: Shutting down and abandoning module AutomationWorker (488)
[2017.08.04-15.20.58:593][976]LogModuleManager: Shutting down and abandoning module MatineeToLevelSequence (486)
[2017.08.04-15.20.58:593][976]LogModuleManager: Shutting down and abandoning module LevelSequenceEditor (484)
[2017.08.04-15.20.58:593][976]LogModuleManager: Shutting down and abandoning module PlacementMode (483)
[2017.08.04-15.20.58:593][976]LogModuleManager: Shutting down and abandoning module WmfMediaFactory (480)
[2017.08.04-15.20.58:593][976]LogModuleManager: Shutting down and abandoning module WmfMediaEditor (478)
[2017.08.04-15.20.58:593][976]LogModuleManager: Shutting down and abandoning module AvfMediaFactory (476)
[2017.08.04-15.20.58:593][976]LogModuleManager: Shutting down and abandoning module AvfMediaEditor (474)
[2017.08.04-15.20.58:593][976]LogModuleManager: Shutting down and abandoning module AndroidMediaFactory (472)
[2017.08.04-15.20.58:593][976]LogModuleManager: Shutting down and abandoning module Media (471)
[2017.08.04-15.20.58:593][976]LogModuleManager: Shutting down and abandoning module AndroidMediaEditor (468)
[2017.08.04-15.20.58:593][976]LogModuleManager: Shutting down and abandoning module CharacterAI (466)
[2017.08.04-15.20.58:593][976]LogModuleManager: Shutting down and abandoning module AudioCapture (464)
[2017.08.04-15.20.58:593][976]LogModuleManager: Shutting down and abandoning module SequenceRecorder (463)
[2017.08.04-15.20.58:593][976]LogModuleManager: Shutting down and abandoning module SmartSnapping (460)
[2017.08.04-15.20.58:593][976]LogModuleManager: Shutting down and abandoning module SessionServices (458)
[2017.08.04-15.20.58:593][976]LogModuleManager: Shutting down and abandoning module ViewportSnapping (456)
[2017.08.04-15.20.58:593][976]LogModuleManager: Shutting down and abandoning module ViewportInteraction (454)
[2017.08.04-15.20.58:593][976]LogModuleManager: Shutting down and abandoning module ClothPainter (452)
[2017.08.04-15.20.58:593][976]LogModuleManager: Shutting down and abandoning module LogVisualizer (450)
[2017.08.04-15.20.58:593][976]LogModuleManager: Shutting down and abandoning module IntroTutorials (448)
[2017.08.04-15.20.58:593][976]LogModuleManager: Shutting down and abandoning module GameProjectGeneration (447)
[2017.08.04-15.20.58:593][976]LogModuleManager: Shutting down and abandoning module EditorLiveStreaming (444)
[2017.08.04-15.20.58:593][976]LogModuleManager: Shutting down and abandoning module IOSPlatformEditor (442)
[2017.08.04-15.20.58:593][976]LogModuleManager: Shutting down and abandoning module HTML5PlatformEditor (440)
[2017.08.04-15.20.58:593][976]LogModuleManager: Shutting down and abandoning module AndroidPlatformEditor (438)
[2017.08.04-15.20.58:593][976]LogModuleManager: Shutting down and abandoning module AndroidDeviceDetection (437)
[2017.08.04-15.20.58:748][976]LogModuleManager: Shutting down and abandoning module IOSRuntimeSettings (434)
[2017.08.04-15.20.58:748][976]LogModuleManager: Shutting down and abandoning module AndroidRuntimeSettings (432)
[2017.08.04-15.20.58:748][976]LogModuleManager: Shutting down and abandoning module InputBindingEditor (430)
[2017.08.04-15.20.58:748][976]LogModuleManager: Shutting down and abandoning module MergeActors (428)
[2017.08.04-15.20.58:748][976]LogModuleManager: Shutting down and abandoning module SizeMap (426)
[2017.08.04-15.20.58:748][976]LogModuleManager: Shutting down and abandoning module TreeMap (424)
[2017.08.04-15.20.58:748][976]LogModuleManager: Shutting down and abandoning module ReferenceViewer (422)
[2017.08.04-15.20.58:748][976]LogModuleManager: Shutting down and abandoning module LocalizationDashboard (420)
[2017.08.04-15.20.58:748][976]LogModuleManager: Shutting down and abandoning module LocalizationService (419)
[2017.08.04-15.20.58:748][976]LogModuleManager: Shutting down and abandoning module HardwareTargeting (416)
[2017.08.04-15.20.58:748][976]LogModuleManager: Shutting down and abandoning module DeviceProfileEditor (414)
[2017.08.04-15.20.58:748][976]LogModuleManager: Shutting down and abandoning module UndoHistory (412)
[2017.08.04-15.20.58:748][976]LogModuleManager: Shutting down and abandoning module UserFeedback (410)
[2017.08.04-15.20.58:748][976]LogModuleManager: Shutting down and abandoning module XmlParser (408)
[2017.08.04-15.20.58:748][976]LogModuleManager: Shutting down and abandoning module Blutility (406)
[2017.08.04-15.20.58:748][976]LogModuleManager: Shutting down and abandoning module ProjectSettingsViewer (404)
[2017.08.04-15.20.58:748][976]LogModuleManager: Shutting down and abandoning module ProjectTargetPlatformEditor (403)
[2017.08.04-15.20.58:748][976]LogModuleManager: Shutting down and abandoning module EditorSettingsViewer (400)
[2017.08.04-15.20.58:748][976]LogModuleManager: Shutting down and abandoning module SettingsEditor (398)
[2017.08.04-15.20.58:748][976]LogModuleManager: Shutting down and abandoning module ProjectLauncher (396)
[2017.08.04-15.20.58:748][976]LogModuleManager: Shutting down and abandoning module SessionFrontend (394)
[2017.08.04-15.20.58:748][976]LogModuleManager: Shutting down and abandoning module ProfilerClient (392)
[2017.08.04-15.20.58:748][976]LogModuleManager: Shutting down and abandoning module DeviceManager (390)
[2017.08.04-15.20.58:748][976]LogModuleManager: Shutting down and abandoning module TargetDeviceServices (389)
[2017.08.04-15.20.58:792][976]LogModuleManager: Shutting down and abandoning module AutomationController (386)
[2017.08.04-15.20.58:792][976]LogModuleManager: Shutting down and abandoning module AutomationWindow (384)
[2017.08.04-15.20.58:792][976]LogModuleManager: Shutting down and abandoning module Layers (382)
[2017.08.04-15.20.58:792][976]LogModuleManager: Shutting down and abandoning module ComponentVisualizers (380)
[2017.08.04-15.20.58:792][976]LogModuleManager: Shutting down and abandoning module DetailCustomizations (378)
[2017.08.04-15.20.58:792][976]LogModuleManager: Shutting down and abandoning module PackagesDialog (376)
[2017.08.04-15.20.58:792][976]LogModuleManager: Shutting down and abandoning module Persona (374)
[2017.08.04-15.20.58:792][976]LogModuleManager: Shutting down and abandoning module AdvancedPreviewScene (373)
[2017.08.04-15.20.58:792][976]LogModuleManager: Shutting down and abandoning module AnimGraph (371)
[2017.08.04-15.20.58:792][976]LogModuleManager: Shutting down and abandoning module Kismet (368)
[2017.08.04-15.20.58:797][976]LogModuleManager: Shutting down and abandoning module ClassViewer (366)
[2017.08.04-15.20.58:798][976]LogModuleManager: Shutting down and abandoning module Toolbox (364)
[2017.08.04-15.20.58:799][976]LogModuleManager: Shutting down and abandoning module ModuleUI (362)
[2017.08.04-15.20.58:799][976]LogModuleManager: Shutting down and abandoning module MovieSceneTools (360)
[2017.08.04-15.20.58:799][976]LogModuleManager: Shutting down and abandoning module OutputLog (358)
[2017.08.04-15.20.58:799][976]LogModuleManager: Shutting down and abandoning module GammaUI (356)
[2017.08.04-15.20.58:799][976]LogModuleManager: Shutting down and abandoning module Documentation (354)
[2017.08.04-15.20.58:799][976]LogModuleManager: Shutting down and abandoning module MovieSceneTracks (352)
[2017.08.04-15.20.58:799][976]LogModuleManager: Shutting down and abandoning module MovieScene (350)
[2017.08.04-15.20.58:799][976]LogModuleManager: Shutting down and abandoning module Niagara (348)
[2017.08.04-15.20.58:799][976]LogModuleManager: Shutting down and abandoning module NiagaraEditor (347)
[2017.08.04-15.20.58:799][976]LogModuleManager: Shutting down and abandoning module StreamingPauseRendering (344)
[2017.08.04-15.20.58:799][976]LogModuleManager: Shutting down and abandoning module AnalyticsET (342)
[2017.08.04-15.20.58:799][976]LogModuleManager: Shutting down and abandoning module PortalServices (340)
[2017.08.04-15.20.58:799][976]LogModuleManager: Shutting down and abandoning module PortalRpc (338)
[2017.08.04-15.20.58:799][976]LogModuleManager: Shutting down and abandoning module MessagingRpc (336)
[2017.08.04-15.20.58:799][976]LogModuleManager: Shutting down and abandoning module AIModule (334)
[2017.08.04-15.20.58:799][976]LogModuleManager: Shutting down and abandoning module GameplayDebugger (333)
[2017.08.04-15.20.58:799][976]LogModuleManager: Shutting down and abandoning module AITestSuite (331)
[2017.08.04-15.20.58:799][976]LogModuleManager: Shutting down and abandoning module ProfilerService (328)
[2017.08.04-15.20.58:911][976]LogModuleManager: Shutting down and abandoning module TaskGraph (326)
[2017.08.04-15.20.58:911][976]LogModuleManager: Shutting down and abandoning module SteamVRController (324)
[2017.08.04-15.20.58:911][976]LogModuleManager: Shutting down and abandoning module SteamVR (322)
[2017.08.04-15.20.58:911][976]LogModuleManager: Shutting down and abandoning module ProceduralMeshComponentEditor (320)
[2017.08.04-15.20.58:911][976]LogModuleManager: Shutting down and abandoning module ProceduralMeshComponent (318)
[2017.08.04-15.20.58:911][976]LogModuleManager: Shutting down and abandoning module OculusLibrary (316)
[2017.08.04-15.20.58:911][976]LogModuleManager: Shutting down and abandoning module OculusInput (314)
[2017.08.04-15.20.58:911][976]LogModuleManager: Shutting down and abandoning module MobilePatchingUtils (312)
[2017.08.04-15.20.58:911][976]LogModuleManager: Shutting down and abandoning module CustomMeshComponent (310)
[2017.08.04-15.20.58:911][976]LogModuleManager: Shutting down and abandoning module CableComponent (308)
[2017.08.04-15.20.58:911][976]LogModuleManager: Shutting down and abandoning module ArchVisCharacter (306)
[2017.08.04-15.20.58:911][976]LogModuleManager: Shutting down and abandoning module AndroidPermission (304)
[2017.08.04-15.20.58:911][976]LogModuleManager: Shutting down and abandoning module MediaPlayerEditor (300)
[2017.08.04-15.20.58:911][976]LogModuleManager: Shutting down and abandoning module HTML5Networking (298)
[2017.08.04-15.20.58:911][976]LogModuleManager: Shutting down and abandoning module AlembicImporter (296)
[2017.08.04-15.20.58:911][976]LogModuleManager: Shutting down and abandoning module AlembicLibrary (295)
[2017.08.04-15.20.58:911][976]LogModuleManager: Shutting down and abandoning module GeometryCache (294)
[2017.08.04-15.20.58:911][976]LogModuleManager: Shutting down and abandoning module GeometryCacheEd (293)
[2017.08.04-15.20.58:911][976]LogModuleManager: Shutting down and abandoning module SuperSearchEditor (288)
[2017.08.04-15.20.58:911][976]LogModuleManager: Shutting down and abandoning module SuperSearch (287)
[2017.08.04-15.20.58:911][976]LogModuleManager: Shutting down and abandoning module SpeedTreeImporter (284)
[2017.08.04-15.20.58:911][976]LogModuleManager: Shutting down and abandoning module PluginBrowser (282)
[2017.08.04-15.20.58:911][976]LogModuleManager: Shutting down and abandoning module MobileLauncherProfileWizard (280)
[2017.08.04-15.20.58:911][976]LogModuleManager: Shutting down and abandoning module VisualStudioSourceCodeAccess (278)
[2017.08.04-15.20.58:911][976]LogModuleManager: Shutting down and abandoning module DesktopPlatform (277)
[2017.08.04-15.20.58:911][976]LogModuleManager: Shutting down and abandoning module UObjectPlugin (274)
[2017.08.04-15.20.58:911][976]LogModuleManager: Shutting down and abandoning module SubversionSourceControl (272)
[2017.08.04-15.20.58:911][976]LogModuleManager: Shutting down and abandoning module PerforceSourceControl (270)
[2017.08.04-15.20.58:911][976]LogModuleManager: Shutting down and abandoning module GitSourceControl (268)
[2017.08.04-15.20.58:911][976]LogModuleManager: Shutting down and abandoning module SourceControl (267)
[2017.08.04-15.20.58:911][976]LogModuleManager: Shutting down and abandoning module LightPropagationVolumeEditor (264)
[2017.08.04-15.20.58:911][976]LogModuleManager: Shutting down and abandoning module PaperTiledImporter (262)
[2017.08.04-15.20.58:911][976]LogModuleManager: Shutting down and abandoning module PaperSpriteSheetImporter (260)
[2017.08.04-15.20.58:911][976]LogModuleManager: Shutting down and abandoning module Paper2DEditor (258)
[2017.08.04-15.20.58:911][976]LogModuleManager: Shutting down and abandoning module MeshPaint (257)
[2017.08.04-15.20.58:911][976]LogModuleManager: Shutting down and abandoning module LevelEditor (255)
[2017.08.04-15.20.58:912][976]LogModuleManager: Shutting down and abandoning module PixelInspectorModule (254)
[2017.08.04-15.20.58:912][976]LogModuleManager: Shutting down and abandoning module MainFrame (252)
[2017.08.04-15.20.58:912][976]LogModuleManager: Shutting down and abandoning module HotReload (251)
[2017.08.04-15.20.58:912][976]LogModuleManager: Shutting down and abandoning module PhysXVehiclesEditor (246)
[2017.08.04-15.20.58:912][976]LogModuleManager: Shutting down and abandoning module PhysXVehicles (244)
[2017.08.04-15.20.58:912][976]LogModuleManager: Shutting down and abandoning module LocationServicesBPLibrary (242)
[2017.08.04-15.20.58:912][976]LogModuleManager: Shutting down and abandoning module ImmediatePhysicsEditor (240)
[2017.08.04-15.20.58:912][976]LogModuleManager: Shutting down and abandoning module ImmediatePhysics (238)
[2017.08.04-15.20.58:912][976]LogModuleManager: Shutting down and abandoning module UdpMessaging (236)
[2017.08.04-15.20.59:013][976]LogModuleManager: Shutting down and abandoning module TcpMessaging (234)
[2017.08.04-15.20.59:162][976]LogModuleManager: Shutting down and abandoning module GameplayTagsEditor (232)
[2017.08.04-15.20.59:162][976]LogModuleManager: Shutting down and abandoning module FacialAnimationEditor (230)
[2017.08.04-15.20.59:162][976]LogModuleManager: Shutting down and abandoning module FacialAnimation (228)
[2017.08.04-15.20.59:162][976]LogModuleManager: Shutting down and abandoning module AssetManagerEditor (226)
[2017.08.04-15.20.59:162][976]LogModuleManager: Shutting down and abandoning module GraphEditor (225)
[2017.08.04-15.20.59:162][976]LogModuleManager: Shutting down and abandoning module ContentBrowser (223)
[2017.08.04-15.20.59:165][976]LogModuleManager: Shutting down and abandoning module LightPropagationVolumeRuntime (220)
[2017.08.04-15.20.59:165][976]LogModuleManager: Shutting down and abandoning module Paper2D (218)
[2017.08.04-15.20.59:165][976]LogModuleManager: Shutting down and abandoning module WindowsMoviePlayer (216)
[2017.08.04-15.20.59:165][976]LogModuleManager: Shutting down and abandoning module WmfMedia (214)
[2017.08.04-15.20.59:165][976]LogModuleManager: Shutting down and abandoning module ClothingSystemEditor (212)
[2017.08.04-15.20.59:165][976]LogModuleManager: Shutting down and abandoning module ClothingSystemRuntime (210)
[2017.08.04-15.20.59:165][976]LogModuleManager: Shutting down and abandoning module MediaAssets (208)
[2017.08.04-15.20.59:165][976]LogModuleManager: Shutting down and abandoning module GameLiveStreaming (206)
[2017.08.04-15.20.59:166][976]LogModuleManager: Shutting down and abandoning module VREditor (204)
[2017.08.04-15.20.59:166][976]LogModuleManager: Shutting down and abandoning module StringTableEditor (202)
[2017.08.04-15.20.59:166][976]LogModuleManager: Shutting down and abandoning module GameplayTasksEditor (200)
[2017.08.04-15.20.59:166][976]LogModuleManager: Shutting down and abandoning module BehaviorTreeEditor (198)
[2017.08.04-15.20.59:166][976]LogModuleManager: Shutting down and abandoning module FunctionalTesting (196)
[2017.08.04-15.20.59:166][976]LogModuleManager: Shutting down and abandoning module CollisionAnalyzer (194)
[2017.08.04-15.20.59:166][976]LogModuleManager: Shutting down and abandoning module UMG (192)
[2017.08.04-15.20.59:166][976]LogModuleManager: Shutting down and abandoning module UMGEditor (191)
[2017.08.04-15.20.59:166][976]LogModuleManager: Shutting down and abandoning module Sequencer (190)
[2017.08.04-15.20.59:166][976]LogModuleManager: Shutting down and abandoning module AssetTools (188)
[2017.08.04-15.20.59:166][976]LogModuleManager: Shutting down and abandoning module MessageLog (187)
[2017.08.04-15.20.59:166][976]LogModuleManager: Shutting down and abandoning module WorkspaceMenuStructure (186)
[2017.08.04-15.20.59:166][976]LogModuleManager: Shutting down and abandoning module SlateReflector (180)
[2017.08.04-15.20.59:167][976]LogModuleManager: Shutting down and abandoning module Slate (178)
[2017.08.04-15.20.59:167][976]LogModuleManager: Shutting down and abandoning module EditorStyle (176)
[2017.08.04-15.20.59:173][976]LogModuleManager: Shutting down and abandoning module SourceCodeAccess (174)
[2017.08.04-15.20.59:173][976]LogModuleManager: Shutting down and abandoning module HeadMountedDisplay (172)
[2017.08.04-15.20.59:173][976]LogModuleManager: Shutting down and abandoning module XAudio2 (170)
[2017.08.04-15.20.59:173][976]LogModuleManager: Shutting down and abandoning module Networking (168)
[2017.08.04-15.20.59:173][976]LogModuleManager: Shutting down and abandoning module Core (164)
[2017.08.04-15.20.59:173][976]LogModuleManager: Shutting down and abandoning module AssetRegistry (162)
[2017.08.04-15.20.59:372][976]LogDirectoryWatcher: A directory notification for '../../../Engine/Content/' was aborted.
[2017.08.04-15.20.59:372][976]LogDirectoryWatcher: A directory notification for 'C:/Users/David/Documents/GitHub/FuturoImperfecto/PRUEBAS/MyProject2/Content/' was aborted.
[2017.08.04-15.20.59:372][976]LogDirectoryWatcher: A directory notification for '../../../Engine/Plugins/2D/Paper2D/Content/' was aborted.
[2017.08.04-15.20.59:372][976]LogDirectoryWatcher: A directory notification for '../../../Engine/Plugins/Runtime/GearVR/Content/' was aborted.
[2017.08.04-15.20.59:376][976]LogModuleManager: Shutting down and abandoning module DirectoryWatcher (161)
[2017.08.04-15.20.59:376][976]LogModuleManager: Shutting down and abandoning module KismetCompiler (158)
[2017.08.04-15.20.59:376][976]LogModuleManager: Shutting down and abandoning module LevelSequence (156)
[2017.08.04-15.20.59:376][976]LogModuleManager: Shutting down and abandoning module PhysXFormats (154)
[2017.08.04-15.20.59:376][976]LogModuleManager: Shutting down and abandoning module MeshUtilities (152)
[2017.08.04-15.20.59:376][976]LogModuleManager: Shutting down and abandoning module SimplygonSwarm (151)
[2017.08.04-15.20.59:376][976]LogModuleManager: Shutting down and abandoning module SimplygonMeshReduction (149)
[2017.08.04-15.20.59:376][976]LogModuleManager: Shutting down and abandoning module QuadricMeshReduction (147)
[2017.08.04-15.20.59:376][976]LogModuleManager: Shutting down and abandoning module DerivedDataCache (144)
[2017.08.04-15.20.59:412][976]LogDerivedDataCache: Shutdown
[2017.08.04-15.20.59:412][976]LogModuleManager: Shutting down and abandoning module TargetPlatform (142)
[2017.08.04-15.20.59:412][976]LogModuleManager: Shutting down and abandoning module VulkanShaderFormat (141)
[2017.08.04-15.20.59:412][976]LogModuleManager: Shutting down and abandoning module ShaderFormatVectorVM (139)
[2017.08.04-15.20.59:412][976]LogModuleManager: Shutting down and abandoning module ShaderFormatOpenGL (137)
[2017.08.04-15.20.59:412][976]LogModuleManager: Shutting down and abandoning module ShaderFormatD3D (135)
[2017.08.04-15.20.59:412][976]LogModuleManager: Shutting down and abandoning module MetalShaderFormat (133)
[2017.08.04-15.20.59:412][976]LogModuleManager: Shutting down and abandoning module TextureFormatUncompressed (131)
[2017.08.04-15.20.59:412][976]LogModuleManager: Shutting down and abandoning module TextureFormatPVR (129)
[2017.08.04-15.20.59:412][976]LogModuleManager: Shutting down and abandoning module TextureFormatDXT (127)
[2017.08.04-15.20.59:412][976]LogModuleManager: Shutting down and abandoning module TextureFormatIntelISPCTexComp (125)
[2017.08.04-15.20.59:412][976]LogModuleManager: Shutting down and abandoning module TextureFormatASTC (123)
[2017.08.04-15.20.59:412][976]LogModuleManager: Shutting down and abandoning module ImageWrapper (122)
[2017.08.04-15.20.59:412][976]LogModuleManager: Shutting down and abandoning module TextureFormatAndroid (119)
[2017.08.04-15.20.59:412][976]LogModuleManager: Shutting down and abandoning module AudioFormatOpus (117)
[2017.08.04-15.20.59:412][976]LogModuleManager: Shutting down and abandoning module AudioFormatOgg (115)
[2017.08.04-15.20.59:412][976]LogModuleManager: Shutting down and abandoning module AudioFormatADPCM (113)
[2017.08.04-15.20.59:412][976]LogModuleManager: Shutting down and abandoning module LinuxTargetPlatform (111)
[2017.08.04-15.20.59:412][976]LogModuleManager: Shutting down and abandoning module LinuxServerTargetPlatform (109)
[2017.08.04-15.20.59:412][976]LogModuleManager: Shutting down and abandoning module LinuxNoEditorTargetPlatform (107)
[2017.08.04-15.20.59:412][976]LogModuleManager: Shutting down and abandoning module LinuxClientTargetPlatform (105)
[2017.08.04-15.20.59:412][976]LogModuleManager: Shutting down and abandoning module TVOSTargetPlatform (103)
[2017.08.04-15.20.59:412][976]LogModuleManager: Shutting down and abandoning module Messaging (101)
[2017.08.04-15.20.59:412][976]LogModuleManager: Shutting down and abandoning module IOSTargetPlatform (99)
[2017.08.04-15.20.59:412][976]LogModuleManager: Shutting down and abandoning module HTML5TargetPlatform (97)
[2017.08.04-15.20.59:412][976]LogModuleManager: Shutting down and abandoning module Android_PVRTCTargetPlatform (95)
[2017.08.04-15.20.59:412][976]LogModuleManager: Shutting down and abandoning module Android_MultiTargetPlatform (93)
[2017.08.04-15.20.59:412][976]LogModuleManager: Shutting down and abandoning module Android_ETC2TargetPlatform (91)
[2017.08.04-15.20.59:412][976]LogModuleManager: Shutting down and abandoning module Android_ETC1TargetPlatform (89)
[2017.08.04-15.20.59:412][976]LogModuleManager: Shutting down and abandoning module Android_DXTTargetPlatform (87)
[2017.08.04-15.20.59:412][976]LogModuleManager: Shutting down and abandoning module Android_ATCTargetPlatform (85)
[2017.08.04-15.20.59:412][976]LogModuleManager: Shutting down and abandoning module Android_ASTCTargetPlatform (83)
[2017.08.04-15.20.59:412][976]LogModuleManager: Shutting down and abandoning module AndroidTargetPlatform (81)
[2017.08.04-15.20.59:412][976]LogModuleManager: Shutting down and abandoning module WindowsTargetPlatform (79)
[2017.08.04-15.20.59:412][976]LogModuleManager: Shutting down and abandoning module WindowsServerTargetPlatform (77)
[2017.08.04-15.20.59:412][976]LogModuleManager: Shutting down and abandoning module WindowsNoEditorTargetPlatform (75)
[2017.08.04-15.20.59:412][976]LogModuleManager: Shutting down and abandoning module WindowsClientTargetPlatform (73)
[2017.08.04-15.20.59:412][976]LogModuleManager: Shutting down and abandoning module MacTargetPlatform (71)
[2017.08.04-15.20.59:412][976]LogModuleManager: Shutting down and abandoning module MacServerTargetPlatform (69)
[2017.08.04-15.20.59:412][976]LogModuleManager: Shutting down and abandoning module MacNoEditorTargetPlatform (67)
[2017.08.04-15.20.59:412][976]LogModuleManager: Shutting down and abandoning module MacClientTargetPlatform (65)
[2017.08.04-15.20.59:412][976]LogModuleManager: Shutting down and abandoning module AllDesktopTargetPlatform (63)
[2017.08.04-15.20.59:412][976]LogModuleManager: Shutting down and abandoning module InputCore (60)
[2017.08.04-15.20.59:412][976]LogModuleManager: Shutting down and abandoning module Settings (58)
[2017.08.04-15.20.59:412][976]LogModuleManager: Shutting down and abandoning module OculusRift (56)
[2017.08.04-15.20.59:412][976]LogModuleManager: Shutting down and abandoning module GearVRController (54)
[2017.08.04-15.20.59:412][976]LogModuleManager: Shutting down and abandoning module GearVR (52)
[2017.08.04-15.20.59:412][976]LogModuleManager: Shutting down and abandoning module ExampleDeviceProfileSelector (50)
[2017.08.04-15.20.59:412][976]LogModuleManager: Shutting down and abandoning module OnlineBlueprintSupport (48)
[2017.08.04-15.20.59:412][976]LogModuleManager: Shutting down and abandoning module OnlineSubsystem (44)
[2017.08.04-15.20.59:412][976]LogOnline:Display: Unloading online subsystem: NULL
[2017.08.04-15.20.59:412][976]LogModuleManager: Shutting down and abandoning module XMPP (43)
[2017.08.04-15.20.59:413][976]LogModuleManager: Shutting down and abandoning module HTTP (41)
[2017.08.04-15.20.59:413][976]LogHttp:Display: Http module shutting down, but needs to wait on 1 outstanding Http requests:
[2017.08.04-15.20.59:413][976]LogHttp:Display: 	verb=[POST] url=[https://datarouter.ol.epicgames.com/datarouter/api/v1/public/data?SessionID=%7B29BB2CFE-4B38-D4FC-BF2F-D28B89EC3A16%7D&AppID=UEEditor.Rocket.Release&AppVersion=4.16.2-3514769%2B%2B%2BUE4%2BRelease-4.16&UserID=eedd91be406e0cd25ea0748277e6e73c%7C7a211806f70b4509a5be2640357744fc%7Caa6de738-987c-4c76-bb80-6cc1d099ea00&AppEnvironment=datacollector-binary&UploadType=eteventstream] status=Processing
[2017.08.04-15.20.59:414][976]LogModuleManager: Shutting down and abandoning module SSL (40)
[2017.08.04-15.20.59:415][976]LogModuleManager: Shutting down and abandoning module HTTPChunkInstaller (36)
[2017.08.04-15.20.59:415][976]LogModuleManager: Shutting down and abandoning module AnimationModifiers (34)
[2017.08.04-15.20.59:415][976]LogModuleManager: Shutting down and abandoning module PropertyEditor (33)
[2017.08.04-15.20.59:415][976]LogModuleManager: Shutting down and abandoning module AudioEditor (30)
[2017.08.04-15.20.59:415][976]LogModuleManager: Shutting down and abandoning module TextureCompressor (28)
[2017.08.04-15.20.59:416][976]LogModuleManager: Shutting down and abandoning module ShaderCore (26)
[2017.08.04-15.20.59:416][976]LogModuleManager: Shutting down and abandoning module Landscape (24)
[2017.08.04-15.20.59:416][976]LogModuleManager: Shutting down and abandoning module SlateRHIRenderer (22)
[2017.08.04-15.20.59:416][976]LogModuleManager: Shutting down and abandoning module OpenGLDrv (20)
[2017.08.04-15.20.59:416][976]LogModuleManager: Shutting down and abandoning module D3D11RHI (18)
[2017.08.04-15.20.59:416][976]LogModuleManager: Shutting down and abandoning module AnimGraphRuntime (16)
[2017.08.04-15.20.59:416][976]LogModuleManager: Shutting down and abandoning module Renderer (14)
[2017.08.04-15.20.59:416][976]LogModuleManager: Shutting down and abandoning module Engine (12)
[2017.08.04-15.20.59:416][976]LogModuleManager: Shutting down and abandoning module CoreUObject (10)
[2017.08.04-15.20.59:416][976]LogModuleManager: Shutting down and abandoning module NetworkFile (8)
[2017.08.04-15.20.59:416][976]LogModuleManager: Shutting down and abandoning module StreamingFile (6)
[2017.08.04-15.20.59:417][976]LogModuleManager: Shutting down and abandoning module SandboxFile (4)
[2017.08.04-15.20.59:417][976]LogModuleManager: Shutting down and abandoning module PakFile (2)
[2017.08.04-15.20.59:418][976]LogExit: Exiting.
[2017.08.04-15.20.59:427][976]Log file closed, 08/04/17 17:20:59
